<?xml version="1.0" encoding="UTF-8"?>
<coverage generated="1760938112894" clover="3.2.0">
  <project timestamp="1760938112894" name="All files">
    <metrics statements="946" coveredstatements="889" conditionals="918" coveredconditionals="720" methods="162" coveredmethods="139" elements="2026" coveredelements="1748" complexity="0" loc="946" ncloc="946" packages="13" files="25" classes="25"/>
    <package name="src">
      <metrics statements="68" coveredstatements="68" conditionals="20" coveredconditionals="15" methods="30" coveredmethods="18"/>
      <file name="ArvoDomain.ts" path="/Users/saadahmad/Documents/Projects/arvo-event-handler/src/ArvoDomain.ts">
        <metrics statements="12" coveredstatements="12" conditionals="14" coveredconditionals="12" methods="1" coveredmethods="1"/>
        <line num="9" count="8" type="stmt"/>
        <line num="56" count="8" type="stmt"/>
        <line num="62" count="124" type="stmt"/>
        <line num="64" count="124" type="cond" truecount="3" falsecount="0"/>
        <line num="65" count="6" type="stmt"/>
        <line num="67" count="6" type="cond" truecount="1" falsecount="0"/>
        <line num="68" count="1" type="cond" truecount="6" falsecount="2"/>
        <line num="71" count="5" type="cond" truecount="1" falsecount="0"/>
        <line num="72" count="3" type="stmt"/>
        <line num="75" count="2" type="cond" truecount="1" falsecount="0"/>
        <line num="76" count="2" type="stmt"/>
        <line num="80" count="118" type="stmt"/>
      </file>
      <file name="errors.ts" path="/Users/saadahmad/Documents/Projects/arvo-event-handler/src/errors.ts">
        <metrics statements="10" coveredstatements="10" conditionals="6" coveredconditionals="3" methods="6" coveredmethods="6"/>
        <line num="1" count="8" type="stmt"/>
        <line num="13" count="8" type="stmt"/>
        <line num="15" count="5" type="cond" truecount="1" falsecount="1"/>
        <line num="21" count="8" type="stmt"/>
        <line num="33" count="8" type="stmt"/>
        <line num="35" count="7" type="cond" truecount="1" falsecount="1"/>
        <line num="41" count="8" type="stmt"/>
        <line num="52" count="8" type="stmt"/>
        <line num="54" count="4" type="cond" truecount="1" falsecount="1"/>
        <line num="60" count="8" type="stmt"/>
      </file>
      <file name="index.ts" path="/Users/saadahmad/Documents/Projects/arvo-event-handler/src/index.ts">
        <metrics statements="46" coveredstatements="46" conditionals="0" coveredconditionals="0" methods="23" coveredmethods="11"/>
        <line num="1" count="8" type="stmt"/>
        <line num="2" count="8" type="stmt"/>
        <line num="3" count="8" type="stmt"/>
        <line num="4" count="8" type="stmt"/>
        <line num="10" count="8" type="stmt"/>
        <line num="11" count="8" type="stmt"/>
        <line num="13" count="8" type="stmt"/>
        <line num="14" count="8" type="stmt"/>
        <line num="15" count="8" type="stmt"/>
        <line num="17" count="8" type="stmt"/>
        <line num="18" count="8" type="stmt"/>
        <line num="21" count="8" type="stmt"/>
        <line num="24" count="8" type="stmt"/>
        <line num="25" count="8" type="stmt"/>
        <line num="27" count="8" type="stmt"/>
        <line num="29" count="8" type="stmt"/>
        <line num="31" count="8" type="stmt"/>
        <line num="32" count="8" type="stmt"/>
        <line num="33" count="8" type="stmt"/>
        <line num="35" count="8" type="stmt"/>
        <line num="41" count="8" type="stmt"/>
        <line num="42" count="48" type="stmt"/>
        <line num="48" count="8" type="stmt"/>
        <line num="49" count="8" type="stmt"/>
        <line num="50" count="8" type="stmt"/>
        <line num="51" count="8" type="stmt"/>
        <line num="55" count="8" type="stmt"/>
        <line num="56" count="8" type="stmt"/>
        <line num="57" count="10" type="stmt"/>
        <line num="58" count="8" type="stmt"/>
        <line num="59" count="27" type="stmt"/>
        <line num="63" count="11" type="stmt"/>
        <line num="64" count="9" type="stmt"/>
        <line num="69" count="30" type="stmt"/>
        <line num="72" count="8" type="stmt"/>
        <line num="73" count="8" type="stmt"/>
        <line num="74" count="8" type="stmt"/>
        <line num="75" count="18" type="stmt"/>
        <line num="76" count="8" type="stmt"/>
        <line num="77" count="14" type="stmt"/>
        <line num="78" count="25" type="stmt"/>
        <line num="79" count="8" type="stmt"/>
        <line num="80" count="8" type="stmt"/>
        <line num="81" count="10" type="stmt"/>
        <line num="84" count="14" type="stmt"/>
        <line num="85" count="8" type="stmt"/>
      </file>
    </package>
    <package name="src.ArvoEventHandler">
      <metrics statements="84" coveredstatements="83" conditionals="91" coveredconditionals="76" methods="11" coveredmethods="10"/>
      <file name="helpers.ts" path="/Users/saadahmad/Documents/Projects/arvo-event-handler/src/ArvoEventHandler/helpers.ts">
        <metrics statements="3" coveredstatements="3" conditionals="0" coveredconditionals="0" methods="1" coveredmethods="1"/>
        <line num="2" count="8" type="stmt"/>
        <line num="46" count="8" type="stmt"/>
        <line num="48" count="40" type="stmt"/>
      </file>
      <file name="index.ts" path="/Users/saadahmad/Documents/Projects/arvo-event-handler/src/ArvoEventHandler/index.ts">
        <metrics statements="81" coveredstatements="80" conditionals="91" coveredconditionals="76" methods="10" coveredmethods="9"/>
        <line num="1" count="8" type="stmt"/>
        <line num="2" count="8" type="stmt"/>
        <line num="19" count="8" type="stmt"/>
        <line num="21" count="8" type="stmt"/>
        <line num="23" count="8" type="stmt"/>
        <line num="106" count="8" type="stmt"/>
        <line num="120" count="8" type="stmt"/>
        <line num="121" count="166" type="stmt"/>
        <line num="124" count="40" type="stmt"/>
        <line num="131" count="8" type="stmt"/>
        <line num="132" count="51" type="stmt"/>
        <line num="146" count="40" type="stmt"/>
        <line num="147" count="40" type="stmt"/>
        <line num="148" count="40" type="stmt"/>
        <line num="149" count="40" type="stmt"/>
        <line num="151" count="47" type="stmt"/>
        <line num="152" count="47" type="cond" truecount="1" falsecount="0"/>
        <line num="153" count="1" type="stmt"/>
        <line num="159" count="39" type="stmt"/>
        <line num="190" count="8" type="stmt"/>
        <line num="192" count="79" type="cond" truecount="1" falsecount="0"/>
        <line num="198" count="51" type="stmt"/>
        <line num="204" count="51" type="cond" truecount="1" falsecount="0"/>
        <line num="206" count="51" type="stmt"/>
        <line num="207" count="51" type="stmt"/>
        <line num="209" count="51" type="stmt"/>
        <line num="210" count="663" type="stmt"/>
        <line num="211" count="663" type="stmt"/>
        <line num="214" count="51" type="cond" truecount="1" falsecount="0"/>
        <line num="215" count="1" type="stmt"/>
        <line num="220" count="50" type="stmt"/>
        <line num="224" count="50" type="stmt"/>
        <line num="227" count="50" type="cond" truecount="10" falsecount="1"/>
        <line num="228" count="1" type="stmt"/>
        <line num="233" count="49" type="cond" truecount="5" falsecount="0"/>
        <line num="234" count="1" type="stmt"/>
        <line num="241" count="49" type="stmt"/>
        <line num="242" count="49" type="cond" truecount="8" falsecount="0"/>
        <line num="244" count="1" type="stmt"/>
        <line num="249" count="48" type="stmt"/>
        <line num="254" count="48" type="stmt"/>
        <line num="255" count="48" type="cond" truecount="1" falsecount="0"/>
        <line num="256" count="2" type="stmt"/>
        <line num="259" count="46" type="stmt"/>
        <line num="264" count="46" type="stmt"/>
        <line num="269" count="46" type="stmt"/>
        <line num="281" count="40" type="cond" truecount="1" falsecount="0"/>
        <line num="282" count="1" type="stmt"/>
        <line num="286" count="39" type="stmt"/>
        <line num="289" count="39" type="cond" truecount="2" falsecount="0"/>
        <line num="290" count="4" type="stmt"/>
        <line num="292" count="35" type="stmt"/>
        <line num="295" count="39" type="stmt"/>
        <line num="296" count="43" type="stmt"/>
        <line num="297" count="43" type="stmt"/>
        <line num="298" count="43" type="stmt"/>
        <line num="299" count="43" type="cond" truecount="8" falsecount="0"/>
        <line num="300" count="12" type="stmt"/>
        <line num="307" count="48" type="stmt"/>
        <line num="308" count="48" type="stmt"/>
        <line num="327" count="611" type="stmt"/>
        <line num="328" count="611" type="stmt"/>
        <line num="332" count="1" type="cond" truecount="6" falsecount="2"/>
        <line num="336" count="38" type="stmt"/>
        <line num="341" count="38" type="stmt"/>
        <line num="346" count="38" type="stmt"/>
        <line num="350" count="12" type="stmt"/>
        <line num="351" count="12" type="stmt"/>
        <line num="356" count="12" type="cond" truecount="1" falsecount="0"/>
        <line num="357" count="7" type="stmt"/>
        <line num="360" count="5" type="stmt"/>
        <line num="361" count="8" type="stmt"/>
        <line num="365" count="0" type="stmt"/>
        <line num="375" count="8" type="stmt"/>
        <line num="391" count="104" type="stmt"/>
        <line num="392" count="104" type="stmt"/>
        <line num="396" count="5" type="stmt"/>
        <line num="400" count="51" type="stmt"/>
        <line num="421" count="8" type="stmt"/>
        <line num="422" count="1" type="stmt"/>
        <line num="424" count="8" type="stmt"/>
      </file>
    </package>
    <package name="src.ArvoMachine">
      <metrics statements="104" coveredstatements="103" conditionals="107" coveredconditionals="92" methods="14" coveredmethods="14"/>
      <file name="createMachine.ts" path="/Users/saadahmad/Documents/Projects/arvo-event-handler/src/ArvoMachine/createMachine.ts">
        <metrics statements="50" coveredstatements="50" conditionals="70" coveredconditionals="60" methods="6" coveredmethods="6"/>
        <line num="1" count="8" type="stmt"/>
        <line num="8" count="8" type="stmt"/>
        <line num="9" count="8" type="stmt"/>
        <line num="20" count="8" type="stmt"/>
        <line num="21" count="8" type="stmt"/>
        <line num="30" count="8" type="stmt"/>
        <line num="195" count="8" type="stmt"/>
        <line num="254" count="19" type="stmt"/>
        <line num="255" count="2" type="stmt"/>
        <line num="266" count="19" type="cond" truecount="1" falsecount="0"/>
        <line num="267" count="1" type="stmt"/>
        <line num="270" count="18" type="cond" truecount="1" falsecount="0"/>
        <line num="271" count="1" type="stmt"/>
        <line num="274" count="17" type="cond" truecount="5" falsecount="0"/>
        <line num="275" count="1" type="stmt"/>
        <line num="289" count="16" type="stmt"/>
        <line num="290" count="16" type="cond" truecount="1" falsecount="0"/>
        <line num="291" count="2" type="stmt"/>
        <line num="296" count="14" type="stmt"/>
        <line num="300" count="14" type="cond" truecount="1" falsecount="0"/>
        <line num="301" count="1" type="stmt"/>
        <line num="306" count="13" type="stmt"/>
        <line num="314" count="4" type="stmt"/>
        <line num="327" count="13" type="stmt"/>
        <line num="368" count="13" type="stmt"/>
        <line num="399" count="19" type="cond" truecount="4" falsecount="0"/>
        <line num="401" count="19" type="cond" truecount="1" falsecount="0"/>
        <line num="402" count="1" type="stmt"/>
        <line num="407" count="18" type="stmt"/>
        <line num="408" count="3" type="stmt"/>
        <line num="410" count="3" type="cond" truecount="1" falsecount="0"/>
        <line num="411" count="1" type="stmt"/>
        <line num="422" count="2" type="cond" truecount="1" falsecount="0"/>
        <line num="423" count="1" type="stmt"/>
        <line num="434" count="1" type="cond" truecount="1" falsecount="0"/>
        <line num="435" count="1" type="stmt"/>
        <line num="447" count="181" type="cond" truecount="3" falsecount="1"/>
        <line num="448" count="181" type="cond" truecount="1" falsecount="0"/>
        <line num="449" count="1" type="stmt"/>
        <line num="451" count="180" type="cond" truecount="1" falsecount="0"/>
        <line num="452" count="1" type="stmt"/>
        <line num="454" count="179" type="cond" truecount="1" falsecount="0"/>
        <line num="455" count="1" type="stmt"/>
        <line num="459" count="15" type="stmt"/>
        <line num="463" count="15" type="stmt"/>
        <line num="464" count="15" type="stmt"/>
        <line num="465" count="32" type="stmt"/>
        <line num="467" count="15" type="cond" truecount="2" falsecount="0"/>
        <line num="468" count="15" type="stmt"/>
        <line num="476" count="13" type="stmt"/>
      </file>
      <file name="index.ts" path="/Users/saadahmad/Documents/Projects/arvo-event-handler/src/ArvoMachine/index.ts">
        <metrics statements="36" coveredstatements="36" conditionals="25" coveredconditionals="23" methods="6" coveredmethods="6"/>
        <line num="1" count="8" type="stmt"/>
        <line num="25" count="8" type="stmt"/>
        <line num="54" count="15" type="stmt"/>
        <line num="55" count="15" type="stmt"/>
        <line num="56" count="15" type="stmt"/>
        <line num="60" count="15" type="stmt"/>
        <line num="61" count="15" type="cond" truecount="0" falsecount="1"/>
        <line num="67" count="8" type="stmt"/>
        <line num="68" count="522" type="stmt"/>
        <line num="100" count="8" type="stmt"/>
        <line num="115" count="52" type="stmt"/>
        <line num="117" count="52" type="cond" truecount="2" falsecount="0"/>
        <line num="118" count="23" type="stmt"/>
        <line num="119" count="23" type="stmt"/>
        <line num="121" count="29" type="stmt"/>
        <line num="124" count="76" type="stmt"/>
        <line num="128" count="153" type="stmt"/>
        <line num="134" count="29" type="stmt"/>
        <line num="137" count="52" type="cond" truecount="1" falsecount="0"/>
        <line num="138" count="3" type="stmt"/>
        <line num="142" count="3" type="stmt"/>
        <line num="147" count="49" type="stmt"/>
        <line num="152" count="49" type="stmt"/>
        <line num="154" count="49" type="cond" truecount="2" falsecount="0"/>
        <line num="155" count="1" type="stmt"/>
        <line num="160" count="48" type="stmt"/>
        <line num="164" count="48" type="cond" truecount="1" falsecount="0"/>
        <line num="165" count="1" type="stmt"/>
        <line num="172" count="47" type="cond" truecount="3" falsecount="0"/>
        <line num="173" count="2" type="stmt"/>
        <line num="183" count="46" type="cond" truecount="2" falsecount="0"/>
        <line num="186" count="46" type="cond" truecount="4" falsecount="0"/>
        <line num="187" count="46" type="cond" truecount="1" falsecount="0"/>
        <line num="188" count="2" type="stmt"/>
        <line num="193" count="44" type="stmt"/>
        <line num="197" count="8" type="stmt"/>
      </file>
      <file name="utils.ts" path="/Users/saadahmad/Documents/Projects/arvo-event-handler/src/ArvoMachine/utils.ts">
        <metrics statements="18" coveredstatements="17" conditionals="12" coveredconditionals="9" methods="2" coveredmethods="2"/>
        <line num="25" count="8" type="stmt"/>
        <line num="26" count="15" type="cond" truecount="3" falsecount="2"/>
        <line num="27" count="0" type="stmt"/>
        <line num="29" count="15" type="stmt"/>
        <line num="30" count="15" type="stmt"/>
        <line num="31" count="65" type="stmt"/>
        <line num="32" count="65" type="cond" truecount="4" falsecount="1"/>
        <line num="33" count="16" type="cond" truecount="1" falsecount="0"/>
        <line num="34" count="51" type="stmt"/>
        <line num="35" count="51" type="stmt"/>
        <line num="38" count="14" type="stmt"/>
        <line num="50" count="8" type="stmt"/>
        <line num="61" count="34" type="stmt"/>
        <line num="62" count="92" type="stmt"/>
        <line num="63" count="92" type="cond" truecount="1" falsecount="0"/>
        <line num="64" count="3" type="stmt"/>
        <line num="70" count="89" type="stmt"/>
        <line num="72" count="31" type="stmt"/>
      </file>
    </package>
    <package name="src.ArvoOrchestrationUtils">
      <metrics statements="52" coveredstatements="49" conditionals="45" coveredconditionals="29" methods="8" coveredmethods="6"/>
      <file name="error.ts" path="/Users/saadahmad/Documents/Projects/arvo-event-handler/src/ArvoOrchestrationUtils/error.ts">
        <metrics statements="8" coveredstatements="8" conditionals="7" coveredconditionals="5" methods="3" coveredmethods="3"/>
        <line num="1" count="8" type="stmt"/>
        <line num="3" count="8" type="stmt"/>
        <line num="13" count="8" type="stmt"/>
        <line num="21" count="4" type="cond" truecount="1" falsecount="1"/>
        <line num="28" count="4" type="stmt"/>
        <line num="30" count="8" type="stmt"/>
        <line num="32" count="8" type="stmt"/>
        <line num="33" count="13" type="stmt"/>
      </file>
      <file name="handlerErrors.ts" path="/Users/saadahmad/Documents/Projects/arvo-event-handler/src/ArvoOrchestrationUtils/handlerErrors.ts">
        <metrics statements="44" coveredstatements="41" conditionals="38" coveredconditionals="24" methods="5" coveredmethods="3"/>
        <line num="1" count="8" type="stmt"/>
        <line num="2" count="8" type="stmt"/>
        <line num="17" count="8" type="stmt"/>
        <line num="21" count="8" type="stmt"/>
        <line num="22" count="8" type="stmt"/>
        <line num="23" count="8" type="stmt"/>
        <line num="43" count="8" type="stmt"/>
        <line num="44" count="2" type="stmt"/>
        <line num="45" count="2" type="stmt"/>
        <line num="46" count="2" type="stmt"/>
        <line num="47" count="2" type="stmt"/>
        <line num="48" count="2" type="stmt"/>
        <line num="49" count="2" type="stmt"/>
        <line num="50" count="2" type="stmt"/>
        <line num="51" count="2" type="stmt"/>
        <line num="52" count="2" type="stmt"/>
        <line num="53" count="2" type="stmt"/>
        <line num="60" count="2" type="stmt"/>
        <line num="61" count="2" type="stmt"/>
        <line num="62" count="2" type="stmt"/>
        <line num="64" count="0" type="stmt"/>
        <line num="70" count="2" type="stmt"/>
        <line num="73" count="0" type="stmt"/>
        <line num="82" count="2" type="stmt"/>
        <line num="84" count="2" type="stmt"/>
        <line num="85" count="2" type="stmt"/>
        <line num="110" count="2" type="stmt"/>
        <line num="113" count="8" type="stmt"/>
        <line num="118" count="13" type="stmt"/>
        <line num="134" count="13" type="cond" truecount="1" falsecount="1"/>
        <line num="140" count="13" type="stmt"/>
        <line num="141" count="13" type="stmt"/>
        <line num="149" count="17" type="cond" truecount="1" falsecount="0"/>
        <line num="150" count="18" type="stmt"/>
        <line num="162" count="0" type="stmt"/>
        <line num="169" count="13" type="cond" truecount="1" falsecount="0"/>
        <line num="170" count="11" type="stmt"/>
        <line num="174" count="11" type="stmt"/>
        <line num="180" count="2" type="stmt"/>
        <line num="185" count="2" type="stmt"/>
        <line num="187" count="2" type="stmt"/>
        <line num="188" count="26" type="stmt"/>
        <line num="189" count="26" type="stmt"/>
        <line num="193" count="2" type="stmt"/>
      </file>
    </package>
    <package name="src.ArvoOrchestrator">
      <metrics statements="168" coveredstatements="163" conditionals="165" coveredconditionals="137" methods="16" coveredmethods="14"/>
      <file name="factory.ts" path="/Users/saadahmad/Documents/Projects/arvo-event-handler/src/ArvoOrchestrator/factory.ts">
        <metrics statements="22" coveredstatements="21" conditionals="7" coveredconditionals="5" methods="2" coveredmethods="2"/>
        <line num="2" count="8" type="stmt"/>
        <line num="3" count="8" type="stmt"/>
        <line num="4" count="8" type="stmt"/>
        <line num="5" count="8" type="stmt"/>
        <line num="34" count="8" type="stmt"/>
        <line num="35" count="10" type="stmt"/>
        <line num="36" count="10" type="stmt"/>
        <line num="37" count="10" type="stmt"/>
        <line num="38" count="10" type="stmt"/>
        <line num="40" count="10" type="cond" truecount="3" falsecount="2"/>
        <line num="41" count="0" type="stmt"/>
        <line num="44" count="10" type="stmt"/>
        <line num="45" count="12" type="stmt"/>
        <line num="47" count="10" type="stmt"/>
        <line num="48" count="10" type="stmt"/>
        <line num="49" count="20" type="stmt"/>
        <line num="50" count="20" type="cond" truecount="1" falsecount="0"/>
        <line num="51" count="1" type="stmt"/>
        <line num="55" count="19" type="cond" truecount="1" falsecount="0"/>
        <line num="56" count="1" type="stmt"/>
        <line num="60" count="18" type="stmt"/>
        <line num="63" count="8" type="stmt"/>
      </file>
      <file name="index.ts" path="/Users/saadahmad/Documents/Projects/arvo-event-handler/src/ArvoOrchestrator/index.ts">
        <metrics statements="146" coveredstatements="142" conditionals="158" coveredconditionals="132" methods="14" coveredmethods="12"/>
        <line num="1" count="8" type="stmt"/>
        <line num="2" count="8" type="stmt"/>
        <line num="25" count="8" type="stmt"/>
        <line num="28" count="8" type="stmt"/>
        <line num="29" count="8" type="stmt"/>
        <line num="34" count="8" type="stmt"/>
        <line num="36" count="8" type="stmt"/>
        <line num="44" count="8" type="stmt"/>
        <line num="49" count="8" type="stmt"/>
        <line num="51" count="8" type="stmt"/>
        <line num="52" count="204" type="stmt"/>
        <line num="55" count="8" type="stmt"/>
        <line num="56" count="0" type="stmt"/>
        <line num="59" count="8" type="stmt"/>
        <line num="60" count="0" type="stmt"/>
        <line num="63" count="8" type="stmt"/>
        <line num="64" count="11" type="stmt"/>
        <line num="73" count="8" type="stmt"/>
        <line num="74" count="8" type="stmt"/>
        <line num="75" count="8" type="stmt"/>
        <line num="76" count="8" type="stmt"/>
        <line num="77" count="8" type="stmt"/>
        <line num="78" count="8" type="stmt"/>
        <line num="80" count="8" type="stmt"/>
        <line num="81" count="8" type="stmt"/>
        <line num="82" count="8" type="stmt"/>
        <line num="83" count="8" type="stmt"/>
        <line num="84" count="8" type="stmt"/>
        <line num="100" count="8" type="stmt"/>
        <line num="109" count="39" type="stmt"/>
        <line num="114" count="39" type="stmt"/>
        <line num="118" count="39" type="stmt"/>
        <line num="120" count="113" type="stmt"/>
        <line num="123" count="39" type="stmt"/>
        <line num="124" count="39" type="stmt"/>
        <line num="125" count="39" type="stmt"/>
        <line num="126" count="39" type="stmt"/>
        <line num="127" count="39" type="stmt"/>
        <line num="133" count="39" type="cond" truecount="2" falsecount="0"/>
        <line num="134" count="9" type="stmt"/>
        <line num="138" count="9" type="stmt"/>
        <line num="139" count="9" type="stmt"/>
        <line num="140" count="9" type="cond" truecount="4" falsecount="0"/>
        <line num="141" count="9" type="stmt"/>
        <line num="142" count="9" type="stmt"/>
        <line num="148" count="30" type="cond" truecount="1" falsecount="0"/>
        <line num="149" count="28" type="stmt"/>
        <line num="153" count="28" type="stmt"/>
        <line num="154" count="28" type="stmt"/>
        <line num="155" count="28" type="stmt"/>
        <line num="165" count="28" type="cond" truecount="1" falsecount="0"/>
        <line num="166" count="6" type="cond" truecount="1" falsecount="0"/>
        <line num="167" count="5" type="stmt"/>
        <line num="168" count="5" type="stmt"/>
        <line num="170" count="1" type="stmt"/>
        <line num="176" count="5" type="stmt"/>
        <line num="177" count="5" type="cond" truecount="2" falsecount="0"/>
        <line num="178" count="4" type="stmt"/>
        <line num="188" count="1" type="stmt"/>
        <line num="202" count="0" type="stmt"/>
        <line num="209" count="38" type="stmt"/>
        <line num="210" count="38" type="stmt"/>
        <line num="215" count="38" type="cond" truecount="3" falsecount="0"/>
        <line num="216" count="36" type="stmt"/>
        <line num="217" count="36" type="stmt"/>
        <line num="218" count="36" type="stmt"/>
        <line num="220" count="0" type="stmt"/>
        <line num="227" count="38" type="stmt"/>
        <line num="248" count="38" type="stmt"/>
        <line num="253" count="38" type="stmt"/>
        <line num="268" count="8" type="stmt"/>
        <line num="270" count="52" type="cond" truecount="1" falsecount="0"/>
        <line num="276" count="46" type="cond" truecount="2" falsecount="0"/>
        <line num="284" count="598" type="stmt"/>
        <line num="302" count="46" type="stmt"/>
        <line num="303" count="46" type="stmt"/>
        <line num="307" count="46" type="stmt"/>
        <line num="308" count="46" type="stmt"/>
        <line num="309" count="46" type="stmt"/>
        <line num="310" count="46" type="stmt"/>
        <line num="315" count="46" type="stmt"/>
        <line num="316" count="45" type="stmt"/>
        <line num="317" count="45" type="stmt"/>
        <line num="323" count="45" type="cond" truecount="1" falsecount="0"/>
        <line num="324" count="1" type="stmt"/>
        <line num="329" count="1" type="stmt"/>
        <line num="333" count="1" type="stmt"/>
        <line num="338" count="44" type="stmt"/>
        <line num="343" count="44" type="stmt"/>
        <line num="348" count="44" type="cond" truecount="1" falsecount="0"/>
        <line num="349" count="1" type="stmt"/>
        <line num="350" count="1" type="stmt"/>
        <line num="355" count="43" type="stmt"/>
        <line num="365" count="43" type="stmt"/>
        <line num="367" count="43" type="cond" truecount="1" falsecount="0"/>
        <line num="371" count="1" type="stmt"/>
        <line num="376" count="42" type="cond" truecount="3" falsecount="0"/>
        <line num="382" count="1" type="stmt"/>
        <line num="390" count="41" type="stmt"/>
        <line num="391" count="40" type="cond" truecount="1" falsecount="0"/>
        <line num="392" count="1" type="stmt"/>
        <line num="399" count="39" type="cond" truecount="1" falsecount="0"/>
        <line num="400" count="17" type="stmt"/>
        <line num="407" count="39" type="stmt"/>
        <line num="409" count="38" type="cond" truecount="5" falsecount="0"/>
        <line num="410" count="1" type="stmt"/>
        <line num="414" count="1" type="stmt"/>
        <line num="417" count="37" type="cond" truecount="8" falsecount="0"/>
        <line num="418" count="37" type="cond" truecount="8" falsecount="0"/>
        <line num="420" count="37" type="cond" truecount="2" falsecount="0"/>
        <line num="421" count="16" type="stmt"/>
        <line num="426" count="16" type="cond" truecount="1" falsecount="0"/>
        <line num="427" count="1" type="stmt"/>
        <line num="432" count="1" type="stmt"/>
        <line num="437" count="21" type="stmt"/>
        <line num="446" count="36" type="cond" truecount="1" falsecount="0"/>
        <line num="447" count="15" type="cond" truecount="10" falsecount="2"/>
        <line num="453" count="36" type="stmt"/>
        <line num="462" count="34" type="stmt"/>
        <line num="464" count="34" type="stmt"/>
        <line num="470" count="34" type="cond" truecount="1" falsecount="0"/>
        <line num="471" count="9" type="stmt"/>
        <line num="489" count="34" type="stmt"/>
        <line num="491" count="38" type="stmt"/>
        <line num="492" count="38" type="stmt"/>
        <line num="493" count="39" type="cond" truecount="4" falsecount="0"/>
        <line num="494" count="39" type="stmt"/>
        <line num="506" count="38" type="cond" truecount="0" falsecount="1"/>
        <line num="507" count="38" type="stmt"/>
        <line num="508" count="38" type="stmt"/>
        <line num="509" count="494" type="stmt"/>
        <line num="510" count="494" type="stmt"/>
        <line num="515" count="33" type="stmt"/>
        <line num="521" count="66" type="stmt"/>
        <line num="533" count="37" type="stmt"/>
        <line num="541" count="32" type="stmt"/>
        <line num="546" count="32" type="stmt"/>
        <line num="551" count="32" type="stmt"/>
        <line num="553" count="11" type="stmt"/>
        <line num="570" count="11" type="cond" truecount="1" falsecount="0"/>
        <line num="571" count="1" type="stmt"/>
        <line num="575" count="92" type="cond" truecount="1" falsecount="0"/>
        <line num="576" count="46" type="stmt"/>
        <line num="585" count="8" type="stmt"/>
        <line num="586" count="1" type="stmt"/>
        <line num="591" count="8" type="stmt"/>
      </file>
    </package>
    <package name="src.ArvoResumable">
      <metrics statements="177" coveredstatements="151" conditionals="277" coveredconditionals="203" methods="16" coveredmethods="14"/>
      <file name="factory.ts" path="/Users/saadahmad/Documents/Projects/arvo-event-handler/src/ArvoResumable/factory.ts">
        <metrics statements="11" coveredstatements="9" conditionals="10" coveredconditionals="6" methods="1" coveredmethods="1"/>
        <line num="2" count="8" type="stmt"/>
        <line num="3" count="8" type="stmt"/>
        <line num="4" count="8" type="stmt"/>
        <line num="32" count="8" type="stmt"/>
        <line num="53" count="2" type="stmt"/>
        <line num="54" count="2" type="cond" truecount="0" falsecount="1"/>
        <line num="55" count="0" type="stmt"/>
        <line num="60" count="2" type="stmt"/>
        <line num="64" count="2" type="cond" truecount="0" falsecount="1"/>
        <line num="65" count="0" type="stmt"/>
        <line num="70" count="2" type="stmt"/>
      </file>
      <file name="index.ts" path="/Users/saadahmad/Documents/Projects/arvo-event-handler/src/ArvoResumable/index.ts">
        <metrics statements="166" coveredstatements="142" conditionals="267" coveredconditionals="197" methods="15" coveredmethods="13"/>
        <line num="1" count="8" type="stmt"/>
        <line num="2" count="8" type="stmt"/>
        <line num="23" count="8" type="stmt"/>
        <line num="25" count="8" type="stmt"/>
        <line num="26" count="8" type="stmt"/>
        <line num="29" count="8" type="stmt"/>
        <line num="31" count="8" type="stmt"/>
        <line num="66" count="8" type="stmt"/>
        <line num="79" count="2" type="stmt"/>
        <line num="86" count="8" type="stmt"/>
        <line num="87" count="1" type="stmt"/>
        <line num="90" count="8" type="stmt"/>
        <line num="91" count="0" type="stmt"/>
        <line num="94" count="8" type="stmt"/>
        <line num="95" count="2" type="stmt"/>
        <line num="109" count="2" type="stmt"/>
        <line num="110" count="2" type="stmt"/>
        <line num="111" count="2" type="cond" truecount="3" falsecount="1"/>
        <line num="112" count="2" type="stmt"/>
        <line num="113" count="2" type="stmt"/>
        <line num="114" count="2" type="stmt"/>
        <line num="117" count="8" type="stmt"/>
        <line num="120" count="13" type="stmt"/>
        <line num="123" count="13" type="stmt"/>
        <line num="124" count="13" type="cond" truecount="0" falsecount="1"/>
        <line num="125" count="0" type="stmt"/>
        <line num="130" count="13" type="cond" truecount="2" falsecount="0"/>
        <line num="131" count="4" type="stmt"/>
        <line num="132" count="4" type="stmt"/>
        <line num="134" count="9" type="stmt"/>
        <line num="135" count="24" type="stmt"/>
        <line num="136" count="24" type="cond" truecount="1" falsecount="0"/>
        <line num="137" count="38" type="stmt"/>
        <line num="138" count="38" type="cond" truecount="1" falsecount="0"/>
        <line num="139" count="30" type="cond" truecount="1" falsecount="0"/>
        <line num="140" count="8" type="stmt"/>
        <line num="146" count="13" type="cond" truecount="1" falsecount="0"/>
        <line num="147" count="1" type="stmt"/>
        <line num="152" count="12" type="stmt"/>
        <line num="156" count="12" type="cond" truecount="0" falsecount="1"/>
        <line num="157" count="0" type="stmt"/>
        <line num="161" count="12" type="cond" truecount="0" falsecount="1"/>
        <line num="165" count="0" type="stmt"/>
        <line num="171" count="12" type="cond" truecount="2" falsecount="0"/>
        <line num="175" count="12" type="stmt"/>
        <line num="176" count="12" type="stmt"/>
        <line num="192" count="8" type="stmt"/>
        <line num="201" count="18" type="stmt"/>
        <line num="208" count="18" type="stmt"/>
        <line num="210" count="54" type="stmt"/>
        <line num="213" count="18" type="stmt"/>
        <line num="214" count="18" type="stmt"/>
        <line num="215" count="18" type="stmt"/>
        <line num="216" count="18" type="stmt"/>
        <line num="217" count="18" type="stmt"/>
        <line num="223" count="18" type="cond" truecount="2" falsecount="0"/>
        <line num="224" count="2" type="stmt"/>
        <line num="228" count="2" type="stmt"/>
        <line num="229" count="2" type="stmt"/>
        <line num="230" count="2" type="cond" truecount="2" falsecount="2"/>
        <line num="231" count="2" type="stmt"/>
        <line num="232" count="2" type="stmt"/>
        <line num="238" count="16" type="cond" truecount="1" falsecount="0"/>
        <line num="239" count="16" type="stmt"/>
        <line num="243" count="16" type="stmt"/>
        <line num="244" count="16" type="stmt"/>
        <line num="245" count="16" type="stmt"/>
        <line num="255" count="16" type="cond" truecount="0" falsecount="1"/>
        <line num="256" count="0" type="cond" truecount="0" falsecount="1"/>
        <line num="257" count="0" type="stmt"/>
        <line num="258" count="0" type="stmt"/>
        <line num="260" count="0" type="stmt"/>
        <line num="266" count="0" type="stmt"/>
        <line num="267" count="0" type="cond" truecount="0" falsecount="2"/>
        <line num="268" count="0" type="stmt"/>
        <line num="278" count="0" type="stmt"/>
        <line num="292" count="0" type="stmt"/>
        <line num="299" count="18" type="stmt"/>
        <line num="300" count="18" type="stmt"/>
        <line num="305" count="18" type="cond" truecount="3" falsecount="0"/>
        <line num="306" count="18" type="stmt"/>
        <line num="307" count="18" type="stmt"/>
        <line num="308" count="18" type="stmt"/>
        <line num="310" count="0" type="stmt"/>
        <line num="317" count="18" type="stmt"/>
        <line num="338" count="18" type="stmt"/>
        <line num="343" count="18" type="stmt"/>
        <line num="359" count="8" type="stmt"/>
        <line num="365" count="13" type="stmt"/>
        <line num="373" count="169" type="stmt"/>
        <line num="391" count="13" type="stmt"/>
        <line num="392" count="13" type="stmt"/>
        <line num="396" count="13" type="stmt"/>
        <line num="397" count="13" type="stmt"/>
        <line num="398" count="13" type="stmt"/>
        <line num="399" count="13" type="stmt"/>
        <line num="405" count="13" type="stmt"/>
        <line num="406" count="13" type="stmt"/>
        <line num="407" count="13" type="stmt"/>
        <line num="413" count="13" type="cond" truecount="0" falsecount="1"/>
        <line num="414" count="0" type="stmt"/>
        <line num="419" count="0" type="stmt"/>
        <line num="423" count="0" type="stmt"/>
        <line num="432" count="13" type="stmt"/>
        <line num="438" count="13" type="cond" truecount="0" falsecount="1"/>
        <line num="439" count="0" type="stmt"/>
        <line num="444" count="13" type="stmt"/>
        <line num="449" count="13" type="stmt"/>
        <line num="454" count="12" type="stmt"/>
        <line num="456" count="12" type="cond" truecount="0" falsecount="1"/>
        <line num="457" count="0" type="stmt"/>
        <line num="464" count="12" type="cond" truecount="1" falsecount="0"/>
        <line num="465" count="12" type="stmt"/>
        <line num="472" count="12" type="stmt"/>
        <line num="474" count="12" type="cond" truecount="4" falsecount="1"/>
        <line num="475" count="0" type="stmt"/>
        <line num="479" count="0" type="stmt"/>
        <line num="482" count="12" type="cond" truecount="7" falsecount="1"/>
        <line num="483" count="12" type="cond" truecount="8" falsecount="0"/>
        <line num="485" count="12" type="cond" truecount="5" falsecount="0"/>
        <line num="486" count="2" type="stmt"/>
        <line num="491" count="2" type="stmt"/>
        <line num="496" count="10" type="cond" truecount="2" falsecount="0"/>
        <line num="497" count="4" type="stmt"/>
        <line num="502" count="4" type="cond" truecount="0" falsecount="1"/>
        <line num="503" count="0" type="stmt"/>
        <line num="508" count="0" type="stmt"/>
        <line num="513" count="6" type="stmt"/>
        <line num="522" count="10" type="cond" truecount="1" falsecount="0"/>
        <line num="523" count="4" type="cond" truecount="8" falsecount="4"/>
        <line num="528" count="10" type="cond" truecount="1" falsecount="0"/>
        <line num="533" count="6" type="stmt"/>
        <line num="536" count="10" type="stmt"/>
        <line num="537" count="18" type="cond" truecount="12" falsecount="0"/>
        <line num="538" count="18" type="stmt"/>
        <line num="539" count="8" type="cond" truecount="1" falsecount="0"/>
        <line num="540" count="6" type="stmt"/>
        <line num="542" count="8" type="stmt"/>
        <line num="546" count="10" type="stmt"/>
        <line num="547" count="10" type="stmt"/>
        <line num="570" count="9" type="stmt"/>
        <line num="572" count="12" type="stmt"/>
        <line num="588" count="12" type="stmt"/>
        <line num="589" count="18" type="cond" truecount="4" falsecount="0"/>
        <line num="590" count="18" type="stmt"/>
        <line num="602" count="18" type="cond" truecount="0" falsecount="1"/>
        <line num="603" count="18" type="stmt"/>
        <line num="604" count="18" type="stmt"/>
        <line num="605" count="234" type="stmt"/>
        <line num="606" count="234" type="stmt"/>
        <line num="611" count="9" type="stmt"/>
        <line num="618" count="9" type="stmt"/>
        <line num="621" count="18" type="stmt"/>
        <line num="623" count="18" type="stmt"/>
        <line num="627" count="18" type="stmt"/>
        <line num="642" count="9" type="stmt"/>
        <line num="647" count="9" type="stmt"/>
        <line num="652" count="9" type="stmt"/>
        <line num="654" count="2" type="stmt"/>
        <line num="671" count="2" type="cond" truecount="1" falsecount="0"/>
        <line num="672" count="1" type="stmt"/>
        <line num="676" count="26" type="cond" truecount="1" falsecount="0"/>
        <line num="677" count="13" type="stmt"/>
        <line num="683" count="8" type="stmt"/>
        <line num="684" count="0" type="stmt"/>
        <line num="686" count="8" type="stmt"/>
      </file>
    </package>
    <package name="src.MachineExecutionEngine">
      <metrics statements="39" coveredstatements="39" conditionals="61" coveredconditionals="51" methods="8" coveredmethods="7"/>
      <file name="index.ts" path="/Users/saadahmad/Documents/Projects/arvo-event-handler/src/MachineExecutionEngine/index.ts">
        <metrics statements="39" coveredstatements="39" conditionals="61" coveredconditionals="51" methods="8" coveredmethods="7"/>
        <line num="1" count="8" type="stmt"/>
        <line num="2" count="8" type="stmt"/>
        <line num="3" count="8" type="stmt"/>
        <line num="12" count="8" type="stmt"/>
        <line num="33" count="8" type="stmt"/>
        <line num="34" count="41" type="stmt"/>
        <line num="35" count="46" type="cond" truecount="1" falsecount="0"/>
        <line num="39" count="41" type="stmt"/>
        <line num="63" count="41" type="stmt"/>
        <line num="64" count="41" type="stmt"/>
        <line num="66" count="41" type="cond" truecount="2" falsecount="0"/>
        <line num="67" count="19" type="stmt"/>
        <line num="71" count="19" type="cond" truecount="1" falsecount="0"/>
        <line num="72" count="1" type="stmt"/>
        <line num="76" count="18" type="stmt"/>
        <line num="79" count="18" type="stmt"/>
        <line num="80" count="18" type="stmt"/>
        <line num="81" count="18" type="stmt"/>
        <line num="83" count="22" type="stmt"/>
        <line num="87" count="22" type="stmt"/>
        <line num="90" count="22" type="stmt"/>
        <line num="91" count="22" type="stmt"/>
        <line num="92" count="22" type="stmt"/>
        <line num="93" count="22" type="stmt"/>
        <line num="95" count="40" type="stmt"/>
        <line num="99" count="40" type="stmt"/>
        <line num="103" count="40" type="stmt"/>
        <line num="104" count="40" type="cond" truecount="12" falsecount="1"/>
        <line num="106" count="4" type="stmt"/>
        <line num="108" count="4" type="stmt"/>
        <line num="109" count="4" type="stmt"/>
        <line num="111" count="40" type="cond" truecount="1" falsecount="0"/>
        <line num="112" count="4" type="stmt"/>
        <line num="115" count="36" type="cond" truecount="7" falsecount="1"/>
        <line num="116" count="36" type="cond" truecount="7" falsecount="1"/>
        <line num="117" count="36" type="cond" truecount="7" falsecount="2"/>
        <line num="118" count="26" type="stmt"/>
        <line num="121" count="36" type="stmt"/>
        <line num="129" count="8" type="stmt"/>
      </file>
    </package>
    <package name="src.MachineMemory">
      <metrics statements="84" coveredstatements="76" conditionals="32" coveredconditionals="30" methods="17" coveredmethods="17"/>
      <file name="Simple.ts" path="/Users/saadahmad/Documents/Projects/arvo-event-handler/src/MachineMemory/Simple.ts">
        <metrics statements="33" coveredstatements="30" conditionals="11" coveredconditionals="10" methods="6" coveredmethods="6"/>
        <line num="17" count="8" type="stmt"/>
        <line num="18" count="22" type="stmt"/>
        <line num="19" count="22" type="stmt"/>
        <line num="27" count="8" type="stmt"/>
        <line num="28" count="67" type="cond" truecount="1" falsecount="0"/>
        <line num="29" count="1" type="stmt"/>
        <line num="31" count="66" type="cond" truecount="4" falsecount="0"/>
        <line num="40" count="8" type="stmt"/>
        <line num="41" count="59" type="cond" truecount="1" falsecount="0"/>
        <line num="42" count="1" type="stmt"/>
        <line num="44" count="58" type="cond" truecount="1" falsecount="0"/>
        <line num="45" count="2" type="stmt"/>
        <line num="47" count="56" type="stmt"/>
        <line num="56" count="8" type="stmt"/>
        <line num="57" count="43" type="cond" truecount="1" falsecount="0"/>
        <line num="58" count="1" type="stmt"/>
        <line num="60" count="42" type="cond" truecount="1" falsecount="0"/>
        <line num="61" count="4" type="stmt"/>
        <line num="63" count="38" type="stmt"/>
        <line num="64" count="38" type="stmt"/>
        <line num="73" count="8" type="stmt"/>
        <line num="74" count="33" type="cond" truecount="1" falsecount="0"/>
        <line num="75" count="1" type="stmt"/>
        <line num="77" count="32" type="stmt"/>
        <line num="78" count="32" type="stmt"/>
        <line num="84" count="8" type="stmt"/>
        <line num="85" count="1" type="cond" truecount="0" falsecount="1"/>
        <line num="86" count="0" type="stmt"/>
        <line num="87" count="0" type="stmt"/>
        <line num="88" count="0" type="stmt"/>
        <line num="90" count="1" type="stmt"/>
        <line num="91" count="1" type="stmt"/>
        <line num="93" count="8" type="stmt"/>
      </file>
      <file name="TelemetredSimple.ts" path="/Users/saadahmad/Documents/Projects/arvo-event-handler/src/MachineMemory/TelemetredSimple.ts">
        <metrics statements="44" coveredstatements="41" conditionals="21" coveredconditionals="20" methods="10" coveredmethods="10"/>
        <line num="1" count="8" type="stmt"/>
        <line num="2" count="8" type="stmt"/>
        <line num="4" count="8" type="stmt"/>
        <line num="20" count="8" type="stmt"/>
        <line num="23" count="17" type="stmt"/>
        <line num="24" count="17" type="stmt"/>
        <line num="32" count="8" type="stmt"/>
        <line num="33" count="7" type="cond" truecount="2" falsecount="0"/>
        <line num="41" count="7" type="stmt"/>
        <line num="42" count="7" type="cond" truecount="1" falsecount="0"/>
        <line num="43" count="1" type="stmt"/>
        <line num="45" count="6" type="cond" truecount="4" falsecount="0"/>
        <line num="56" count="8" type="stmt"/>
        <line num="57" count="9" type="cond" truecount="2" falsecount="0"/>
        <line num="66" count="9" type="stmt"/>
        <line num="67" count="9" type="cond" truecount="1" falsecount="0"/>
        <line num="68" count="1" type="stmt"/>
        <line num="70" count="8" type="cond" truecount="1" falsecount="0"/>
        <line num="71" count="2" type="stmt"/>
        <line num="73" count="6" type="stmt"/>
        <line num="84" count="8" type="stmt"/>
        <line num="85" count="12" type="cond" truecount="2" falsecount="0"/>
        <line num="93" count="12" type="stmt"/>
        <line num="94" count="12" type="cond" truecount="1" falsecount="0"/>
        <line num="95" count="1" type="stmt"/>
        <line num="97" count="11" type="cond" truecount="1" falsecount="0"/>
        <line num="98" count="2" type="stmt"/>
        <line num="100" count="9" type="stmt"/>
        <line num="101" count="9" type="stmt"/>
        <line num="112" count="8" type="stmt"/>
        <line num="113" count="5" type="cond" truecount="2" falsecount="0"/>
        <line num="121" count="5" type="stmt"/>
        <line num="122" count="5" type="cond" truecount="1" falsecount="0"/>
        <line num="123" count="1" type="stmt"/>
        <line num="125" count="4" type="stmt"/>
        <line num="126" count="4" type="stmt"/>
        <line num="134" count="8" type="stmt"/>
        <line num="135" count="1" type="cond" truecount="0" falsecount="1"/>
        <line num="136" count="0" type="stmt"/>
        <line num="137" count="0" type="stmt"/>
        <line num="138" count="0" type="stmt"/>
        <line num="140" count="1" type="stmt"/>
        <line num="141" count="1" type="stmt"/>
        <line num="143" count="8" type="stmt"/>
      </file>
      <file name="utils.ts" path="/Users/saadahmad/Documents/Projects/arvo-event-handler/src/MachineMemory/utils.ts">
        <metrics statements="7" coveredstatements="5" conditionals="0" coveredconditionals="0" methods="1" coveredmethods="1"/>
        <line num="1" count="8" type="stmt"/>
        <line num="3" count="8" type="stmt"/>
        <line num="4" count="7" type="stmt"/>
        <line num="5" count="7" type="stmt"/>
        <line num="7" count="7" type="stmt"/>
        <line num="9" count="0" type="stmt"/>
        <line num="13" count="0" type="stmt"/>
      </file>
    </package>
    <package name="src.MachineRegistry">
      <metrics statements="17" coveredstatements="17" conditionals="14" coveredconditionals="14" methods="5" coveredmethods="5"/>
      <file name="index.ts" path="/Users/saadahmad/Documents/Projects/arvo-event-handler/src/MachineRegistry/index.ts">
        <metrics statements="17" coveredstatements="17" conditionals="14" coveredconditionals="14" methods="5" coveredmethods="5"/>
        <line num="1" count="8" type="stmt"/>
        <line num="2" count="8" type="stmt"/>
        <line num="15" count="8" type="stmt"/>
        <line num="24" count="53" type="stmt"/>
        <line num="25" count="13" type="stmt"/>
        <line num="26" count="13" type="cond" truecount="1" falsecount="0"/>
        <line num="27" count="1" type="stmt"/>
        <line num="47" count="48" type="stmt"/>
        <line num="49" count="51" type="cond" truecount="1" falsecount="0"/>
        <line num="53" count="48" type="stmt"/>
        <line num="73" count="48" type="stmt"/>
        <line num="74" count="48" type="stmt"/>
        <line num="75" count="48" type="stmt"/>
        <line num="79" count="66" type="cond" truecount="6" falsecount="0"/>
        <line num="80" count="48" type="stmt"/>
        <line num="84" count="48" type="stmt"/>
        <line num="88" count="8" type="stmt"/>
      </file>
    </package>
    <package name="src.SyncEventResource">
      <metrics statements="37" coveredstatements="35" conditionals="18" coveredconditionals="15" methods="7" coveredmethods="7"/>
      <file name="index.ts" path="/Users/saadahmad/Documents/Projects/arvo-event-handler/src/SyncEventResource/index.ts">
        <metrics statements="37" coveredstatements="35" conditionals="18" coveredconditionals="15" methods="7" coveredmethods="7"/>
        <line num="2" count="8" type="stmt"/>
        <line num="3" count="8" type="stmt"/>
        <line num="5" count="8" type="stmt"/>
        <line num="39" count="8" type="stmt"/>
        <line num="41" count="10" type="stmt"/>
        <line num="42" count="10" type="stmt"/>
        <line num="60" count="8" type="stmt"/>
        <line num="61" count="53" type="cond" truecount="1" falsecount="0"/>
        <line num="62" count="22" type="stmt"/>
        <line num="69" count="22" type="stmt"/>
        <line num="73" count="31" type="stmt"/>
        <line num="77" count="31" type="stmt"/>
        <line num="78" count="30" type="cond" truecount="2" falsecount="0"/>
        <line num="80" count="1" type="stmt"/>
        <line num="100" count="8" type="stmt"/>
        <line num="102" count="51" type="stmt"/>
        <line num="109" count="51" type="cond" truecount="1" falsecount="0"/>
        <line num="111" count="1" type="stmt"/>
        <line num="129" count="8" type="stmt"/>
        <line num="131" count="51" type="stmt"/>
        <line num="138" count="102" type="stmt"/>
        <line num="140" count="1" type="stmt"/>
        <line num="160" count="8" type="stmt"/>
        <line num="161" count="59" type="stmt"/>
        <line num="168" count="59" type="stmt"/>
        <line num="169" count="59" type="cond" truecount="1" falsecount="0"/>
        <line num="170" count="1" type="stmt"/>
        <line num="192" count="8" type="stmt"/>
        <line num="197" count="59" type="cond" truecount="1" falsecount="0"/>
        <line num="198" count="30" type="stmt"/>
        <line num="205" count="30" type="stmt"/>
        <line num="208" count="58" type="stmt"/>
        <line num="209" count="29" type="stmt"/>
        <line num="216" count="29" type="stmt"/>
        <line num="218" count="0" type="stmt"/>
        <line num="225" count="0" type="stmt"/>
        <line num="228" count="8" type="stmt"/>
      </file>
    </package>
    <package name="src.utils">
      <metrics statements="16" coveredstatements="16" conditionals="11" coveredconditionals="7" methods="6" coveredmethods="6"/>
      <file name="index.ts" path="/Users/saadahmad/Documents/Projects/arvo-event-handler/src/utils/index.ts">
        <metrics statements="16" coveredstatements="16" conditionals="11" coveredconditionals="7" methods="6" coveredmethods="6"/>
        <line num="1" count="8" type="stmt"/>
        <line num="5" count="8" type="stmt"/>
        <line num="6" count="13" type="cond" truecount="1" falsecount="3"/>
        <line num="15" count="8" type="stmt"/>
        <line num="16" count="238" type="cond" truecount="2" falsecount="0"/>
        <line num="27" count="8" type="stmt"/>
        <line num="28" count="48" type="cond" truecount="2" falsecount="0"/>
        <line num="39" count="384" type="stmt"/>
        <line num="40" count="192" type="stmt"/>
        <line num="41" count="190" type="cond" truecount="1" falsecount="0"/>
        <line num="42" count="74" type="stmt"/>
        <line num="45" count="22" type="stmt"/>
        <line num="65" count="8" type="stmt"/>
        <line num="66" count="48" type="stmt"/>
        <line num="69" count="8" type="stmt"/>
        <line num="74" count="51" type="stmt"/>
      </file>
    </package>
    <package name="src.utils.SimpleEventBroker">
      <metrics statements="80" coveredstatements="69" conditionals="63" coveredconditionals="39" methods="21" coveredmethods="18"/>
      <file name="helper.ts" path="/Users/saadahmad/Documents/Projects/arvo-event-handler/src/utils/SimpleEventBroker/helper.ts">
        <metrics statements="23" coveredstatements="21" conditionals="22" coveredconditionals="18" methods="8" coveredmethods="8"/>
        <line num="2" count="8" type="stmt"/>
        <line num="157" count="8" type="stmt"/>
        <line num="168" count="6" type="stmt"/>
        <line num="173" count="2" type="stmt"/>
        <line num="182" count="40" type="stmt"/>
        <line num="183" count="40" type="stmt"/>
        <line num="185" count="52" type="stmt"/>
        <line num="186" count="52" type="cond" truecount="2" falsecount="0"/>
        <line num="189" count="169" type="cond" truecount="1" falsecount="0"/>
        <line num="190" count="112" type="cond" truecount="1" falsecount="0"/>
        <line num="191" count="12" type="cond" truecount="6" falsecount="2"/>
        <line num="197" count="106" type="stmt"/>
        <line num="205" count="6" type="stmt"/>
        <line num="207" count="2" type="stmt"/>
        <line num="208" count="2" type="cond" truecount="0" falsecount="1"/>
        <line num="209" count="0" type="stmt"/>
        <line num="213" count="2" type="stmt"/>
        <line num="214" count="2" type="stmt"/>
        <line num="215" count="2" type="stmt"/>
        <line num="217" count="4" type="stmt"/>
        <line num="218" count="2" type="cond" truecount="0" falsecount="1"/>
        <line num="219" count="0" type="stmt"/>
        <line num="221" count="2" type="stmt"/>
      </file>
      <file name="index.ts" path="/Users/saadahmad/Documents/Projects/arvo-event-handler/src/utils/SimpleEventBroker/index.ts">
        <metrics statements="54" coveredstatements="45" conditionals="40" coveredconditionals="21" methods="11" coveredmethods="8"/>
        <line num="3" count="8" type="stmt"/>
        <line num="48" count="8" type="stmt"/>
        <line num="55" count="6" type="stmt"/>
        <line num="58" count="6" type="stmt"/>
        <line num="59" count="6" type="stmt"/>
        <line num="60" count="6" type="stmt"/>
        <line num="61" count="6" type="stmt"/>
        <line num="62" count="6" type="stmt"/>
        <line num="63" count="6" type="stmt"/>
        <line num="69" count="8" type="stmt"/>
        <line num="70" count="2" type="stmt"/>
        <line num="82" count="54" type="cond" truecount="1" falsecount="0"/>
        <line num="83" count="47" type="cond" truecount="1" falsecount="0"/>
        <line num="84" count="47" type="stmt"/>
        <line num="87" count="47" type="cond" truecount="8" falsecount="3"/>
        <line num="88" count="0" type="stmt"/>
        <line num="92" count="47" type="stmt"/>
        <line num="93" count="47" type="stmt"/>
        <line num="95" count="47" type="stmt"/>
        <line num="96" count="0" type="stmt"/>
        <line num="97" count="0" type="cond" truecount="0" falsecount="1"/>
        <line num="98" count="0" type="stmt"/>
        <line num="108" count="8" type="stmt"/>
        <line num="109" count="59" type="cond" truecount="0" falsecount="1"/>
        <line num="110" count="0" type="stmt"/>
        <line num="113" count="59" type="cond" truecount="0" falsecount="1"/>
        <line num="114" count="0" type="stmt"/>
        <line num="117" count="59" type="stmt"/>
        <line num="118" count="59" type="stmt"/>
        <line num="120" count="112" type="cond" truecount="1" falsecount="0"/>
        <line num="121" count="12" type="stmt"/>
        <line num="128" count="8" type="stmt"/>
        <line num="129" count="0" type="stmt"/>
        <line num="135" count="8" type="stmt"/>
        <line num="136" count="0" type="cond" truecount="0" falsecount="8"/>
        <line num="151" count="8" type="stmt"/>
        <line num="152" count="6" type="cond" truecount="0" falsecount="1"/>
        <line num="153" count="6" type="stmt"/>
        <line num="156" count="65" type="cond" truecount="1" falsecount="0"/>
        <line num="157" count="59" type="stmt"/>
        <line num="158" count="59" type="cond" truecount="0" falsecount="1"/>
        <line num="159" count="59" type="cond" truecount="0" falsecount="1"/>
        <line num="160" count="118" type="stmt"/>
        <line num="163" count="59" type="cond" truecount="3" falsecount="1"/>
        <line num="165" count="59" type="cond" truecount="5" falsecount="0"/>
        <line num="166" count="2" type="stmt"/>
        <line num="170" count="57" type="stmt"/>
        <line num="171" count="57" type="stmt"/>
        <line num="172" count="1" type="cond" truecount="1" falsecount="1"/>
        <line num="173" count="1" type="stmt"/>
        <line num="175" count="0" type="stmt"/>
        <line num="180" count="114" type="stmt"/>
        <line num="183" count="6" type="stmt"/>
        <line num="186" count="8" type="stmt"/>
      </file>
      <file name="utils.ts" path="/Users/saadahmad/Documents/Projects/arvo-event-handler/src/utils/SimpleEventBroker/utils.ts">
        <metrics statements="3" coveredstatements="3" conditionals="1" coveredconditionals="0" methods="2" coveredmethods="2"/>
        <line num="1" count="59" type="cond" truecount="0" falsecount="1"/>
        <line num="2" count="59" type="stmt"/>
        <line num="3" count="59" type="stmt"/>
      </file>
    </package>
    <package name="src.utils.object">
      <metrics statements="20" coveredstatements="20" conditionals="14" coveredconditionals="12" methods="3" coveredmethods="3"/>
      <file name="index.ts" path="/Users/saadahmad/Documents/Projects/arvo-event-handler/src/utils/object/index.ts">
        <metrics statements="20" coveredstatements="20" conditionals="14" coveredconditionals="12" methods="3" coveredmethods="3"/>
        <line num="26" count="9" type="stmt"/>
        <line num="27" count="25" type="cond" truecount="5" falsecount="0"/>
        <line num="28" count="3" type="stmt"/>
        <line num="33" count="22" type="stmt"/>
        <line num="34" count="22" type="stmt"/>
        <line num="36" count="22" type="stmt"/>
        <line num="37" count="402" type="stmt"/>
        <line num="38" count="402" type="cond" truecount="0" falsecount="1"/>
        <line num="39" count="804" type="stmt"/>
        <line num="41" count="402" type="cond" truecount="4" falsecount="0"/>
        <line num="42" count="192" type="stmt"/>
        <line num="44" count="210" type="stmt"/>
        <line num="46" count="380" type="cond" truecount="1" falsecount="0"/>
        <line num="47" count="380" type="stmt"/>
        <line num="53" count="22" type="stmt"/>
        <line num="67" count="9" type="stmt"/>
        <line num="68" count="4" type="cond" truecount="2" falsecount="1"/>
        <line num="69" count="1" type="stmt"/>
        <line num="71" count="5" type="stmt"/>
        <line num="72" count="3" type="stmt"/>
      </file>
    </package>
  </project>
</coverage>
