<?xml version="1.0" encoding="UTF-8"?>
<coverage generated="1751812922608" clover="3.2.0">
  <project timestamp="1751812922608" name="All files">
    <metrics statements="247" coveredstatements="238" conditionals="159" coveredconditionals="119" methods="56" coveredmethods="46" elements="462" coveredelements="403" complexity="0" loc="247" ncloc="247" packages="5" files="11" classes="11"/>
    <package name="src">
      <metrics statements="71" coveredstatements="66" conditionals="54" coveredconditionals="29" methods="27" coveredmethods="19"/>
      <file name="errors.ts" path="/Users/saadahmad/Projects/Arvo/event-handler/src/errors.ts">
        <metrics statements="10" coveredstatements="10" conditionals="6" coveredconditionals="3" methods="6" coveredmethods="6"/>
        <line num="1" count="3" type="stmt"/>
        <line num="13" count="3" type="stmt"/>
        <line num="15" count="5" type="cond" truecount="1" falsecount="1"/>
        <line num="21" count="3" type="stmt"/>
        <line num="33" count="3" type="stmt"/>
        <line num="35" count="5" type="cond" truecount="1" falsecount="1"/>
        <line num="41" count="3" type="stmt"/>
        <line num="52" count="3" type="stmt"/>
        <line num="54" count="2" type="cond" truecount="1" falsecount="1"/>
        <line num="60" count="3" type="stmt"/>
      </file>
      <file name="index.ts" path="/Users/saadahmad/Projects/Arvo/event-handler/src/index.ts">
        <metrics statements="25" coveredstatements="25" conditionals="0" coveredconditionals="0" methods="12" coveredmethods="4"/>
        <line num="1" count="3" type="stmt"/>
        <line num="2" count="3" type="stmt"/>
        <line num="3" count="3" type="stmt"/>
        <line num="10" count="3" type="stmt"/>
        <line num="11" count="3" type="stmt"/>
        <line num="13" count="3" type="stmt"/>
        <line num="14" count="3" type="stmt"/>
        <line num="15" count="3" type="stmt"/>
        <line num="22" count="3" type="stmt"/>
        <line num="24" count="3" type="stmt"/>
        <line num="27" count="3" type="stmt"/>
        <line num="28" count="29" type="stmt"/>
        <line num="34" count="3" type="stmt"/>
        <line num="39" count="9" type="stmt"/>
        <line num="40" count="3" type="stmt"/>
        <line num="41" count="3" type="stmt"/>
        <line num="42" count="3" type="stmt"/>
        <line num="43" count="3" type="stmt"/>
        <line num="45" count="3" type="stmt"/>
        <line num="46" count="16" type="stmt"/>
        <line num="47" count="3" type="stmt"/>
        <line num="48" count="3" type="stmt"/>
        <line num="51" count="3" type="stmt"/>
        <line num="52" count="3" type="stmt"/>
        <line num="53" count="5" type="stmt"/>
      </file>
      <file name="utils.ts" path="/Users/saadahmad/Projects/Arvo/event-handler/src/utils.ts">
        <metrics statements="36" coveredstatements="31" conditionals="48" coveredconditionals="26" methods="9" coveredmethods="9"/>
        <line num="1" count="3" type="stmt"/>
        <line num="2" count="3" type="stmt"/>
        <line num="19" count="3" type="stmt"/>
        <line num="20" count="115" type="cond" truecount="2" falsecount="0"/>
        <line num="31" count="3" type="stmt"/>
        <line num="32" count="24" type="cond" truecount="2" falsecount="0"/>
        <line num="43" count="192" type="stmt"/>
        <line num="44" count="96" type="stmt"/>
        <line num="45" count="91" type="cond" truecount="1" falsecount="0"/>
        <line num="46" count="26" type="stmt"/>
        <line num="49" count="22" type="stmt"/>
        <line num="69" count="3" type="stmt"/>
        <line num="70" count="24" type="stmt"/>
        <line num="85" count="3" type="stmt"/>
        <line num="96" count="17" type="stmt"/>
        <line num="97" count="24" type="stmt"/>
        <line num="98" count="24" type="stmt"/>
        <line num="115" count="23" type="stmt"/>
        <line num="116" count="276" type="stmt"/>
        <line num="117" count="276" type="cond" truecount="3" falsecount="1"/>
        <line num="119" count="23" type="stmt"/>
        <line num="123" count="3" type="stmt"/>
        <line num="135" count="5" type="stmt"/>
        <line num="136" count="5" type="cond" truecount="3" falsecount="1"/>
        <line num="141" count="5" type="cond" truecount="1" falsecount="0"/>
        <line num="142" count="5" type="stmt"/>
        <line num="145" count="0" type="stmt"/>
        <line num="162" count="0" type="stmt"/>
        <line num="163" count="0" type="stmt"/>
        <line num="164" count="0" type="cond" truecount="0" falsecount="4"/>
        <line num="166" count="0" type="stmt"/>
        <line num="182" count="3" type="stmt"/>
        <line num="183" count="19" type="stmt"/>
        <line num="184" count="19" type="stmt"/>
        <line num="187" count="3" type="stmt"/>
        <line num="192" count="30" type="stmt"/>
      </file>
    </package>
    <package name="src.AbstractArvoEventHandler">
      <metrics statements="2" coveredstatements="2" conditionals="0" coveredconditionals="0" methods="1" coveredmethods="1"/>
      <file name="index.ts" path="/Users/saadahmad/Projects/Arvo/event-handler/src/AbstractArvoEventHandler/index.ts">
        <metrics statements="2" coveredstatements="2" conditionals="0" coveredconditionals="0" methods="1" coveredmethods="1"/>
        <line num="14" count="3" type="stmt"/>
        <line num="97" count="3" type="stmt"/>
      </file>
    </package>
    <package name="src.ArvoEventHandler">
      <metrics statements="74" coveredstatements="74" conditionals="63" coveredconditionals="54" methods="9" coveredmethods="9"/>
      <file name="helpers.ts" path="/Users/saadahmad/Projects/Arvo/event-handler/src/ArvoEventHandler/helpers.ts">
        <metrics statements="3" coveredstatements="3" conditionals="0" coveredconditionals="0" methods="1" coveredmethods="1"/>
        <line num="2" count="3" type="stmt"/>
        <line num="23" count="3" type="stmt"/>
        <line num="25" count="26" type="stmt"/>
      </file>
      <file name="index.ts" path="/Users/saadahmad/Projects/Arvo/event-handler/src/ArvoEventHandler/index.ts">
        <metrics statements="71" coveredstatements="71" conditionals="63" coveredconditionals="54" methods="8" coveredmethods="8"/>
        <line num="1" count="3" type="stmt"/>
        <line num="2" count="3" type="stmt"/>
        <line num="19" count="3" type="stmt"/>
        <line num="20" count="3" type="stmt"/>
        <line num="22" count="3" type="stmt"/>
        <line num="67" count="3" type="stmt"/>
        <line num="81" count="3" type="stmt"/>
        <line num="82" count="63" type="stmt"/>
        <line num="96" count="26" type="cond" truecount="2" falsecount="0"/>
        <line num="97" count="26" type="stmt"/>
        <line num="98" count="26" type="stmt"/>
        <line num="99" count="26" type="stmt"/>
        <line num="101" count="28" type="stmt"/>
        <line num="102" count="28" type="cond" truecount="1" falsecount="0"/>
        <line num="103" count="1" type="stmt"/>
        <line num="109" count="25" type="stmt"/>
        <line num="154" count="3" type="stmt"/>
        <line num="156" count="45" type="cond" truecount="1" falsecount="0"/>
        <line num="162" count="26" type="stmt"/>
        <line num="168" count="26" type="cond" truecount="1" falsecount="0"/>
        <line num="170" count="26" type="stmt"/>
        <line num="171" count="26" type="stmt"/>
        <line num="173" count="26" type="stmt"/>
        <line num="174" count="312" type="stmt"/>
        <line num="175" count="312" type="stmt"/>
        <line num="178" count="26" type="cond" truecount="1" falsecount="0"/>
        <line num="179" count="1" type="stmt"/>
        <line num="184" count="25" type="stmt"/>
        <line num="188" count="25" type="stmt"/>
        <line num="191" count="25" type="cond" truecount="10" falsecount="1"/>
        <line num="192" count="1" type="stmt"/>
        <line num="197" count="24" type="cond" truecount="5" falsecount="0"/>
        <line num="198" count="7" type="stmt"/>
        <line num="204" count="24" type="stmt"/>
        <line num="205" count="24" type="stmt"/>
        <line num="206" count="24" type="cond" truecount="8" falsecount="0"/>
        <line num="208" count="1" type="stmt"/>
        <line num="213" count="23" type="stmt"/>
        <line num="218" count="23" type="stmt"/>
        <line num="219" count="23" type="cond" truecount="1" falsecount="0"/>
        <line num="220" count="3" type="stmt"/>
        <line num="223" count="20" type="stmt"/>
        <line num="228" count="20" type="stmt"/>
        <line num="233" count="20" type="stmt"/>
        <line num="239" count="16" type="cond" truecount="1" falsecount="0"/>
        <line num="240" count="1" type="stmt"/>
        <line num="244" count="15" type="stmt"/>
        <line num="247" count="15" type="cond" truecount="2" falsecount="0"/>
        <line num="248" count="6" type="stmt"/>
        <line num="250" count="9" type="stmt"/>
        <line num="253" count="15" type="stmt"/>
        <line num="254" count="15" type="stmt"/>
        <line num="261" count="21" type="stmt"/>
        <line num="262" count="21" type="stmt"/>
        <line num="264" count="1" type="stmt"/>
        <line num="269" count="14" type="stmt"/>
        <line num="274" count="14" type="stmt"/>
        <line num="279" count="14" type="stmt"/>
        <line num="283" count="11" type="stmt"/>
        <line num="284" count="11" type="stmt"/>
        <line num="289" count="11" type="cond" truecount="1" falsecount="0"/>
        <line num="290" count="9" type="stmt"/>
        <line num="293" count="2" type="stmt"/>
        <line num="294" count="2" type="stmt"/>
        <line num="310" count="24" type="stmt"/>
        <line num="311" count="24" type="stmt"/>
        <line num="313" count="2" type="stmt"/>
        <line num="317" count="26" type="stmt"/>
        <line num="331" count="3" type="stmt"/>
        <line num="332" count="1" type="stmt"/>
        <line num="334" count="3" type="stmt"/>
      </file>
    </package>
    <package name="src.ArvoEventRouter">
      <metrics statements="54" coveredstatements="52" conditionals="25" coveredconditionals="21" methods="10" coveredmethods="9"/>
      <file name="helpers.ts" path="/Users/saadahmad/Projects/Arvo/event-handler/src/ArvoEventRouter/helpers.ts">
        <metrics statements="2" coveredstatements="2" conditionals="0" coveredconditionals="0" methods="1" coveredmethods="1"/>
        <line num="1" count="3" type="stmt"/>
        <line num="20" count="13" type="stmt"/>
      </file>
      <file name="index.ts" path="/Users/saadahmad/Projects/Arvo/event-handler/src/ArvoEventRouter/index.ts">
        <metrics statements="49" coveredstatements="47" conditionals="25" coveredconditionals="21" methods="8" coveredmethods="7"/>
        <line num="1" count="3" type="stmt"/>
        <line num="2" count="3" type="stmt"/>
        <line num="15" count="3" type="stmt"/>
        <line num="17" count="3" type="stmt"/>
        <line num="19" count="3" type="stmt"/>
        <line num="21" count="3" type="stmt"/>
        <line num="44" count="3" type="stmt"/>
        <line num="49" count="13" type="stmt"/>
        <line num="71" count="13" type="cond" truecount="2" falsecount="0"/>
        <line num="73" count="13" type="cond" truecount="3" falsecount="0"/>
        <line num="74" count="1" type="stmt"/>
        <line num="79" count="12" type="stmt"/>
        <line num="80" count="12" type="stmt"/>
        <line num="82" count="24" type="stmt"/>
        <line num="83" count="24" type="cond" truecount="1" falsecount="0"/>
        <line num="84" count="1" type="stmt"/>
        <line num="85" count="1" type="stmt"/>
        <line num="90" count="23" type="stmt"/>
        <line num="93" count="11" type="stmt"/>
        <line num="120" count="3" type="stmt"/>
        <line num="122" count="16" type="cond" truecount="1" falsecount="0"/>
        <line num="128" count="9" type="cond" truecount="2" falsecount="0"/>
        <line num="145" count="9" type="stmt"/>
        <line num="146" count="9" type="stmt"/>
        <line num="147" count="9" type="stmt"/>
        <line num="149" count="9" type="stmt"/>
        <line num="150" count="108" type="stmt"/>
        <line num="151" count="108" type="stmt"/>
        <line num="154" count="9" type="stmt"/>
        <line num="159" count="9" type="cond" truecount="1" falsecount="0"/>
        <line num="160" count="1" type="stmt"/>
        <line num="166" count="8" type="cond" truecount="1" falsecount="0"/>
        <line num="167" count="1" type="stmt"/>
        <line num="170" count="7" type="stmt"/>
        <line num="175" count="7" type="stmt"/>
        <line num="179" count="5" type="stmt"/>
        <line num="181" count="9" type="stmt"/>
        <line num="204" count="5" type="stmt"/>
        <line num="209" count="5" type="stmt"/>
        <line num="210" count="108" type="stmt"/>
        <line num="211" count="108" type="stmt"/>
        <line num="215" count="5" type="stmt"/>
        <line num="217" count="4" type="stmt"/>
        <line num="224" count="0" type="stmt"/>
        <line num="226" count="0" type="stmt"/>
        <line num="228" count="9" type="stmt"/>
        <line num="238" count="3" type="stmt"/>
        <line num="239" count="4" type="stmt"/>
        <line num="244" count="3" type="stmt"/>
      </file>
      <file name="utils.ts" path="/Users/saadahmad/Projects/Arvo/event-handler/src/ArvoEventRouter/utils.ts">
        <metrics statements="3" coveredstatements="3" conditionals="0" coveredconditionals="0" methods="1" coveredmethods="1"/>
        <line num="1" count="3" type="stmt"/>
        <line num="22" count="3" type="stmt"/>
        <line num="23" count="9" type="stmt"/>
      </file>
    </package>
    <package name="src.MultiArvoEventHandler">
      <metrics statements="46" coveredstatements="44" conditionals="17" coveredconditionals="15" methods="9" coveredmethods="8"/>
      <file name="helpers.ts" path="/Users/saadahmad/Projects/Arvo/event-handler/src/MultiArvoEventHandler/helpers.ts">
        <metrics statements="3" coveredstatements="3" conditionals="0" coveredconditionals="0" methods="1" coveredmethods="1"/>
        <line num="1" count="3" type="stmt"/>
        <line num="49" count="3" type="stmt"/>
        <line num="50" count="6" type="stmt"/>
      </file>
      <file name="index.ts" path="/Users/saadahmad/Projects/Arvo/event-handler/src/MultiArvoEventHandler/index.ts">
        <metrics statements="43" coveredstatements="41" conditionals="17" coveredconditionals="15" methods="8" coveredmethods="7"/>
        <line num="1" count="3" type="stmt"/>
        <line num="2" count="3" type="stmt"/>
        <line num="14" count="3" type="stmt"/>
        <line num="15" count="3" type="stmt"/>
        <line num="17" count="3" type="stmt"/>
        <line num="42" count="3" type="stmt"/>
        <line num="61" count="6" type="cond" truecount="2" falsecount="0"/>
        <line num="62" count="6" type="stmt"/>
        <line num="63" count="6" type="stmt"/>
        <line num="64" count="6" type="cond" truecount="1" falsecount="0"/>
        <line num="65" count="1" type="stmt"/>
        <line num="69" count="5" type="stmt"/>
        <line num="70" count="5" type="stmt"/>
        <line num="93" count="3" type="stmt"/>
        <line num="95" count="8" type="cond" truecount="1" falsecount="0"/>
        <line num="101" count="4" type="stmt"/>
        <line num="107" count="4" type="cond" truecount="1" falsecount="0"/>
        <line num="109" count="4" type="stmt"/>
        <line num="110" count="4" type="stmt"/>
        <line num="112" count="4" type="stmt"/>
        <line num="113" count="48" type="stmt"/>
        <line num="114" count="48" type="stmt"/>
        <line num="117" count="4" type="stmt"/>
        <line num="122" count="4" type="cond" truecount="1" falsecount="0"/>
        <line num="123" count="1" type="stmt"/>
        <line num="126" count="3" type="stmt"/>
        <line num="132" count="3" type="cond" truecount="1" falsecount="0"/>
        <line num="133" count="1" type="stmt"/>
        <line num="136" count="2" type="stmt"/>
        <line num="137" count="2" type="cond" truecount="2" falsecount="0"/>
        <line num="138" count="1" type="stmt"/>
        <line num="140" count="1" type="stmt"/>
        <line num="143" count="2" type="stmt"/>
        <line num="149" count="3" type="stmt"/>
        <line num="151" count="2" type="stmt"/>
        <line num="155" count="2" type="stmt"/>
        <line num="157" count="1" type="stmt"/>
        <line num="164" count="0" type="stmt"/>
        <line num="166" count="0" type="stmt"/>
        <line num="168" count="4" type="stmt"/>
        <line num="178" count="3" type="stmt"/>
        <line num="179" count="1" type="stmt"/>
        <line num="184" count="3" type="stmt"/>
      </file>
    </package>
  </project>
</coverage>
