{"/Users/saadahmad/Documents/Projects/arvo-event-handler/src/ArvoDomain.ts": {"path":"/Users/saadahmad/Documents/Projects/arvo-event-handler/src/ArvoDomain.ts","statementMap":{"0":{"start":{"line":9,"column":13},"end":{"line":37,"column":11}},"1":{"start":{"line":56,"column":34},"end":{"line":81,"column":1}},"2":{"start":{"line":62,"column":27},"end":{"line":62,"column":52}},"3":{"start":{"line":64,"column":2},"end":{"line":78,"column":3}},"4":{"start":{"line":65,"column":28},"end":{"line":65,"column":86}},"5":{"start":{"line":67,"column":4},"end":{"line":69,"column":5}},"6":{"start":{"line":68,"column":6},"end":{"line":68,"column":49}},"7":{"start":{"line":71,"column":4},"end":{"line":73,"column":5}},"8":{"start":{"line":72,"column":6},"end":{"line":72,"column":46}},"9":{"start":{"line":75,"column":4},"end":{"line":77,"column":5}},"10":{"start":{"line":76,"column":6},"end":{"line":76,"column":42}},"11":{"start":{"line":80,"column":2},"end":{"line":80,"column":31}},"12":{"start":{"line":56,"column":13},"end":{"line":56,"column":34}}},"fnMap":{"0":{"name":"(anonymous_0)","decl":{"start":{"line":56,"column":34},"end":{"line":56,"column":35}},"loc":{"start":{"line":61,"column":1},"end":{"line":81,"column":1}}}},"branchMap":{"0":{"loc":{"start":{"line":64,"column":2},"end":{"line":78,"column":3}},"type":"if","locations":[{"start":{"line":64,"column":2},"end":{"line":78,"column":3}}]},"1":{"loc":{"start":{"line":64,"column":6},"end":{"line":64,"column":116}},"type":"binary-expr","locations":[{"start":{"line":64,"column":6},"end":{"line":64,"column":27}},{"start":{"line":64,"column":31},"end":{"line":64,"column":116}}]},"2":{"loc":{"start":{"line":67,"column":4},"end":{"line":69,"column":5}},"type":"if","locations":[{"start":{"line":67,"column":4},"end":{"line":69,"column":5}}]},"3":{"loc":{"start":{"line":68,"column":13},"end":{"line":68,"column":48}},"type":"cond-expr","locations":[{"start":{"line":68,"column":40},"end":{"line":68,"column":44}},{"start":{"line":68,"column":44},"end":{"line":68,"column":48}}]},"4":{"loc":{"start":{"line":68,"column":13},"end":{"line":68,"column":44}},"type":"binary-expr","locations":[{"start":{"line":68,"column":13},"end":{"line":68,"column":44}},{"start":{"line":68,"column":40},"end":{"line":68,"column":44}}]},"5":{"loc":{"start":{"line":68,"column":13},"end":{"line":68,"column":40}},"type":"cond-expr","locations":[{"start":{"line":68,"column":32},"end":{"line":68,"column":34}},{"start":{"line":68,"column":32},"end":{"line":68,"column":40}}]},"6":{"loc":{"start":{"line":68,"column":13},"end":{"line":68,"column":34}},"type":"binary-expr","locations":[{"start":{"line":68,"column":13},"end":{"line":68,"column":34}},{"start":{"line":68,"column":32},"end":{"line":68,"column":34}}]},"7":{"loc":{"start":{"line":71,"column":4},"end":{"line":73,"column":5}},"type":"if","locations":[{"start":{"line":71,"column":4},"end":{"line":73,"column":5}}]},"8":{"loc":{"start":{"line":75,"column":4},"end":{"line":77,"column":5}},"type":"if","locations":[{"start":{"line":75,"column":4},"end":{"line":77,"column":5}}]}},"s":{"0":8,"1":8,"2":124,"3":124,"4":6,"5":6,"6":1,"7":5,"8":3,"9":2,"10":2,"11":118,"12":8},"f":{"0":124},"b":{"0":[6],"1":[124,25],"2":[1],"3":[1,0],"4":[1,1],"5":[0,1],"6":[1,1],"7":[3],"8":[2]}}
,"/Users/saadahmad/Documents/Projects/arvo-event-handler/src/errors.ts": {"path":"/Users/saadahmad/Documents/Projects/arvo-event-handler/src/errors.ts","statementMap":{"0":{"start":{"line":1,"column":0},"end":{"line":1,"column":43}},"1":{"start":{"line":13,"column":0},"end":{"line":13,"column":65}},"2":{"start":{"line":13,"column":39},"end":{"line":13,"column":53}},"3":{"start":{"line":15,"column":4},"end":{"line":19,"column":7}},"4":{"start":{"line":21,"column":0},"end":{"line":21,"column":null}},"5":{"start":{"line":13,"column":13},"end":{"line":13,"column":30}},"6":{"start":{"line":33,"column":0},"end":{"line":33,"column":61}},"7":{"start":{"line":33,"column":37},"end":{"line":33,"column":51}},"8":{"start":{"line":35,"column":4},"end":{"line":39,"column":7}},"9":{"start":{"line":41,"column":0},"end":{"line":41,"column":null}},"10":{"start":{"line":33,"column":13},"end":{"line":33,"column":28}},"11":{"start":{"line":52,"column":0},"end":{"line":52,"column":67}},"12":{"start":{"line":52,"column":40},"end":{"line":52,"column":54}},"13":{"start":{"line":54,"column":4},"end":{"line":58,"column":7}},"14":{"start":{"line":60,"column":0},"end":{"line":60,"column":null}},"15":{"start":{"line":52,"column":13},"end":{"line":52,"column":31}}},"fnMap":{"0":{"name":"(anonymous_6)","decl":{"start":{"line":13,"column":0},"end":{"line":13,"column":13}},"loc":{"start":{"line":13,"column":0},"end":{"line":21,"column":null}}},"1":{"name":"ContractViolation","decl":{"start":{"line":14,"column":2},"end":{"line":14,"column":14}},"loc":{"start":{"line":14,"column":61},"end":{"line":20,"column":3}}},"2":{"name":"(anonymous_8)","decl":{"start":{"line":33,"column":0},"end":{"line":33,"column":13}},"loc":{"start":{"line":33,"column":0},"end":{"line":41,"column":null}}},"3":{"name":"ConfigViolation","decl":{"start":{"line":34,"column":2},"end":{"line":34,"column":14}},"loc":{"start":{"line":34,"column":61},"end":{"line":40,"column":3}}},"4":{"name":"(anonymous_10)","decl":{"start":{"line":52,"column":0},"end":{"line":52,"column":13}},"loc":{"start":{"line":52,"column":0},"end":{"line":60,"column":null}}},"5":{"name":"ExecutionViolation","decl":{"start":{"line":53,"column":2},"end":{"line":53,"column":14}},"loc":{"start":{"line":53,"column":61},"end":{"line":59,"column":3}}}},"branchMap":{"0":{"loc":{"start":{"line":15,"column":4},"end":{"line":19,"column":7}},"type":"binary-expr","locations":[{"start":{"line":15,"column":4},"end":{"line":19,"column":6}},{"start":{"line":19,"column":6},"end":{"line":19,"column":7}}]},"1":{"loc":{"start":{"line":35,"column":4},"end":{"line":39,"column":7}},"type":"binary-expr","locations":[{"start":{"line":35,"column":4},"end":{"line":39,"column":6}},{"start":{"line":39,"column":6},"end":{"line":39,"column":7}}]},"2":{"loc":{"start":{"line":54,"column":4},"end":{"line":58,"column":7}},"type":"binary-expr","locations":[{"start":{"line":54,"column":4},"end":{"line":58,"column":6}},{"start":{"line":58,"column":6},"end":{"line":58,"column":7}}]}},"s":{"0":8,"1":8,"2":8,"3":5,"4":8,"5":8,"6":8,"7":8,"8":17,"9":8,"10":8,"11":8,"12":8,"13":4,"14":8,"15":8},"f":{"0":8,"1":5,"2":8,"3":17,"4":8,"5":4},"b":{"0":[5,0],"1":[17,0],"2":[4,0]}}
,"/Users/saadahmad/Documents/Projects/arvo-event-handler/src/index.ts": {"path":"/Users/saadahmad/Documents/Projects/arvo-event-handler/src/index.ts","statementMap":{"0":{"start":{"line":1,"column":0},"end":{"line":1,"column":38}},"1":{"start":{"line":2,"column":0},"end":{"line":2,"column":9}},"2":{"start":{"line":93,"column":2},"end":{"line":2,"column":21}},"3":{"start":{"line":94,"column":2},"end":{"line":2,"column":62}},"4":{"start":{"line":3,"column":0},"end":{"line":3,"column":7}},"5":{"start":{"line":51,"column":2},"end":{"line":3,"column":50}},"6":{"start":{"line":4,"column":0},"end":{"line":4,"column":9}},"7":{"start":{"line":52,"column":2},"end":{"line":4,"column":68}},"8":{"start":{"line":10,"column":0},"end":{"line":10,"column":7}},"9":{"start":{"line":67,"column":2},"end":{"line":10,"column":40}},"10":{"start":{"line":11,"column":0},"end":{"line":11,"column":9}},"11":{"start":{"line":68,"column":2},"end":{"line":11,"column":63}},"12":{"start":{"line":13,"column":0},"end":{"line":13,"column":null}},"13":{"start":{"line":81,"column":2},"end":{"line":14,"column":null}},"14":{"start":{"line":82,"column":2},"end":{"line":15,"column":null}},"15":{"start":{"line":95,"column":2},"end":{"line":16,"column":null}},"16":{"start":{"line":18,"column":0},"end":{"line":18,"column":9}},"17":{"start":{"line":96,"column":2},"end":{"line":18,"column":100}},"18":{"start":{"line":19,"column":0},"end":{"line":19,"column":9}},"19":{"start":{"line":83,"column":2},"end":{"line":19,"column":54}},"20":{"start":{"line":20,"column":0},"end":{"line":20,"column":9}},"21":{"start":{"line":84,"column":2},"end":{"line":20,"column":68}},"22":{"start":{"line":22,"column":0},"end":{"line":22,"column":9}},"23":{"start":{"line":89,"column":2},"end":{"line":22,"column":48}},"24":{"start":{"line":23,"column":0},"end":{"line":23,"column":9}},"25":{"start":{"line":90,"column":2},"end":{"line":23,"column":62}},"26":{"start":{"line":26,"column":0},"end":{"line":26,"column":9}},"27":{"start":{"line":73,"column":2},"end":{"line":26,"column":66}},"28":{"start":{"line":29,"column":0},"end":{"line":29,"column":9}},"29":{"start":{"line":78,"column":2},"end":{"line":29,"column":61}},"30":{"start":{"line":30,"column":0},"end":{"line":30,"column":9}},"31":{"start":{"line":87,"column":2},"end":{"line":30,"column":81}},"32":{"start":{"line":32,"column":0},"end":{"line":32,"column":9}},"33":{"start":{"line":72,"column":2},"end":{"line":32,"column":52}},"34":{"start":{"line":34,"column":0},"end":{"line":34,"column":9}},"35":{"start":{"line":65,"column":2},"end":{"line":34,"column":26}},"36":{"start":{"line":64,"column":2},"end":{"line":34,"column":45}},"37":{"start":{"line":66,"column":2},"end":{"line":34,"column":82}},"38":{"start":{"line":41,"column":0},"end":{"line":41,"column":9}},"39":{"start":{"line":60,"column":2},"end":{"line":41,"column":19}},"40":{"start":{"line":61,"column":2},"end":{"line":41,"column":38}},"41":{"start":{"line":59,"column":2},"end":{"line":41,"column":57}},"42":{"start":{"line":58,"column":2},"end":{"line":41,"column":92}},"43":{"start":{"line":42,"column":0},"end":{"line":42,"column":9}},"44":{"start":{"line":85,"column":2},"end":{"line":42,"column":62}},"45":{"start":{"line":43,"column":0},"end":{"line":43,"column":9}},"46":{"start":{"line":86,"column":2},"end":{"line":43,"column":75}},"47":{"start":{"line":45,"column":15},"end":{"line":48,"column":2}},"48":{"start":{"line":88,"column":2},"end":{"line":88,"column":8}}},"fnMap":{"0":{"name":"(anonymous_1)","decl":{"start":{"line":93,"column":2},"end":{"line":93,"column":12}},"loc":{"start":{"line":93,"column":2},"end":{"line":2,"column":21}}},"1":{"name":"(anonymous_2)","decl":{"start":{"line":94,"column":2},"end":{"line":94,"column":20}},"loc":{"start":{"line":94,"column":2},"end":{"line":2,"column":62}}},"2":{"name":"(anonymous_3)","decl":{"start":{"line":52,"column":2},"end":{"line":52,"column":24}},"loc":{"start":{"line":52,"column":2},"end":{"line":4,"column":68}}},"3":{"name":"(anonymous_4)","decl":{"start":{"line":68,"column":2},"end":{"line":68,"column":18}},"loc":{"start":{"line":68,"column":2},"end":{"line":11,"column":63}}},"4":{"name":"(anonymous_5)","decl":{"start":{"line":81,"column":2},"end":{"line":81,"column":22}},"loc":{"start":{"line":81,"column":2},"end":{"line":14,"column":null}}},"5":{"name":"(anonymous_6)","decl":{"start":{"line":82,"column":2},"end":{"line":82,"column":27}},"loc":{"start":{"line":82,"column":2},"end":{"line":15,"column":null}}},"6":{"name":"(anonymous_7)","decl":{"start":{"line":95,"column":2},"end":{"line":95,"column":29}},"loc":{"start":{"line":95,"column":2},"end":{"line":16,"column":null}}},"7":{"name":"(anonymous_8)","decl":{"start":{"line":96,"column":2},"end":{"line":96,"column":30}},"loc":{"start":{"line":96,"column":2},"end":{"line":18,"column":100}}},"8":{"name":"(anonymous_9)","decl":{"start":{"line":83,"column":2},"end":{"line":83,"column":18}},"loc":{"start":{"line":83,"column":2},"end":{"line":19,"column":54}}},"9":{"name":"(anonymous_10)","decl":{"start":{"line":84,"column":2},"end":{"line":84,"column":24}},"loc":{"start":{"line":84,"column":2},"end":{"line":20,"column":68}}},"10":{"name":"(anonymous_11)","decl":{"start":{"line":89,"column":2},"end":{"line":89,"column":15}},"loc":{"start":{"line":89,"column":2},"end":{"line":22,"column":48}}},"11":{"name":"(anonymous_12)","decl":{"start":{"line":90,"column":2},"end":{"line":90,"column":21}},"loc":{"start":{"line":90,"column":2},"end":{"line":23,"column":62}}},"12":{"name":"(anonymous_13)","decl":{"start":{"line":73,"column":2},"end":{"line":73,"column":24}},"loc":{"start":{"line":73,"column":2},"end":{"line":26,"column":66}}},"13":{"name":"(anonymous_14)","decl":{"start":{"line":78,"column":2},"end":{"line":78,"column":21}},"loc":{"start":{"line":78,"column":2},"end":{"line":29,"column":61}}},"14":{"name":"(anonymous_15)","decl":{"start":{"line":87,"column":2},"end":{"line":87,"column":31}},"loc":{"start":{"line":87,"column":2},"end":{"line":30,"column":81}}},"15":{"name":"(anonymous_16)","decl":{"start":{"line":72,"column":2},"end":{"line":72,"column":17}},"loc":{"start":{"line":72,"column":2},"end":{"line":32,"column":52}}},"16":{"name":"(anonymous_17)","decl":{"start":{"line":65,"column":2},"end":{"line":65,"column":17}},"loc":{"start":{"line":65,"column":2},"end":{"line":34,"column":26}}},"17":{"name":"(anonymous_18)","decl":{"start":{"line":64,"column":2},"end":{"line":64,"column":19}},"loc":{"start":{"line":64,"column":2},"end":{"line":34,"column":45}}},"18":{"name":"(anonymous_19)","decl":{"start":{"line":66,"column":2},"end":{"line":66,"column":20}},"loc":{"start":{"line":66,"column":2},"end":{"line":34,"column":82}}},"19":{"name":"(anonymous_20)","decl":{"start":{"line":60,"column":2},"end":{"line":60,"column":10}},"loc":{"start":{"line":60,"column":2},"end":{"line":41,"column":19}}},"20":{"name":"(anonymous_21)","decl":{"start":{"line":61,"column":2},"end":{"line":61,"column":19}},"loc":{"start":{"line":61,"column":2},"end":{"line":41,"column":38}}},"21":{"name":"(anonymous_22)","decl":{"start":{"line":59,"column":2},"end":{"line":59,"column":19}},"loc":{"start":{"line":59,"column":2},"end":{"line":41,"column":57}}},"22":{"name":"(anonymous_23)","decl":{"start":{"line":58,"column":2},"end":{"line":58,"column":19}},"loc":{"start":{"line":58,"column":2},"end":{"line":41,"column":92}}},"23":{"name":"(anonymous_24)","decl":{"start":{"line":85,"column":2},"end":{"line":85,"column":19}},"loc":{"start":{"line":85,"column":2},"end":{"line":42,"column":62}}},"24":{"name":"(anonymous_25)","decl":{"start":{"line":86,"column":2},"end":{"line":86,"column":25}},"loc":{"start":{"line":86,"column":2},"end":{"line":43,"column":75}}}},"branchMap":{},"s":{"0":8,"1":8,"2":14,"3":8,"4":8,"5":8,"6":8,"7":48,"8":8,"9":8,"10":8,"11":27,"12":8,"13":8,"14":8,"15":8,"16":8,"17":8,"18":8,"19":8,"20":8,"21":18,"22":8,"23":8,"24":8,"25":10,"26":8,"27":9,"28":8,"29":30,"30":8,"31":25,"32":8,"33":11,"34":8,"35":8,"36":8,"37":10,"38":8,"39":8,"40":8,"41":8,"42":8,"43":8,"44":8,"45":8,"46":14,"47":8,"48":8},"f":{"0":6,"1":0,"2":40,"3":19,"4":0,"5":0,"6":0,"7":0,"8":0,"9":10,"10":0,"11":2,"12":1,"13":22,"14":17,"15":3,"16":0,"17":0,"18":2,"19":0,"20":0,"21":0,"22":0,"23":0,"24":6},"b":{}}
,"/Users/saadahmad/Documents/Projects/arvo-event-handler/src/ArvoEventHandler/helpers.ts": {"path":"/Users/saadahmad/Documents/Projects/arvo-event-handler/src/ArvoEventHandler/helpers.ts","statementMap":{"0":{"start":{"line":2,"column":0},"end":{"line":2,"column":33}},"1":{"start":{"line":46,"column":38},"end":{"line":48,"column":38}},"2":{"start":{"line":48,"column":34},"end":{"line":48,"column":73}},"3":{"start":{"line":46,"column":13},"end":{"line":46,"column":38}}},"fnMap":{"0":{"name":"(anonymous_1)","decl":{"start":{"line":46,"column":38},"end":{"line":46,"column":null}},"loc":{"start":{"line":47,"column":41},"end":{"line":48,"column":38}}}},"branchMap":{},"s":{"0":8,"1":8,"2":40,"3":8},"f":{"0":40},"b":{}}
,"/Users/saadahmad/Documents/Projects/arvo-event-handler/src/ArvoEventHandler/index.ts": {"path":"/Users/saadahmad/Documents/Projects/arvo-event-handler/src/ArvoEventHandler/index.ts","statementMap":{"0":{"start":{"line":1,"column":0},"end":{"line":1,"column":62}},"1":{"start":{"line":2,"column":0},"end":{"line":2,"column":null}},"2":{"start":{"line":19,"column":0},"end":{"line":19,"column":51}},"3":{"start":{"line":20,"column":0},"end":{"line":20,"column":82}},"4":{"start":{"line":21,"column":0},"end":{"line":21,"column":98}},"5":{"start":{"line":23,"column":0},"end":{"line":23,"column":63}},"6":{"start":{"line":25,"column":0},"end":{"line":25,"column":90}},"7":{"start":{"line":32,"column":0},"end":{"line":32,"column":null}},"8":{"start":{"line":51,"column":11},"end":{"line":51,"column":61}},"9":{"start":{"line":59,"column":4},"end":{"line":59,"column":35}},"10":{"start":{"line":60,"column":4},"end":{"line":60,"column":47}},"11":{"start":{"line":61,"column":4},"end":{"line":61,"column":33}},"12":{"start":{"line":62,"column":4},"end":{"line":62,"column":53}},"13":{"start":{"line":64,"column":4},"end":{"line":70,"column":5}},"14":{"start":{"line":64,"column":35},"end":{"line":64,"column":41}},"15":{"start":{"line":64,"column":35},"end":{"line":64,"column":70}},"16":{"start":{"line":64,"column":31},"end":{"line":64,"column":35}},"17":{"start":{"line":65,"column":6},"end":{"line":69,"column":7}},"18":{"start":{"line":66,"column":8},"end":{"line":68,"column":10}},"19":{"start":{"line":72,"column":4},"end":{"line":82,"column":6}},"20":{"start":{"line":46,"column":2},"end":{"line":48,"column":null}},"21":{"start":{"line":47,"column":4},"end":{"line":47,"column":30}},"22":{"start":{"line":54,"column":2},"end":{"line":56,"column":null}},"23":{"start":{"line":55,"column":4},"end":{"line":55,"column":32}},"24":{"start":{"line":97,"column":8},"end":{"line":287,"column":null}},"25":{"start":{"line":103,"column":10},"end":{"line":109,"column":6}},"26":{"start":{"line":110,"column":11},"end":{"line":286,"column":7}},"27":{"start":{"line":112,"column":21},"end":{"line":285,"column":null}},"28":{"start":{"line":113,"column":14},"end":{"line":113,"column":62}},"29":{"start":{"line":115,"column":10},"end":{"line":115,"column":71}},"30":{"start":{"line":116,"column":10},"end":{"line":116,"column":70}},"31":{"start":{"line":117,"column":10},"end":{"line":117,"column":54}},"32":{"start":{"line":118,"column":10},"end":{"line":120,"column":11}},"33":{"start":{"line":118,"column":21},"end":{"line":118,"column":33}},"34":{"start":{"line":119,"column":12},"end":{"line":119,"column":60}},"35":{"start":{"line":122,"column":10},"end":{"line":126,"column":11}},"36":{"start":{"line":123,"column":12},"end":{"line":125,"column":14}},"37":{"start":{"line":128,"column":10},"end":{"line":131,"column":13}},"38":{"start":{"line":132,"column":16},"end":{"line":132,"column":68}},"39":{"start":{"line":135,"column":10},"end":{"line":139,"column":11}},"40":{"start":{"line":136,"column":12},"end":{"line":138,"column":14}},"41":{"start":{"line":141,"column":10},"end":{"line":146,"column":11}},"42":{"start":{"line":142,"column":12},"end":{"line":145,"column":15}},"43":{"start":{"line":149,"column":10},"end":{"line":155,"column":11}},"44":{"start":{"line":150,"column":12},"end":{"line":150,"column":91}},"45":{"start":{"line":152,"column":12},"end":{"line":154,"column":14}},"46":{"start":{"line":157,"column":10},"end":{"line":160,"column":13}},"47":{"start":{"line":162,"column":16},"end":{"line":162,"column":92}},"48":{"start":{"line":163,"column":10},"end":{"line":165,"column":11}},"49":{"start":{"line":164,"column":12},"end":{"line":164,"column":112}},"50":{"start":{"line":167,"column":10},"end":{"line":170,"column":13}},"51":{"start":{"line":172,"column":10},"end":{"line":175,"column":13}},"52":{"start":{"line":177,"column":32},"end":{"line":187,"column":null}},"53":{"start":{"line":177,"column":16},"end":{"line":187,"column":null}},"54":{"start":{"line":189,"column":10},"end":{"line":192,"column":14}},"55":{"start":{"line":190,"column":12},"end":{"line":192,"column":14}},"56":{"start":{"line":194,"column":14},"end":{"line":196,"column":19}},"57":{"start":{"line":197,"column":10},"end":{"line":201,"column":11}},"58":{"start":{"line":198,"column":12},"end":{"line":198,"column":36}},"59":{"start":{"line":200,"column":12},"end":{"line":200,"column":38}},"60":{"start":{"line":203,"column":16},"end":{"line":203,"column":41}},"61":{"start":{"line":204,"column":10},"end":{"line":242,"column":11}},"62":{"start":{"line":204,"column":21},"end":{"line":204,"column":29}},"63":{"start":{"line":205,"column":12},"end":{"line":241,"column":13}},"64":{"start":{"line":206,"column":22},"end":{"line":206,"column":54}},"65":{"start":{"line":207,"column":20},"end":{"line":214,"column":26}},"66":{"start":{"line":208,"column":16},"end":{"line":213,"column":null}},"67":{"start":{"line":215,"column":14},"end":{"line":238,"column":15}},"68":{"start":{"line":215,"column":25},"end":{"line":215,"column":33}},"69":{"start":{"line":216,"column":16},"end":{"line":234,"column":18}},"70":{"start":{"line":235,"column":16},"end":{"line":237,"column":17}},"71":{"start":{"line":235,"column":27},"end":{"line":235,"column":39}},"72":{"start":{"line":236,"column":18},"end":{"line":236,"column":85}},"73":{"start":{"line":240,"column":14},"end":{"line":240,"column":83}},"74":{"start":{"line":243,"column":10},"end":{"line":243,"column":67}},"75":{"start":{"line":245,"column":10},"end":{"line":245,"column":72}},"76":{"start":{"line":246,"column":10},"end":{"line":246,"column":42}},"77":{"start":{"line":247,"column":10},"end":{"line":250,"column":13}},"78":{"start":{"line":252,"column":10},"end":{"line":254,"column":11}},"79":{"start":{"line":253,"column":12},"end":{"line":253,"column":24}},"80":{"start":{"line":256,"column":16},"end":{"line":268,"column":13}},"81":{"start":{"line":270,"column":10},"end":{"line":274,"column":11}},"82":{"start":{"line":270,"column":21},"end":{"line":270,"column":40}},"83":{"start":{"line":271,"column":12},"end":{"line":273,"column":13}},"84":{"start":{"line":271,"column":23},"end":{"line":271,"column":35}},"85":{"start":{"line":272,"column":14},"end":{"line":272,"column":73}},"86":{"start":{"line":276,"column":10},"end":{"line":281,"column":12}},"87":{"start":{"line":283,"column":10},"end":{"line":283,"column":21}},"88":{"start":{"line":110,"column":4},"end":{"line":286,"column":7}},"89":{"start":{"line":292,"column":2},"end":{"line":297,"column":null}},"90":{"start":{"line":293,"column":4},"end":{"line":295,"column":null}},"91":{"start":{"line":298,"column":0},"end":{"line":298,"column":null}}},"fnMap":{"0":{"name":"(anonymous_16)","decl":{"start":{"line":32,"column":0},"end":{"line":32,"column":null}},"loc":{"start":{"line":32,"column":0},"end":{"line":298,"column":null}}},"1":{"name":"ArvoEventHandler","decl":{"start":{"line":58,"column":2},"end":{"line":58,"column":14}},"loc":{"start":{"line":58,"column":53},"end":{"line":83,"column":3}}},"2":{"name":"(anonymous_18)","decl":{"start":{"line":46,"column":2},"end":{"line":46,"column":6}},"loc":{"start":{"line":46,"column":2},"end":{"line":48,"column":3}}},"3":{"name":"(anonymous_19)","decl":{"start":{"line":54,"column":2},"end":{"line":54,"column":6}},"loc":{"start":{"line":54,"column":2},"end":{"line":56,"column":3}}},"4":{"name":"(anonymous_20)","decl":{"start":{"line":97,"column":2},"end":{"line":97,"column":8}},"loc":{"start":{"line":99,"column":56},"end":{"line":287,"column":null}}},"5":{"name":"(anonymous_23)","decl":{"start":{"line":112,"column":10},"end":{"line":112,"column":17}},"loc":{"start":{"line":112,"column":21},"end":{"line":285,"column":null}}},"6":{"name":"(anonymous_24)","decl":{"start":{"line":112,"column":21},"end":{"line":112,"column":null}},"loc":{"start":{"line":112,"column":21},"end":{"line":285,"column":null}}},"7":{"name":"(anonymous_26)","decl":{"start":{"line":207,"column":56},"end":{"line":207,"column":57}},"loc":{"start":{"line":207,"column":61},"end":{"line":208,"column":34}}},"8":{"name":"(anonymous_27)","decl":{"start":{"line":292,"column":2},"end":{"line":292,"column":6}},"loc":{"start":{"line":292,"column":2},"end":{"line":297,"column":3}}}},"branchMap":{"0":{"loc":{"start":{"line":65,"column":6},"end":{"line":69,"column":7}},"type":"if","locations":[{"start":{"line":65,"column":6},"end":{"line":69,"column":7}}]},"1":{"loc":{"start":{"line":78,"column":12},"end":{"line":78,"column":47}},"type":"cond-expr","locations":[{"start":{"line":78,"column":41},"end":{"line":78,"column":45}},{"start":{"line":78,"column":45},"end":{"line":78,"column":47}}]},"2":{"loc":{"start":{"line":78,"column":12},"end":{"line":78,"column":45}},"type":"binary-expr","locations":[{"start":{"line":78,"column":12},"end":{"line":78,"column":45}},{"start":{"line":78,"column":41},"end":{"line":78,"column":45}}]},"3":{"loc":{"start":{"line":78,"column":12},"end":{"line":78,"column":41}},"type":"cond-expr","locations":[{"start":{"line":78,"column":29},"end":{"line":78,"column":31}},{"start":{"line":78,"column":29},"end":{"line":78,"column":41}}]},"4":{"loc":{"start":{"line":78,"column":12},"end":{"line":78,"column":31}},"type":"binary-expr","locations":[{"start":{"line":78,"column":12},"end":{"line":78,"column":31}},{"start":{"line":78,"column":29},"end":{"line":78,"column":31}}]},"5":{"loc":{"start":{"line":110,"column":4},"end":{"line":286,"column":7}},"type":"switch","locations":[{"start":{"line":110,"column":4},"end":{"line":286,"column":7}}]},"6":{"loc":{"start":{"line":104,"column":6},"end":{"line":105,"column":39}},"type":"binary-expr","locations":[{"start":{"line":104,"column":6},"end":{"line":104,"column":95}},{"start":{"line":105,"column":8},"end":{"line":105,"column":39}}]},"7":{"loc":{"start":{"line":104,"column":6},"end":{"line":104,"column":95}},"type":"cond-expr","locations":[{"start":{"line":104,"column":31},"end":{"line":104,"column":34}},{"start":{"line":104,"column":31},"end":{"line":104,"column":95}}]},"8":{"loc":{"start":{"line":104,"column":6},"end":{"line":104,"column":34}},"type":"binary-expr","locations":[{"start":{"line":104,"column":6},"end":{"line":104,"column":34}},{"start":{"line":104,"column":31},"end":{"line":104,"column":34}}]},"9":{"loc":{"start":{"line":107,"column":6},"end":{"line":107,"column":47}},"type":"cond-expr","locations":[{"start":{"line":107,"column":6},"end":{"line":107,"column":19}},{"start":{"line":107,"column":23},"end":{"line":107,"column":47}}]},"10":{"loc":{"start":{"line":107,"column":6},"end":{"line":107,"column":23}},"type":"binary-expr","locations":[{"start":{"line":107,"column":6},"end":{"line":107,"column":23}},{"start":{"line":107,"column":6},"end":{"line":107,"column":23}}]},"11":{"loc":{"start":{"line":122,"column":10},"end":{"line":126,"column":11}},"type":"if","locations":[{"start":{"line":122,"column":10},"end":{"line":126,"column":11}}]},"12":{"loc":{"start":{"line":135,"column":10},"end":{"line":139,"column":11}},"type":"if","locations":[{"start":{"line":135,"column":10},"end":{"line":139,"column":11}}]},"13":{"loc":{"start":{"line":135,"column":14},"end":{"line":135,"column":82}},"type":"binary-expr","locations":[{"start":{"line":135,"column":14},"end":{"line":135,"column":35}},{"start":{"line":135,"column":39},"end":{"line":135,"column":82}}]},"14":{"loc":{"start":{"line":135,"column":14},"end":{"line":135,"column":35}},"type":"cond-expr","locations":[{"start":{"line":135,"column":30},"end":{"line":135,"column":32}},{"start":{"line":135,"column":14},"end":{"line":135,"column":35}}]},"15":{"loc":{"start":{"line":135,"column":14},"end":{"line":135,"column":32}},"type":"binary-expr","locations":[{"start":{"line":135,"column":14},"end":{"line":135,"column":32}},{"start":{"line":135,"column":14},"end":{"line":135,"column":32}}]},"16":{"loc":{"start":{"line":135,"column":39},"end":{"line":135,"column":60}},"type":"cond-expr","locations":[{"start":{"line":135,"column":55},"end":{"line":135,"column":57}},{"start":{"line":135,"column":39},"end":{"line":135,"column":60}}]},"17":{"loc":{"start":{"line":135,"column":39},"end":{"line":135,"column":57}},"type":"binary-expr","locations":[{"start":{"line":135,"column":39},"end":{"line":135,"column":57}},{"start":{"line":135,"column":39},"end":{"line":135,"column":57}}]},"18":{"loc":{"start":{"line":141,"column":10},"end":{"line":146,"column":11}},"type":"if","locations":[{"start":{"line":141,"column":10},"end":{"line":146,"column":11}}]},"19":{"loc":{"start":{"line":141,"column":15},"end":{"line":141,"column":40}},"type":"cond-expr","locations":[{"start":{"line":141,"column":31},"end":{"line":141,"column":33}},{"start":{"line":141,"column":15},"end":{"line":141,"column":40}}]},"20":{"loc":{"start":{"line":141,"column":15},"end":{"line":141,"column":33}},"type":"binary-expr","locations":[{"start":{"line":141,"column":15},"end":{"line":141,"column":33}},{"start":{"line":141,"column":15},"end":{"line":141,"column":33}}]},"21":{"loc":{"start":{"line":150,"column":52},"end":{"line":150,"column":89}},"type":"cond-expr","locations":[{"start":{"line":150,"column":77},"end":{"line":150,"column":81}},{"start":{"line":150,"column":81},"end":{"line":150,"column":89}}]},"22":{"loc":{"start":{"line":150,"column":52},"end":{"line":150,"column":81}},"type":"binary-expr","locations":[{"start":{"line":150,"column":52},"end":{"line":150,"column":81}},{"start":{"line":150,"column":77},"end":{"line":150,"column":81}}]},"23":{"loc":{"start":{"line":150,"column":52},"end":{"line":150,"column":77}},"type":"cond-expr","locations":[{"start":{"line":150,"column":68},"end":{"line":150,"column":70}},{"start":{"line":150,"column":52},"end":{"line":150,"column":77}}]},"24":{"loc":{"start":{"line":150,"column":52},"end":{"line":150,"column":70}},"type":"binary-expr","locations":[{"start":{"line":150,"column":52},"end":{"line":150,"column":70}},{"start":{"line":150,"column":52},"end":{"line":150,"column":70}}]},"25":{"loc":{"start":{"line":153,"column":43},"end":{"line":153,"column":68}},"type":"cond-expr","locations":[{"start":{"line":153,"column":59},"end":{"line":153,"column":61}},{"start":{"line":153,"column":43},"end":{"line":153,"column":68}}]},"26":{"loc":{"start":{"line":153,"column":43},"end":{"line":153,"column":61}},"type":"binary-expr","locations":[{"start":{"line":153,"column":43},"end":{"line":153,"column":61}},{"start":{"line":153,"column":43},"end":{"line":153,"column":61}}]},"27":{"loc":{"start":{"line":163,"column":10},"end":{"line":165,"column":11}},"type":"if","locations":[{"start":{"line":163,"column":10},"end":{"line":165,"column":11}}]},"28":{"loc":{"start":{"line":189,"column":10},"end":{"line":192,"column":14}},"type":"if","locations":[{"start":{"line":189,"column":10},"end":{"line":192,"column":14}}]},"29":{"loc":{"start":{"line":197,"column":10},"end":{"line":201,"column":11}},"type":"if","locations":[{"start":{"line":197,"column":10},"end":{"line":201,"column":11}},{"start":{"line":199,"column":17},"end":{"line":201,"column":11}}]},"30":{"loc":{"start":{"line":207,"column":30},"end":{"line":214,"column":25}},"type":"cond-expr","locations":[{"start":{"line":214,"column":15},"end":{"line":214,"column":19}},{"start":{"line":214,"column":19},"end":{"line":214,"column":25}}]},"31":{"loc":{"start":{"line":207,"column":30},"end":{"line":214,"column":19}},"type":"binary-expr","locations":[{"start":{"line":207,"column":30},"end":{"line":214,"column":19}},{"start":{"line":214,"column":15},"end":{"line":214,"column":19}}]},"32":{"loc":{"start":{"line":207,"column":30},"end":{"line":213,"column":null}},"type":"cond-expr","locations":[{"start":{"line":207,"column":50},"end":{"line":207,"column":52}},{"start":{"line":207,"column":50},"end":{"line":213,"column":null}}]},"33":{"loc":{"start":{"line":207,"column":30},"end":{"line":207,"column":52}},"type":"binary-expr","locations":[{"start":{"line":207,"column":30},"end":{"line":207,"column":52}},{"start":{"line":207,"column":50},"end":{"line":207,"column":52}}]},"34":{"loc":{"start":{"line":220,"column":35},"end":{"line":220,"column":75}},"type":"binary-expr","locations":[{"start":{"line":220,"column":35},"end":{"line":220,"column":62}},{"start":{"line":220,"column":66},"end":{"line":220,"column":75}}]},"35":{"loc":{"start":{"line":221,"column":34},"end":{"line":221,"column":73}},"type":"binary-expr","locations":[{"start":{"line":221,"column":34},"end":{"line":221,"column":60}},{"start":{"line":221,"column":64},"end":{"line":221,"column":73}}]},"36":{"loc":{"start":{"line":228,"column":37},"end":{"line":228,"column":100}},"type":"cond-expr","locations":[{"start":{"line":228,"column":87},"end":{"line":228,"column":91}},{"start":{"line":228,"column":91},"end":{"line":228,"column":100}}]},"37":{"loc":{"start":{"line":228,"column":37},"end":{"line":228,"column":91}},"type":"binary-expr","locations":[{"start":{"line":228,"column":37},"end":{"line":228,"column":91}},{"start":{"line":228,"column":87},"end":{"line":228,"column":91}}]},"38":{"loc":{"start":{"line":228,"column":37},"end":{"line":228,"column":87}},"type":"cond-expr","locations":[{"start":{"line":228,"column":64},"end":{"line":228,"column":68}},{"start":{"line":228,"column":68},"end":{"line":228,"column":87}}]},"39":{"loc":{"start":{"line":228,"column":37},"end":{"line":228,"column":68}},"type":"binary-expr","locations":[{"start":{"line":228,"column":37},"end":{"line":228,"column":68}},{"start":{"line":228,"column":64},"end":{"line":228,"column":68}}]},"40":{"loc":{"start":{"line":240,"column":42},"end":{"line":240,"column":81}},"type":"cond-expr","locations":[{"start":{"line":240,"column":63},"end":{"line":240,"column":67}},{"start":{"line":240,"column":67},"end":{"line":240,"column":81}}]},"41":{"loc":{"start":{"line":240,"column":42},"end":{"line":240,"column":67}},"type":"binary-expr","locations":[{"start":{"line":240,"column":42},"end":{"line":240,"column":67}},{"start":{"line":240,"column":63},"end":{"line":240,"column":67}}]},"42":{"loc":{"start":{"line":240,"column":43},"end":{"line":240,"column":63}},"type":"cond-expr","locations":[{"start":{"line":240,"column":44},"end":{"line":240,"column":54}},{"start":{"line":240,"column":43},"end":{"line":240,"column":63}}]},"43":{"loc":{"start":{"line":240,"column":43},"end":{"line":240,"column":54}},"type":"binary-expr","locations":[{"start":{"line":240,"column":43},"end":{"line":240,"column":56}},{"start":{"line":240,"column":43},"end":{"line":240,"column":54}}]},"44":{"loc":{"start":{"line":252,"column":10},"end":{"line":254,"column":11}},"type":"if","locations":[{"start":{"line":252,"column":10},"end":{"line":254,"column":11}}]}},"s":{"0":8,"1":8,"2":8,"3":8,"4":8,"5":8,"6":8,"7":8,"8":40,"9":40,"10":40,"11":40,"12":40,"13":40,"14":40,"15":40,"16":47,"17":47,"18":1,"19":39,"20":8,"21":163,"22":8,"23":51,"24":8,"25":51,"26":51,"27":51,"28":51,"29":51,"30":51,"31":51,"32":51,"33":663,"34":663,"35":51,"36":1,"37":50,"38":50,"39":50,"40":1,"41":49,"42":1,"43":49,"44":49,"45":1,"46":48,"47":48,"48":48,"49":2,"50":46,"51":46,"52":46,"53":46,"54":40,"55":1,"56":39,"57":39,"58":4,"59":35,"60":39,"61":39,"62":43,"63":43,"64":43,"65":43,"66":12,"67":43,"68":48,"69":48,"70":47,"71":611,"72":611,"73":1,"74":38,"75":12,"76":12,"77":12,"78":12,"79":7,"80":5,"81":5,"82":8,"83":8,"84":104,"85":104,"86":5,"87":51,"88":51,"89":8,"90":1,"91":8},"f":{"0":8,"1":40,"2":163,"3":51,"4":51,"5":51,"6":51,"7":12,"8":1},"b":{"0":[1],"1":[1,38],"2":[39,39],"3":[38,1],"4":[39,39],"5":[51],"6":[51,51],"7":[51,0],"8":[51,51],"9":[23,28],"10":[51,51],"11":[1],"12":[1],"13":[50,49],"14":[1,49],"15":[50,49],"16":[0,49],"17":[49,49],"18":[1],"19":[1,48],"20":[49,48],"21":[48,1],"22":[49,49],"23":[1,48],"24":[49,48],"25":[0,1],"26":[1,1],"27":[2],"28":[1],"29":[4,35],"30":[4,39],"31":[43,43],"32":[39,4],"33":[43,43],"34":[48,0],"35":[48,48],"36":[0,48],"37":[48,0],"38":[0,48],"39":[48,48],"40":[1,0],"41":[1,1],"42":[0,1],"43":[1,1],"44":[7]}}
,"/Users/saadahmad/Documents/Projects/arvo-event-handler/src/ArvoMachine/createMachine.ts": {"path":"/Users/saadahmad/Documents/Projects/arvo-event-handler/src/ArvoMachine/createMachine.ts","statementMap":{"0":{"start":{"line":47,"column":0},"end":{"line":47,"column":16}},"1":{"start":{"line":1,"column":0},"end":{"line":1,"column":null}},"2":{"start":{"line":8,"column":0},"end":{"line":8,"column":null}},"3":{"start":{"line":19,"column":0},"end":{"line":19,"column":28}},"4":{"start":{"line":20,"column":0},"end":{"line":20,"column":82}},"5":{"start":{"line":21,"column":0},"end":{"line":21,"column":44}},"6":{"start":{"line":22,"column":0},"end":{"line":22,"column":46}},"7":{"start":{"line":31,"column":0},"end":{"line":31,"column":47}},"8":{"start":{"line":161,"column":35},"end":{"line":171,"column":3}},"9":{"start":{"line":162,"column":4},"end":{"line":170,"column":7}},"10":{"start":{"line":173,"column":2},"end":{"line":175,"column":3}},"11":{"start":{"line":174,"column":4},"end":{"line":174,"column":65}},"12":{"start":{"line":177,"column":2},"end":{"line":179,"column":3}},"13":{"start":{"line":178,"column":4},"end":{"line":178,"column":66}},"14":{"start":{"line":181,"column":2},"end":{"line":194,"column":3}},"15":{"start":{"line":182,"column":4},"end":{"line":193,"column":6}},"16":{"start":{"line":196,"column":2},"end":{"line":196,"column":49}},"17":{"start":{"line":198,"column":23},"end":{"line":215,"column":null}},"18":{"start":{"line":206,"column":16},"end":{"line":206,"column":18}},"19":{"start":{"line":206,"column":30},"end":{"line":215,"column":7}},"20":{"start":{"line":219,"column":22},"end":{"line":243,"column":4}},"21":{"start":{"line":248,"column":24},"end":{"line":357,"column":3}},"22":{"start":{"line":279,"column":53},"end":{"line":279,"column":99}},"23":{"start":{"line":281,"column":4},"end":{"line":285,"column":5}},"24":{"start":{"line":282,"column":6},"end":{"line":284,"column":8}},"25":{"start":{"line":287,"column":37},"end":{"line":325,"column":5}},"26":{"start":{"line":288,"column":23},"end":{"line":288,"column":39}},"27":{"start":{"line":290,"column":6},"end":{"line":300,"column":7}},"28":{"start":{"line":291,"column":8},"end":{"line":299,"column":11}},"29":{"start":{"line":302,"column":6},"end":{"line":312,"column":7}},"30":{"start":{"line":303,"column":8},"end":{"line":311,"column":11}},"31":{"start":{"line":314,"column":6},"end":{"line":324,"column":7}},"32":{"start":{"line":315,"column":8},"end":{"line":323,"column":11}},"33":{"start":{"line":327,"column":4},"end":{"line":339,"column":5}},"34":{"start":{"line":327,"column":23},"end":{"line":327,"column":34}},"35":{"start":{"line":327,"column":23},"end":{"line":327,"column":55}},"36":{"start":{"line":327,"column":19},"end":{"line":327,"column":23}},"37":{"start":{"line":328,"column":6},"end":{"line":330,"column":7}},"38":{"start":{"line":329,"column":8},"end":{"line":329,"column":105}},"39":{"start":{"line":331,"column":6},"end":{"line":333,"column":7}},"40":{"start":{"line":332,"column":8},"end":{"line":332,"column":103}},"41":{"start":{"line":334,"column":6},"end":{"line":338,"column":7}},"42":{"start":{"line":335,"column":8},"end":{"line":337,"column":10}},"43":{"start":{"line":341,"column":20},"end":{"line":342,"column":null}},"44":{"start":{"line":345,"column":30},"end":{"line":345,"column":66}},"45":{"start":{"line":346,"column":44},"end":{"line":347,"column":null}},"46":{"start":{"line":347,"column":16},"end":{"line":347,"column":null}},"47":{"start":{"line":349,"column":28},"end":{"line":349,"column":80}},"48":{"start":{"line":350,"column":4},"end":{"line":356,"column":6}},"49":{"start":{"line":358,"column":2},"end":{"line":396,"column":4}}},"fnMap":{"0":{"name":"setupArvoMachine","decl":{"start":{"line":47,"column":16},"end":{"line":47,"column":32}},"loc":{"start":{"line":160,"column":1},"end":{"line":397,"column":1}}},"1":{"name":"(anonymous_5)","decl":{"start":{"line":161,"column":35},"end":{"line":161,"column":36}},"loc":{"start":{"line":161,"column":60},"end":{"line":171,"column":3}}},"2":{"name":"(anonymous_6)","decl":{"start":{"line":206,"column":6},"end":{"line":206,"column":7}},"loc":{"start":{"line":206,"column":25},"end":{"line":215,"column":7}}},"3":{"name":"(anonymous_7)","decl":{"start":{"line":248,"column":24},"end":{"line":248,"column":null}},"loc":{"start":{"line":277,"column":5},"end":{"line":357,"column":3}}},"4":{"name":"(anonymous_8)","decl":{"start":{"line":287,"column":37},"end":{"line":287,"column":38}},"loc":{"start":{"line":287,"column":99},"end":{"line":325,"column":5}}},"5":{"name":"(anonymous_9)","decl":{"start":{"line":347,"column":6},"end":{"line":347,"column":7}},"loc":{"start":{"line":347,"column":11},"end":{"line":347,"column":22}}}},"branchMap":{"0":{"loc":{"start":{"line":165,"column":44},"end":{"line":165,"column":93}},"type":"cond-expr","locations":[{"start":{"line":165,"column":63},"end":{"line":165,"column":71}},{"start":{"line":165,"column":74},"end":{"line":165,"column":93}}]},"1":{"loc":{"start":{"line":173,"column":2},"end":{"line":175,"column":3}},"type":"if","locations":[{"start":{"line":173,"column":2},"end":{"line":175,"column":3}}]},"2":{"loc":{"start":{"line":177,"column":2},"end":{"line":179,"column":3}},"type":"if","locations":[{"start":{"line":177,"column":2},"end":{"line":179,"column":3}}]},"3":{"loc":{"start":{"line":181,"column":2},"end":{"line":194,"column":3}},"type":"if","locations":[{"start":{"line":181,"column":2},"end":{"line":194,"column":3}}]},"4":{"loc":{"start":{"line":181,"column":6},"end":{"line":181,"column":37}},"type":"cond-expr","locations":[{"start":{"line":181,"column":19},"end":{"line":181,"column":21}},{"start":{"line":181,"column":19},"end":{"line":181,"column":37}}]},"5":{"loc":{"start":{"line":181,"column":6},"end":{"line":181,"column":21}},"type":"binary-expr","locations":[{"start":{"line":181,"column":6},"end":{"line":181,"column":21}},{"start":{"line":181,"column":19},"end":{"line":181,"column":21}}]},"6":{"loc":{"start":{"line":199,"column":9},"end":{"line":199,"column":28}},"type":"cond-expr","locations":[{"start":{"line":199,"column":22},"end":{"line":199,"column":26}},{"start":{"line":199,"column":26},"end":{"line":199,"column":28}}]},"7":{"loc":{"start":{"line":199,"column":9},"end":{"line":199,"column":26}},"type":"binary-expr","locations":[{"start":{"line":199,"column":9},"end":{"line":199,"column":26}},{"start":{"line":199,"column":22},"end":{"line":199,"column":26}}]},"8":{"loc":{"start":{"line":207,"column":10},"end":{"line":207,"column":23}},"type":"cond-expr","locations":[{"start":{"line":207,"column":10},"end":{"line":207,"column":17}},{"start":{"line":207,"column":21},"end":{"line":207,"column":23}}]},"9":{"loc":{"start":{"line":207,"column":10},"end":{"line":207,"column":21}},"type":"binary-expr","locations":[{"start":{"line":207,"column":10},"end":{"line":207,"column":21}},{"start":{"line":207,"column":10},"end":{"line":207,"column":21}}]},"10":{"loc":{"start":{"line":209,"column":12},"end":{"line":209,"column":33}},"type":"cond-expr","locations":[{"start":{"line":209,"column":27},"end":{"line":209,"column":31}},{"start":{"line":209,"column":31},"end":{"line":209,"column":33}}]},"11":{"loc":{"start":{"line":209,"column":12},"end":{"line":209,"column":31}},"type":"binary-expr","locations":[{"start":{"line":209,"column":12},"end":{"line":209,"column":31}},{"start":{"line":209,"column":27},"end":{"line":209,"column":31}}]},"12":{"loc":{"start":{"line":209,"column":12},"end":{"line":209,"column":27}},"type":"cond-expr","locations":[{"start":{"line":209,"column":19},"end":{"line":209,"column":21}},{"start":{"line":209,"column":12},"end":{"line":209,"column":27}}]},"13":{"loc":{"start":{"line":209,"column":12},"end":{"line":209,"column":21}},"type":"binary-expr","locations":[{"start":{"line":209,"column":12},"end":{"line":209,"column":21}},{"start":{"line":209,"column":12},"end":{"line":209,"column":21}}]},"14":{"loc":{"start":{"line":211,"column":14},"end":{"line":211,"column":47}},"type":"cond-expr","locations":[{"start":{"line":211,"column":41},"end":{"line":211,"column":45}},{"start":{"line":211,"column":45},"end":{"line":211,"column":47}}]},"15":{"loc":{"start":{"line":211,"column":14},"end":{"line":211,"column":45}},"type":"binary-expr","locations":[{"start":{"line":211,"column":14},"end":{"line":211,"column":45}},{"start":{"line":211,"column":41},"end":{"line":211,"column":45}}]},"16":{"loc":{"start":{"line":211,"column":14},"end":{"line":211,"column":41}},"type":"cond-expr","locations":[{"start":{"line":211,"column":29},"end":{"line":211,"column":31}},{"start":{"line":211,"column":29},"end":{"line":211,"column":41}}]},"17":{"loc":{"start":{"line":211,"column":14},"end":{"line":211,"column":31}},"type":"binary-expr","locations":[{"start":{"line":211,"column":14},"end":{"line":211,"column":31}},{"start":{"line":211,"column":29},"end":{"line":211,"column":31}}]},"18":{"loc":{"start":{"line":211,"column":14},"end":{"line":211,"column":29}},"type":"cond-expr","locations":[{"start":{"line":211,"column":21},"end":{"line":211,"column":23}},{"start":{"line":211,"column":14},"end":{"line":211,"column":29}}]},"19":{"loc":{"start":{"line":211,"column":14},"end":{"line":211,"column":23}},"type":"binary-expr","locations":[{"start":{"line":211,"column":14},"end":{"line":211,"column":23}},{"start":{"line":211,"column":14},"end":{"line":211,"column":23}}]},"20":{"loc":{"start":{"line":212,"column":29},"end":{"line":212,"column":76}},"type":"binary-expr","locations":[{"start":{"line":212,"column":29},"end":{"line":212,"column":70}},{"start":{"line":212,"column":74},"end":{"line":212,"column":76}}]},"21":{"loc":{"start":{"line":212,"column":29},"end":{"line":212,"column":70}},"type":"cond-expr","locations":[{"start":{"line":212,"column":56},"end":{"line":212,"column":58}},{"start":{"line":212,"column":56},"end":{"line":212,"column":70}}]},"22":{"loc":{"start":{"line":212,"column":29},"end":{"line":212,"column":58}},"type":"binary-expr","locations":[{"start":{"line":212,"column":29},"end":{"line":212,"column":58}},{"start":{"line":212,"column":56},"end":{"line":212,"column":58}}]},"23":{"loc":{"start":{"line":212,"column":29},"end":{"line":212,"column":56}},"type":"cond-expr","locations":[{"start":{"line":212,"column":44},"end":{"line":212,"column":46}},{"start":{"line":212,"column":44},"end":{"line":212,"column":56}}]},"24":{"loc":{"start":{"line":212,"column":29},"end":{"line":212,"column":46}},"type":"binary-expr","locations":[{"start":{"line":212,"column":29},"end":{"line":212,"column":46}},{"start":{"line":212,"column":44},"end":{"line":212,"column":46}}]},"25":{"loc":{"start":{"line":212,"column":29},"end":{"line":212,"column":44}},"type":"cond-expr","locations":[{"start":{"line":212,"column":36},"end":{"line":212,"column":38}},{"start":{"line":212,"column":29},"end":{"line":212,"column":44}}]},"26":{"loc":{"start":{"line":212,"column":29},"end":{"line":212,"column":38}},"type":"binary-expr","locations":[{"start":{"line":212,"column":29},"end":{"line":212,"column":38}},{"start":{"line":212,"column":29},"end":{"line":212,"column":38}}]},"27":{"loc":{"start":{"line":279,"column":53},"end":{"line":279,"column":99}},"type":"cond-expr","locations":[{"start":{"line":279,"column":67},"end":{"line":279,"column":71}},{"start":{"line":279,"column":71},"end":{"line":279,"column":99}}]},"28":{"loc":{"start":{"line":279,"column":53},"end":{"line":279,"column":71}},"type":"binary-expr","locations":[{"start":{"line":279,"column":53},"end":{"line":279,"column":71}},{"start":{"line":279,"column":67},"end":{"line":279,"column":71}}]},"29":{"loc":{"start":{"line":281,"column":4},"end":{"line":285,"column":5}},"type":"if","locations":[{"start":{"line":281,"column":4},"end":{"line":285,"column":5}}]},"30":{"loc":{"start":{"line":290,"column":6},"end":{"line":300,"column":7}},"type":"if","locations":[{"start":{"line":290,"column":6},"end":{"line":300,"column":7}}]},"31":{"loc":{"start":{"line":302,"column":6},"end":{"line":312,"column":7}},"type":"if","locations":[{"start":{"line":302,"column":6},"end":{"line":312,"column":7}}]},"32":{"loc":{"start":{"line":314,"column":6},"end":{"line":324,"column":7}},"type":"if","locations":[{"start":{"line":314,"column":6},"end":{"line":324,"column":7}}]},"33":{"loc":{"start":{"line":327,"column":35},"end":{"line":327,"column":54}},"type":"cond-expr","locations":[{"start":{"line":327,"column":48},"end":{"line":327,"column":52}},{"start":{"line":327,"column":52},"end":{"line":327,"column":54}}]},"34":{"loc":{"start":{"line":327,"column":35},"end":{"line":327,"column":52}},"type":"binary-expr","locations":[{"start":{"line":327,"column":35},"end":{"line":327,"column":52}},{"start":{"line":327,"column":48},"end":{"line":327,"column":52}}]},"35":{"loc":{"start":{"line":328,"column":6},"end":{"line":330,"column":7}},"type":"if","locations":[{"start":{"line":328,"column":6},"end":{"line":330,"column":7}}]},"36":{"loc":{"start":{"line":329,"column":34},"end":{"line":329,"column":103}},"type":"cond-expr","locations":[{"start":{"line":329,"column":79},"end":{"line":329,"column":83}},{"start":{"line":329,"column":83},"end":{"line":329,"column":103}}]},"37":{"loc":{"start":{"line":329,"column":34},"end":{"line":329,"column":83}},"type":"binary-expr","locations":[{"start":{"line":329,"column":34},"end":{"line":329,"column":83}},{"start":{"line":329,"column":79},"end":{"line":329,"column":83}}]},"38":{"loc":{"start":{"line":331,"column":6},"end":{"line":333,"column":7}},"type":"if","locations":[{"start":{"line":331,"column":6},"end":{"line":333,"column":7}}]},"39":{"loc":{"start":{"line":332,"column":34},"end":{"line":332,"column":101}},"type":"cond-expr","locations":[{"start":{"line":332,"column":78},"end":{"line":332,"column":82}},{"start":{"line":332,"column":82},"end":{"line":332,"column":101}}]},"40":{"loc":{"start":{"line":332,"column":34},"end":{"line":332,"column":82}},"type":"binary-expr","locations":[{"start":{"line":332,"column":34},"end":{"line":332,"column":82}},{"start":{"line":332,"column":78},"end":{"line":332,"column":82}}]},"41":{"loc":{"start":{"line":334,"column":6},"end":{"line":338,"column":7}},"type":"if","locations":[{"start":{"line":334,"column":6},"end":{"line":338,"column":7}}]},"42":{"loc":{"start":{"line":336,"column":10},"end":{"line":336,"column":99}},"type":"cond-expr","locations":[{"start":{"line":336,"column":65},"end":{"line":336,"column":69}},{"start":{"line":336,"column":69},"end":{"line":336,"column":99}}]},"43":{"loc":{"start":{"line":336,"column":10},"end":{"line":336,"column":69}},"type":"binary-expr","locations":[{"start":{"line":336,"column":10},"end":{"line":336,"column":69}},{"start":{"line":336,"column":65},"end":{"line":336,"column":69}}]},"44":{"loc":{"start":{"line":349,"column":28},"end":{"line":349,"column":80}},"type":"binary-expr","locations":[{"start":{"line":349,"column":28},"end":{"line":349,"column":45}},{"start":{"line":349,"column":49},"end":{"line":349,"column":80}}]}},"s":{"0":8,"1":8,"2":8,"3":8,"4":8,"5":8,"6":8,"7":8,"8":19,"9":2,"10":19,"11":1,"12":18,"13":1,"14":17,"15":1,"16":16,"17":13,"18":4,"19":4,"20":13,"21":13,"22":19,"23":19,"24":1,"25":18,"26":3,"27":3,"28":1,"29":2,"30":1,"31":1,"32":1,"33":18,"34":18,"35":18,"36":181,"37":181,"38":1,"39":180,"40":1,"41":179,"42":1,"43":15,"44":15,"45":15,"46":32,"47":15,"48":15,"49":13},"f":{"0":19,"1":2,"2":4,"3":19,"4":3,"5":32},"b":{"0":[1,1],"1":[1],"2":[1],"3":[1],"4":[12,5],"5":[17,17],"6":[4,9],"7":[13,13],"8":[4,0],"9":[4,4],"10":[0,4],"11":[4,4],"12":[0,4],"13":[4,4],"14":[0,4],"15":[4,4],"16":[4,0],"17":[4,4],"18":[0,4],"19":[4,4],"20":[4,4],"21":[4,0],"22":[4,4],"23":[4,0],"24":[4,4],"25":[0,4],"26":[4,4],"27":[2,17],"28":[19,19],"29":[1],"30":[1],"31":[1],"32":[1],"33":[18,0],"34":[18,18],"35":[1],"36":[1,0],"37":[1,1],"38":[1],"39":[1,0],"40":[1,1],"41":[1],"42":[1,0],"43":[1,1],"44":[15,14]}}
,"/Users/saadahmad/Documents/Projects/arvo-event-handler/src/ArvoMachine/index.ts": {"path":"/Users/saadahmad/Documents/Projects/arvo-event-handler/src/ArvoMachine/index.ts","statementMap":{"0":{"start":{"line":10,"column":0},"end":{"line":10,"column":107}},"1":{"start":{"line":22,"column":0},"end":{"line":22,"column":null}},"2":{"start":{"line":37,"column":20},"end":{"line":37,"column":null}},"3":{"start":{"line":30,"column":20},"end":{"line":30,"column":27}},"4":{"start":{"line":31,"column":20},"end":{"line":31,"column":37}},"5":{"start":{"line":32,"column":20},"end":{"line":32,"column":null}},"6":{"start":{"line":36,"column":20},"end":{"line":36,"column":33}},"7":{"start":{"line":37,"column":20},"end":{"line":37,"column":59}},"8":{"start":{"line":43,"column":2},"end":{"line":45,"column":null}},"9":{"start":{"line":44,"column":4},"end":{"line":44,"column":44}},"10":{"start":{"line":55,"column":2},"end":{"line":62,"column":null}},"11":{"start":{"line":56,"column":4},"end":{"line":61,"column":7}},"12":{"start":{"line":63,"column":0},"end":{"line":63,"column":null}}},"fnMap":{"0":{"name":"(anonymous_0)","decl":{"start":{"line":22,"column":0},"end":{"line":22,"column":null}},"loc":{"start":{"line":22,"column":0},"end":{"line":63,"column":null}}},"1":{"name":"ArvoMachine","decl":{"start":{"line":29,"column":2},"end":{"line":29,"column":null}},"loc":{"start":{"line":37,"column":59},"end":{"line":38,"column":6}}},"2":{"name":"(anonymous_2)","decl":{"start":{"line":43,"column":2},"end":{"line":43,"column":6}},"loc":{"start":{"line":43,"column":2},"end":{"line":45,"column":3}}},"3":{"name":"(anonymous_3)","decl":{"start":{"line":55,"column":2},"end":{"line":55,"column":15}},"loc":{"start":{"line":55,"column":45},"end":{"line":62,"column":3}}}},"branchMap":{"0":{"loc":{"start":{"line":37,"column":20},"end":{"line":37,"column":null}},"type":"if","locations":[{"start":{"line":37,"column":20},"end":{"line":37,"column":null}}]}},"s":{"0":8,"1":8,"2":15,"3":15,"4":15,"5":15,"6":15,"7":15,"8":8,"9":408,"10":8,"11":48,"12":8},"f":{"0":8,"1":15,"2":408,"3":48},"b":{"0":[0]}}
,"/Users/saadahmad/Documents/Projects/arvo-event-handler/src/ArvoMachine/utils.ts": {"path":"/Users/saadahmad/Documents/Projects/arvo-event-handler/src/ArvoMachine/utils.ts","statementMap":{"0":{"start":{"line":9,"column":36},"end":{"line":23,"column":1}},"1":{"start":{"line":10,"column":2},"end":{"line":12,"column":3}},"2":{"start":{"line":11,"column":4},"end":{"line":11,"column":17}},"3":{"start":{"line":13,"column":38},"end":{"line":13,"column":46}},"4":{"start":{"line":14,"column":2},"end":{"line":21,"column":3}},"5":{"start":{"line":15,"column":26},"end":{"line":15,"column":37}},"6":{"start":{"line":16,"column":4},"end":{"line":16,"column":41}},"7":{"start":{"line":16,"column":32},"end":{"line":16,"column":41}},"8":{"start":{"line":17,"column":4},"end":{"line":17,"column":55}},"9":{"start":{"line":17,"column":43},"end":{"line":17,"column":55}},"10":{"start":{"line":18,"column":4},"end":{"line":20,"column":5}},"11":{"start":{"line":18,"column":24},"end":{"line":18,"column":30}},"12":{"start":{"line":18,"column":24},"end":{"line":18,"column":59}},"13":{"start":{"line":18,"column":20},"end":{"line":18,"column":24}},"14":{"start":{"line":19,"column":6},"end":{"line":19,"column":24}},"15":{"start":{"line":22,"column":2},"end":{"line":22,"column":15}},"16":{"start":{"line":9,"column":13},"end":{"line":9,"column":36}}},"fnMap":{"0":{"name":"(anonymous_0)","decl":{"start":{"line":9,"column":36},"end":{"line":9,"column":37}},"loc":{"start":{"line":9,"column":114},"end":{"line":23,"column":1}}}},"branchMap":{"0":{"loc":{"start":{"line":10,"column":2},"end":{"line":12,"column":3}},"type":"if","locations":[{"start":{"line":10,"column":2},"end":{"line":12,"column":3}}]},"1":{"loc":{"start":{"line":10,"column":7},"end":{"line":10,"column":21}},"type":"cond-expr","locations":[{"start":{"line":10,"column":13},"end":{"line":10,"column":15}},{"start":{"line":10,"column":7},"end":{"line":10,"column":21}}]},"2":{"loc":{"start":{"line":10,"column":7},"end":{"line":10,"column":15}},"type":"binary-expr","locations":[{"start":{"line":10,"column":7},"end":{"line":10,"column":15}},{"start":{"line":10,"column":7},"end":{"line":10,"column":15}}]},"3":{"loc":{"start":{"line":16,"column":4},"end":{"line":16,"column":41}},"type":"if","locations":[{"start":{"line":16,"column":4},"end":{"line":16,"column":41}}]},"4":{"loc":{"start":{"line":16,"column":9},"end":{"line":16,"column":30}},"type":"cond-expr","locations":[{"start":{"line":16,"column":22},"end":{"line":16,"column":24}},{"start":{"line":16,"column":9},"end":{"line":16,"column":30}}]},"5":{"loc":{"start":{"line":16,"column":9},"end":{"line":16,"column":24}},"type":"binary-expr","locations":[{"start":{"line":16,"column":9},"end":{"line":16,"column":24}},{"start":{"line":16,"column":9},"end":{"line":16,"column":24}}]},"6":{"loc":{"start":{"line":17,"column":4},"end":{"line":17,"column":55}},"type":"if","locations":[{"start":{"line":17,"column":4},"end":{"line":17,"column":55}}]}},"s":{"0":8,"1":15,"2":0,"3":15,"4":15,"5":65,"6":65,"7":49,"8":16,"9":1,"10":15,"11":15,"12":15,"13":51,"14":51,"15":14,"16":8},"f":{"0":15},"b":{"0":[0],"1":[0,15],"2":[15,15],"3":[49],"4":[0,65],"5":[65,65],"6":[1]}}
,"/Users/saadahmad/Documents/Projects/arvo-event-handler/src/ArvoOrchestrationUtils/createEmitableEvent.ts": {"path":"/Users/saadahmad/Documents/Projects/arvo-event-handler/src/ArvoOrchestrationUtils/createEmitableEvent.ts","statementMap":{"0":{"start":{"line":2,"column":0},"end":{"line":2,"column":null}},"1":{"start":{"line":15,"column":0},"end":{"line":15,"column":51}},"2":{"start":{"line":17,"column":0},"end":{"line":17,"column":66}},"3":{"start":{"line":63,"column":36},"end":{"line":226,"column":1}},"4":{"start":{"line":65,"column":9},"end":{"line":65,"column":null}},"5":{"start":{"line":66,"column":15},"end":{"line":66,"column":null}},"6":{"start":{"line":67,"column":30},"end":{"line":67,"column":null}},"7":{"start":{"line":68,"column":15},"end":{"line":68,"column":null}},"8":{"start":{"line":69,"column":16},"end":{"line":69,"column":null}},"9":{"start":{"line":70,"column":20},"end":{"line":70,"column":null}},"10":{"start":{"line":71,"column":15},"end":{"line":71,"column":null}},"11":{"start":{"line":72,"column":19},"end":{"line":72,"column":null}},"12":{"start":{"line":73,"column":18},"end":{"line":73,"column":null}},"13":{"start":{"line":74,"column":10},"end":{"line":74,"column":null}},"14":{"start":{"line":78,"column":2},"end":{"line":84,"column":4}},"15":{"start":{"line":89,"column":6},"end":{"line":93,"column":null}},"16":{"start":{"line":90,"column":114},"end":{"line":93,"column":6}},"17":{"start":{"line":96,"column":36},"end":{"line":96,"column":40}},"18":{"start":{"line":97,"column":57},"end":{"line":97,"column":61}},"19":{"start":{"line":98,"column":24},"end":{"line":98,"column":43}},"20":{"start":{"line":99,"column":25},"end":{"line":99,"column":39}},"21":{"start":{"line":100,"column":15},"end":{"line":105,"column":4}},"22":{"start":{"line":107,"column":2},"end":{"line":181,"column":3}},"23":{"start":{"line":108,"column":4},"end":{"line":114,"column":6}},"24":{"start":{"line":115,"column":4},"end":{"line":115,"column":28}},"25":{"start":{"line":116,"column":4},"end":{"line":116,"column":73}},"26":{"start":{"line":117,"column":4},"end":{"line":117,"column":64}},"27":{"start":{"line":118,"column":4},"end":{"line":118,"column":27}},"28":{"start":{"line":119,"column":4},"end":{"line":124,"column":7}},"29":{"start":{"line":125,"column":9},"end":{"line":181,"column":3}},"30":{"start":{"line":126,"column":4},"end":{"line":132,"column":6}},"31":{"start":{"line":133,"column":4},"end":{"line":133,"column":46}},"32":{"start":{"line":134,"column":4},"end":{"line":134,"column":59}},"33":{"start":{"line":135,"column":4},"end":{"line":140,"column":7}},"34":{"start":{"line":142,"column":4},"end":{"line":180,"column":5}},"35":{"start":{"line":143,"column":6},"end":{"line":151,"column":7}},"36":{"start":{"line":144,"column":8},"end":{"line":150,"column":9}},"37":{"start":{"line":145,"column":10},"end":{"line":145,"column":69}},"38":{"start":{"line":147,"column":10},"end":{"line":149,"column":12}},"39":{"start":{"line":153,"column":6},"end":{"line":179,"column":7}},"40":{"start":{"line":154,"column":8},"end":{"line":174,"column":9}},"41":{"start":{"line":155,"column":10},"end":{"line":163,"column":13}},"42":{"start":{"line":165,"column":10},"end":{"line":173,"column":13}},"43":{"start":{"line":176,"column":8},"end":{"line":178,"column":10}},"44":{"start":{"line":183,"column":44},"end":{"line":183,"column":60}},"45":{"start":{"line":184,"column":23},"end":{"line":184,"column":33}},"46":{"start":{"line":186,"column":2},"end":{"line":195,"column":3}},"47":{"start":{"line":187,"column":4},"end":{"line":194,"column":5}},"48":{"start":{"line":188,"column":6},"end":{"line":188,"column":43}},"49":{"start":{"line":189,"column":6},"end":{"line":189,"column":61}},"50":{"start":{"line":191,"column":6},"end":{"line":193,"column":8}},"51":{"start":{"line":197,"column":25},"end":{"line":214,"column":null}},"52":{"start":{"line":217,"column":2},"end":{"line":223,"column":4}},"53":{"start":{"line":225,"column":2},"end":{"line":225,"column":24}},"54":{"start":{"line":63,"column":13},"end":{"line":63,"column":36}},"55":{"start":{"line":231,"column":46},"end":{"line":270,"column":1}},"56":{"start":{"line":245,"column":34},"end":{"line":245,"column":36}},"57":{"start":{"line":246,"column":2},"end":{"line":268,"column":3}},"58":{"start":{"line":246,"column":21},"end":{"line":246,"column":27}},"59":{"start":{"line":246,"column":21},"end":{"line":246,"column":37}},"60":{"start":{"line":246,"column":17},"end":{"line":246,"column":21}},"61":{"start":{"line":247,"column":4},"end":{"line":267,"column":5}},"62":{"start":{"line":247,"column":23},"end":{"line":247,"column":28}},"63":{"start":{"line":247,"column":23},"end":{"line":247,"column":65}},"64":{"start":{"line":247,"column":19},"end":{"line":247,"column":23}},"65":{"start":{"line":248,"column":18},"end":{"line":261,"column":null}},"66":{"start":{"line":263,"column":6},"end":{"line":263,"column":27}},"67":{"start":{"line":264,"column":6},"end":{"line":266,"column":7}},"68":{"start":{"line":264,"column":33},"end":{"line":264,"column":39}},"69":{"start":{"line":264,"column":33},"end":{"line":264,"column":97}},"70":{"start":{"line":264,"column":17},"end":{"line":264,"column":18}},"71":{"start":{"line":264,"column":21},"end":{"line":264,"column":23}},"72":{"start":{"line":264,"column":28},"end":{"line":264,"column":29}},"73":{"start":{"line":265,"column":8},"end":{"line":265,"column":79}},"74":{"start":{"line":269,"column":2},"end":{"line":269,"column":20}},"75":{"start":{"line":231,"column":13},"end":{"line":231,"column":46}}},"fnMap":{"0":{"name":"(anonymous_0)","decl":{"start":{"line":63,"column":36},"end":{"line":63,"column":null}},"loc":{"start":{"line":76,"column":12},"end":{"line":226,"column":1}}},"1":{"name":"(anonymous_1)","decl":{"start":{"line":90,"column":104},"end":{"line":90,"column":105}},"loc":{"start":{"line":90,"column":109},"end":{"line":90,"column":null}}},"2":{"name":"(anonymous_2)","decl":{"start":{"line":231,"column":46},"end":{"line":231,"column":null}},"loc":{"start":{"line":243,"column":12},"end":{"line":270,"column":1}}}},"branchMap":{"0":{"loc":{"start":{"line":107,"column":2},"end":{"line":181,"column":3}},"type":"if","locations":[{"start":{"line":107,"column":2},"end":{"line":181,"column":3}},{"start":{"line":125,"column":9},"end":{"line":181,"column":3}}]},"1":{"loc":{"start":{"line":117,"column":14},"end":{"line":117,"column":63}},"type":"cond-expr","locations":[{"start":{"line":117,"column":14},"end":{"line":117,"column":40}},{"start":{"line":117,"column":44},"end":{"line":117,"column":63}}]},"2":{"loc":{"start":{"line":117,"column":14},"end":{"line":117,"column":44}},"type":"binary-expr","locations":[{"start":{"line":117,"column":14},"end":{"line":117,"column":44}},{"start":{"line":117,"column":14},"end":{"line":117,"column":44}}]},"3":{"loc":{"start":{"line":125,"column":9},"end":{"line":181,"column":3}},"type":"if","locations":[{"start":{"line":125,"column":9},"end":{"line":181,"column":3}}]},"4":{"loc":{"start":{"line":142,"column":4},"end":{"line":180,"column":5}},"type":"if","locations":[{"start":{"line":142,"column":4},"end":{"line":180,"column":5}}]},"5":{"loc":{"start":{"line":143,"column":6},"end":{"line":151,"column":7}},"type":"if","locations":[{"start":{"line":143,"column":6},"end":{"line":151,"column":7}}]},"6":{"loc":{"start":{"line":148,"column":107},"end":{"line":148,"column":163}},"type":"cond-expr","locations":[{"start":{"line":148,"column":123},"end":{"line":148,"column":127}},{"start":{"line":148,"column":127},"end":{"line":148,"column":163}}]},"7":{"loc":{"start":{"line":148,"column":107},"end":{"line":148,"column":127}},"type":"binary-expr","locations":[{"start":{"line":148,"column":107},"end":{"line":148,"column":127}},{"start":{"line":148,"column":123},"end":{"line":148,"column":127}}]},"8":{"loc":{"start":{"line":154,"column":8},"end":{"line":174,"column":9}},"type":"if","locations":[{"start":{"line":154,"column":8},"end":{"line":174,"column":9}},{"start":{"line":164,"column":15},"end":{"line":174,"column":9}}]},"9":{"loc":{"start":{"line":159,"column":20},"end":{"line":159,"column":34}},"type":"cond-expr","locations":[{"start":{"line":159,"column":20},"end":{"line":159,"column":26}},{"start":{"line":159,"column":30},"end":{"line":159,"column":34}}]},"10":{"loc":{"start":{"line":159,"column":20},"end":{"line":159,"column":30}},"type":"binary-expr","locations":[{"start":{"line":159,"column":20},"end":{"line":159,"column":30}},{"start":{"line":159,"column":20},"end":{"line":159,"column":30}}]},"11":{"loc":{"start":{"line":161,"column":26},"end":{"line":161,"column":52}},"type":"cond-expr","locations":[{"start":{"line":161,"column":42},"end":{"line":161,"column":46}},{"start":{"line":161,"column":46},"end":{"line":161,"column":52}}]},"12":{"loc":{"start":{"line":161,"column":26},"end":{"line":161,"column":46}},"type":"binary-expr","locations":[{"start":{"line":161,"column":26},"end":{"line":161,"column":46}},{"start":{"line":161,"column":42},"end":{"line":161,"column":46}}]},"13":{"loc":{"start":{"line":169,"column":20},"end":{"line":169,"column":39}},"type":"cond-expr","locations":[{"start":{"line":169,"column":20},"end":{"line":169,"column":26}},{"start":{"line":169,"column":30},"end":{"line":169,"column":39}}]},"14":{"loc":{"start":{"line":169,"column":20},"end":{"line":169,"column":30}},"type":"binary-expr","locations":[{"start":{"line":169,"column":20},"end":{"line":169,"column":30}},{"start":{"line":169,"column":20},"end":{"line":169,"column":30}}]},"15":{"loc":{"start":{"line":171,"column":26},"end":{"line":171,"column":52}},"type":"cond-expr","locations":[{"start":{"line":171,"column":42},"end":{"line":171,"column":46}},{"start":{"line":171,"column":46},"end":{"line":171,"column":52}}]},"16":{"loc":{"start":{"line":171,"column":26},"end":{"line":171,"column":46}},"type":"binary-expr","locations":[{"start":{"line":171,"column":26},"end":{"line":171,"column":46}},{"start":{"line":171,"column":42},"end":{"line":171,"column":46}}]},"17":{"loc":{"start":{"line":177,"column":130},"end":{"line":177,"column":154}},"type":"cond-expr","locations":[{"start":{"line":177,"column":135},"end":{"line":177,"column":145}},{"start":{"line":177,"column":130},"end":{"line":177,"column":154}}]},"18":{"loc":{"start":{"line":177,"column":130},"end":{"line":177,"column":145}},"type":"binary-expr","locations":[{"start":{"line":177,"column":130},"end":{"line":177,"column":147}},{"start":{"line":177,"column":130},"end":{"line":177,"column":145}}]},"19":{"loc":{"start":{"line":186,"column":2},"end":{"line":195,"column":3}},"type":"if","locations":[{"start":{"line":186,"column":2},"end":{"line":195,"column":3}}]},"20":{"loc":{"start":{"line":186,"column":6},"end":{"line":186,"column":24}},"type":"binary-expr","locations":[{"start":{"line":186,"column":6},"end":{"line":186,"column":14}},{"start":{"line":186,"column":18},"end":{"line":186,"column":24}}]},"21":{"loc":{"start":{"line":203,"column":18},"end":{"line":203,"column":46}},"type":"cond-expr","locations":[{"start":{"line":203,"column":18},"end":{"line":203,"column":33}},{"start":{"line":203,"column":37},"end":{"line":203,"column":46}}]},"22":{"loc":{"start":{"line":203,"column":18},"end":{"line":203,"column":37}},"type":"binary-expr","locations":[{"start":{"line":203,"column":18},"end":{"line":203,"column":37}},{"start":{"line":203,"column":18},"end":{"line":203,"column":37}}]},"23":{"loc":{"start":{"line":205,"column":10},"end":{"line":205,"column":32}},"type":"cond-expr","locations":[{"start":{"line":205,"column":18},"end":{"line":205,"column":22}},{"start":{"line":205,"column":22},"end":{"line":205,"column":32}}]},"24":{"loc":{"start":{"line":205,"column":10},"end":{"line":205,"column":22}},"type":"binary-expr","locations":[{"start":{"line":205,"column":10},"end":{"line":205,"column":22}},{"start":{"line":205,"column":18},"end":{"line":205,"column":22}}]},"25":{"loc":{"start":{"line":206,"column":21},"end":{"line":206,"column":82}},"type":"cond-expr","locations":[{"start":{"line":206,"column":69},"end":{"line":206,"column":73}},{"start":{"line":206,"column":73},"end":{"line":206,"column":82}}]},"26":{"loc":{"start":{"line":206,"column":21},"end":{"line":206,"column":73}},"type":"binary-expr","locations":[{"start":{"line":206,"column":21},"end":{"line":206,"column":73}},{"start":{"line":206,"column":69},"end":{"line":206,"column":73}}]},"27":{"loc":{"start":{"line":206,"column":21},"end":{"line":206,"column":69}},"type":"cond-expr","locations":[{"start":{"line":206,"column":40},"end":{"line":206,"column":44}},{"start":{"line":206,"column":44},"end":{"line":206,"column":69}}]},"28":{"loc":{"start":{"line":206,"column":21},"end":{"line":206,"column":44}},"type":"binary-expr","locations":[{"start":{"line":206,"column":21},"end":{"line":206,"column":44}},{"start":{"line":206,"column":40},"end":{"line":206,"column":44}}]},"29":{"loc":{"start":{"line":207,"column":18},"end":{"line":207,"column":44}},"type":"cond-expr","locations":[{"start":{"line":207,"column":34},"end":{"line":207,"column":38}},{"start":{"line":207,"column":38},"end":{"line":207,"column":44}}]},"30":{"loc":{"start":{"line":207,"column":18},"end":{"line":207,"column":38}},"type":"binary-expr","locations":[{"start":{"line":207,"column":18},"end":{"line":207,"column":38}},{"start":{"line":207,"column":34},"end":{"line":207,"column":38}}]},"31":{"loc":{"start":{"line":208,"column":22},"end":{"line":208,"column":60}},"type":"cond-expr","locations":[{"start":{"line":208,"column":42},"end":{"line":208,"column":46}},{"start":{"line":208,"column":46},"end":{"line":208,"column":60}}]},"32":{"loc":{"start":{"line":208,"column":22},"end":{"line":208,"column":46}},"type":"binary-expr","locations":[{"start":{"line":208,"column":22},"end":{"line":208,"column":46}},{"start":{"line":208,"column":42},"end":{"line":208,"column":46}}]},"33":{"loc":{"start":{"line":209,"column":19},"end":{"line":209,"column":55}},"type":"cond-expr","locations":[{"start":{"line":209,"column":42},"end":{"line":209,"column":46}},{"start":{"line":209,"column":46},"end":{"line":209,"column":55}}]},"34":{"loc":{"start":{"line":209,"column":19},"end":{"line":209,"column":46}},"type":"binary-expr","locations":[{"start":{"line":209,"column":19},"end":{"line":209,"column":46}},{"start":{"line":209,"column":42},"end":{"line":209,"column":46}}]},"35":{"loc":{"start":{"line":210,"column":18},"end":{"line":210,"column":53}},"type":"cond-expr","locations":[{"start":{"line":210,"column":40},"end":{"line":210,"column":44}},{"start":{"line":210,"column":44},"end":{"line":210,"column":53}}]},"36":{"loc":{"start":{"line":210,"column":18},"end":{"line":210,"column":44}},"type":"binary-expr","locations":[{"start":{"line":210,"column":18},"end":{"line":210,"column":44}},{"start":{"line":210,"column":40},"end":{"line":210,"column":44}}]},"37":{"loc":{"start":{"line":212,"column":14},"end":{"line":212,"column":33}},"type":"cond-expr","locations":[{"start":{"line":212,"column":14},"end":{"line":212,"column":20}},{"start":{"line":212,"column":24},"end":{"line":212,"column":33}}]},"38":{"loc":{"start":{"line":212,"column":14},"end":{"line":212,"column":24}},"type":"binary-expr","locations":[{"start":{"line":212,"column":14},"end":{"line":212,"column":24}},{"start":{"line":212,"column":14},"end":{"line":212,"column":24}}]},"39":{"loc":{"start":{"line":214,"column":4},"end":{"line":214,"column":28}},"type":"cond-expr","locations":[{"start":{"line":214,"column":22},"end":{"line":214,"column":26}},{"start":{"line":214,"column":26},"end":{"line":214,"column":28}}]},"40":{"loc":{"start":{"line":214,"column":4},"end":{"line":214,"column":26}},"type":"binary-expr","locations":[{"start":{"line":214,"column":4},"end":{"line":214,"column":26}},{"start":{"line":214,"column":22},"end":{"line":214,"column":26}}]},"41":{"loc":{"start":{"line":247,"column":42},"end":{"line":247,"column":63}},"type":"cond-expr","locations":[{"start":{"line":247,"column":53},"end":{"line":247,"column":57}},{"start":{"line":247,"column":57},"end":{"line":247,"column":63}}]},"42":{"loc":{"start":{"line":247,"column":42},"end":{"line":247,"column":57}},"type":"binary-expr","locations":[{"start":{"line":247,"column":42},"end":{"line":247,"column":57}},{"start":{"line":247,"column":53},"end":{"line":247,"column":57}}]}},"s":{"0":8,"1":8,"2":8,"3":8,"4":57,"5":57,"6":57,"7":57,"8":57,"9":57,"10":57,"11":57,"12":57,"13":57,"14":57,"15":57,"16":167,"17":57,"18":57,"19":57,"20":57,"21":57,"22":57,"23":11,"24":11,"25":11,"26":11,"27":11,"28":11,"29":46,"30":44,"31":44,"32":44,"33":44,"34":44,"35":6,"36":5,"37":5,"38":1,"39":5,"40":5,"41":4,"42":1,"43":0,"44":56,"45":56,"46":56,"47":54,"48":54,"49":54,"50":0,"51":56,"52":56,"53":56,"54":8,"55":8,"56":43,"57":43,"58":43,"59":43,"60":50,"61":50,"62":50,"63":50,"64":57,"65":57,"66":56,"67":56,"68":56,"69":56,"70":728,"71":728,"72":728,"73":728,"74":42,"75":8},"f":{"0":57,"1":167,"2":43},"b":{"0":[11,46],"1":[3,8],"2":[11,3],"3":[44],"4":[6],"5":[5],"6":[0,1],"7":[1,1],"8":[4,1],"9":[0,4],"10":[4,0],"11":[0,4],"12":[4,4],"13":[0,1],"14":[1,0],"15":[0,1],"16":[1,1],"17":[0,0],"18":[0,0],"19":[54],"20":[56,54],"21":[54,2],"22":[56,56],"23":[11,45],"24":[56,56],"25":[0,56],"26":[56,0],"27":[0,56],"28":[56,56],"29":[0,56],"30":[56,56],"31":[0,56],"32":[56,56],"33":[56,0],"34":[56,56],"35":[0,56],"36":[56,0],"37":[8,48],"38":[56,8],"39":[0,56],"40":[56,56],"41":[19,31],"42":[50,50]}}
,"/Users/saadahmad/Documents/Projects/arvo-event-handler/src/ArvoOrchestrationUtils/error.ts": {"path":"/Users/saadahmad/Documents/Projects/arvo-event-handler/src/ArvoOrchestrationUtils/error.ts","statementMap":{"0":{"start":{"line":1,"column":0},"end":{"line":1,"column":77}},"1":{"start":{"line":6,"column":13},"end":{"line":17,"column":11}},"2":{"start":{"line":27,"column":0},"end":{"line":27,"column":83}},"3":{"start":{"line":27,"column":42},"end":{"line":27,"column":56}},"4":{"start":{"line":36,"column":4},"end":{"line":42,"column":7}},"5":{"start":{"line":43,"column":4},"end":{"line":43,"column":29}},"6":{"start":{"line":45,"column":0},"end":{"line":45,"column":null}},"7":{"start":{"line":27,"column":13},"end":{"line":27,"column":33}},"8":{"start":{"line":54,"column":43},"end":{"line":60,"column":1}},"9":{"start":{"line":55,"column":2},"end":{"line":59,"column":4}},"10":{"start":{"line":54,"column":13},"end":{"line":54,"column":43}}},"fnMap":{"0":{"name":"(anonymous_6)","decl":{"start":{"line":27,"column":0},"end":{"line":27,"column":13}},"loc":{"start":{"line":27,"column":0},"end":{"line":45,"column":null}}},"1":{"name":"TransactionViolation","decl":{"start":{"line":31,"column":2},"end":{"line":31,"column":14}},"loc":{"start":{"line":35,"column":3},"end":{"line":44,"column":3}}},"2":{"name":"(anonymous_8)","decl":{"start":{"line":54,"column":43},"end":{"line":54,"column":44}},"loc":{"start":{"line":54,"column":97},"end":{"line":60,"column":1}}}},"branchMap":{"0":{"loc":{"start":{"line":36,"column":4},"end":{"line":42,"column":7}},"type":"binary-expr","locations":[{"start":{"line":36,"column":4},"end":{"line":42,"column":6}},{"start":{"line":42,"column":6},"end":{"line":42,"column":7}}]},"1":{"loc":{"start":{"line":56,"column":4},"end":{"line":58,"column":68}},"type":"binary-expr","locations":[{"start":{"line":56,"column":4},"end":{"line":56,"column":27}},{"start":{"line":57,"column":5},"end":{"line":57,"column":70}},{"start":{"line":58,"column":5},"end":{"line":58,"column":67}}]},"2":{"loc":{"start":{"line":58,"column":5},"end":{"line":58,"column":67}},"type":"cond-expr","locations":[{"start":{"line":58,"column":14},"end":{"line":58,"column":60}},{"start":{"line":58,"column":63},"end":{"line":58,"column":67}}]}},"s":{"0":8,"1":8,"2":8,"3":8,"4":4,"5":4,"6":8,"7":8,"8":8,"9":0,"10":8},"f":{"0":8,"1":4,"2":0},"b":{"0":[4,0],"1":[0,0,0],"2":[0,0]}}
,"/Users/saadahmad/Documents/Projects/arvo-event-handler/src/ArvoOrchestrationUtils/handlerErrors.ts": {"path":"/Users/saadahmad/Documents/Projects/arvo-event-handler/src/ArvoOrchestrationUtils/handlerErrors.ts","statementMap":{"0":{"start":{"line":1,"column":0},"end":{"line":1,"column":63}},"1":{"start":{"line":2,"column":0},"end":{"line":2,"column":null}},"2":{"start":{"line":17,"column":0},"end":{"line":17,"column":51}},"3":{"start":{"line":19,"column":0},"end":{"line":19,"column":47}},"4":{"start":{"line":20,"column":0},"end":{"line":20,"column":35}},"5":{"start":{"line":22,"column":0},"end":{"line":22,"column":89}},"6":{"start":{"line":62,"column":39},"end":{"line":137,"column":1}},"7":{"start":{"line":63,"column":7},"end":{"line":63,"column":null}},"8":{"start":{"line":64,"column":7},"end":{"line":64,"column":null}},"9":{"start":{"line":65,"column":13},"end":{"line":65,"column":null}},"10":{"start":{"line":66,"column":57},"end":{"line":66,"column":null}},"11":{"start":{"line":67,"column":13},"end":{"line":67,"column":null}},"12":{"start":{"line":68,"column":14},"end":{"line":68,"column":null}},"13":{"start":{"line":69,"column":19},"end":{"line":69,"column":null}},"14":{"start":{"line":70,"column":16},"end":{"line":70,"column":null}},"15":{"start":{"line":71,"column":8},"end":{"line":71,"column":null}},"16":{"start":{"line":72,"column":8},"end":{"line":72,"column":null}},"17":{"start":{"line":73,"column":13},"end":{"line":73,"column":null}},"18":{"start":{"line":80,"column":67},"end":{"line":80,"column":71}},"19":{"start":{"line":81,"column":50},"end":{"line":81,"column":54}},"20":{"start":{"line":83,"column":2},"end":{"line":93,"column":3}},"21":{"start":{"line":84,"column":4},"end":{"line":84,"column":61}},"22":{"start":{"line":85,"column":4},"end":{"line":92,"column":5}},"23":{"start":{"line":86,"column":6},"end":{"line":86,"column":73}},"24":{"start":{"line":88,"column":6},"end":{"line":91,"column":9}},"25":{"start":{"line":95,"column":21},"end":{"line":105,"column":null}},"26":{"start":{"line":98,"column":10},"end":{"line":103,"column":null}},"27":{"start":{"line":107,"column":30},"end":{"line":107,"column":32}},"28":{"start":{"line":109,"column":2},"end":{"line":135,"column":3}},"29":{"start":{"line":109,"column":21},"end":{"line":109,"column":26}},"30":{"start":{"line":109,"column":21},"end":{"line":109,"column":43}},"31":{"start":{"line":109,"column":17},"end":{"line":109,"column":21}},"32":{"start":{"line":110,"column":27},"end":{"line":110,"column":114}},"33":{"start":{"line":111,"column":4},"end":{"line":134,"column":6}},"34":{"start":{"line":136,"column":2},"end":{"line":136,"column":16}},"35":{"start":{"line":62,"column":13},"end":{"line":62,"column":39}},"36":{"start":{"line":149,"column":41},"end":{"line":237,"column":2}},"37":{"start":{"line":154,"column":12},"end":{"line":237,"column":2}},"38":{"start":{"line":165,"column":8},"end":{"line":165,"column":64}},"39":{"start":{"line":171,"column":8},"end":{"line":175,"column":8}},"40":{"start":{"line":177,"column":2},"end":{"line":177,"column":31}},"41":{"start":{"line":178,"column":2},"end":{"line":181,"column":5}},"42":{"start":{"line":191,"column":2},"end":{"line":200,"column":3}},"43":{"start":{"line":192,"column":4},"end":{"line":195,"column":7}},"44":{"start":{"line":196,"column":4},"end":{"line":199,"column":6}},"45":{"start":{"line":202,"column":2},"end":{"line":218,"column":7}},"46":{"start":{"line":214,"column":6},"end":{"line":217,"column":9}},"47":{"start":{"line":220,"column":2},"end":{"line":223,"column":5}},"48":{"start":{"line":225,"column":8},"end":{"line":225,"column":74}},"49":{"start":{
[...]
,"/Users/saadahmad/Documents/Projects/arvo-event-handler/src/utils/SimpleEventBroker/index.ts": {"path":"/Users/saadahmad/Documents/Projects/arvo-event-handler/src/utils/SimpleEventBroker/index.ts","statementMap":{"0":{"start":{"line":3,"column":0},"end":{"line":3,"column":41}},"1":{"start":{"line":48,"column":0},"end":{"line":48,"column":13}},"2":{"start":{"line":55,"column":19},"end":{"line":55,"column":49}},"3":{"start":{"line":58,"column":4},"end":{"line":58,"column":33}},"4":{"start":{"line":59,"column":4},"end":{"line":59,"column":20}},"5":{"start":{"line":60,"column":4},"end":{"line":60,"column":21}},"6":{"start":{"line":61,"column":4},"end":{"line":61,"column":30}},"7":{"start":{"line":62,"column":4},"end":{"line":62,"column":45}},"8":{"start":{"line":63,"column":4},"end":{"line":63,"column":40}},"9":{"start":{"line":69,"column":2},"end":{"line":71,"column":null}},"10":{"start":{"line":70,"column":4},"end":{"line":70,"column":47}},"11":{"start":{"line":82,"column":2},"end":{"line":101,"column":null}},"12":{"start":{"line":82,"column":2},"end":{"line":82,"column":11}},"13":{"start":{"line":82,"column":54},"end":{"line":82,"column":null}},"14":{"start":{"line":83,"column":4},"end":{"line":85,"column":5}},"15":{"start":{"line":84,"column":6},"end":{"line":84,"column":45}},"16":{"start":{"line":87,"column":4},"end":{"line":89,"column":5}},"17":{"start":{"line":88,"column":6},"end":{"line":88,"column":73}},"18":{"start":{"line":92,"column":21},"end":{"line":92,"column":49}},"19":{"start":{"line":93,"column":4},"end":{"line":93,"column":26}},"20":{"start":{"line":95,"column":4},"end":{"line":100,"column":6}},"21":{"start":{"line":96,"column":6},"end":{"line":96,"column":31}},"22":{"start":{"line":97,"column":6},"end":{"line":99,"column":7}},"23":{"start":{"line":98,"column":8},"end":{"line":98,"column":39}},"24":{"start":{"line":108,"column":8},"end":{"line":123,"column":null}},"25":{"start":{"line":109,"column":4},"end":{"line":111,"column":5}},"26":{"start":{"line":110,"column":6},"end":{"line":110,"column":57}},"27":{"start":{"line":113,"column":4},"end":{"line":115,"column":5}},"28":{"start":{"line":114,"column":6},"end":{"line":114,"column":78}},"29":{"start":{"line":117,"column":4},"end":{"line":117,"column":27}},"30":{"start":{"line":118,"column":4},"end":{"line":118,"column":28}},"31":{"start":{"line":120,"column":8},"end":{"line":120,"column":9}},"32":{"start":{"line":121,"column":6},"end":{"line":121,"column":32}},"33":{"start":{"line":128,"column":2},"end":{"line":130,"column":null}},"34":{"start":{"line":129,"column":4},"end":{"line":129,"column":29}},"35":{"start":{"line":135,"column":2},"end":{"line":137,"column":null}},"36":{"start":{"line":136,"column":4},"end":{"line":136,"column":50}},"37":{"start":{"line":151,"column":16},"end":{"line":185,"column":null}},"38":{"start":{"line":152,"column":4},"end":{"line":152,"column":34}},"39":{"start":{"line":152,"column":27},"end":{"line":152,"column":34}},"40":{"start":{"line":153,"column":4},"end":{"line":153,"column":29}},"41":{"start":{"line":157,"column":14},"end":{"line":157,"column":39}},"42":{"start":{"line":158,"column":8},"end":{"line":158,"column":null}},"43":{"start":{"line":158,"column":29},"end":{"line":158,"column":null}},"44":{"start":{"line":159,"column":12},"end":{"line":159,"column":17}},"45":{"start":{"line":160,"column":10},"end":{"line":160,"column":55}},"46":{"start":{"line":163,"column":14},"end":{"line":163,"column":62}},"47":{"start":{"line":165,"column":8},"end":{"line":168,"column":9}},"48":{"start":{"line":166,"column":10},"end":{"line":166,"column":95}},"49":{"start":{"line":170,"column":14},"end":{"line":178,"column":10}},"50":{"start":{"line":171,"column":10},"end":{"line":177,"column":null}},"51":{"start":{"line":172,"column":12},"end":{"line":176,"column":13}},"52":{"start":{"line":173,"column":14},"end":{"line":173,"column":41}},"53":{"start":{"line":175,"column":14},"end":{"line":175,"column":60}},"54":{"start":{"line":180,"column":8},"end":{"line":180,"column":43}},"55":{"start":{"line":156,"column":13},"end":{"line":156,"column":null}},"56":{"start":{"line":156,"column":34},"end":{"line":156,"column":null}},"57":{"start":{"line":183,"column":6},"end":{"line":183,"column":32}},"58":{"start":{"line":186,"column":0},"end":{"line":186,"column":null}},"59":{"start":{"line":48,"column":13},"end":{"line":48,"column":30}}},"fnMap":{"0":{"name":"(anonymous_13)","decl":{"start":{"line":48,"column":0},"end":{"line":48,"column":13}},"loc":{"start":{"line":48,"column":0},"end":{"line":186,"column":null}}},"1":{"name":"SimpleEventBroker","decl":{"start":{"line":57,"column":2},"end":{"line":57,"column":14}},"loc":{"start":{"line":57,"column":38},"end":{"line":64,"column":3}}},"2":{"name":"(anonymous_15)","decl":{"start":{"line":69,"column":2},"end":{"line":69,"column":13}},"loc":{"start":{"line":69,"column":2},"end":{"line":71,"column":3}}},"3":{"name":"(anonymous_16)","decl":{"start":{"line":82,"column":2},"end":{"line":82,"column":11}},"loc":{"start":{"line":82,"column":74},"end":{"line":101,"column":3}}},"4":{"name":"(anonymous_17)","decl":{"start":{"line":95,"column":11},"end":{"line":95,"column":null}},"loc":{"start":{"line":95,"column":11},"end":{"line":100,"column":5}}},"5":{"name":"(anonymous_18)","decl":{"start":{"line":108,"column":2},"end":{"line":108,"column":8}},"loc":{"start":{"line":108,"column":32},"end":{"line":123,"column":null}}},"6":{"name":"(anonymous_21)","decl":{"start":{"line":128,"column":2},"end":{"line":128,"column":6}},"loc":{"start":{"line":128,"column":2},"end":{"line":130,"column":3}}},"7":{"name":"(anonymous_22)","decl":{"start":{"line":135,"column":2},"end":{"line":135,"column":20}},"loc":{"start":{"line":135,"column":34},"end":{"line":137,"column":3}}},"8":{"name":"(anonymous_23)","decl":{"start":{"line":151,"column":2},"end":{"line":151,"column":16}},"loc":{"start":{"line":151,"column":2},"end":{"line":185,"column":null}}},"9":{"name":"(anonymous_28)","decl":{"start":{"line":170,"column":57},"end":{"line":170,"column":58}},"loc":{"start":{"line":170,"column":65},"end":{"line":171,"column":17}}},"10":{"name":"(anonymous_29)","decl":{"start":{"line":171,"column":56},"end":{"line":171,"column":57}},"loc":{"start":{"line":171,"column":62},"end":{"line":177,"column":11}}}},"branchMap":{"0":{"loc":{"start":{"line":82,"column":54},"end":{"line":82,"column":null}},"type":"if","locations":[{"start":{"line":82,"column":54},"end":{"line":82,"column":null}}]},"1":{"loc":{"start":{"line":83,"column":4},"end":{"line":85,"column":5}},"type":"if","locations":[{"start":{"line":83,"column":4},"end":{"line":85,"column":5}}]},"2":{"loc":{"start":{"line":87,"column":4},"end":{"line":89,"column":5}},"type":"if","locations":[{"start":{"line":87,"column":4},"end":{"line":89,"column":5}}]},"3":{"loc":{"start":{"line":87,"column":8},"end":{"line":87,"column":68}},"type":"binary-expr","locations":[{"start":{"line":87,"column":8},"end":{"line":87,"column":20}},{"start":{"line":87,"column":24},"end":{"line":87,"column":68}}]},"4":{"loc":{"start":{"line":87,"column":25},"end":{"line":87,"column":63}},"type":"cond-expr","locations":[{"start":{"line":87,"column":58},"end":{"line":87,"column":62}},{"start":{"line":87,"column":62},"end":{"line":87,"column":63}}]},"5":{"loc":{"start":{"line":87,"column":25},"end":{"line":87,"column":62}},"type":"binary-expr","locations":[{"start":{"line":87,"column":25},"end":{"line":87,"column":62}},{"start":{"line":87,"column":58},"end":{"line":87,"column":62}}]},"6":{"loc":{"start":{"line":87,"column":25},"end":{"line":87,"column":58}},"type":"cond-expr","locations":[{"start":{"line":87,"column":52},"end":{"line":87,"column":54}},{"start":{"line":87,"column":52},"end":{"line":87,"column":58}}]},"7":{"loc":{"start":{"line":87,"column":25},"end":{"line":87,"column":54}},"type":"binary-expr","locations":[{"start":{"line":87,"column":25},"end":{"line":87,"column":54}},{"start":{"line":87,"column":52},"end":{"line":87,"column":54}}]},"8":{"loc":{"start":{"line":97,"column":6},"end":{"line":99,"column":7}},"type":"if","locations":[{"start":{"line":97,"column":6},"end":{"line":99,"column":7}}]},"9":{"loc":{"start":{"line":109,"column":4},"end":{"line":111,"column":5}},"type":"if","locations":[{"start":{"line":109,"column":4},"end":{"line":111,"column":5}}]},"10":{"loc":{"start":{"line":113,"column":4},"end":{"line":115,"column":5}},"type":"if","locations":[{"start":{"line":113,"column":4},"end":{"line":115,"column":5}}]},"11":{"loc":{"start":{"line":120,"column":8},"end":{"line":120,"column":9}},"type":"if","locations":[{"start":{"line":120,"column":8},"end":{"line":120,"column":9}}]},"12":{"loc":{"start":{"line":136,"column":11},"end":{"line":136,"column":49}},"type":"cond-expr","locations":[{"start":{"line":136,"column":44},"end":{"line":136,"column":48}},{"start":{"line":136,"column":48},"end":{"line":136,"column":49}}]},"13":{"loc":{"start":{"line":136,"column":11},"end":{"line":136,"column":48}},"type":"binary-expr","locations":[{"start":{"line":136,"column":11},"end":{"line":136,"column":48}},{"start":{"line":136,"column":44},"end":{"line":136,"column":48}}]},"14":{"loc":{"start":{"line":136,"column":11},"end":{"line":136,"column":44}},"type":"cond-expr","locations":[{"start":{"line":136,"column":38},"end":{"line":136,"column":40}},{"start":{"line":136,"column":38},"end":{"line":136,"column":44}}]},"15":{"loc":{"start":{"line":136,"column":11},"end":{"line":136,"column":40}},"type":"binary-expr","locations":[{"start":{"line":136,"column":11},"end":{"line":136,"column":40}},{"start":{"line":136,"column":38},"end":{"line":136,"column":40}}]},"16":{"loc":{"start":{"line":152,"column":4},"end":{"line":152,"column":34}},"type":"if","locations":[{"start":{"line":152,"column":4},"end":{"line":152,"column":34}}]},"17":{"loc":{"start":{"line":158,"column":8},"end":{"line":158,"column":null}},"type":"if","locations":[{"start":{"line":158,"column":8},"end":{"line":158,"column":null}}]},"18":{"loc":{"start":{"line":159,"column":12},"end":{"line":159,"column":17}},"type":"if","locations":[{"start":{"line":159,"column":12},"end":{"line":159,"column":17}}]},"19":{"loc":{"start":{"line":163,"column":46},"end":{"line":163,"column":60}},"type":"cond-expr","locations":[{"start":{"line":163,"column":54},"end":{"line":163,"column":58}},{"start":{"line":163,"column":58},"end":{"line":163,"column":60}}]},"20":{"loc":{"start":{"line":163,"column":46},"end":{"line":163,"column":58}},"type":"binary-expr","locations":[{"start":{"line":163,"column":46},"end":{"line":163,"column":58}},{"start":{"line":163,"column":54},"end":{"line":163,"column":58}}]},"21":{"loc":{"start":{"line":165,"column":8},"end":{"line":168,"column":9}},"type":"if","locations":[{"start":{"line":165,"column":8},"end":{"line":168,"column":9}}]},"22":{"loc":{"start":{"line":165,"column":13},"end":{"line":165,"column":27}},"type":"cond-expr","locations":[{"start":{"line":165,"column":21},"end":{"line":165,"column":23}},{"start":{"line":165,"column":13},"end":{"line":165,"column":27}}]},"23":{"loc":{"start":{"line":165,"column":13},"end":{"line":165,"column":23}},"type":"binary-expr","locations":[{"start":{"line":165,"column":13},"end":{"line":165,"column":23}},{"start":{"line":165,"column":13},"end":{"line":165,"column":23}}]},"24":{"loc":{"start":{"line":172,"column":12},"end":{"line":176,"column":13}},"type":"if","locations":[{"start":{"line":172,"column":12},"end":{"line":176,"column":13}},{"start":{"line":174,"column":19},"end":{"line":176,"column":13}}]},"25":{"loc":{"start":{"line":156,"column":13},"end":{"line":156,"column":null}},"type":"if","locations":[{"start":{"line":156,"column":13},"end":{"line":156,"column":null}}]}},"s":{"0":8,"1":8,"2":6,"3":6,"4":6,"5":6,"6":6,"7":6,"8":6,"9":8,"10":2,"11":8,"12":47,"13":54,"14":47,"15":47,"16":47,"17":0,"18":47,"19":47,"20":47,"21":0,"22":0,"23":0,"24":8,"25":59,"26":0,"27":59,"28":0,"29":59,"30":59,"31":112,"32":12,"33":8,"34":0,"35":8,"36":0,"37":8,"38":6,"39":0,"40":6,"41":59,"42":59,"43":0,"44":59,"45":118,"46":59,"47":59,"48":2,"49":57,"50":57,"51":1,"52":1,"53":0,"54":114,"55":65,"56":6,"57":6,"58":8,"59":8},"f":{"0":8,"1":6,"2":2,"3":47,"4":0,"5":59,"6":0,"7":0,"8":6,"9":57,"10":1},"b":{"0":[7],"1":[47],"2":[0],"3":[47,40],"4":[40,0],"5":[40,40],"6":[0,40],"7":[40,40],"8":[0],"9":[0],"10":[0],"11":[53],"12":[0,0],"13":[0,0],"14":[0,0],"15":[0,0],"16":[0],"17":[0],"18":[0],"19":[59,0],"20":[59,59],"21":[2],"22":[2,57],"23":[59,59],"24":[1,0],"25":[6]}}
,"/Users/saadahmad/Documents/Projects/arvo-event-handler/src/utils/SimpleEventBroker/utils.ts": {"path":"/Users/saadahmad/Documents/Projects/arvo-event-handler/src/utils/SimpleEventBroker/utils.ts","statementMap":{"0":{"start":{"line":1,"column":30},"end":{"line":2,"column":6}},"1":{"start":{"line":1,"column":31},"end":{"line":1,"column":null}},"2":{"start":{"line":2,"column":2},"end":{"line":4,"column":5}},"3":{"start":{"line":3,"column":4},"end":{"line":3,"column":33}},"4":{"start":{"line":1,"column":13},"end":{"line":1,"column":30}}},"fnMap":{"0":{"name":"(anonymous_0)","decl":{"start":{"line":1,"column":30},"end":{"line":1,"column":31}},"loc":{"start":{"line":1,"column":43},"end":{"line":2,"column":6}}},"1":{"name":"(anonymous_1)","decl":{"start":{"line":2,"column":20},"end":{"line":2,"column":21}},"loc":{"start":{"line":2,"column":28},"end":{"line":4,"column":3}}}},"branchMap":{"0":{"loc":{"start":{"line":1,"column":31},"end":{"line":1,"column":null}},"type":"if","locations":[{"start":{"line":1,"column":31},"end":{"line":1,"column":null}}]}},"s":{"0":8,"1":59,"2":59,"3":59,"4":8},"f":{"0":59,"1":59},"b":{"0":[0]}}
,"/Users/saadahmad/Documents/Projects/arvo-event-handler/src/utils/object/index.ts": {"path":"/Users/saadahmad/Documents/Projects/arvo-event-handler/src/utils/object/index.ts","statementMap":{"0":{"start":{"line":26,"column":0},"end":{"line":26,"column":16}},"1":{"start":{"line":27,"column":2},"end":{"line":31,"column":3}},"2":{"start":{"line":28,"column":4},"end":{"line":30,"column":6}},"3":{"start":{"line":33,"column":30},"end":{"line":33,"column":32}},"4":{"start":{"line":34,"column":48},"end":{"line":34,"column":67}},"5":{"start":{"line":36,"column":2},"end":{"line":51,"column":3}},"6":{"start":{"line":37,"column":23},"end":{"line":37,"column":34}},"7":{"start":{"line":38,"column":4},"end":{"line":38,"column":30}},"8":{"start":{"line":38,"column":21},"end":{"line":38,"column":30}},"9":{"start":{"line":39,"column":51},"end":{"line":39,"column":62}},"10":{"start":{"line":41,"column":4},"end":{"line":50,"column":5}},"11":{"start":{"line":42,"column":6},"end":{"line":42,"column":60}},"12":{"start":{"line":44,"column":6},"end":{"line":49,"column":7}},"13":{"start":{"line":46,"column":8},"end":{"line":48,"column":9}},"14":{"start":{"line":47,"column":10},"end":{"line":47,"column":78}},"15":{"start":{"line":53,"column":2},"end":{"line":53,"column":16}},"16":{"start":{"line":67,"column":33},"end":{"line":73,"column":1}},"17":{"start":{"line":68,"column":2},"end":{"line":70,"column":3}},"18":{"start":{"line":69,"column":4},"end":{"line":69,"column":33}},"19":{"start":{"line":71,"column":21},"end":{"line":71,"column":60}},"20":{"start":{"line":71,"column":42},"end":{"line":71,"column":50}},"21":{"start":{"line":72,"column":2},"end":{"line":72,"column":39}},"22":{"start":{"line":67,"column":13},"end":{"line":67,"column":33}}},"fnMap":{"0":{"name":"getAllPaths","decl":{"start":{"line":26,"column":16},"end":{"line":26,"column":27}},"loc":{"start":{"line":26,"column":52},"end":{"line":54,"column":1}}},"1":{"name":"(anonymous_1)","decl":{"start":{"line":67,"column":33},"end":{"line":67,"column":34}},"loc":{"start":{"line":67,"column":49},"end":{"line":73,"column":1}}},"2":{"name":"(anonymous_2)","decl":{"start":{"line":71,"column":35},"end":{"line":71,"column":36}},"loc":{"start":{"line":71,"column":37},"end":{"line":71,"column":46}}}},"branchMap":{"0":{"loc":{"start":{"line":27,"column":2},"end":{"line":31,"column":3}},"type":"if","locations":[{"start":{"line":27,"column":2},"end":{"line":31,"column":3}}]},"1":{"loc":{"start":{"line":27,"column":6},"end":{"line":27,"column":67}},"type":"binary-expr","locations":[{"start":{"line":27,"column":6},"end":{"line":27,"column":10}},{"start":{"line":27,"column":14},"end":{"line":27,"column":67}}]},"2":{"loc":{"start":{"line":27,"column":16},"end":{"line":27,"column":66}},"type":"binary-expr","locations":[{"start":{"line":27,"column":16},"end":{"line":27,"column":39}},{"start":{"line":27,"column":43},"end":{"line":27,"column":66}}]},"3":{"loc":{"start":{"line":38,"column":4},"end":{"line":38,"column":30}},"type":"if","locations":[{"start":{"line":38,"column":4},"end":{"line":38,"column":30}}]},"4":{"loc":{"start":{"line":41,"column":4},"end":{"line":50,"column":5}},"type":"if","locations":[{"start":{"line":41,"column":4},"end":{"line":50,"column":5}},{"start":{"line":43,"column":11},"end":{"line":50,"column":5}}]},"5":{"loc":{"start":{"line":41,"column":8},"end":{"line":41,"column":61}},"type":"binary-expr","locations":[{"start":{"line":41,"column":8},"end":{"line":41,"column":38}},{"start":{"line":41,"column":42},"end":{"line":41,"column":61}}]},"6":{"loc":{"start":{"line":46,"column":8},"end":{"line":48,"column":9}},"type":"if","locations":[{"start":{"line":46,"column":8},"end":{"line":48,"column":9}}]},"7":{"loc":{"start":{"line":68,"column":2},"end":{"line":70,"column":3}},"type":"if","locations":[{"start":{"line":68,"column":2},"end":{"line":70,"column":3}}]},"8":{"loc":{"start":{"line":68,"column":8},"end":{"line":68,"column":23}},"type":"binary-expr","locations":[{"start":{"line":68,"column":8},"end":{"line":68,"column":17}},{"start":{"line":68,"column":21},"end":{"line":68,"column":23}}]}},"s":{"0":9,"1":25,"2":3,"3":22,"4":22,"5":22,"6":402,"7":402,"8":0,"9":804,"10":402,"11":192,"12":210,"13":380,"14":380,"15":22,"16":9,"17":4,"18":1,"19":3,"20":5,"21":3,"22":9},"f":{"0":25,"1":4,"2":5},"b":{"0":[3],"1":[25,23],"2":[23,23],"3":[0],"4":[192,210],"5":[402,211],"6":[380],"7":[1],"8":[4,0]}}
}
