{"/Users/saadahmad/Documents/Projects/arvo-event-handler/src/ArvoDomain.ts": {"path":"/Users/saadahmad/Documents/Projects/arvo-event-handler/src/ArvoDomain.ts","statementMap":{"0":{"start":{"line":9,"column":13},"end":{"line":37,"column":11}},"1":{"start":{"line":56,"column":34},"end":{"line":81,"column":1}},"2":{"start":{"line":62,"column":27},"end":{"line":62,"column":52}},"3":{"start":{"line":64,"column":2},"end":{"line":78,"column":3}},"4":{"start":{"line":65,"column":28},"end":{"line":65,"column":86}},"5":{"start":{"line":67,"column":4},"end":{"line":69,"column":5}},"6":{"start":{"line":68,"column":6},"end":{"line":68,"column":49}},"7":{"start":{"line":71,"column":4},"end":{"line":73,"column":5}},"8":{"start":{"line":72,"column":6},"end":{"line":72,"column":46}},"9":{"start":{"line":75,"column":4},"end":{"line":77,"column":5}},"10":{"start":{"line":76,"column":6},"end":{"line":76,"column":42}},"11":{"start":{"line":80,"column":2},"end":{"line":80,"column":31}},"12":{"start":{"line":56,"column":13},"end":{"line":56,"column":34}}},"fnMap":{"0":{"name":"(anonymous_0)","decl":{"start":{"line":56,"column":34},"end":{"line":56,"column":35}},"loc":{"start":{"line":61,"column":1},"end":{"line":81,"column":1}}}},"branchMap":{"0":{"loc":{"start":{"line":64,"column":2},"end":{"line":78,"column":3}},"type":"if","locations":[{"start":{"line":64,"column":2},"end":{"line":78,"column":3}}]},"1":{"loc":{"start":{"line":64,"column":6},"end":{"line":64,"column":116}},"type":"binary-expr","locations":[{"start":{"line":64,"column":6},"end":{"line":64,"column":27}},{"start":{"line":64,"column":31},"end":{"line":64,"column":116}}]},"2":{"loc":{"start":{"line":67,"column":4},"end":{"line":69,"column":5}},"type":"if","locations":[{"start":{"line":67,"column":4},"end":{"line":69,"column":5}}]},"3":{"loc":{"start":{"line":68,"column":13},"end":{"line":68,"column":48}},"type":"cond-expr","locations":[{"start":{"line":68,"column":40},"end":{"line":68,"column":44}},{"start":{"line":68,"column":44},"end":{"line":68,"column":48}}]},"4":{"loc":{"start":{"line":68,"column":13},"end":{"line":68,"column":44}},"type":"binary-expr","locations":[{"start":{"line":68,"column":13},"end":{"line":68,"column":44}},{"start":{"line":68,"column":40},"end":{"line":68,"column":44}}]},"5":{"loc":{"start":{"line":68,"column":13},"end":{"line":68,"column":40}},"type":"cond-expr","locations":[{"start":{"line":68,"column":32},"end":{"line":68,"column":34}},{"start":{"line":68,"column":32},"end":{"line":68,"column":40}}]},"6":{"loc":{"start":{"line":68,"column":13},"end":{"line":68,"column":34}},"type":"binary-expr","locations":[{"start":{"line":68,"column":13},"end":{"line":68,"column":34}},{"start":{"line":68,"column":32},"end":{"line":68,"column":34}}]},"7":{"loc":{"start":{"line":71,"column":4},"end":{"line":73,"column":5}},"type":"if","locations":[{"start":{"line":71,"column":4},"end":{"line":73,"column":5}}]},"8":{"loc":{"start":{"line":75,"column":4},"end":{"line":77,"column":5}},"type":"if","locations":[{"start":{"line":75,"column":4},"end":{"line":77,"column":5}}]}},"s":{"0":8,"1":8,"2":124,"3":124,"4":6,"5":6,"6":1,"7":5,"8":3,"9":2,"10":2,"11":118,"12":8},"f":{"0":124},"b":{"0":[6],"1":[124,25],"2":[1],"3":[1,0],"4":[1,1],"5":[0,1],"6":[1,1],"7":[3],"8":[2]}}
,"/Users/saadahmad/Documents/Projects/arvo-event-handler/src/errors.ts": {"path":"/Users/saadahmad/Documents/Projects/arvo-event-handler/src/errors.ts","statementMap":{"0":{"start":{"line":1,"column":0},"end":{"line":1,"column":43}},"1":{"start":{"line":13,"column":0},"end":{"line":13,"column":65}},"2":{"start":{"line":13,"column":39},"end":{"line":13,"column":53}},"3":{"start":{"line":15,"column":4},"end":{"line":19,"column":7}},"4":{"start":{"line":21,"column":0},"end":{"line":21,"column":null}},"5":{"start":{"line":13,"column":13},"end":{"line":13,"column":30}},"6":{"start":{"line":33,"column":0},"end":{"line":33,"column":61}},"7":{"start":{"line":33,"column":37},"end":{"line":33,"column":51}},"8":{"start":{"line":35,"column":4},"end":{"line":39,"column":7}},"9":{"start":{"line":41,"column":0},"end":{"line":41,"column":null}},"10":{"start":{"line":33,"column":13},"end":{"line":33,"column":28}},"11":{"start":{"line":52,"column":0},"end":{"line":52,"column":67}},"12":{"start":{"line":52,"column":40},"end":{"line":52,"column":54}},"13":{"start":{"line":54,"column":4},"end":{"line":58,"column":7}},"14":{"start":{"line":60,"column":0},"end":{"line":60,"column":null}},"15":{"start":{"line":52,"column":13},"end":{"line":52,"column":31}}},"fnMap":{"0":{"name":"(anonymous_6)","decl":{"start":{"line":13,"column":0},"end":{"line":13,"column":13}},"loc":{"start":{"line":13,"column":0},"end":{"line":21,"column":null}}},"1":{"name":"ContractViolation","decl":{"start":{"line":14,"column":2},"end":{"line":14,"column":14}},"loc":{"start":{"line":14,"column":61},"end":{"line":20,"column":3}}},"2":{"name":"(anonymous_8)","decl":{"start":{"line":33,"column":0},"end":{"line":33,"column":13}},"loc":{"start":{"line":33,"column":0},"end":{"line":41,"column":null}}},"3":{"name":"ConfigViolation","decl":{"start":{"line":34,"column":2},"end":{"line":34,"column":14}},"loc":{"start":{"line":34,"column":61},"end":{"line":40,"column":3}}},"4":{"name":"(anonymous_10)","decl":{"start":{"line":52,"column":0},"end":{"line":52,"column":13}},"loc":{"start":{"line":52,"column":0},"end":{"line":60,"column":null}}},"5":{"name":"ExecutionViolation","decl":{"start":{"line":53,"column":2},"end":{"line":53,"column":14}},"loc":{"start":{"line":53,"column":61},"end":{"line":59,"column":3}}}},"branchMap":{"0":{"loc":{"start":{"line":15,"column":4},"end":{"line":19,"column":7}},"type":"binary-expr","locations":[{"start":{"line":15,"column":4},"end":{"line":19,"column":6}},{"start":{"line":19,"column":6},"end":{"line":19,"column":7}}]},"1":{"loc":{"start":{"line":35,"column":4},"end":{"line":39,"column":7}},"type":"binary-expr","locations":[{"start":{"line":35,"column":4},"end":{"line":39,"column":6}},{"start":{"line":39,"column":6},"end":{"line":39,"column":7}}]},"2":{"loc":{"start":{"line":54,"column":4},"end":{"line":58,"column":7}},"type":"binary-expr","locations":[{"start":{"line":54,"column":4},"end":{"line":58,"column":6}},{"start":{"line":58,"column":6},"end":{"line":58,"column":7}}]}},"s":{"0":8,"1":8,"2":8,"3":5,"4":8,"5":8,"6":8,"7":8,"8":5,"9":8,"10":8,"11":8,"12":8,"13":4,"14":8,"15":8},"f":{"0":8,"1":5,"2":8,"3":5,"4":8,"5":4},"b":{"0":[5,0],"1":[5,0],"2":[4,0]}}
,"/Users/saadahmad/Documents/Projects/arvo-event-handler/src/index.ts": {"path":"/Users/saadahmad/Documents/Projects/arvo-event-handler/src/index.ts","statementMap":{"0":{"start":{"line":2,"column":0},"end":{"line":2,"column":7}},"1":{"start":{"line":42,"column":2},"end":{"line":2,"column":50}},"2":{"start":{"line":3,"column":0},"end":{"line":3,"column":9}},"3":{"start":{"line":43,"column":2},"end":{"line":3,"column":68}},"4":{"start":{"line":10,"column":0},"end":{"line":10,"column":9}},"5":{"start":{"line":57,"column":2},"end":{"line":10,"column":26}},"6":{"start":{"line":56,"column":2},"end":{"line":10,"column":45}},"7":{"start":{"line":58,"column":2},"end":{"line":10,"column":82}},"8":{"start":{"line":12,"column":0},"end":{"line":12,"column":9}},"9":{"start":{"line":51,"column":2},"end":{"line":12,"column":19}},"10":{"start":{"line":52,"column":2},"end":{"line":12,"column":38}},"11":{"start":{"line":50,"column":2},"end":{"line":12,"column":57}},"12":{"start":{"line":49,"column":2},"end":{"line":12,"column":92}},"13":{"start":{"line":13,"column":0},"end":{"line":13,"column":38}},"14":{"start":{"line":14,"column":0},"end":{"line":14,"column":7}},"15":{"start":{"line":59,"column":2},"end":{"line":14,"column":40}},"16":{"start":{"line":15,"column":0},"end":{"line":15,"column":9}},"17":{"start":{"line":60,"column":2},"end":{"line":15,"column":63}},"18":{"start":{"line":17,"column":0},"end":{"line":17,"column":9}},"19":{"start":{"line":75,"column":2},"end":{"line":17,"column":54}},"20":{"start":{"line":18,"column":0},"end":{"line":18,"column":9}},"21":{"start":{"line":73,"column":2},"end":{"line":18,"column":31}},"22":{"start":{"line":74,"column":2},"end":{"line":18,"column":91}},"23":{"start":{"line":19,"column":0},"end":{"line":19,"column":9}},"24":{"start":{"line":76,"column":2},"end":{"line":19,"column":68}},"25":{"start":{"line":21,"column":0},"end":{"line":21,"column":9}},"26":{"start":{"line":65,"column":2},"end":{"line":21,"column":66}},"27":{"start":{"line":24,"column":0},"end":{"line":24,"column":9}},"28":{"start":{"line":70,"column":2},"end":{"line":24,"column":61}},"29":{"start":{"line":25,"column":0},"end":{"line":25,"column":9}},"30":{"start":{"line":79,"column":2},"end":{"line":25,"column":81}},"31":{"start":{"line":27,"column":0},"end":{"line":27,"column":9}},"32":{"start":{"line":64,"column":2},"end":{"line":27,"column":52}},"33":{"start":{"line":29,"column":0},"end":{"line":29,"column":9}},"34":{"start":{"line":77,"column":2},"end":{"line":29,"column":62}},"35":{"start":{"line":30,"column":0},"end":{"line":30,"column":9}},"36":{"start":{"line":78,"column":2},"end":{"line":30,"column":75}},"37":{"start":{"line":31,"column":0},"end":{"line":31,"column":9}},"38":{"start":{"line":81,"column":2},"end":{"line":31,"column":48}},"39":{"start":{"line":32,"column":0},"end":{"line":32,"column":9}},"40":{"start":{"line":82,"column":2},"end":{"line":32,"column":62}},"41":{"start":{"line":34,"column":0},"end":{"line":34,"column":9}},"42":{"start":{"line":85,"column":2},"end":{"line":34,"column":21}},"43":{"start":{"line":86,"column":2},"end":{"line":34,"column":62}},"44":{"start":{"line":36,"column":15},"end":{"line":39,"column":2}},"45":{"start":{"line":80,"column":2},"end":{"line":80,"column":8}}},"fnMap":{"0":{"name":"(anonymous_1)","decl":{"start":{"line":43,"column":2},"end":{"line":43,"column":24}},"loc":{"start":{"line":43,"column":2},"end":{"line":3,"column":68}}},"1":{"name":"(anonymous_2)","decl":{"start":{"line":57,"column":2},"end":{"line":57,"column":17}},"loc":{"start":{"line":57,"column":2},"end":{"line":10,"column":26}}},"2":{"name":"(anonymous_3)","decl":{"start":{"line":56,"column":2},"end":{"line":56,"column":19}},"loc":{"start":{"line":56,"column":2},"end":{"line":10,"column":45}}},"3":{"name":"(anonymous_4)","decl":{"start":{"line":58,"column":2},"end":{"line":58,"column":20}},"loc":{"start":{"line":58,"column":2},"end":{"line":10,"column":82}}},"4":{"name":"(anonymous_5)","decl":{"start":{"line":51,"column":2},"end":{"line":51,"column":10}},"loc":{"start":{"line":51,"column":2},"end":{"line":12,"column":19}}},"5":{"name":"(anonymous_6)","decl":{"start":{"line":52,"column":2},"end":{"line":52,"column":19}},"loc":{"start":{"line":52,"column":2},"end":{"line":12,"column":38}}},"6":{"name":"(anonymous_7)","decl":{"start":{"line":50,"column":2},"end":{"line":50,"column":19}},"loc":{"start":{"line":50,"column":2},"end":{"line":12,"column":57}}},"7":{"name":"(anonymous_8)","decl":{"start":{"line":49,"column":2},"end":{"line":49,"column":19}},"loc":{"start":{"line":49,"column":2},"end":{"line":12,"column":92}}},"8":{"name":"(anonymous_9)","decl":{"start":{"line":60,"column":2},"end":{"line":60,"column":18}},"loc":{"start":{"line":60,"column":2},"end":{"line":15,"column":63}}},"9":{"name":"(anonymous_10)","decl":{"start":{"line":75,"column":2},"end":{"line":75,"column":18}},"loc":{"start":{"line":75,"column":2},"end":{"line":17,"column":54}}},"10":{"name":"(anonymous_11)","decl":{"start":{"line":73,"column":2},"end":{"line":73,"column":22}},"loc":{"start":{"line":73,"column":2},"end":{"line":18,"column":31}}},"11":{"name":"(anonymous_12)","decl":{"start":{"line":74,"column":2},"end":{"line":74,"column":27}},"loc":{"start":{"line":74,"column":2},"end":{"line":18,"column":91}}},"12":{"name":"(anonymous_13)","decl":{"start":{"line":76,"column":2},"end":{"line":76,"column":24}},"loc":{"start":{"line":76,"column":2},"end":{"line":19,"column":68}}},"13":{"name":"(anonymous_14)","decl":{"start":{"line":65,"column":2},"end":{"line":65,"column":24}},"loc":{"start":{"line":65,"column":2},"end":{"line":21,"column":66}}},"14":{"name":"(anonymous_15)","decl":{"start":{"line":70,"column":2},"end":{"line":70,"column":21}},"loc":{"start":{"line":70,"column":2},"end":{"line":24,"column":61}}},"15":{"name":"(anonymous_16)","decl":{"start":{"line":79,"column":2},"end":{"line":79,"column":31}},"loc":{"start":{"line":79,"column":2},"end":{"line":25,"column":81}}},"16":{"name":"(anonymous_17)","decl":{"start":{"line":64,"column":2},"end":{"line":64,"column":17}},"loc":{"start":{"line":64,"column":2},"end":{"line":27,"column":52}}},"17":{"name":"(anonymous_18)","decl":{"start":{"line":77,"column":2},"end":{"line":77,"column":19}},"loc":{"start":{"line":77,"column":2},"end":{"line":29,"column":62}}},"18":{"name":"(anonymous_19)","decl":{"start":{"line":78,"column":2},"end":{"line":78,"column":25}},"loc":{"start":{"line":78,"column":2},"end":{"line":30,"column":75}}},"19":{"name":"(anonymous_20)","decl":{"start":{"line":81,"column":2},"end":{"line":81,"column":15}},"loc":{"start":{"line":81,"column":2},"end":{"line":31,"column":48}}},"20":{"name":"(anonymous_21)","decl":{"start":{"line":82,"column":2},"end":{"line":82,"column":21}},"loc":{"start":{"line":82,"column":2},"end":{"line":32,"column":62}}},"21":{"name":"(anonymous_22)","decl":{"start":{"line":85,"column":2},"end":{"line":85,"column":12}},"loc":{"start":{"line":85,"column":2},"end":{"line":34,"column":21}}},"22":{"name":"(anonymous_23)","decl":{"start":{"line":86,"column":2},"end":{"line":86,"column":20}},"loc":{"start":{"line":86,"column":2},"end":{"line":34,"column":62}}}},"branchMap":{},"s":{"0":8,"1":8,"2":8,"3":48,"4":8,"5":8,"6":8,"7":10,"8":8,"9":8,"10":8,"11":8,"12":8,"13":8,"14":8,"15":8,"16":8,"17":27,"18":8,"19":8,"20":8,"21":8,"22":8,"23":8,"24":18,"25":8,"26":9,"27":8,"28":30,"29":8,"30":25,"31":8,"32":11,"33":8,"34":8,"35":8,"36":14,"37":8,"38":8,"39":8,"40":10,"41":8,"42":14,"43":8,"44":8,"45":8},"f":{"0":40,"1":0,"2":0,"3":2,"4":0,"5":0,"6":0,"7":0,"8":19,"9":0,"10":0,"11":0,"12":10,"13":1,"14":22,"15":17,"16":3,"17":0,"18":6,"19":0,"20":2,"21":6,"22":0},"b":{}}
,"/Users/saadahmad/Documents/Projects/arvo-event-handler/src/ArvoEventHandler/helpers.ts": {"path":"/Users/saadahmad/Documents/Projects/arvo-event-handler/src/ArvoEventHandler/helpers.ts","statementMap":{"0":{"start":{"line":2,"column":0},"end":{"line":2,"column":33}},"1":{"start":{"line":46,"column":38},"end":{"line":48,"column":38}},"2":{"start":{"line":48,"column":34},"end":{"line":48,"column":73}},"3":{"start":{"line":46,"column":13},"end":{"line":46,"column":38}}},"fnMap":{"0":{"name":"(anonymous_1)","decl":{"start":{"line":46,"column":38},"end":{"line":46,"column":null}},"loc":{"start":{"line":47,"column":41},"end":{"line":48,"column":38}}}},"branchMap":{},"s":{"0":8,"1":8,"2":40,"3":8},"f":{"0":40},"b":{}}
,"/Users/saadahmad/Documents/Projects/arvo-event-handler/src/ArvoEventHandler/index.ts": {"path":"/Users/saadahmad/Documents/Projects/arvo-event-handler/src/ArvoEventHandler/index.ts","statementMap":{"0":{"start":{"line":1,"column":0},"end":{"line":1,"column":80}},"1":{"start":{"line":2,"column":0},"end":{"line":2,"column":null}},"2":{"start":{"line":20,"column":0},"end":{"line":20,"column":63}},"3":{"start":{"line":22,"column":0},"end":{"line":22,"column":90}},"4":{"start":{"line":24,"column":0},"end":{"line":24,"column":51}},"5":{"start":{"line":106,"column":0},"end":{"line":106,"column":null}},"6":{"start":{"line":124,"column":18},"end":{"line":124,"column":68}},"7":{"start":{"line":146,"column":4},"end":{"line":146,"column":35}},"8":{"start":{"line":147,"column":4},"end":{"line":147,"column":47}},"9":{"start":{"line":148,"column":4},"end":{"line":148,"column":33}},"10":{"start":{"line":149,"column":4},"end":{"line":149,"column":53}},"11":{"start":{"line":151,"column":4},"end":{"line":157,"column":5}},"12":{"start":{"line":151,"column":35},"end":{"line":151,"column":41}},"13":{"start":{"line":151,"column":35},"end":{"line":151,"column":70}},"14":{"start":{"line":151,"column":31},"end":{"line":151,"column":35}},"15":{"start":{"line":152,"column":6},"end":{"line":156,"column":7}},"16":{"start":{"line":153,"column":8},"end":{"line":155,"column":10}},"17":{"start":{"line":159,"column":4},"end":{"line":169,"column":6}},"18":{"start":{"line":120,"column":2},"end":{"line":122,"column":null}},"19":{"start":{"line":121,"column":4},"end":{"line":121,"column":30}},"20":{"start":{"line":131,"column":2},"end":{"line":133,"column":null}},"21":{"start":{"line":132,"column":4},"end":{"line":132,"column":32}},"22":{"start":{"line":190,"column":15},"end":{"line":404,"column":null}},"23":{"start":{"line":192,"column":4},"end":{"line":194,"column":null}},"24":{"start":{"line":198,"column":10},"end":{"line":203,"column":6}},"25":{"start":{"line":204,"column":11},"end":{"line":403,"column":7}},"26":{"start":{"line":206,"column":21},"end":{"line":402,"column":null}},"27":{"start":{"line":207,"column":14},"end":{"line":207,"column":62}},"28":{"start":{"line":209,"column":10},"end":{"line":209,"column":54}},"29":{"start":{"line":210,"column":10},"end":{"line":212,"column":11}},"30":{"start":{"line":210,"column":21},"end":{"line":210,"column":33}},"31":{"start":{"line":211,"column":12},"end":{"line":211,"column":60}},"32":{"start":{"line":214,"column":10},"end":{"line":218,"column":11}},"33":{"start":{"line":215,"column":12},"end":{"line":217,"column":14}},"34":{"start":{"line":220,"column":10},"end":{"line":223,"column":13}},"35":{"start":{"line":224,"column":16},"end":{"line":224,"column":68}},"36":{"start":{"line":227,"column":10},"end":{"line":231,"column":11}},"37":{"start":{"line":228,"column":12},"end":{"line":230,"column":14}},"38":{"start":{"line":233,"column":10},"end":{"line":238,"column":11}},"39":{"start":{"line":234,"column":12},"end":{"line":237,"column":15}},"40":{"start":{"line":241,"column":10},"end":{"line":247,"column":11}},"41":{"start":{"line":242,"column":12},"end":{"line":242,"column":91}},"42":{"start":{"line":244,"column":12},"end":{"line":246,"column":14}},"43":{"start":{"line":249,"column":10},"end":{"line":252,"column":13}},"44":{"start":{"line":254,"column":16},"end":{"line":254,"column":92}},"45":{"start":{"line":255,"column":10},"end":{"line":257,"column":11}},"46":{"start":{"line":256,"column":12},"end":{"line":256,"column":112}},"47":{"start":{"line":259,"column":10},"end":{"line":262,"column":13}},"48":{"start":{"line":264,"column":10},"end":{"line":267,"column":13}},"49":{"start":{"line":269,"column":32},"end":{"line":279,"column":null}},"50":{"start":{"line":269,"column":16},"end":{"line":279,"column":null}},"51":{"start":{"line":281,"column":10},"end":{"line":284,"column":14}},"52":{"start":{"line":282,"column":12},"end":{"line":284,"column":14}},"53":{"start":{"line":286,"column":14},"end":{"line":288,"column":19}},"54":{"start":{"line":289,"column":10},"end":{"line":293,"column":11}},"55":{"start":{"line":290,"column":12},"end":{"line":290,"column":36}},"56":{"start":{"line":292,"column":12},"end":{"line":292,"column":38}},"57":{"start":{"line":295,"column":16},"end":{"line":295,"column":41}},"58":{"start":{"line":296,"column":10},"end":{"line":334,"column":11}},"59":{"start":{"line":296,"column":21},"end":{"line":296,"column":29}},"60":{"start":{"line":297,"column":12},"end":{"line":333,"column":13}},"61":{"start":{"line":298,"column":22},"end":{"line":298,"column":54}},"62":{"start":{"line":299,"column":20},"end":{"line":306,"column":26}},"63":{"start":{"line":300,"column":16},"end":{"line":305,"column":null}},"64":{"start":{"line":307,"column":14},"end":{"line":330,"column":15}},"65":{"start":{"line":307,"column":25},"end":{"line":307,"column":33}},"66":{"start":{"line":308,"column":16},"end":{"line":326,"column":18}},"67":{"start":{"line":327,"column":16},"end":{"line":329,"column":17}},"68":{"start":{"line":327,"column":27},"end":{"line":327,"column":39}},"69":{"start":{"line":328,"column":18},"end":{"line":328,"column":82}},"70":{"start":{"line":332,"column":14},"end":{"line":332,"column":83}},"71":{"start":{"line":336,"column":10},"end":{"line":339,"column":13}},"72":{"start":{"line":341,"column":10},"end":{"line":344,"column":13}},"73":{"start":{"line":346,"column":10},"end":{"line":348,"column":12}},"74":{"start":{"line":350,"column":10},"end":{"line":350,"column":42}},"75":{"start":{"line":351,"column":10},"end":{"line":354,"column":13}},"76":{"start":{"line":356,"column":10},"end":{"line":358,"column":11}},"77":{"start":{"line":357,"column":12},"end":{"line":357,"column":24}},"78":{"start":{"line":360,"column":16},"end":{"line":360,"column":41}},"79":{"start":{"line":361,"column":10},"end":{"line":394,"column":11}},"80":{"start":{"line":365,"column":20},"end":{"line":370,"column":null}},"81":{"start":{"line":361,"column":21},"end":{"line":361,"column":29}},"82":{"start":{"line":375,"column":12},"end":{"line":390,"column":14}},"83":{"start":{"line":391,"column":12},"end":{"line":393,"column":13}},"84":{"start":{"line":391,"column":23},"end":{"line":391,"column":35}},"85":{"start":{"line":392,"column":14},"end":{"line":392,"column":78}},"86":{"start":{"line":396,"column":10},"end":{"line":398,"column":12}},"87":{"start":{"line":400,"column":10},"end":{"line":400,"column":21}},"88":{"start":{"line":204,"column":4},"end":{"line":403,"column":7}},"89":{"start":{"line":421,"column":2},"end":{"line":423,"column":null}},"90":{"start":{"line":422,"column":4},"end":{"line":422,"column":37}},"91":{"start":{"line":424,"column":0},"end":{"line":424,"column":null}}},"fnMap":{"0":{"name":"(anonymous_16)","decl":{"start":{"line":106,"column":0},"end":{"line":106,"column":null}},"loc":{"start":{"line":106,"column":0},"end":{"line":424,"column":null}}},"1":{"name":"ArvoEventHandler","decl":{"start":{"line":145,"column":2},"end":{"line":145,"column":14}},"loc":{"start":{"line":145,"column":53},"end":{"line":170,"column":3}}},"2":{"name":"(anonymous_18)","decl":{"start":{"line":120,"column":2},"end":{"line":120,"column":13}},"loc":{"start":{"line":120,"column":2},"end":{"line":122,"column":3}}},"3":{"name":"(anonymous_19)","decl":{"start":{"line":131,"column":2},"end":{"line":131,"column":13}},"loc":{"start":{"line":131,"column":2},"end":{"line":133,"column":3}}},"4":{"name":"(anonymous_20)","decl":{"start":{"line":190,"column":2},"end":{"line":190,"column":15}},"loc":{"start":{"line":190,"column":2},"end":{"line":404,"column":null}}},"5":{"name":"(anonymous_23)","decl":{"start":{"line":206,"column":10},"end":{"line":206,"column":17}},"loc":{"start":{"line":206,"column":21},"end":{"line":402,"column":null}}},"6":{"name":"(anonymous_24)","decl":{"start":{"line":206,"column":21},"end":{"line":206,"column":null}},"loc":{"start":{"line":206,"column":21},"end":{"line":402,"column":null}}},"7":{"name":"(anonymous_26)","decl":{"start":{"line":299,"column":56},"end":{"line":299,"column":57}},"loc":{"start":{"line":299,"column":61},"end":{"line":300,"column":34}}},"8":{"name":"(anonymous_27)","decl":{"start":{"line":364,"column":45},"end":{"line":364,"column":46}},"loc":{"start":{"line":364,"column":50},"end":{"line":365,"column":38}}},"9":{"name":"(anonymous_28)","decl":{"start":{"line":421,"column":2},"end":{"line":421,"column":13}},"loc":{"start":{"line":421,"column":2},"end":{"line":423,"column":3}}}},"branchMap":{"0":{"loc":{"start":{"line":152,"column":6},"end":{"line":156,"column":7}},"type":"if","locations":[{"start":{"line":152,"column":6},"end":{"line":156,"column":7}}]},"1":{"loc":{"start":{"line":165,"column":12},"end":{"line":165,"column":47}},"type":"cond-expr","locations":[{"start":{"line":165,"column":41},"end":{"line":165,"column":45}},{"start":{"line":165,"column":45},"end":{"line":165,"column":47}}]},"2":{"loc":{"start":{"line":165,"column":12},"end":{"line":165,"column":45}},"type":"binary-expr","locations":[{"start":{"line":165,"column":12},"end":{"line":165,"column":45}},{"start":{"line":165,"column":41},"end":{"line":165,"column":45}}]},"3":{"loc":{"start":{"line":165,"column":12},"end":{"line":165,"column":41}},"type":"cond-expr","locations":[{"start":{"line":165,"column":29},"end":{"line":165,"column":31}},{"start":{"line":165,"column":29},"end":{"line":165,"column":41}}]},"4":{"loc":{"start":{"line":165,"column":12},"end":{"line":165,"column":31}},"type":"binary-expr","locations":[{"start":{"line":165,"column":12},"end":{"line":165,"column":31}},{"start":{"line":165,"column":29},"end":{"line":165,"column":31}}]},"5":{"loc":{"start":{"line":192,"column":4},"end":{"line":194,"column":null}},"type":"if","locations":[{"start":{"line":192,"column":4},"end":{"line":194,"column":null}}]},"6":{"loc":{"start":{"line":204,"column":4},"end":{"line":403,"column":7}},"type":"switch","locations":[{"start":{"line":204,"column":4},"end":{"line":403,"column":7}}]},"7":{"loc":{"start":{"line":214,"column":10},"end":{"line":218,"column":11}},"type":"if","locations":[{"start":{"line":214,"column":10},"end":{"line":218,"column":11}}]},"8":{"loc":{"start":{"line":227,"column":10},"end":{"line":231,"column":11}},"type":"if","locations":[{"start":{"line":227,"column":10},"end":{"line":231,"column":11}}]},"9":{"loc":{"start":{"line":227,"column":14},"end":{"line":227,"column":82}},"type":"binary-expr","locations":[{"start":{"line":227,"column":14},"end":{"line":227,"column":35}},{"start":{"line":227,"column":39},"end":{"line":227,"column":82}}]},"10":{"loc":{"start":{"line":227,"column":14},"end":{"line":227,"column":35}},"type":"cond-expr","locations":[{"start":{"line":227,"column":30},"end":{"line":227,"column":32}},{"start":{"line":227,"column":14},"end":{"line":227,"column":35}}]},"11":{"loc":{"start":{"line":227,"column":14},"end":{"line":227,"column":32}},"type":"binary-expr","locations":[{"start":{"line":227,"column":14},"end":{"line":227,"column":32}},{"start":{"line":227,"column":14},"end":{"line":227,"column":32}}]},"12":{"loc":{"start":{"line":227,"column":39},"end":{"line":227,"column":60}},"type":"cond-expr","locations":[{"start":{"line":227,"column":55},"end":{"line":227,"column":57}},{"start":{"line":227,"column":39},"end":{"line":227,"column":60}}]},"13":{"loc":{"start":{"line":227,"column":39},"end":{"line":227,"column":57}},"type":"binary-expr","locations":[{"start":{"line":227,"column":39},"end":{"line":227,"column":57}},{"start":{"line":227,"column":39},"end":{"line":227,"column":57}}]},"14":{"loc":{"start":{"line":233,"column":10},"end":{"line":238,"column":11}},"type":"if","locations":[{"start":{"line":233,"column":10},"end":{"line":238,"column":11}}]},"15":{"loc":{"start":{"line":233,"column":15},"end":{"line":233,"column":40}},"type":"cond-expr","locations":[{"start":{"line":233,"column":31},"end":{"line":233,"column":33}},{"start":{"line":233,"column":15},"end":{"line":233,"column":40}}]},"16":{"loc":{"start":{"line":233,"column":15},"end":{"line":233,"column":33}},"type":"binary-expr","locations":[{"start":{"line":233,"column":15},"end":{"line":233,"column":33}},{"start":{"line":233,"column":15},"end":{"line":233,"column":33}}]},"17":{"loc":{"start":{"line":242,"column":52},"end":{"line":242,"column":89}},"type":"cond-expr","locations":[{"start":{"line":242,"column":77},"end":{"line":242,"column":81}},{"start":{"line":242,"column":81},"end":{"line":242,"column":89}}]},"18":{"loc":{"start":{"line":242,"column":52},"end":{"line":242,"column":81}},"type":"binary-expr","locations":[{"start":{"line":242,"column":52},"end":{"line":242,"column":81}},{"start":{"line":242,"column":77},"end":{"line":242,"column":81}}]},"19":{"loc":{"start":{"line":242,"column":52},"end":{"line":242,"column":77}},"type":"cond-expr","locations":[{"start":{"line":242,"column":68},"end":{"line":242,"column":70}},{"start":{"line":242,"column":52},"end":{"line":242,"column":77}}]},"20":{"loc":{"start":{"line":242,"column":52},"end":{"line":242,"column":70}},"type":"binary-expr","locations":[{"start":{"line":242,"column":52},"end":{"line":242,"column":70}},{"start":{"line":242,"column":52},"end":{"line":242,"column":70}}]},"21":{"loc":{"start":{"line":245,"column":43},"end":{"line":245,"column":68}},"type":"cond-expr","locations":[{"start":{"line":245,"column":59},"end":{"line":245,"column":61}},{"start":{"line":245,"column":43},"end":{"line":245,"column":68}}]},"22":{"loc":{"start":{"line":245,"column":43},"end":{"line":245,"column":61}},"type":"binary-expr","locations":[{"start":{"line":245,"column":43},"end":{"line":245,"column":61}},{"start":{"line":245,"column":43},"end":{"line":245,"column":61}}]},"23":{"loc":{"start":{"line":255,"column":10},"end":{"line":257,"column":11}},"type":"if","locations":[{"start":{"line":255,"column":10},"end":{"line":257,"column":11}}]},"24":{"loc":{"start":{"line":281,"column":10},"end":{"line":284,"column":14}},"type":"if","locations":[{"start":{"line":281,"column":10},"end":{"line":284,"column":14}}]},"25":{"loc":{"start":{"line":289,"column":10},"end":{"line":293,"column":11}},"type":"if","locations":[{"start":{"line":289,"column":10},"end":{"line":293,"column":11}},{"start":{"line":291,"column":17},"end":{"line":293,"column":11}}]},"26":{"loc":{"start":{"line":299,"column":30},"end":{"line":306,"column":25}},"type":"cond-expr","locations":[{"start":{"line":306,"column":15},"end":{"line":306,"column":19}},{"start":{"line":306,"column":19},"end":{"line":306,"column":25}}]},"27":{"loc":{"start":{"line":299,"column":30},"end":{"line":306,"column":19}},"type":"binary-expr","locations":[{"start":{"line":299,"column":30},"end":{"line":306,"column":19}},{"start":{"line":306,"column":15},"end":{"line":306,"column":19}}]},"28":{"loc":{"start":{"line":299,"column":30},"end":{"line":305,"column":null}},"type":"cond-expr","locations":[{"start":{"line":299,"column":50},"end":{"line":299,"column":52}},{"start":{"line":299,"column":50},"end":{"line":305,"column":null}}]},"29":{"loc":{"start":{"line":299,"column":30},"end":{"line":299,"column":52}},"type":"binary-expr","locations":[{"start":{"line":299,"column":30},"end":{"line":299,"column":52}},{"start":{"line":299,"column":50},"end":{"line":299,"column":52}}]},"30":{"loc":{"start":{"line":312,"column":35},"end":{"line":312,"column":75}},"type":"binary-expr","locations":[{"start":{"line":312,"column":35},"end":{"line":312,"column":62}},{"start":{"line":312,"column":66},"end":{"line":312,"column":75}}]},"31":{"loc":{"start":{"line":313,"column":34},"end":{"line":313,"column":73}},"type":"binary-expr","locations":[{"start":{"line":313,"column":34},"end":{"line":313,"column":60}},{"start":{"line":313,"column":64},"end":{"line":313,"column":73}}]},"32":{"loc":{"start":{"line":320,"column":37},"end":{"line":320,"column":100}},"type":"cond-expr","locations":[{"start":{"line":320,"column":87},"end":{"line":320,"column":91}},{"start":{"line":320,"column":91},"end":{"line":320,"column":100}}]},"33":{"loc":{"start":{"line":320,"column":37},"end":{"line":320,"column":91}},"type":"binary-expr","locations":[{"start":{"line":320,"column":37},"end":{"line":320,"column":91}},{"start":{"line":320,"column":87},"end":{"line":320,"column":91}}]},"34":{"loc":{"start":{"line":320,"column":37},"end":{"line":320,"column":87}},"type":"cond-expr","locations":[{"start":{"line":320,"column":64},"end":{"line":320,"column":68}},{"start":{"line":320,"column":68},"end":{"line":320,"column":87}}]},"35":{"loc":{"start":{"line":320,"column":37},"end":{"line":320,"column":68}},"type":"binary-expr","locations":[{"start":{"line":320,"column":37},"end":{"line":320,"column":68}},{"start":{"line":320,"column":64},"end":{"line":320,"column":68}}]},"36":{"loc":{"start":{"line":332,"column":42},"end":{"line":332,"column":81}},"type":"cond-expr","locations":[{"start":{"line":332,"column":63},"end":{"line":332,"column":67}},{"start":{"line":332,"column":67},"end":{"line":332,"column":81}}]},"37":{"loc":{"start":{"line":332,"column":42},"end":{"line":332,"column":67}},"type":"binary-expr","locations":[{"start":{"line":332,"column":42},"end":{"line":332,"column":67}},{"start":{"line":332,"column":63},"end":{"line":332,"column":67}}]},"38":{"loc":{"start":{"line":332,"column":43},"end":{"line":332,"column":63}},"type":"cond-expr","locations":[{"start":{"line":332,"column":44},"end":{"line":332,"column":54}},{"start":{"line":332,"column":43},"end":{"line":332,"column":63}}]},"39":{"loc":{"start":{"line":332,"column":43},"end":{"line":332,"column":54}},"type":"binary-expr","locations":[{"start":{"line":332,"column":43},"end":{"line":332,"column":56}},{"start":{"line":332,"column":43},"end":{"line":332,"column":54}}]},"40":{"loc":{"start":{"line":356,"column":10},"end":{"line":358,"column":11}},"type":"if","locations":[{"start":{"line":356,"column":10},"end":{"line":358,"column":11}}]},"41":{"loc":{"start":{"line":363,"column":14},"end":{"line":372,"column":51}},"type":"cond-expr","locations":[{"start":{"line":364,"column":18},"end":{"line":370,"column":null}},{"start":{"line":372,"column":18},"end":{"line":372,"column":51}}]},"42":{"loc":{"start":{"line":384,"column":29},"end":{"line":384,"column":69}},"type":"cond-expr","locations":[{"start":{"line":384,"column":56},"end":{"line":384,"column":60}},{"start":{"line":384,"column":60},"end":{"line":384,"column":69}}]},"43":{"loc":{"start":{"line":384,"column":29},"end":{"line":384,"column":60}},"type":"binary-expr","locations":[{"start":{"line":384,"column":29},"end":{"line":384,"column":60}},{"start":{"line":384,"column":56},"end":{"line":384,"column":60}}]},"44":{"loc":{"start":{"line":385,"column":28},"end":{"line":385,"column":67}},"type":"cond-expr","locations":[{"start":{"line":385,"column":54},"end":{"line":385,"column":58}},{"start":{"line":385,"column":58},"end":{"line":385,"column":67}}]},"45":{"loc":{"start":{"line":385,"column":28},"end":{"line":385,"column":58}},"type":"binary-expr","locations":[{"start":{"line":385,"column":28},"end":{"line":385,"column":58}},{"start":{"line":385,"column":54},"end":{"line":385,"column":58}}]},"46":{"loc":{"start":{"line":386,"column":31},"end":{"line":386,"column":63}},"type":"cond-expr","locations":[{"start":{"line":386,"column":50},"end":{"line":386,"column":54}},{"start":{"line":386,"column":54},"end":{"line":386,"column":63}}]},"47":{"loc":{"start":{"line":386,"column":31},"end":{"line":386,"column":54}},"type":"binary-expr","locations":[{"start":{"line":386,"column":31},"end":{"line":386,"column":54}},{"start":{"line":386,"column":50},"end":{"line":386,"column":54}}]},"48":{"loc":{"start":{"line":387,"column":26},"end":{"line":387,"column":47}},"type":"cond-expr","locations":[{"start":{"line":387,"column":34},"end":{"line":387,"column":38}},{"start":{"line":387,"column":38},"end":{"line":387,"column":47}}]},"49":{"loc":{"start":{"line":387,"column":26},"end":{"line":387,"column":38}},"type":"binary-expr","locations":[{"start":{"line":387,"column":26},"end":{"line":387,"column":38}},{"start":{"line":387,"column":34},"end":{"line":387,"column":38}}]}},"s":{"0":8,"1":8,"2":8,"3":8,"4":8,"5":8,"6":40,"7":40,"8":40,"9":40,"10":40,"11":40,"12":40,"13":40,"14":47,"15":47,"16":1,"17":39,"18":8,"19":166,"20":8,"21":51,"22":8,"23":79,"24":51,"25":51,"26":51,"27":51,"28":51,"29":51,"30":663,"31":663,"32":51,"33":1,"34":50,"35":50,"36":50,"37":1,"38":49,"39":1,"40":49,"41":49,"42":1,"43":48,"44":48,"45":48,"46":2,"47":46,"48":46,"49":46,"50":46,"51":40,"52":1,"53":39,"54":39,"55":4,"56":35,"57":39,"58":39,"59":43,"60":43,"61":43,"62":43,"63":12,"64":43,"65":48,"66":48,"67":47,"68":611,"69":611,"70":1,"71":38,"72":38,"73":38,"74":12,"75":12,"76":12,"77":7,"78":5,"79":5,"80":0,"81":8,"82":8,"83":8,"84":104,"85":104,"86":5,"87":51,"88":51,"89":8,"90":1,"91":8},"f":{"0":8,"1":40,"2":166,"3":51,"4":51,"5":51,"6":51,"7":12,"8":0,"9":1},"b":{"0":[1],"1":[1,38],"2":[39,39],"3":[38,1],"4":[39,39],"5":[28],"6":[51],"7":[1],"8":[1],"9":[50,49],"10":[1,49],"11":[50,49],"12":[0,49],"13":[49,49],"14":[1],"15":[1,48],"16":[49,48],"17":[48,1],"18":[49,49],"19":[1,48],"20":[49,48],"21":[0,1],"22":[1,1],"23":[2],"24":[1],"25":[4,35],"26":[4,39],"27":[43,43],"28":[39,4],"29":[43,43],"30":[48,48],"31":[48,48],"32":[0,48],"33":[48,0],"34":[0,48],"35":[48,48],"36":[1,0],"37":[1,1],"38":[0,1],"39":[1,1],"40":[7],"41":[0,5],"42":[0,8],"43":[8,0],"44":[0,8],"45":[8,0],"46":[0,8],"47":[8,0],"48":[8,0],"49":[8,8]}}
,"/Users/saadahmad/Documents/Projects/arvo-event-handler/src/ArvoMachine/createMachine.ts": {"path":"/Users/saadahmad/Documents/Projects/arvo-event-handler/src/ArvoMachine/createMachine.ts","statementMap":{"0":{"start":{"line":195,"column":0},"end":{"line":195,"column":16}},"1":{"start":{"line":1,"column":0},"end":{"line":1,"column":null}},"2":{"start":{"line":8,"column":0},"end":{"line":8,"column":null}},"3":{"start":{"line":19,"column":0},"end":{"line":19,"column":28}},"4":{"start":{"line":20,"column":0},"end":{"line":20,"column":46}},"5":{"start":{"line":29,"column":0},"end":{"line":29,"column":74}},"6":{"start":{"line":30,"column":0},"end":{"line":30,"column":35}},"7":{"start":{"line":254,"column":35},"end":{"line":264,"column":3}},"8":{"start":{"line":255,"column":4},"end":{"line":263,"column":7}},"9":{"start":{"line":266,"column":2},"end":{"line":268,"column":3}},"10":{"start":{"line":267,"column":4},"end":{"line":267,"column":55}},"11":{"start":{"line":270,"column":2},"end":{"line":272,"column":3}},"12":{"start":{"line":271,"column":4},"end":{"line":271,"column":56}},"13":{"start":{"line":274,"column":2},"end":{"line":287,"column":3}},"14":{"start":{"line":275,"column":4},"end":{"line":286,"column":6}},"15":{"start":{"line":289,"column":38},"end":{"line":289,"column":89}},"16":{"start":{"line":290,"column":2},"end":{"line":294,"column":3}},"17":{"start":{"line":291,"column":4},"end":{"line":293,"column":6}},"18":{"start":{"line":296,"column":34},"end":{"line":298,"column":null}},"19":{"start":{"line":300,"column":2},"end":{"line":304,"column":3}},"20":{"start":{"line":301,"column":4},"end":{"line":303,"column":6}},"21":{"start":{"line":306,"column":23},"end":{"line":323,"column":null}},"22":{"start":{"line":314,"column":16},"end":{"line":314,"column":18}},"23":{"start":{"line":314,"column":30},"end":{"line":323,"column":7}},"24":{"start":{"line":327,"column":22},"end":{"line":351,"column":4}},"25":{"start":{"line":368,"column":24},"end":{"line":475,"column":3}},"26":{"start":{"line":399,"column":53},"end":{"line":399,"column":99}},"27":{"start":{"line":401,"column":4},"end":{"line":405,"column":5}},"28":{"start":{"line":402,"column":6},"end":{"line":404,"column":8}},"29":{"start":{"line":407,"column":37},"end":{"line":445,"column":5}},"30":{"start":{"line":408,"column":23},"end":{"line":408,"column":39}},"31":{"start":{"line":410,"column":6},"end":{"line":420,"column":7}},"32":{"start":{"line":411,"column":8},"end":{"line":419,"column":11}},"33":{"start":{"line":422,"column":6},"end":{"line":432,"column":7}},"34":{"start":{"line":423,"column":8},"end":{"line":431,"column":11}},"35":{"start":{"line":434,"column":6},"end":{"line":444,"column":7}},"36":{"start":{"line":435,"column":8},"end":{"line":443,"column":11}},"37":{"start":{"line":447,"column":4},"end":{"line":457,"column":5}},"38":{"start":{"line":447,"column":23},"end":{"line":447,"column":34}},"39":{"start":{"line":447,"column":23},"end":{"line":447,"column":55}},"40":{"start":{"line":447,"column":19},"end":{"line":447,"column":23}},"41":{"start":{"line":448,"column":6},"end":{"line":450,"column":7}},"42":{"start":{"line":449,"column":8},"end":{"line":449,"column":71}},"43":{"start":{"line":451,"column":6},"end":{"line":453,"column":7}},"44":{"start":{"line":452,"column":8},"end":{"line":452,"column":70}},"45":{"start":{"line":454,"column":6},"end":{"line":456,"column":7}},"46":{"start":{"line":455,"column":8},"end":{"line":455,"column":81}},"47":{"start":{"line":459,"column":20},"end":{"line":460,"column":null}},"48":{"start":{"line":463,"column":30},"end":{"line":463,"column":66}},"49":{"start":{"line":464,"column":44},"end":{"line":465,"column":null}},"50":{"start":{"line":465,"column":16},"end":{"line":465,"column":null}},"51":{"start":{"line":467,"column":28},"end":{"line":467,"column":80}},"52":{"start":{"line":468,"column":4},"end":{"line":474,"column":6}},"53":{"start":{"line":476,"column":2},"end":{"line":476,"column":27}}},"fnMap":{"0":{"name":"setupArvoMachine","decl":{"start":{"line":195,"column":16},"end":{"line":195,"column":32}},"loc":{"start":{"line":253,"column":1},"end":{"line":477,"column":1}}},"1":{"name":"(anonymous_5)","decl":{"start":{"line":254,"column":35},"end":{"line":254,"column":36}},"loc":{"start":{"line":254,"column":60},"end":{"line":264,"column":3}}},"2":{"name":"(anonymous_6)","decl":{"start":{"line":314,"column":6},"end":{"line":314,"column":7}},"loc":{"start":{"line":314,"column":25},"end":{"line":323,"column":7}}},"3":{"name":"(anonymous_7)","decl":{"start":{"line":368,"column":24},"end":{"line":368,"column":null}},"loc":{"start":{"line":397,"column":5},"end":{"line":475,"column":3}}},"4":{"name":"(anonymous_8)","decl":{"start":{"line":407,"column":37},"end":{"line":407,"column":38}},"loc":{"start":{"line":407,"column":99},"end":{"line":445,"column":5}}},"5":{"name":"(anonymous_9)","decl":{"start":{"line":465,"column":6},"end":{"line":465,"column":7}},"loc":{"start":{"line":465,"column":11},"end":{"line":465,"column":22}}}},"branchMap":{"0":{"loc":{"start":{"line":258,"column":44},"end":{"line":258,"column":93}},"type":"cond-expr","locations":[{"start":{"line":258,"column":63},"end":{"line":258,"column":71}},{"start":{"line":258,"column":74},"end":{"line":258,"column":93}}]},"1":{"loc":{"start":{"line":266,"column":2},"end":{"line":268,"column":3}},"type":"if","locations":[{"start":{"line":266,"column":2},"end":{"line":268,"column":3}}]},"2":{"loc":{"start":{"line":270,"column":2},"end":{"line":272,"column":3}},"type":"if","locations":[{"start":{"line":270,"column":2},"end":{"line":272,"column":3}}]},"3":{"loc":{"start":{"line":274,"column":2},"end":{"line":287,"column":3}},"type":"if","locations":[{"start":{"line":274,"column":2},"end":{"line":287,"column":3}}]},"4":{"loc":{"start":{"line":274,"column":6},"end":{"line":274,"column":37}},"type":"cond-expr","locations":[{"start":{"line":274,"column":19},"end":{"line":274,"column":21}},{"start":{"line":274,"column":19},"end":{"line":274,"column":37}}]},"5":{"loc":{"start":{"line":274,"column":6},"end":{"line":274,"column":21}},"type":"binary-expr","locations":[{"start":{"line":274,"column":6},"end":{"line":274,"column":21}},{"start":{"line":274,"column":19},"end":{"line":274,"column":21}}]},"6":{"loc":{"start":{"line":290,"column":2},"end":{"line":294,"column":3}},"type":"if","locations":[{"start":{"line":290,"column":2},"end":{"line":294,"column":3}}]},"7":{"loc":{"start":{"line":300,"column":2},"end":{"line":304,"column":3}},"type":"if","locations":[{"start":{"line":300,"column":2},"end":{"line":304,"column":3}}]},"8":{"loc":{"start":{"line":307,"column":9},"end":{"line":307,"column":28}},"type":"cond-expr","locations":[{"start":{"line":307,"column":22},"end":{"line":307,"column":26}},{"start":{"line":307,"column":26},"end":{"line":307,"column":28}}]},"9":{"loc":{"start":{"line":307,"column":9},"end":{"line":307,"column":26}},"type":"binary-expr","locations":[{"start":{"line":307,"column":9},"end":{"line":307,"column":26}},{"start":{"line":307,"column":22},"end":{"line":307,"column":26}}]},"10":{"loc":{"start":{"line":315,"column":10},"end":{"line":315,"column":23}},"type":"cond-expr","locations":[{"start":{"line":315,"column":10},"end":{"line":315,"column":17}},{"start":{"line":315,"column":21},"end":{"line":315,"column":23}}]},"11":{"loc":{"start":{"line":315,"column":10},"end":{"line":315,"column":21}},"type":"binary-expr","locations":[{"start":{"line":315,"column":10},"end":{"line":315,"column":21}},{"start":{"line":315,"column":10},"end":{"line":315,"column":21}}]},"12":{"loc":{"start":{"line":317,"column":12},"end":{"line":317,"column":33}},"type":"cond-expr","locations":[{"start":{"line":317,"column":27},"end":{"line":317,"column":31}},{"start":{"line":317,"column":31},"end":{"line":317,"column":33}}]},"13":{"loc":{"start":{"line":317,"column":12},"end":{"line":317,"column":31}},"type":"binary-expr","locations":[{"start":{"line":317,"column":12},"end":{"line":317,"column":31}},{"start":{"line":317,"column":27},"end":{"line":317,"column":31}}]},"14":{"loc":{"start":{"line":317,"column":12},"end":{"line":317,"column":27}},"type":"cond-expr","locations":[{"start":{"line":317,"column":19},"end":{"line":317,"column":21}},{"start":{"line":317,"column":12},"end":{"line":317,"column":27}}]},"15":{"loc":{"start":{"line":317,"column":12},"end":{"line":317,"column":21}},"type":"binary-expr","locations":[{"start":{"line":317,"column":12},"end":{"line":317,"column":21}},{"start":{"line":317,"column":12},"end":{"line":317,"column":21}}]},"16":{"loc":{"start":{"line":319,"column":14},"end":{"line":319,"column":47}},"type":"cond-expr","locations":[{"start":{"line":319,"column":41},"end":{"line":319,"column":45}},{"start":{"line":319,"column":45},"end":{"line":319,"column":47}}]},"17":{"loc":{"start":{"line":319,"column":14},"end":{"line":319,"column":45}},"type":"binary-expr","locations":[{"start":{"line":319,"column":14},"end":{"line":319,"column":45}},{"start":{"line":319,"column":41},"end":{"line":319,"column":45}}]},"18":{"loc":{"start":{"line":319,"column":14},"end":{"line":319,"column":41}},"type":"cond-expr","locations":[{"start":{"line":319,"column":29},"end":{"line":319,"column":31}},{"start":{"line":319,"column":29},"end":{"line":319,"column":41}}]},"19":{"loc":{"start":{"line":319,"column":14},"end":{"line":319,"column":31}},"type":"binary-expr","locations":[{"start":{"line":319,"column":14},"end":{"line":319,"column":31}},{"start":{"line":319,"column":29},"end":{"line":319,"column":31}}]},"20":{"loc":{"start":{"line":319,"column":14},"end":{"line":319,"column":29}},"type":"cond-expr","locations":[{"start":{"line":319,"column":21},"end":{"line":319,"column":23}},{"start":{"line":319,"column":14},"end":{"line":319,"column":29}}]},"21":{"loc":{"start":{"line":319,"column":14},"end":{"line":319,"column":23}},"type":"binary-expr","locations":[{"start":{"line":319,"column":14},"end":{"line":319,"column":23}},{"start":{"line":319,"column":14},"end":{"line":319,"column":23}}]},"22":{"loc":{"start":{"line":320,"column":29},"end":{"line":320,"column":76}},"type":"binary-expr","locations":[{"start":{"line":320,"column":29},"end":{"line":320,"column":70}},{"start":{"line":320,"column":74},"end":{"line":320,"column":76}}]},"23":{"loc":{"start":{"line":320,"column":29},"end":{"line":320,"column":70}},"type":"cond-expr","locations":[{"start":{"line":320,"column":56},"end":{"line":320,"column":58}},{"start":{"line":320,"column":56},"end":{"line":320,"column":70}}]},"24":{"loc":{"start":{"line":320,"column":29},"end":{"line":320,"column":58}},"type":"binary-expr","locations":[{"start":{"line":320,"column":29},"end":{"line":320,"column":58}},{"start":{"line":320,"column":56},"end":{"line":320,"column":58}}]},"25":{"loc":{"start":{"line":320,"column":29},"end":{"line":320,"column":56}},"type":"cond-expr","locations":[{"start":{"line":320,"column":44},"end":{"line":320,"column":46}},{"start":{"line":320,"column":44},"end":{"line":320,"column":56}}]},"26":{"loc":{"start":{"line":320,"column":29},"end":{"line":320,"column":46}},"type":"binary-expr","locations":[{"start":{"line":320,"column":29},"end":{"line":320,"column":46}},{"start":{"line":320,"column":44},"end":{"line":320,"column":46}}]},"27":{"loc":{"start":{"line":320,"column":29},"end":{"line":320,"column":44}},"type":"cond-expr","locations":[{"start":{"line":320,"column":36},"end":{"line":320,"column":38}},{"start":{"line":320,"column":29},"end":{"line":320,"column":44}}]},"28":{"loc":{"start":{"line":320,"column":29},"end":{"line":320,"column":38}},"type":"binary-expr","locations":[{"start":{"line":320,"column":29},"end":{"line":320,"column":38}},{"start":{"line":320,"column":29},"end":{"line":320,"column":38}}]},"29":{"loc":{"start":{"line":399,"column":53},"end":{"line":399,"column":99}},"type":"cond-expr","locations":[{"start":{"line":399,"column":67},"end":{"line":399,"column":71}},{"start":{"line":399,"column":71},"end":{"line":399,"column":99}}]},"30":{"loc":{"start":{"line":399,"column":53},"end":{"line":399,"column":71}},"type":"binary-expr","locations":[{"start":{"line":399,"column":53},"end":{"line":399,"column":71}},{"start":{"line":399,"column":67},"end":{"line":399,"column":71}}]},"31":{"loc":{"start":{"line":401,"column":4},"end":{"line":405,"column":5}},"type":"if","locations":[{"start":{"line":401,"column":4},"end":{"line":405,"column":5}}]},"32":{"loc":{"start":{"line":410,"column":6},"end":{"line":420,"column":7}},"type":"if","locations":[{"start":{"line":410,"column":6},"end":{"line":420,"column":7}}]},"33":{"loc":{"start":{"line":422,"column":6},"end":{"line":432,"column":7}},"type":"if","locations":[{"start":{"line":422,"column":6},"end":{"line":432,"column":7}}]},"34":{"loc":{"start":{"line":434,"column":6},"end":{"line":444,"column":7}},"type":"if","locations":[{"start":{"line":434,"column":6},"end":{"line":444,"column":7}}]},"35":{"loc":{"start":{"line":447,"column":35},"end":{"line":447,"column":54}},"type":"cond-expr","locations":[{"start":{"line":447,"column":48},"end":{"line":447,"column":52}},{"start":{"line":447,"column":52},"end":{"line":447,"column":54}}]},"36":{"loc":{"start":{"line":447,"column":35},"end":{"line":447,"column":52}},"type":"binary-expr","locations":[{"start":{"line":447,"column":35},"end":{"line":447,"column":52}},{"start":{"line":447,"column":48},"end":{"line":447,"column":52}}]},"37":{"loc":{"start":{"line":448,"column":6},"end":{"line":450,"column":7}},"type":"if","locations":[{"start":{"line":448,"column":6},"end":{"line":450,"column":7}}]},"38":{"loc":{"start":{"line":451,"column":6},"end":{"line":453,"column":7}},"type":"if","locations":[{"start":{"line":451,"column":6},"end":{"line":453,"column":7}}]},"39":{"loc":{"start":{"line":454,"column":6},"end":{"line":456,"column":7}},"type":"if","locations":[{"start":{"line":454,"column":6},"end":{"line":456,"column":7}}]},"40":{"loc":{"start":{"line":467,"column":28},"end":{"line":467,"column":80}},"type":"binary-expr","locations":[{"start":{"line":467,"column":28},"end":{"line":467,"column":45}},{"start":{"line":467,"column":49},"end":{"line":467,"column":80}}]}},"s":{"0":8,"1":8,"2":8,"3":8,"4":8,"5":8,"6":8,"7":19,"8":2,"9":19,"10":1,"11":18,"12":1,"13":17,"14":1,"15":16,"16":16,"17":2,"18":14,"19":14,"20":1,"21":13,"22":4,"23":4,"24":13,"25":13,"26":19,"27":19,"28":1,"29":18,"30":3,"31":3,"32":1,"33":2,"34":1,"35":1,"36":1,"37":18,"38":18,"39":18,"40":180,"41":180,"42":1,"43":179,"44":1,"45":178,"46":1,"47":15,"48":15,"49":15,"50":31,"51":15,"52":15,"53":13},"f":{"0":19,"1":2,"2":4,"3":19,"4":3,"5":31},"b":{"0":[1,1],"1":[1],"2":[1],"3":[1],"4":[12,5],"5":[17,17],"6":[2],"7":[1],"8":[4,9],"9":[13,13],"10":[4,0],"11":[4,4],"12":[0,4],"13":[4,4],"14":[0,4],"15":[4,4],"16":[0,4],"17":[4,4],"18":[4,0],"19":[4,4],"20":[0,4],"21":[4,4],"22":[4,4],"23":[4,0],"24":[4,4],"25":[4,0],"26":[4,4],"27":[0,4],"28":[4,4],"29":[2,17],"30":[19,19],"31":[1],"32":[1],"33":[1],"34":[1],"35":[18,0],"36":[18,18],"37":[1],"38":[1],"39":[1],"40":[15,14]}}
,"/Users/saadahmad/Documents/Projects/arvo-event-handler/src/ArvoMachine/index.ts": {"path":"/Users/saadahmad/Documents/Projects/arvo-event-handler/src/ArvoMachine/index.ts","statementMap":{"0":{"start":{"line":1,"column":0},"end":{"line":1,"column":null}},"1":{"start":{"line":25,"column":0},"end":{"line":25,"column":null}},"2":{"start":{"line":61,"column":20},"end":{"line":61,"column":null}},"3":{"start":{"line":54,"column":20},"end":{"line":54,"column":27}},"4":{"start":{"line":55,"column":20},"end":{"line":55,"column":37}},"5":{"start":{"line":56,"column":20},"end":{"line":56,"column":null}},"6":{"start":{"line":60,"column":20},"end":{"line":60,"column":33}},"7":{"start":{"line":61,"column":20},"end":{"line":61,"column":59}},"8":{"start":{"line":67,"column":2},"end":{"line":69,"column":null}},"9":{"start":{"line":68,"column":4},"end":{"line":68,"column":44}},"10":{"start":{"line":100,"column":2},"end":{"line":196,"column":null}},"11":{"start":{"line":115,"column":67},"end":{"line":115,"column":71}},"12":{"start":{"line":117,"column":4},"end":{"line":135,"column":5}},"13":{"start":{"line":118,"column":6},"end":{"line":118,"column":45}},"14":{"start":{"line":119,"column":6},"end":{"line":119,"column":28}},"15":{"start":{"line":121,"column":6},"end":{"line":133,"column":30}},"16":{"start":{"line":124,"column":26},"end":{"line":129,"column":null}},"17":{"start":{"line":128,"column":26},"end":{"line":128,"column":null}},"18":{"start":{"line":134,"column":6},"end":{"line":134,"column":31}},"19":{"start":{"line":137,"column":4},"end":{"line":145,"column":5}},"20":{"start":{"line":138,"column":6},"end":{"line":141,"column":9}},"21":{"start":{"line":142,"column":6},"end":{"line":144,"column":8}},"22":{"start":{"line":147,"column":4},"end":{"line":150,"column":7}},"23":{"start":{"line":152,"column":23},"end":{"line":152,"column":55}},"24":{"start":{"line":154,"column":4},"end":{"line":180,"column":5}},"25":{"start":{"line":155,"column":6},"end":{"line":158,"column":9}},"26":{"start":{"line":160,"column":6},"end":{"line":163,"column":9}},"27":{"start":{"line":164,"column":6},"end":{"line":171,"column":7}},"28":{"start":{"line":165,"column":8},"end":{"line":170,"column":10}},"29":{"start":{"line":172,"column":6},"end":{"line":179,"column":7}},"30":{"start":{"line":173,"column":8},"end":{"line":178,"column":10}},"31":{"start":{"line":183,"column":6},"end":{"line":185,"column":85}},"32":{"start":{"line":186,"column":18},"end":{"line":186,"column":70}},"33":{"start":{"line":187,"column":4},"end":{"line":192,"column":5}},"34":{"start":{"line":188,"column":6},"end":{"line":191,"column":8}},"35":{"start":{"line":193,"column":4},"end":{"line":195,"column":6}},"36":{"start":{"line":197,"column":0},"end":{"line":197,"column":null}}},"fnMap":{"0":{"name":"(anonymous_1)","decl":{"start":{"line":25,"column":0},"end":{"line":25,"column":null}},"loc":{"start":{"line":25,"column":0},"end":{"line":197,"column":null}}},"1":{"name":"ArvoMachine","decl":{"start":{"line":53,"column":2},"end":{"line":53,"column":null}},"loc":{"start":{"line":61,"column":59},"end":{"line":62,"column":6}}},"2":{"name":"(anonymous_3)","decl":{"start":{"line":67,"column":2},"end":{"line":67,"column":6}},"loc":{"start":{"line":67,"column":2},"end":{"line":69,"column":3}}},"3":{"name":"(anonymous_4)","decl":{"start":{"line":100,"column":2},"end":{"line":100,"column":15}},"loc":{"start":{"line":100,"column":32},"end":{"line":196,"column":3}}},"4":{"name":"(anonymous_5)","decl":{"start":{"line":124,"column":12},"end":{"line":124,"column":13}},"loc":{"start":{"line":124,"column":21},"end":{"line":124,"column":null}}},"5":{"name":"(anonymous_6)","decl":{"start":{"line":128,"column":16},"end":{"line":128,"column":17}},"loc":{"start":{"line":128,"column":21},"end":{"line":128,"column":27}}}},"branchMap":{"0":{"loc":{"start":{"line":61,"column":20},"end":{"line":61,"column":null}},"type":"if","locations":[{"start":{"line":61,"column":20},"end":{"line":61,"column":null}}]},"1":{"loc":{"start":{"line":117,"column":4},"end":{"line":135,"column":5}},"type":"if","locations":[{"start":{"line":117,"column":4},"end":{"line":135,"column":5}},{"start":{"line":120,"column":11},"end":{"line":135,"column":5}}]},"2":{"loc":{"start":{"line":122,"column":8},"end":{"line":133,"column":29}},"type":"cond-expr","locations":[{"start":{"line":133,"column":21},"end":{"line":133,"column":25}},{"start":{"line":133,"column":25},"end":{"line":133,"column":29}}]},"3":{"loc":{"start":{"line":122,"column":8},"end":{"line":133,"column":25}},"type":"binary-expr","locations":[{"start":{"line":122,"column":8},"end":{"line":133,"column":25}},{"start":{"line":133,"column":21},"end":{"line":133,"column":25}}]},"4":{"loc":{"start":{"line":137,"column":4},"end":{"line":145,"column":5}},"type":"if","locations":[{"start":{"line":137,"column":4},"end":{"line":145,"column":5}}]},"5":{"loc":{"start":{"line":154,"column":4},"end":{"line":180,"column":5}},"type":"if","locations":[{"start":{"line":154,"column":4},"end":{"line":180,"column":5}},{"start":{"line":159,"column":11},"end":{"line":180,"column":5}}]},"6":{"loc":{"start":{"line":164,"column":6},"end":{"line":171,"column":7}},"type":"if","locations":[{"start":{"line":164,"column":6},"end":{"line":171,"column":7}}]},"7":{"loc":{"start":{"line":172,"column":6},"end":{"line":179,"column":7}},"type":"if","locations":[{"start":{"line":172,"column":6},"end":{"line":179,"column":7}}]},"8":{"loc":{"start":{"line":172,"column":10},"end":{"line":172,"column":110}},"type":"binary-expr","locations":[{"start":{"line":172,"column":10},"end":{"line":172,"column":59}},{"start":{"line":172,"column":63},"end":{"line":172,"column":110}}]},"9":{"loc":{"start":{"line":183,"column":6},"end":{"line":185,"column":85}},"type":"cond-expr","locations":[{"start":{"line":184,"column":10},"end":{"line":184,"column":41}},{"start":{"line":185,"column":11},"end":{"line":185,"column":84}}]},"10":{"loc":{"start":{"line":185,"column":11},"end":{"line":185,"column":84}},"type":"cond-expr","locations":[{"start":{"line":185,"column":45},"end":{"line":185,"column":49}},{"start":{"line":185,"column":49},"end":{"line":185,"column":84}}]},"11":{"loc":{"start":{"line":185,"column":11},"end":{"line":185,"column":49}},"type":"binary-expr","locations":[{"start":{"line":185,"column":11},"end":{"line":185,"column":49}},{"start":{"line":185,"column":45},"end":{"line":185,"column":49}}]},"12":{"loc":{"start":{"line":186,"column":18},"end":{"line":186,"column":70}},"type":"cond-expr","locations":[{"start":{"line":186,"column":62},"end":{"line":186,"column":66}},{"start":{"line":186,"column":66},"end":{"line":186,"column":70}}]},"13":{"loc":{"start":{"line":186,"column":18},"end":{"line":186,"column":66}},"type":"binary-expr","locations":[{"start":{"line":186,"column":18},"end":{"line":186,"column":66}},{"start":{"line":186,"column":62},"end":{"line":186,"column":66}}]},"14":{"loc":{"start":{"line":187,"column":4},"end":{"line":192,"column":5}},"type":"if","locations":[{"start":{"line":187,"column":4},"end":{"line":192,"column":5}}]}},"s":{"0":8,"1":8,"2":15,"3":15,"4":15,"5":15,"6":15,"7":15,"8":8,"9":509,"10":8,"11":51,"12":51,"13":23,"14":23,"15":28,"16":75,"17":151,"18":28,"19":51,"20":3,"21":3,"22":48,"23":48,"24":48,"25":1,"26":47,"27":47,"28":1,"29":46,"30":2,"31":45,"32":45,"33":45,"34":2,"35":43,"36":8},"f":{"0":8,"1":15,"2":509,"3":51,"4":75,"5":151},"b":{"0":[0],"1":[23,28],"2":[25,3],"3":[28,28],"4":[3],"5":[1,47],"6":[1],"7":[2],"8":[46,46],"9":[21,24],"10":[24,0],"11":[24,24],"12":[2,43],"13":[45,45],"14":[2]}}
,"/Users/saadahmad/Documents/Projects/arvo-event-handler/src/ArvoMachine/utils.ts": {"path":"/Users/saadahmad/Documents/Projects/arvo-event-handler/src/ArvoMachine/utils.ts","statementMap":{"0":{"start":{"line":25,"column":36},"end":{"line":39,"column":1}},"1":{"start":{"line":26,"column":2},"end":{"line":28,"column":3}},"2":{"start":{"line":27,"column":4},"end":{"line":27,"column":17}},"3":{"start":{"line":29,"column":38},"end":{"line":29,"column":46}},"4":{"start":{"line":30,"column":2},"end":{"line":37,"column":3}},"5":{"start":{"line":31,"column":26},"end":{"line":31,"column":37}},"6":{"start":{"line":32,"column":4},"end":{"line":32,"column":41}},"7":{"start":{"line":32,"column":32},"end":{"line":32,"column":41}},"8":{"start":{"line":33,"column":4},"end":{"line":33,"column":55}},"9":{"start":{"line":33,"column":43},"end":{"line":33,"column":55}},"10":{"start":{"line":34,"column":4},"end":{"line":36,"column":5}},"11":{"start":{"line":34,"column":24},"end":{"line":34,"column":30}},"12":{"start":{"line":34,"column":24},"end":{"line":34,"column":59}},"13":{"start":{"line":34,"column":20},"end":{"line":34,"column":24}},"14":{"start":{"line":35,"column":6},"end":{"line":35,"column":24}},"15":{"start":{"line":38,"column":2},"end":{"line":38,"column":15}},"16":{"start":{"line":25,"column":13},"end":{"line":25,"column":36}},"17":{"start":{"line":50,"column":41},"end":{"line":75,"column":1}},"18":{"start":{"line":61,"column":46},"end":{"line":61,"column":48}},"19":{"start":{"line":62,"column":2},"end":{"line":71,"column":3}},"20":{"start":{"line":62,"column":32},"end":{"line":62,"column":38}},"21":{"start":{"line":62,"column":32},"end":{"line":62,"column":57}},"22":{"start":{"line":62,"column":13},"end":{"line":62,"column":14}},"23":{"start":{"line":62,"column":17},"end":{"line":62,"column":19}},"24":{"start":{"line":62,"column":27},"end":{"line":62,"column":28}},"25":{"start":{"line":63,"column":4},"end":{"line":69,"column":5}},"26":{"start":{"line":64,"column":6},"end":{"line":68,"column":8}},"27":{"start":{"line":70,"column":4},"end":{"line":70,"column":36}},"28":{"start":{"line":72,"column":2},"end":{"line":74,"column":4}},"29":{"start":{"line":50,"column":13},"end":{"line":50,"column":41}}},"fnMap":{"0":{"name":"(anonymous_0)","decl":{"start":{"line":25,"column":36},"end":{"line":25,"column":37}},"loc":{"start":{"line":25,"column":114},"end":{"line":39,"column":1}}},"1":{"name":"(anonymous_1)","decl":{"start":{"line":50,"column":41},"end":{"line":50,"column":null}},"loc":{"start":{"line":51,"column":75},"end":{"line":75,"column":1}}}},"branchMap":{"0":{"loc":{"start":{"line":26,"column":2},"end":{"line":28,"column":3}},"type":"if","locations":[{"start":{"line":26,"column":2},"end":{"line":28,"column":3}}]},"1":{"loc":{"start":{"line":26,"column":7},"end":{"line":26,"column":21}},"type":"cond-expr","locations":[{"start":{"line":26,"column":13},"end":{"line":26,"column":15}},{"start":{"line":26,"column":7},"end":{"line":26,"column":21}}]},"2":{"loc":{"start":{"line":26,"column":7},"end":{"line":26,"column":15}},"type":"binary-expr","locations":[{"start":{"line":26,"column":7},"end":{"line":26,"column":15}},{"start":{"line":26,"column":7},"end":{"line":26,"column":15}}]},"3":{"loc":{"start":{"line":32,"column":4},"end":{"line":32,"column":41}},"type":"if","locations":[{"start":{"line":32,"column":4},"end":{"line":32,"column":41}}]},"4":{"loc":{"start":{"line":32,"column":9},"end":{"line":32,"column":30}},"type":"cond-expr","locations":[{"start":{"line":32,"column":22},"end":{"line":32,"column":24}},{"start":{"line":32,"column":9},"end":{"line":32,"column":30}}]},"5":{"loc":{"start":{"line":32,"column":9},"end":{"line":32,"column":24}},"type":"binary-expr","locations":[{"start":{"line":32,"column":9},"end":{"line":32,"column":24}},{"start":{"line":32,"column":9},"end":{"line":32,"column":24}}]},"6":{"loc":{"start":{"line":33,"column":4},"end":{"line":33,"column":55}},"type":"if","locations":[{"start":{"line":33,"column":4},"end":{"line":33,"column":55}}]},"7":{"loc":{"start":{"line":63,"column":4},"end":{"line":69,"column":5}},"type":"if","locations":[{"start":{"line":63,"column":4},"end":{"line":69,"column":5}}]}},"s":{"0":8,"1":15,"2":0,"3":15,"4":15,"5":65,"6":65,"7":49,"8":16,"9":1,"10":15,"11":15,"12":15,"13":51,"14":51,"15":14,"16":8,"17":8,"18":34,"19":34,"20":34,"21":34,"22":90,"23":90,"24":90,"25":90,"26":3,"27":87,"28":31,"29":8},"f":{"0":15,"1":34},"b":{"0":[0],"1":[0,15],"2":[15,15],"3":[49],"4":[0,65],"5":[65,65],"6":[1],"7":[3]}}
,"/Users/saadahmad/Documents/Projects/arvo-event-handler/src/ArvoOrchestrator/error.ts": {"path":"/Users/saadahmad/Documents/Projects/arvo-event-handler/src/ArvoOrchestrator/error.ts","statementMap":{"0":{"start":{"line":1,"column":0},"end":{"line":1,"column":59}},"1":{"start":{"line":3,"column":0},"end":{"line":3,"column":null}},"2":{"start":{"line":4,"column":2},"end":{"line":4,"column":null}},"3":{"start":{"line":5,"column":2},"end":{"line":5,"column":null}},"4":{"start":{"line":6,"column":2},"end":{"line":6,"column":null}},"5":{"start":{"line":7,"column":2},"end":{"line":7,"column":null}},"6":{"start":{"line":8,"column":2},"end":{"line":8,"column":null}},"7":{"start":{"line":11,"column":0},"end":{"line":11,"column":83}},"8":{"start":{"line":11,"column":42},"end":{"line":11,"column":56}},"9":{"start":{"line":19,"column":4},"end":{"line":25,"column":7}},"10":{"start":{"line":26,"column":4},"end":{"line":26,"column":29}},"11":{"start":{"line":28,"column":0},"end":{"line":28,"column":null}},"12":{"start":{"line":11,"column":13},"end":{"line":11,"column":33}}},"fnMap":{"0":{"name":"(anonymous_6)","decl":{"start":{"line":3,"column":0},"end":{"line":3,"column":12}},"loc":{"start":{"line":3,"column":37},"end":{"line":9,"column":1}}},"1":{"name":"(anonymous_7)","decl":{"start":{"line":11,"column":0},"end":{"line":11,"column":13}},"loc":{"start":{"line":11,"column":0},"end":{"line":28,"column":null}}},"2":{"name":"TransactionViolation","decl":{"start":{"line":14,"column":2},"end":{"line":14,"column":14}},"loc":{"start":{"line":18,"column":3},"end":{"line":27,"column":3}}}},"branchMap":{"0":{"loc":{"start":{"line":3,"column":12},"end":{"line":3,"column":null}},"type":"binary-expr","locations":[{"start":{"line":3,"column":12},"end":{"line":3,"column":37}},{"start":{"line":3,"column":37},"end":{"line":3,"column":null}}]},"1":{"loc":{"start":{"line":19,"column":4},"end":{"line":25,"column":7}},"type":"binary-expr","locations":[{"start":{"line":19,"column":4},"end":{"line":25,"column":6}},{"start":{"line":25,"column":6},"end":{"line":25,"column":7}}]}},"s":{"0":8,"1":8,"2":8,"3":8,"4":8,"5":8,"6":8,"7":8,"8":8,"9":4,"10":4,"11":8,"12":8},"f":{"0":8,"1":8,"2":4},"b":{"0":[8,8],"1":[4,0]}}
,"/Users/saadahmad/Documents/Projects/arvo-event-handler/src/ArvoOrchestrator/factory.ts": {"path":"/Users/saadahmad/Documents/Projects/arvo-event-handler/src/ArvoOrchestrator/factory.ts","statementMap":{"0":{"start":{"line":1,"column":0},"end":{"line":1,"column":37}},"1":{"start":{"line":2,"column":0},"end":{"line":2,"column":67}},"2":{"start":{"line":3,"column":0},"end":{"line":3,"column":53}},"3":{"start":{"line":32,"column":38},"end":{"line":53,"column":1}},"4":{"start":{"line":33,"column":16},"end":{"line":33,"column":null}},"5":{"start":{"line":34,"column":8},"end":{"line":34,"column":null}},"6":{"start":{"line":35,"column":10},"end":{"line":35,"column":null}},"7":{"start":{"line":36,"column":19},"end":{"line":36,"column":null}},"8":{"start":{"line":38,"column":2},"end":{"line":40,"column":3}},"9":{"start":{"line":39,"column":4},"end":{"line":39,"column":61}},"10":{"start":{"line":42,"column":16},"end":{"line":42,"column":51}},"11":{"start":{"line":43,"column":34},"end":{"line":43,"column":93}},"12":{"start":{"line":43,"column":61},"end":{"line":43,"column":93}},"13":{"start":{"line":45,"column":2},"end":{"line":52,"column":5}},"14":{"start":{"line":32,"column":13},"end":{"line":32,"column":38}}},"fnMap":{"0":{"name":"(anonymous_1)","decl":{"start":{"line":32,"column":38},"end":{"line":32,"column":39}},"loc":{"start":{"line":37,"column":26},"end":{"line":53,"column":1}}},"1":{"name":"(anonymous_2)","decl":{"start":{"line":43,"column":48},"end":{"line":43,"column":49}},"loc":{"start":{"line":43,"column":56},"end":{"line":43,"column":68}}}},"branchMap":{"0":{"loc":{"start":{"line":38,"column":2},"end":{"line":40,"column":3}},"type":"if","locations":[{"start":{"line":38,"column":2},"end":{"line":40,"column":3}}]},"1":{"loc":{"start":{"line":38,"column":7},"end":{"line":38,"column":23}},"type":"cond-expr","locations":[{"start":{"line":38,"column":15},"end":{"line":38,"column":17}},{"start":{"line":38,"column":7},"end":{"line":38,"column":23}}]},"2":{"loc":{"start":{"line":38,"column":7},"end":{"line":38,"column":17}},"type":"binary-expr","locations":[{"start":{"line":38,"column":7},"end":{"line":38,"column":17}},{"start":{"line":38,"column":7},"end":{"line":38,"column":17}}]}},"s":{"0":8,"1":8,"2":8,"3":8,"4":10,"5":10,"6":10,"7":10,"8":10,"9":0,"10":10,"11":10,"12":12,"13":10,"14":8},"f":{"0":10,"1":12},"b":{"0":[0],"1":[0,10],"2":[10,10]}}
,"/Users/saadahmad/Documents/Projects/arvo-event-handler/src/ArvoOrchestrator/index.ts": {"path":"/Users/saadahmad/Documents/Projects/arvo-event-handler/src/ArvoOrchestrator/index.ts","statementMap":{"0":{"start":{"line":1,"column":0},"end":{"line":1,"column":71}},"1":{"start":{"line":2,"column":0},"end":{"line":2,"column":null}},"2":{"start":{"line":34,"column":0},"end":{"line":34,"column":35}},"3":{"start":{"line":35,"column":0},"end":{"line":35,"column":74}},"4":{"start":{"line":37,"column":0},"end":{"line":37,"column":57}},"5":{"start":{"line":41,"column":0},"end":{"line":41,"column":83}},"6":{"start":{"line":42,"column":0},"end":{"line":42,"column":51}},"7":{"start":{"line":48,"column":0},"end":{"line":48,"column":13}},"8":{"start":{"line":77,"column":18},"end":{"line":77,"column":null}},"9":{"start":{"line":78,"column":10},"end":{"line":78,"column":null}},"10":{"start":{"line":79,"column":12},"end":{"line":79,"column":null}},"11":{"start":{"line":80,"column":19},"end":{"line":80,"column":null}},"12":{"start":{"line":81,"column":27},"end":{"line":81,"column":null}},"13":{"start":{"line":82,"column":21},"end":{"line":82,"column":null}},"14":{"start":{"line":53,"column":11},"end":{"line":53,"column":54}},"15":{"start":{"line":84,"column":4},"end":{"line":84,"column":41}},"16":{"start":{"line":85,"column":34},"end":{"line":85,"column":54}},"17":{"start":{"line":86,"column":52},"end":{"line":86,"column":54}},"18":{"start":{"line":87,"column":4},"end":{"line":97,"column":5}},"19":{"start":{"line":87,"column":26},"end":{"line":87,"column":34}},"20":{"start":{"line":87,"column":26},"end":{"line":87,"column":43}},"21":{"start":{"line":87,"column":22},"end":{"line":87,"column":26}},"22":{"start":{"line":88,"column":6},"end":{"line":90,"column":7}},"23":{"start":{"line":89,"column":8},"end":{"line":89,"column":113}},"24":{"start":{"line":91,"column":6},"end":{"line":95,"column":7}},"25":{"start":{"line":92,"column":8},"end":{"line":94,"column":10}},"26":{"start":{"line":96,"column":6},"end":{"line":96,"column":45}},"27":{"start":{"line":98,"column":4},"end":{"line":98,"column":29}},"28":{"start":{"line":99,"column":4},"end":{"line":99,"column":43}},"29":{"start":{"line":100,"column":4},"end":{"line":100,"column":84}},"30":{"start":{"line":101,"column":4},"end":{"line":101,"column":47}},"31":{"start":{"line":55,"column":2},"end":{"line":57,"column":null}},"32":{"start":{"line":56,"column":4},"end":{"line":56,"column":44}},"33":{"start":{"line":59,"column":2},"end":{"line":61,"column":null}},"34":{"start":{"line":60,"column":4},"end":{"line":60,"column":58}},"35":{"start":{"line":63,"column":2},"end":{"line":65,"column":null}},"36":{"start":{"line":64,"column":4},"end":{"line":64,"column":41}},"37":{"start":{"line":67,"column":2},"end":{"line":69,"column":null}},"38":{"start":{"line":68,"column":4},"end":{"line":68,"column":59}},"39":{"start":{"line":117,"column":12},"end":{"line":271,"column":null}},"40":{"start":{"line":126,"column":4},"end":{"line":129,"column":7}},"41":{"start":{"line":131,"column":95},"end":{"line":131,"column":117}},"42":{"start":{"line":135,"column":8},"end":{"line":138,"column":null}},"43":{"start":{"line":137,"column":18},"end":{"line":137,"column":null}},"44":{"start":{"line":140,"column":38},"end":{"line":140,"column":42}},"45":{"start":{"line":141,"column":59},"end":{"line":141,"column":63}},"46":{"start":{"line":142,"column":26},"end":{"line":142,"column":45}},"47":{"start":{"line":143,"column":27},"end":{"line":143,"column":41}},"48":{"start":{"line":144,"column":17},"end":{"line":149,"column":6}},"49":{"start":{"line":150,"column":4},"end":{"line":224,"column":5}},"50":{"start":{"line":151,"column":6},"end":{"line":154,"column":9}},"51":{"start":{"line":155,"column":6},"end":{"line":155,"column":30}},"52":{"start":{"line":156,"column":6},"end":{"line":156,"column":75}},"53":{"start":{"line":157,"column":6},"end":{"line":157,"column":66}},"54":{"start":{"line":158,"column":6},"end":{"line":158,"column":29}},"55":{"start":{"line":159,"column":6},"end":{"line":164,"column":9}},"56":{"start":{"line":165,"column":11},"end":{"line":224,"column":5}},"57":{"start":{"line":166,"column":6},"end":{"line":169,"column":9}},"58":{"start":{"line":170,"column":6},"end":{"line":170,"column":45}},"59":{"start":{"line":171,"column":6},"end":{"line":171,"column":58}},"60":{"start":{"line":172,"column":6},"end":{"line":177,"column":9}},"61":{"start":{"line":182,"column":6},"end":{"line":223,"column":7}},"62":{"start":{"line":183,"column":8},"end":{"line":191,"column":9}},"63":{"start":{"line":184,"column":10},"end":{"line":190,"column":11}},"64":{"start":{"line":185,"column":12},"end":{"line":185,"column":71}},"65":{"start":{"line":187,"column":12},"end":{"line":189,"column":14}},"66":{"start":{"line":193,"column":8},"end":{"line":222,"column":9}},"67":{"start":{"line":194,"column":10},"end":{"line":214,"column":11}},"68":{"start":{"line":195,"column":12},"end":{"line":203,"column":15}},"69":{"start":{"line":205,"column":12},"end":{"line":213,"column":15}},"70":{"start":{"line":219,"column":10},"end":{"line":221,"column":12}},"71":{"start":{"line":226,"column":46},"end":{"line":226,"column":62}},"72":{"start":{"line":227,"column":25},"end":{"line":227,"column":35}},"73":{"start":{"line":232,"column":4},"end":{"line":241,"column":5}},"74":{"start":{"line":233,"column":6},"end":{"line":240,"column":7}},"75":{"start":{"line":234,"column":8},"end":{"line":234,"column":45}},"76":{"start":{"line":235,"column":8},"end":{"line":235,"column":63}},"77":{"start":{"line":237,"column":8},"end":{"line":239,"column":10}},"78":{"start":{"line":244,"column":27},"end":{"line":262,"column":null}},"79":{"start":{"line":265,"column":4},"end":{"line":268,"column":7}},"80":{"start":{"line":270,"column":4},"end":{"line":270,"column":26}},"81":{"start":{"line":285,"column":8},"end":{"line":659,"column":null}},"82":{"start":{"line":287,"column":4},"end":{"line":289,"column":null}},"83":{"start":{"line":293,"column":11},"end":{"line":658,"column":7}},"84":{"start":{"line":301,"column":58},"end":{"line":301,"column":60}},"85":{"start":{"line":301,"column":65},"end":{"line":301,"column":66}},"86":{"start":{"line":301,"column":71},"end":{"line":301,"column":102}},"87":{"start":{"line":319,"column":21},"end":{"line":657,"column":null}},"88":{"start":{"line":320,"column":8},"end":{"line":323,"column":11}},"89":{"start":{"line":324,"column":14},"end":{"line":324,"column":58}},"90":{"start":{"line":325,"column":12},"end":{"line":325,"column":61}},"91":{"start":{"line":326,"column":12},"end":{"line":326,"column":46}},"92":{"start":{"line":327,"column":12},"end":{"line":327,"column":63}},"93":{"start":{"line":332,"column":10},"end":{"line":332,"column":67}},"94":{"start":{"line":333,"column":16},"end":{"line":333,"column":83}},"95":{"start":{"line":334,"column":10},"end":{"line":337,"column":13}},"96":{"start":{"line":340,"column":10},"end":{"line":353,"column":11}},"97":{"start":{"line":341,"column":12},"end":{"line":344,"column":15}},"98":{"start":{"line":346,"column":12},"end":{"line":349,"column":15}},"99":{"start":{"line":350,"column":12},"end":{"line":352,"column":14}},"100":{"start":{"line":355,"column":10},"end":{"line":358,"column":13}},"101":{"start":{"line":360,"column":16},"end":{"line":362,"column":13}},"102":{"start":{"line":365,"column":10},"end":{"line":370,"column":11}},"103":{"start":{"line":366,"column":18},"end":{"line":366,"column":38}},"104":{"start":{"line":367,"column":12},"end":{"line":369,"column":14}},"105":{"start":{"line":372,"column":10},"end":{"line":375,"column":13}},"106":{"start":{"line":382,"column":16},"end":{"line":382,"column":63}},"107":{"start":{"line":384,"column":10},"end":{"line":391,"column":11}},"108":{"start":{"line":388,"column":12},"end":{"line":390,"column":14}},"109":{"start":{"line":393,"column":10},"end":{"line":402,"column":11}},"110":{"start":{"line":399,"column":12},"end":{"line":401,"column":14}},"111":{"start":{"line":407,"column":25},"end":{"line":407,"column":79}},"112":{"start":{"line":407,"column":10},"end":{"line":407,"column":79}},"113":{"start":{"line":408,"column":10},"end":{"line":414,"column":11}},"114":{"start":{"line":409,"column":12},"end":{"line":413,"column":15}},"115":{"start":{"line":416,"column":10},"end":{"line":421,"column":11}},"116":{"start":{"line":417,"column":12},"end":{"line":420,"column":15}},"117":{"start":{"line":424,"column":24},"end":{"line":424,"column":null}},"118":{"start":{"line":424,"column":16},"end":{"line":424,"column":null}},"119":{"start":{"line":425,"column":10},"end":{"line":425,"column":68}},"120":{"start":{"line":426,"column":10},"end":{"line":426,"column":55}},"121":{"start":{"line":428,"column":10},"end":{"line":449,"column":11}},"122":{"start":{"line":429,"column":12},"end":{"line":432,"column":15}},"123":{"start":{"line":434,"column":12},"end":{"line":443,"column":13}},"124":{"start":{"line":435,"column":14},"end":{"line":438,"column":17}},"125":{"start":{"line":440,"column":14},"end":{"line":442,"column":16}},"126":{"start":{"line":445,"column":12},"end":{"line":448,"column":15}},"127":{"start":{"line":454,"column":10},"end":{"line":456,"column":11}},"128":{"start":{"line":455,"column":12},"end":{"line":455,"column":78}},"129":{"start":{"line":461,"column":16},"end":{"line":468,"column":12}},"130":{"start":{"line":470,"column":10},"end":{"line":470,"column":87}},"131":{"start":{"line":472,"column":16},"end":{"line":472,"column":65}},"132":{"start":{"line":478,"column":10},"end":{"line":489,"column":11}},"133":{"start":{"line":479,"column":12},"end":{"line":488,"column":15}},"134":{"start":{"line":497,"column":16},"end":{"line":497,"column":45}},"135":{"start":{"line":499,"column":10},"end":{"line":521,"column":11}},"136":{"start":{"line":499,"column":21},"end":{"line":499,"column":29}},"137":{"start":{"line":500,"column":18},"end":{"line":500,"column":59}},"138":{"start":{"line":501,"column":12},"end":{"line":520,"column":13}},"139":{"start":{"line":501,"column":23},"end":{"line":501,"column":31}},"140":{"start":{"line":502,"column":20},"end":{"line":510,"column":16}},"141":{"start":{"line":514,"column":14},"end":{"line":514,"column":58}},"142":{"start":{"line":514,"column":49},"end":{"line":514,"column":58}},"143":{"start":{"line":515,"column":14},"end":{"line":515,"column":44}},"144":{"start":{"line":516,"column":14},"end":{"line":516,"column":35}},"145":{"start":{"line":517,"column":14},"end":{"line":519,"column":15}},"146":{"start":{"line":517,"column":25},"end":{"line":517,"column":37}},"147":{"start":{"line":518,"column":16},"end":{"line":518,"column":84}},"148":{"start":{"line":523,"column":10},"end":{"line":526,"column":13}},"149":{"start":{"line":529,"column":10},"end":{"line":546,"column":12}},"150":{"start":{"line":540,"column":51},"end":{"line":540,"column":65}},"151":{"start":{"line":548,"column":10},"end":{"line":551,"column":13}},"152":{"start":{"line":553,"column":10},"end":{"line":556,"column":13}},"153":{"start":{"line":558,"column":10},"end":{"line":558,"column":40}},"154":{"start":{"line":565,"column":16},"end":{"line":569,"column":16}},"155":{"start":{"line":570,"column":10},"end":{"line":570,"column":29}},"156":{"start":{"line":571,"column":10},"end":{"line":574,"column":13}},"157":{"start":{"line":579,"column":10},"end":{"line":585,"column":11}},"158":{"start":{"line":580,"column":12},"end":{"line":583,"column":15}},"159":{"start":{"line":584,"column":12},"end":{"line":584,"column":20}},"160":{"start":{"line":587,"column":10},"end":{"line":590,"column":13}},"161":{"start":{"line":597,"column":14},"end":{"line":597,"column":80}},"162":{"start":{"line":598,"column":10},"end":{"line":605,"column":11}},"163":{"start":{"line":599,"column":12},"end":{"line":599,"column":79}},"164":{"start":{"line":601,"column":12},"end":{"line":604,"column":15}},"165":{"start":{"line":607,"column":16},"end":{"line":607,"column":41}},"166":{"start":{"line":608,"column":10},"end":{"line":649,"column":11}},"167":{"st
[...]
,"/Users/saadahmad/Documents/Projects/arvo-event-handler/src/utils/SimpleEventBroker/index.ts": {"path":"/Users/saadahmad/Documents/Projects/arvo-event-handler/src/utils/SimpleEventBroker/index.ts","statementMap":{"0":{"start":{"line":3,"column":0},"end":{"line":3,"column":41}},"1":{"start":{"line":48,"column":0},"end":{"line":48,"column":13}},"2":{"start":{"line":55,"column":19},"end":{"line":55,"column":49}},"3":{"start":{"line":58,"column":4},"end":{"line":58,"column":33}},"4":{"start":{"line":59,"column":4},"end":{"line":59,"column":20}},"5":{"start":{"line":60,"column":4},"end":{"line":60,"column":21}},"6":{"start":{"line":61,"column":4},"end":{"line":61,"column":30}},"7":{"start":{"line":62,"column":4},"end":{"line":62,"column":45}},"8":{"start":{"line":63,"column":4},"end":{"line":63,"column":40}},"9":{"start":{"line":69,"column":2},"end":{"line":71,"column":null}},"10":{"start":{"line":70,"column":4},"end":{"line":70,"column":47}},"11":{"start":{"line":82,"column":2},"end":{"line":101,"column":null}},"12":{"start":{"line":82,"column":2},"end":{"line":82,"column":11}},"13":{"start":{"line":82,"column":54},"end":{"line":82,"column":null}},"14":{"start":{"line":83,"column":4},"end":{"line":85,"column":5}},"15":{"start":{"line":84,"column":6},"end":{"line":84,"column":45}},"16":{"start":{"line":87,"column":4},"end":{"line":89,"column":5}},"17":{"start":{"line":88,"column":6},"end":{"line":88,"column":73}},"18":{"start":{"line":92,"column":21},"end":{"line":92,"column":49}},"19":{"start":{"line":93,"column":4},"end":{"line":93,"column":26}},"20":{"start":{"line":95,"column":4},"end":{"line":100,"column":6}},"21":{"start":{"line":96,"column":6},"end":{"line":96,"column":31}},"22":{"start":{"line":97,"column":6},"end":{"line":99,"column":7}},"23":{"start":{"line":98,"column":8},"end":{"line":98,"column":39}},"24":{"start":{"line":108,"column":8},"end":{"line":123,"column":null}},"25":{"start":{"line":109,"column":4},"end":{"line":111,"column":5}},"26":{"start":{"line":110,"column":6},"end":{"line":110,"column":57}},"27":{"start":{"line":113,"column":4},"end":{"line":115,"column":5}},"28":{"start":{"line":114,"column":6},"end":{"line":114,"column":78}},"29":{"start":{"line":117,"column":4},"end":{"line":117,"column":27}},"30":{"start":{"line":118,"column":4},"end":{"line":118,"column":28}},"31":{"start":{"line":120,"column":8},"end":{"line":120,"column":9}},"32":{"start":{"line":121,"column":6},"end":{"line":121,"column":32}},"33":{"start":{"line":128,"column":2},"end":{"line":130,"column":null}},"34":{"start":{"line":129,"column":4},"end":{"line":129,"column":29}},"35":{"start":{"line":135,"column":2},"end":{"line":137,"column":null}},"36":{"start":{"line":136,"column":4},"end":{"line":136,"column":50}},"37":{"start":{"line":151,"column":16},"end":{"line":185,"column":null}},"38":{"start":{"line":152,"column":4},"end":{"line":152,"column":34}},"39":{"start":{"line":152,"column":27},"end":{"line":152,"column":34}},"40":{"start":{"line":153,"column":4},"end":{"line":153,"column":29}},"41":{"start":{"line":157,"column":14},"end":{"line":157,"column":39}},"42":{"start":{"line":158,"column":8},"end":{"line":158,"column":null}},"43":{"start":{"line":158,"column":29},"end":{"line":158,"column":null}},"44":{"start":{"line":159,"column":12},"end":{"line":159,"column":17}},"45":{"start":{"line":160,"column":10},"end":{"line":160,"column":55}},"46":{"start":{"line":163,"column":14},"end":{"line":163,"column":62}},"47":{"start":{"line":165,"column":8},"end":{"line":168,"column":9}},"48":{"start":{"line":166,"column":10},"end":{"line":166,"column":95}},"49":{"start":{"line":170,"column":14},"end":{"line":178,"column":10}},"50":{"start":{"line":171,"column":10},"end":{"line":177,"column":null}},"51":{"start":{"line":172,"column":12},"end":{"line":176,"column":13}},"52":{"start":{"line":173,"column":14},"end":{"line":173,"column":41}},"53":{"start":{"line":175,"column":14},"end":{"line":175,"column":60}},"54":{"start":{"line":180,"column":8},"end":{"line":180,"column":43}},"55":{"start":{"line":156,"column":13},"end":{"line":156,"column":null}},"56":{"start":{"line":156,"column":34},"end":{"line":156,"column":null}},"57":{"start":{"line":183,"column":6},"end":{"line":183,"column":32}},"58":{"start":{"line":186,"column":0},"end":{"line":186,"column":null}},"59":{"start":{"line":48,"column":13},"end":{"line":48,"column":30}}},"fnMap":{"0":{"name":"(anonymous_13)","decl":{"start":{"line":48,"column":0},"end":{"line":48,"column":13}},"loc":{"start":{"line":48,"column":0},"end":{"line":186,"column":null}}},"1":{"name":"SimpleEventBroker","decl":{"start":{"line":57,"column":2},"end":{"line":57,"column":14}},"loc":{"start":{"line":57,"column":38},"end":{"line":64,"column":3}}},"2":{"name":"(anonymous_15)","decl":{"start":{"line":69,"column":2},"end":{"line":69,"column":13}},"loc":{"start":{"line":69,"column":2},"end":{"line":71,"column":3}}},"3":{"name":"(anonymous_16)","decl":{"start":{"line":82,"column":2},"end":{"line":82,"column":11}},"loc":{"start":{"line":82,"column":74},"end":{"line":101,"column":3}}},"4":{"name":"(anonymous_17)","decl":{"start":{"line":95,"column":11},"end":{"line":95,"column":null}},"loc":{"start":{"line":95,"column":11},"end":{"line":100,"column":5}}},"5":{"name":"(anonymous_18)","decl":{"start":{"line":108,"column":2},"end":{"line":108,"column":8}},"loc":{"start":{"line":108,"column":32},"end":{"line":123,"column":null}}},"6":{"name":"(anonymous_21)","decl":{"start":{"line":128,"column":2},"end":{"line":128,"column":6}},"loc":{"start":{"line":128,"column":2},"end":{"line":130,"column":3}}},"7":{"name":"(anonymous_22)","decl":{"start":{"line":135,"column":2},"end":{"line":135,"column":20}},"loc":{"start":{"line":135,"column":34},"end":{"line":137,"column":3}}},"8":{"name":"(anonymous_23)","decl":{"start":{"line":151,"column":2},"end":{"line":151,"column":16}},"loc":{"start":{"line":151,"column":2},"end":{"line":185,"column":null}}},"9":{"name":"(anonymous_28)","decl":{"start":{"line":170,"column":57},"end":{"line":170,"column":58}},"loc":{"start":{"line":170,"column":65},"end":{"line":171,"column":17}}},"10":{"name":"(anonymous_29)","decl":{"start":{"line":171,"column":56},"end":{"line":171,"column":57}},"loc":{"start":{"line":171,"column":62},"end":{"line":177,"column":11}}}},"branchMap":{"0":{"loc":{"start":{"line":82,"column":54},"end":{"line":82,"column":null}},"type":"if","locations":[{"start":{"line":82,"column":54},"end":{"line":82,"column":null}}]},"1":{"loc":{"start":{"line":83,"column":4},"end":{"line":85,"column":5}},"type":"if","locations":[{"start":{"line":83,"column":4},"end":{"line":85,"column":5}}]},"2":{"loc":{"start":{"line":87,"column":4},"end":{"line":89,"column":5}},"type":"if","locations":[{"start":{"line":87,"column":4},"end":{"line":89,"column":5}}]},"3":{"loc":{"start":{"line":87,"column":8},"end":{"line":87,"column":68}},"type":"binary-expr","locations":[{"start":{"line":87,"column":8},"end":{"line":87,"column":20}},{"start":{"line":87,"column":24},"end":{"line":87,"column":68}}]},"4":{"loc":{"start":{"line":87,"column":25},"end":{"line":87,"column":63}},"type":"cond-expr","locations":[{"start":{"line":87,"column":58},"end":{"line":87,"column":62}},{"start":{"line":87,"column":62},"end":{"line":87,"column":63}}]},"5":{"loc":{"start":{"line":87,"column":25},"end":{"line":87,"column":62}},"type":"binary-expr","locations":[{"start":{"line":87,"column":25},"end":{"line":87,"column":62}},{"start":{"line":87,"column":58},"end":{"line":87,"column":62}}]},"6":{"loc":{"start":{"line":87,"column":25},"end":{"line":87,"column":58}},"type":"cond-expr","locations":[{"start":{"line":87,"column":52},"end":{"line":87,"column":54}},{"start":{"line":87,"column":52},"end":{"line":87,"column":58}}]},"7":{"loc":{"start":{"line":87,"column":25},"end":{"line":87,"column":54}},"type":"binary-expr","locations":[{"start":{"line":87,"column":25},"end":{"line":87,"column":54}},{"start":{"line":87,"column":52},"end":{"line":87,"column":54}}]},"8":{"loc":{"start":{"line":97,"column":6},"end":{"line":99,"column":7}},"type":"if","locations":[{"start":{"line":97,"column":6},"end":{"line":99,"column":7}}]},"9":{"loc":{"start":{"line":109,"column":4},"end":{"line":111,"column":5}},"type":"if","locations":[{"start":{"line":109,"column":4},"end":{"line":111,"column":5}}]},"10":{"loc":{"start":{"line":113,"column":4},"end":{"line":115,"column":5}},"type":"if","locations":[{"start":{"line":113,"column":4},"end":{"line":115,"column":5}}]},"11":{"loc":{"start":{"line":120,"column":8},"end":{"line":120,"column":9}},"type":"if","locations":[{"start":{"line":120,"column":8},"end":{"line":120,"column":9}}]},"12":{"loc":{"start":{"line":136,"column":11},"end":{"line":136,"column":49}},"type":"cond-expr","locations":[{"start":{"line":136,"column":44},"end":{"line":136,"column":48}},{"start":{"line":136,"column":48},"end":{"line":136,"column":49}}]},"13":{"loc":{"start":{"line":136,"column":11},"end":{"line":136,"column":48}},"type":"binary-expr","locations":[{"start":{"line":136,"column":11},"end":{"line":136,"column":48}},{"start":{"line":136,"column":44},"end":{"line":136,"column":48}}]},"14":{"loc":{"start":{"line":136,"column":11},"end":{"line":136,"column":44}},"type":"cond-expr","locations":[{"start":{"line":136,"column":38},"end":{"line":136,"column":40}},{"start":{"line":136,"column":38},"end":{"line":136,"column":44}}]},"15":{"loc":{"start":{"line":136,"column":11},"end":{"line":136,"column":40}},"type":"binary-expr","locations":[{"start":{"line":136,"column":11},"end":{"line":136,"column":40}},{"start":{"line":136,"column":38},"end":{"line":136,"column":40}}]},"16":{"loc":{"start":{"line":152,"column":4},"end":{"line":152,"column":34}},"type":"if","locations":[{"start":{"line":152,"column":4},"end":{"line":152,"column":34}}]},"17":{"loc":{"start":{"line":158,"column":8},"end":{"line":158,"column":null}},"type":"if","locations":[{"start":{"line":158,"column":8},"end":{"line":158,"column":null}}]},"18":{"loc":{"start":{"line":159,"column":12},"end":{"line":159,"column":17}},"type":"if","locations":[{"start":{"line":159,"column":12},"end":{"line":159,"column":17}}]},"19":{"loc":{"start":{"line":163,"column":46},"end":{"line":163,"column":60}},"type":"cond-expr","locations":[{"start":{"line":163,"column":54},"end":{"line":163,"column":58}},{"start":{"line":163,"column":58},"end":{"line":163,"column":60}}]},"20":{"loc":{"start":{"line":163,"column":46},"end":{"line":163,"column":58}},"type":"binary-expr","locations":[{"start":{"line":163,"column":46},"end":{"line":163,"column":58}},{"start":{"line":163,"column":54},"end":{"line":163,"column":58}}]},"21":{"loc":{"start":{"line":165,"column":8},"end":{"line":168,"column":9}},"type":"if","locations":[{"start":{"line":165,"column":8},"end":{"line":168,"column":9}}]},"22":{"loc":{"start":{"line":165,"column":13},"end":{"line":165,"column":27}},"type":"cond-expr","locations":[{"start":{"line":165,"column":21},"end":{"line":165,"column":23}},{"start":{"line":165,"column":13},"end":{"line":165,"column":27}}]},"23":{"loc":{"start":{"line":165,"column":13},"end":{"line":165,"column":23}},"type":"binary-expr","locations":[{"start":{"line":165,"column":13},"end":{"line":165,"column":23}},{"start":{"line":165,"column":13},"end":{"line":165,"column":23}}]},"24":{"loc":{"start":{"line":172,"column":12},"end":{"line":176,"column":13}},"type":"if","locations":[{"start":{"line":172,"column":12},"end":{"line":176,"column":13}},{"start":{"line":174,"column":19},"end":{"line":176,"column":13}}]},"25":{"loc":{"start":{"line":156,"column":13},"end":{"line":156,"column":null}},"type":"if","locations":[{"start":{"line":156,"column":13},"end":{"line":156,"column":null}}]}},"s":{"0":8,"1":8,"2":6,"3":6,"4":6,"5":6,"6":6,"7":6,"8":6,"9":8,"10":2,"11":8,"12":47,"13":54,"14":47,"15":47,"16":47,"17":0,"18":47,"19":47,"20":47,"21":0,"22":0,"23":0,"24":8,"25":59,"26":0,"27":59,"28":0,"29":59,"30":59,"31":112,"32":12,"33":8,"34":0,"35":8,"36":0,"37":8,"38":6,"39":0,"40":6,"41":59,"42":59,"43":0,"44":59,"45":118,"46":59,"47":59,"48":2,"49":57,"50":57,"51":1,"52":1,"53":0,"54":114,"55":65,"56":6,"57":6,"58":8,"59":8},"f":{"0":8,"1":6,"2":2,"3":47,"4":0,"5":59,"6":0,"7":0,"8":6,"9":57,"10":1},"b":{"0":[7],"1":[47],"2":[0],"3":[47,40],"4":[40,0],"5":[40,40],"6":[0,40],"7":[40,40],"8":[0],"9":[0],"10":[0],"11":[53],"12":[0,0],"13":[0,0],"14":[0,0],"15":[0,0],"16":[0],"17":[0],"18":[0],"19":[59,0],"20":[59,59],"21":[2],"22":[2,57],"23":[59,59],"24":[1,0],"25":[6]}}
,"/Users/saadahmad/Documents/Projects/arvo-event-handler/src/utils/SimpleEventBroker/utils.ts": {"path":"/Users/saadahmad/Documents/Projects/arvo-event-handler/src/utils/SimpleEventBroker/utils.ts","statementMap":{"0":{"start":{"line":1,"column":30},"end":{"line":2,"column":6}},"1":{"start":{"line":1,"column":31},"end":{"line":1,"column":null}},"2":{"start":{"line":2,"column":2},"end":{"line":4,"column":5}},"3":{"start":{"line":3,"column":4},"end":{"line":3,"column":33}},"4":{"start":{"line":1,"column":13},"end":{"line":1,"column":30}}},"fnMap":{"0":{"name":"(anonymous_0)","decl":{"start":{"line":1,"column":30},"end":{"line":1,"column":31}},"loc":{"start":{"line":1,"column":43},"end":{"line":2,"column":6}}},"1":{"name":"(anonymous_1)","decl":{"start":{"line":2,"column":20},"end":{"line":2,"column":21}},"loc":{"start":{"line":2,"column":28},"end":{"line":4,"column":3}}}},"branchMap":{"0":{"loc":{"start":{"line":1,"column":31},"end":{"line":1,"column":null}},"type":"if","locations":[{"start":{"line":1,"column":31},"end":{"line":1,"column":null}}]}},"s":{"0":8,"1":59,"2":59,"3":59,"4":8},"f":{"0":59,"1":59},"b":{"0":[0]}}
,"/Users/saadahmad/Documents/Projects/arvo-event-handler/src/utils/object/index.ts": {"path":"/Users/saadahmad/Documents/Projects/arvo-event-handler/src/utils/object/index.ts","statementMap":{"0":{"start":{"line":26,"column":0},"end":{"line":26,"column":16}},"1":{"start":{"line":27,"column":2},"end":{"line":31,"column":3}},"2":{"start":{"line":28,"column":4},"end":{"line":30,"column":6}},"3":{"start":{"line":33,"column":30},"end":{"line":33,"column":32}},"4":{"start":{"line":34,"column":48},"end":{"line":34,"column":67}},"5":{"start":{"line":36,"column":2},"end":{"line":51,"column":3}},"6":{"start":{"line":37,"column":23},"end":{"line":37,"column":34}},"7":{"start":{"line":38,"column":4},"end":{"line":38,"column":30}},"8":{"start":{"line":38,"column":21},"end":{"line":38,"column":30}},"9":{"start":{"line":39,"column":51},"end":{"line":39,"column":62}},"10":{"start":{"line":41,"column":4},"end":{"line":50,"column":5}},"11":{"start":{"line":42,"column":6},"end":{"line":42,"column":60}},"12":{"start":{"line":44,"column":6},"end":{"line":49,"column":7}},"13":{"start":{"line":46,"column":8},"end":{"line":48,"column":9}},"14":{"start":{"line":47,"column":10},"end":{"line":47,"column":78}},"15":{"start":{"line":53,"column":2},"end":{"line":53,"column":16}},"16":{"start":{"line":67,"column":33},"end":{"line":73,"column":1}},"17":{"start":{"line":68,"column":2},"end":{"line":70,"column":3}},"18":{"start":{"line":69,"column":4},"end":{"line":69,"column":33}},"19":{"start":{"line":71,"column":21},"end":{"line":71,"column":60}},"20":{"start":{"line":71,"column":42},"end":{"line":71,"column":50}},"21":{"start":{"line":72,"column":2},"end":{"line":72,"column":39}},"22":{"start":{"line":67,"column":13},"end":{"line":67,"column":33}}},"fnMap":{"0":{"name":"getAllPaths","decl":{"start":{"line":26,"column":16},"end":{"line":26,"column":27}},"loc":{"start":{"line":26,"column":52},"end":{"line":54,"column":1}}},"1":{"name":"(anonymous_1)","decl":{"start":{"line":67,"column":33},"end":{"line":67,"column":34}},"loc":{"start":{"line":67,"column":49},"end":{"line":73,"column":1}}},"2":{"name":"(anonymous_2)","decl":{"start":{"line":71,"column":35},"end":{"line":71,"column":36}},"loc":{"start":{"line":71,"column":37},"end":{"line":71,"column":46}}}},"branchMap":{"0":{"loc":{"start":{"line":27,"column":2},"end":{"line":31,"column":3}},"type":"if","locations":[{"start":{"line":27,"column":2},"end":{"line":31,"column":3}}]},"1":{"loc":{"start":{"line":27,"column":6},"end":{"line":27,"column":67}},"type":"binary-expr","locations":[{"start":{"line":27,"column":6},"end":{"line":27,"column":10}},{"start":{"line":27,"column":14},"end":{"line":27,"column":67}}]},"2":{"loc":{"start":{"line":27,"column":16},"end":{"line":27,"column":66}},"type":"binary-expr","locations":[{"start":{"line":27,"column":16},"end":{"line":27,"column":39}},{"start":{"line":27,"column":43},"end":{"line":27,"column":66}}]},"3":{"loc":{"start":{"line":38,"column":4},"end":{"line":38,"column":30}},"type":"if","locations":[{"start":{"line":38,"column":4},"end":{"line":38,"column":30}}]},"4":{"loc":{"start":{"line":41,"column":4},"end":{"line":50,"column":5}},"type":"if","locations":[{"start":{"line":41,"column":4},"end":{"line":50,"column":5}},{"start":{"line":43,"column":11},"end":{"line":50,"column":5}}]},"5":{"loc":{"start":{"line":41,"column":8},"end":{"line":41,"column":61}},"type":"binary-expr","locations":[{"start":{"line":41,"column":8},"end":{"line":41,"column":38}},{"start":{"line":41,"column":42},"end":{"line":41,"column":61}}]},"6":{"loc":{"start":{"line":46,"column":8},"end":{"line":48,"column":9}},"type":"if","locations":[{"start":{"line":46,"column":8},"end":{"line":48,"column":9}}]},"7":{"loc":{"start":{"line":68,"column":2},"end":{"line":70,"column":3}},"type":"if","locations":[{"start":{"line":68,"column":2},"end":{"line":70,"column":3}}]},"8":{"loc":{"start":{"line":68,"column":8},"end":{"line":68,"column":23}},"type":"binary-expr","locations":[{"start":{"line":68,"column":8},"end":{"line":68,"column":17}},{"start":{"line":68,"column":21},"end":{"line":68,"column":23}}]}},"s":{"0":9,"1":25,"2":3,"3":22,"4":22,"5":22,"6":399,"7":399,"8":0,"9":798,"10":399,"11":191,"12":208,"13":377,"14":377,"15":22,"16":9,"17":4,"18":1,"19":3,"20":5,"21":3,"22":9},"f":{"0":25,"1":4,"2":5},"b":{"0":[3],"1":[25,23],"2":[23,23],"3":[0],"4":[191,208],"5":[399,209],"6":[377],"7":[1],"8":[4,0]}}
}
