TN:
SF:src/ArvoDomain.ts
FN:74,(anonymous_0)
FN:104,(anonymous_1)
FNF:2
FNH:2
FNDA:139,(anonymous_0)
FNDA:174,(anonymous_1)
DA:1,8
DA:9,8
DA:74,8
DA:75,139
DA:76,76
DA:77,76
DA:78,57
DA:80,19
DA:86,19
DA:104,8
DA:112,174
DA:113,79
DA:116,95
DA:117,0
DA:120,95
DA:121,1
DA:124,94
DA:125,3
DA:128,91
DA:129,2
DA:132,89
DA:133,1
DA:136,88
DA:137,0
DA:140,88
DA:141,69
DA:142,69
DA:143,69
DA:145,69
DA:147,63
DA:148,60
DA:151,3
DA:152,0
DA:155,3
DA:160,6
DA:161,6
DA:164,0
DA:168,19
LF:38
LH:34
BRDA:75,0,0,63
BRDA:112,1,0,79
BRDA:116,2,0,0
BRDA:120,3,0,1
BRDA:121,4,0,1
BRDA:121,4,1,0
BRDA:121,5,0,1
BRDA:121,5,1,1
BRDA:121,6,0,0
BRDA:121,6,1,1
BRDA:121,7,0,1
BRDA:121,7,1,1
BRDA:124,8,0,3
BRDA:128,9,0,2
BRDA:132,10,0,1
BRDA:136,11,0,0
BRDA:140,12,0,69
BRDA:145,13,0,63
BRDA:147,14,0,60
BRDA:151,15,0,0
BRDA:160,16,0,6
BRF:21
BRH:16
end_of_record
TN:
SF:src/errors.ts
FN:13,(anonymous_6)
FN:14,ContractViolation
FN:33,(anonymous_8)
FN:34,ConfigViolation
FN:52,(anonymous_10)
FN:53,ExecutionViolation
FNF:6
FNH:6
FNDA:8,(anonymous_6)
FNDA:5,ContractViolation
FNDA:8,(anonymous_8)
FNDA:17,ConfigViolation
FNDA:8,(anonymous_10)
FNDA:4,ExecutionViolation
DA:1,8
DA:13,8
DA:15,5
DA:21,8
DA:33,8
DA:35,17
DA:41,8
DA:52,8
DA:54,4
DA:60,8
LF:10
LH:10
BRDA:15,0,0,5
BRDA:15,0,1,0
BRDA:35,1,0,17
BRDA:35,1,1,0
BRDA:54,2,0,4
BRDA:54,2,1,0
BRF:6
BRH:3
end_of_record
TN:
SF:src/index.ts
FN:102,(anonymous_1)
FN:103,(anonymous_2)
FN:61,(anonymous_3)
FN:77,(anonymous_4)
FN:90,(anonymous_5)
FN:91,(anonymous_6)
FN:104,(anonymous_7)
FN:105,(anonymous_8)
FN:92,(anonymous_9)
FN:93,(anonymous_10)
FN:98,(anonymous_11)
FN:99,(anonymous_12)
FN:82,(anonymous_13)
FN:87,(anonymous_14)
FN:96,(anonymous_15)
FN:81,(anonymous_16)
FN:74,(anonymous_17)
FN:73,(anonymous_18)
FN:75,(anonymous_19)
FN:69,(anonymous_20)
FN:70,(anonymous_21)
FN:68,(anonymous_22)
FN:67,(anonymous_23)
FN:94,(anonymous_24)
FN:95,(anonymous_25)
FN:107,(anonymous_26)
FNF:26
FNH:12
FNDA:7,(anonymous_1)
FNDA:0,(anonymous_2)
FNDA:39,(anonymous_3)
FNDA:19,(anonymous_4)
FNDA:0,(anonymous_5)
FNDA:0,(anonymous_6)
FNDA:0,(anonymous_7)
FNDA:0,(anonymous_8)
FNDA:0,(anonymous_9)
FNDA:10,(anonymous_10)
FNDA:0,(anonymous_11)
FNDA:2,(anonymous_12)
FNDA:1,(anonymous_13)
FNDA:22,(anonymous_14)
FNDA:17,(anonymous_15)
FNDA:3,(anonymous_16)
FNDA:0,(anonymous_17)
FNDA:0,(anonymous_18)
FNDA:2,(anonymous_19)
FNDA:0,(anonymous_20)
FNDA:0,(anonymous_21)
FNDA:0,(anonymous_22)
FNDA:0,(anonymous_23)
FNDA:0,(anonymous_24)
FNDA:6,(anonymous_25)
FNDA:4,(anonymous_26)
DA:1,8
DA:2,8
DA:3,8
DA:4,8
DA:10,8
DA:11,8
DA:13,8
DA:18,8
DA:19,8
DA:20,8
DA:22,8
DA:23,8
DA:26,8
DA:29,8
DA:30,8
DA:32,8
DA:34,8
DA:41,8
DA:42,8
DA:43,8
DA:44,8
DA:54,8
DA:60,8
DA:61,47
DA:67,8
DA:68,8
DA:69,8
DA:70,8
DA:73,8
DA:74,8
DA:75,10
DA:76,8
DA:77,27
DA:81,11
DA:82,9
DA:87,30
DA:90,8
DA:91,8
DA:92,8
DA:93,18
DA:94,8
DA:95,14
DA:96,25
DA:97,8
DA:98,8
DA:99,10
DA:102,15
DA:103,8
DA:104,8
DA:105,8
DA:107,12
LF:51
LH:51
BRF:0
BRH:0
end_of_record
TN:
SF:src/ArvoEventHandler/helpers.ts
FN:46,(anonymous_1)
FNF:1
FNH:1
FNDA:39,(anonymous_1)
DA:2,8
DA:46,8
DA:48,39
LF:3
LH:3
BRF:0
BRH:0
end_of_record
TN:
SF:src/ArvoEventHandler/index.ts
FN:32,(anonymous_16)
FN:60,ArvoEventHandler
FN:46,(anonymous_18)
FN:56,(anonymous_19)
FN:103,(anonymous_20)
FN:118,(anonymous_23)
FN:118,(anonymous_24)
FN:213,(anonymous_26)
FN:299,(anonymous_27)
FNF:9
FNH:9
FNDA:8,(anonymous_16)
FNDA:39,ArvoEventHandler
FNDA:166,(anonymous_18)
FNDA:48,(anonymous_19)
FNDA:53,(anonymous_20)
FNDA:53,(anonymous_23)
FNDA:53,(anonymous_24)
FNDA:52,(anonymous_26)
FNDA:1,(anonymous_27)
DA:1,8
DA:2,8
DA:19,8
DA:20,8
DA:21,8
DA:23,8
DA:25,8
DA:32,8
DA:46,8
DA:47,166
DA:56,8
DA:57,48
DA:61,39
DA:62,39
DA:63,39
DA:64,39
DA:70,46
DA:71,46
DA:72,1
DA:78,38
DA:103,8
DA:109,53
DA:116,53
DA:118,53
DA:119,53
DA:121,53
DA:122,53
DA:123,53
DA:124,689
DA:125,689
DA:128,53
DA:129,1
DA:134,52
DA:138,52
DA:141,52
DA:142,1
DA:147,51
DA:148,1
DA:155,51
DA:156,51
DA:158,1
DA:163,50
DA:168,50
DA:169,50
DA:170,2
DA:173,48
DA:178,48
DA:183,48
DA:195,41
DA:196,1
DA:200,40
DA:203,40
DA:204,4
DA:206,36
DA:209,40
DA:210,44
DA:211,44
DA:212,44
DA:213,44
DA:214,52
DA:223,49
DA:224,49
DA:243,624
DA:244,624
DA:248,1
DA:251,39
DA:253,13
DA:254,13
DA:255,13
DA:260,13
DA:261,7
DA:264,6
DA:277,6
DA:278,78
DA:279,78
DA:283,6
DA:290,53
DA:299,8
DA:300,1
DA:302,8
LF:80
LH:80
BRDA:67,0,0,1
BRDA:67,0,1,38
BRDA:67,1,0,39
BRDA:67,1,1,39
BRDA:71,2,0,1
BRDA:84,3,0,1
BRDA:84,3,1,37
BRDA:84,4,0,38
BRDA:84,4,1,38
BRDA:84,5,0,37
BRDA:84,5,1,1
BRDA:84,6,0,38
BRDA:84,6,1,38
BRDA:116,7,0,53
BRDA:110,8,0,53
BRDA:110,8,1,53
BRDA:110,9,0,53
BRDA:110,9,1,0
BRDA:110,10,0,53
BRDA:110,10,1,53
BRDA:113,11,0,23
BRDA:113,11,1,30
BRDA:113,12,0,53
BRDA:113,12,1,53
BRDA:128,13,0,1
BRDA:141,14,0,1
BRDA:141,15,0,52
BRDA:141,15,1,51
BRDA:141,16,0,1
BRDA:141,16,1,51
BRDA:141,17,0,52
BRDA:141,17,1,51
BRDA:141,18,0,0
BRDA:141,18,1,51
BRDA:141,19,0,51
BRDA:141,19,1,51
BRDA:147,20,0,1
BRDA:147,21,0,1
BRDA:147,21,1,50
BRDA:147,22,0,51
BRDA:147,22,1,50
BRDA:156,23,0,50
BRDA:156,23,1,1
BRDA:156,24,0,51
BRDA:156,24,1,51
BRDA:156,25,0,1
BRDA:156,25,1,50
BRDA:156,26,0,51
BRDA:156,26,1,50
BRDA:159,27,0,0
BRDA:159,27,1,1
BRDA:159,28,0,1
BRDA:159,28,1,1
BRDA:169,29,0,2
BRDA:195,30,0,1
BRDA:203,31,0,4
BRDA:203,31,1,36
BRDA:213,32,0,4
BRDA:213,32,1,40
BRDA:213,33,0,44
BRDA:213,33,1,44
BRDA:228,34,0,49
BRDA:228,34,1,49
BRDA:229,35,0,49
BRDA:229,35,1,49
BRDA:236,36,0,0
BRDA:236,36,1,49
BRDA:236,37,0,49
BRDA:236,37,1,0
BRDA:236,38,0,0
BRDA:236,38,1,49
BRDA:236,39,0,49
BRDA:236,39,1,49
BRDA:248,40,0,1
BRDA:248,40,1,0
BRDA:248,41,0,1
BRDA:248,41,1,1
BRDA:248,42,0,0
BRDA:248,42,1,1
BRDA:248,43,0,1
BRDA:248,43,1,1
BRDA:260,44,0,7
BRF:82
BRH:74
end_of_record
TN:
SF:src/ArvoMachine/createMachine.ts
FN:48,setupArvoMachine
FN:162,(anonymous_5)
FN:207,(anonymous_6)
FN:249,(anonymous_7)
FN:290,(anonymous_8)
FN:350,(anonymous_9)
FNF:6
FNH:6
FNDA:19,setupArvoMachine
FNDA:2,(anonymous_5)
FNDA:4,(anonymous_6)
FNDA:19,(anonymous_7)
FNDA:3,(anonymous_8)
FNDA:32,(anonymous_9)
DA:1,8
DA:8,8
DA:19,8
DA:20,8
DA:21,8
DA:22,8
DA:31,8
DA:48,8
DA:162,19
DA:163,2
DA:174,19
DA:175,1
DA:178,18
DA:179,1
DA:182,17
DA:183,1
DA:197,16
DA:199,13
DA:207,4
DA:220,13
DA:249,13
DA:282,19
DA:284,19
DA:285,1
DA:290,18
DA:291,3
DA:293,3
DA:294,1
DA:305,2
DA:306,1
DA:317,1
DA:318,1
DA:330,181
DA:331,181
DA:332,1
DA:334,180
DA:335,1
DA:337,179
DA:338,1
DA:344,15
DA:348,15
DA:349,15
DA:350,32
DA:352,15
DA:353,15
DA:361,13
LF:46
LH:46
BRDA:166,0,0,1
BRDA:166,0,1,1
BRDA:174,1,0,1
BRDA:178,2,0,1
BRDA:182,3,0,1
BRDA:182,4,0,12
BRDA:182,4,1,5
BRDA:182,5,0,17
BRDA:182,5,1,17
BRDA:200,6,0,4
BRDA:200,6,1,9
BRDA:200,7,0,13
BRDA:200,7,1,13
BRDA:208,8,0,4
BRDA:208,8,1,0
BRDA:208,9,0,4
BRDA:208,9,1,4
BRDA:210,10,0,0
BRDA:210,10,1,4
BRDA:210,11,0,4
BRDA:210,11,1,4
BRDA:210,12,0,0
BRDA:210,12,1,4
BRDA:210,13,0,4
BRDA:210,13,1,4
BRDA:212,14,0,0
BRDA:212,14,1,4
BRDA:212,15,0,4
BRDA:212,15,1,4
BRDA:212,16,0,4
BRDA:212,16,1,0
BRDA:212,17,0,4
BRDA:212,17,1,4
BRDA:212,18,0,0
BRDA:212,18,1,4
BRDA:212,19,0,4
BRDA:212,19,1,4
BRDA:213,20,0,4
BRDA:213,20,1,4
BRDA:213,21,0,4
BRDA:213,21,1,0
BRDA:213,22,0,4
BRDA:213,22,1,4
BRDA:213,23,0,4
BRDA:213,23,1,0
BRDA:213,24,0,4
BRDA:213,24,1,4
BRDA:213,25,0,0
BRDA:213,25,1,4
BRDA:213,26,0,4
BRDA:213,26,1,4
BRDA:282,27,0,2
BRDA:282,27,1,17
BRDA:282,28,0,19
BRDA:282,28,1,19
BRDA:284,29,0,1
BRDA:293,30,0,1
BRDA:305,31,0,1
BRDA:317,32,0,1
BRDA:330,33,0,18
BRDA:330,33,1,0
BRDA:330,34,0,18
BRDA:330,34,1,18
BRDA:331,35,0,1
BRDA:332,36,0,1
BRDA:332,36,1,0
BRDA:332,37,0,1
BRDA:332,37,1,1
BRDA:334,38,0,1
BRDA:335,39,0,1
BRDA:335,39,1,0
BRDA:335,40,0,1
BRDA:335,40,1,1
BRDA:337,41,0,1
BRDA:339,42,0,1
BRDA:339,42,1,0
BRDA:339,43,0,1
BRDA:339,43,1,1
BRDA:352,44,0,15
BRDA:352,44,1,14
BRF:80
BRH:67
end_of_record
TN:
SF:src/ArvoMachine/index.ts
FN:22,(anonymous_0)
FN:29,ArvoMachine
FN:43,(anonymous_2)
FN:55,(anonymous_3)
FNF:4
FNH:4
FNDA:8,(anonymous_0)
FNDA:15,ArvoMachine
FNDA:417,(anonymous_2)
FNDA:49,(anonymous_3)
DA:10,8
DA:22,8
DA:30,15
DA:31,15
DA:32,15
DA:36,15
DA:37,15
DA:43,8
DA:44,417
DA:55,8
DA:56,49
DA:63,8
LF:12
LH:12
BRDA:37,0,0,0
BRF:1
BRH:0
end_of_record
TN:
SF:src/ArvoMachine/utils.ts
FN:9,(anonymous_0)
FNF:1
FNH:1
FNDA:15,(anonymous_0)
DA:9,8
DA:10,15
DA:11,0
DA:13,15
DA:14,15
DA:15,65
DA:16,65
DA:17,16
DA:18,51
DA:19,51
DA:22,14
LF:11
LH:10
BRDA:10,0,0,0
BRDA:10,1,0,0
BRDA:10,1,1,15
BRDA:10,2,0,15
BRDA:10,2,1,15
BRDA:16,3,0,49
BRDA:16,4,0,0
BRDA:16,4,1,65
BRDA:16,5,0,65
BRDA:16,5,1,65
BRDA:17,6,0,1
BRF:11
BRH:8
end_of_record
TN:
SF:src/ArvoOrchestrationUtils/createEmitableEvent.ts
FN:63,(anonymous_0)
FN:90,(anonymous_1)
FN:237,(anonymous_2)
FNF:3
FNH:3
FNDA:58,(anonymous_0)
FNDA:169,(anonymous_1)
FNDA:44,(anonymous_2)
DA:2,8
DA:15,8
DA:17,8
DA:63,8
DA:65,58
DA:66,58
DA:67,58
DA:68,58
DA:69,58
DA:70,58
DA:71,58
DA:72,58
DA:73,58
DA:74,58
DA:78,58
DA:89,58
DA:90,169
DA:96,58
DA:97,58
DA:98,58
DA:99,58
DA:100,58
DA:109,58
DA:110,11
DA:117,11
DA:118,11
DA:119,11
DA:120,11
DA:121,11
DA:129,47
DA:130,45
DA:137,45
DA:138,45
DA:139,45
DA:148,45
DA:149,6
DA:150,5
DA:151,5
DA:153,1
DA:159,5
DA:160,5
DA:161,4
DA:171,1
DA:182,0
DA:189,57
DA:190,57
DA:192,57
DA:193,55
DA:194,55
DA:195,55
DA:197,0
DA:203,57
DA:223,57
DA:231,57
DA:237,8
DA:251,44
DA:252,51
DA:253,58
DA:254,58
DA:269,57
DA:270,741
DA:271,741
DA:275,43
LF:63
LH:61
BRDA:109,0,0,11
BRDA:109,0,1,47
BRDA:119,1,0,3
BRDA:119,1,1,8
BRDA:119,2,0,11
BRDA:119,2,1,3
BRDA:129,3,0,45
BRDA:148,4,0,6
BRDA:149,5,0,5
BRDA:154,6,0,0
BRDA:154,6,1,1
BRDA:154,7,0,1
BRDA:154,7,1,1
BRDA:160,8,0,4
BRDA:160,8,1,1
BRDA:165,9,0,0
BRDA:165,9,1,4
BRDA:165,10,0,4
BRDA:165,10,1,0
BRDA:167,11,0,0
BRDA:167,11,1,4
BRDA:167,12,0,4
BRDA:167,12,1,4
BRDA:175,13,0,0
BRDA:175,13,1,1
BRDA:175,14,0,1
BRDA:175,14,1,0
BRDA:177,15,0,0
BRDA:177,15,1,1
BRDA:177,16,0,1
BRDA:177,16,1,1
BRDA:183,17,0,0
BRDA:183,17,1,0
BRDA:183,18,0,0
BRDA:183,18,1,0
BRDA:192,19,0,55
BRDA:192,20,0,57
BRDA:192,20,1,55
BRDA:209,21,0,55
BRDA:209,21,1,2
BRDA:209,22,0,57
BRDA:209,22,1,57
BRDA:211,23,0,11
BRDA:211,23,1,46
BRDA:211,24,0,57
BRDA:211,24,1,57
BRDA:212,25,0,0
BRDA:212,25,1,57
BRDA:212,26,0,57
BRDA:212,26,1,0
BRDA:212,27,0,0
BRDA:212,27,1,57
BRDA:212,28,0,57
BRDA:212,28,1,57
BRDA:213,29,0,0
BRDA:213,29,1,57
BRDA:213,30,0,57
BRDA:213,30,1,57
BRDA:214,31,0,2
BRDA:214,31,1,55
BRDA:214,32,0,57
BRDA:214,32,1,57
BRDA:215,33,0,0
BRDA:215,33,1,57
BRDA:215,34,0,57
BRDA:215,34,1,0
BRDA:216,35,0,0
BRDA:216,35,1,57
BRDA:216,36,0,57
BRDA:216,36,1,0
BRDA:218,37,0,8
BRDA:218,37,1,49
BRDA:218,38,0,57
BRDA:218,38,1,8
BRDA:220,39,0,0
BRDA:220,39,1,57
BRDA:220,40,0,57
BRDA:220,40,1,57
BRDA:253,41,0,51
BRDA:253,41,1,0
BRDA:253,42,0,51
BRDA:253,42,1,51
BRF:82
BRH:61
end_of_record
TN:
SF:src/ArvoOrchestrationUtils/error.ts
FN:27,(anonymous_6)
FN:31,TransactionViolation
FN:54,(anonymous_8)
FNF:3
FNH:2
FNDA:8,(anonymous_6)
FNDA:4,TransactionViolation
FNDA:0,(anonymous_8)
DA:1,8
DA:6,8
DA:27,8
DA:36,4
DA:43,4
DA:45,8
DA:54,8
DA:55,0
LF:8
LH:7
BRDA:36,0,0,4
BRDA:36,0,1,0
BRDA:56,1,0,0
BRDA:56,1,1,0
BRDA:56,1,2,0
BRDA:58,2,0,0
BRDA:58,2,1,0
BRF:7
BRH:1
end_of_record
TN:
SF:src/ArvoOrchestrationUtils/handlerErrors.ts
FN:61,(anonymous_15)
FN:93,(anonymous_16)
FN:146,(anonymous_17)
FN:151,(anonymous_18)
FN:210,(anonymous_20)
FNF:5
FNH:4
FNDA:8,(anonymous_15)
FNDA:8,(anonymous_16)
FNDA:13,(anonymous_17)
FNDA:13,(anonymous_18)
FNDA:0,(anonymous_20)
DA:1,8
DA:2,8
DA:17,8
DA:19,8
DA:20,8
DA:22,8
DA:61,8
DA:62,8
DA:63,8
DA:64,8
DA:65,8
DA:66,8
DA:67,8
DA:68,8
DA:69,8
DA:70,8
DA:71,8
DA:78,8
DA:79,8
DA:81,8
DA:82,2
DA:83,2
DA:84,2
DA:86,0
DA:93,8
DA:94,8
DA:104,8
DA:106,8
DA:107,8
DA:108,8
DA:133,8
DA:146,8
DA:151,13
DA:162,13
DA:168,13
DA:174,13
DA:175,13
DA:188,13
DA:189,11
DA:193,11
DA:199,4
DA:211,0
DA:217,2
DA:222,2
DA:224,2
DA:225,26
DA:226,26
DA:230,2
LF:48
LH:46
BRDA:81,0,0,2
BRDA:81,1,0,8
BRDA:81,1,1,7
BRDA:107,2,0,6
BRDA:107,2,1,2
BRDA:115,3,0,0
BRDA:115,3,1,8
BRDA:115,4,0,8
BRDA:115,4,1,0
BRDA:118,5,0,2
BRDA:118,5,1,6
BRDA:118,6,0,8
BRDA:118,6,1,8
BRDA:118,7,0,6
BRDA:118,7,1,2
BRDA:118,8,0,8
BRDA:118,8,1,8
BRDA:118,9,0,6
BRDA:118,9,1,2
BRDA:118,10,0,8
BRDA:118,10,1,2
BRDA:120,11,0,0
BRDA:120,11,1,8
BRDA:120,12,0,8
BRDA:120,12,1,0
BRDA:121,13,0,0
BRDA:121,13,1,8
BRDA:121,14,0,8
BRDA:121,14,1,0
BRDA:122,15,0,0
BRDA:122,15,1,8
BRDA:122,16,0,8
BRDA:122,16,1,0
BRDA:128,17,0,6
BRDA:128,17,1,2
BRDA:128,18,0,8
BRDA:128,18,1,6
BRDA:168,19,0,13
BRDA:168,19,1,0
BRDA:188,20,0,11
BRDA:191,21,0,11
BRDA:191,21,1,0
BRDA:219,22,0,2
BRDA:219,22,1,0
BRF:44
BRH:33
end_of_record
TN:
SF:src/ArvoOrchestrationUtils/inputValidation.ts
FN:61,validateInputEvent
FNF:1
FNH:1
FNDA:62,validateInputEvent
DA:2,8
DA:61,8
DA:62,62
DA:63,62
DA:64,62
DA:65,62
DA:67,62
DA:70,62
DA:71,62
DA:72,2
DA:73,2
DA:80,2
DA:86,60
DA:87,60
DA:88,25
DA:89,25
DA:94,35
DA:96,83
DA:97,83
DA:99,127
DA:100,127
DA:101,95
DA:102,32
DA:108,60
DA:109,3
DA:110,3
DA:117,3
DA:122,57
DA:130,57
DA:131,1
DA:139,56
DA:143,2
DA:152,54
DA:156,54
DA:157,54
DA:158,2
DA:164,52
LF:37
LH:37
BRDA:71,0,0,2
BRDA:86,1,0,47
BRDA:86,1,1,13
BRDA:87,2,0,25
BRDA:87,2,1,35
BRDA:90,3,0,21
BRDA:90,3,1,4
BRDA:97,4,0,20
BRDA:100,5,0,32
BRDA:101,6,0,32
BRDA:108,7,0,3
BRDA:130,8,0,1
BRDA:139,9,0,2
BRDA:140,10,0,56
BRDA:140,10,1,56
BRDA:152,11,0,23
BRDA:152,11,1,31
BRDA:154,12,0,31
BRDA:154,12,1,0
BRDA:154,13,0,31
BRDA:154,13,1,31
BRDA:157,14,0,2
BRF:22
BRH:21
end_of_record
TN:
SF:src/ArvoOrchestrationUtils/orchestrationExecutionState.ts
FNF:0
FNH:0
DA:7,8
LF:1
LH:1
BRF:0
BRH:0
end_of_record
TN:
SF:src/ArvoOrchestrationUtils/servicesValidation.ts
FN:13,(anonymous_2)
FN:50,(anonymous_3)
FNF:2
FNH:2
FNDA:34,(anonymous_2)
FNDA:18,(anonymous_3)
DA:2,8
DA:3,8
DA:4,8
DA:13,8
DA:24,34
DA:25,92
DA:26,92
DA:27,3
DA:33,89
DA:35,31
DA:50,8
DA:57,18
DA:58,18
DA:59,2
DA:64,16
DA:68,16
DA:69,1
LF:17
LH:17
BRDA:26,0,0,3
BRDA:58,1,0,2
BRDA:68,2,0,1
BRF:3
BRH:3
end_of_record
TN:
SF:src/ArvoOrchestrationUtils/types.ts
FNF:0
FNH:0
DA:1,8
LF:1
LH:1
BRF:0
BRH:0
end_of_record
TN:
SF:src/ArvoOrchestrationUtils/orchestrationExecutionWrapper/acquireLockWithValidation.ts
FN:14,(anonymous_13)
FN:17,(anonymous_14)
FNF:2
FNH:2
FNDA:58,(anonymous_13)
FNDA:58,(anonymous_14)
DA:2,8
DA:5,8
DA:14,8
DA:17,58
DA:19,58
DA:21,57
DA:22,1
DA:29,56
DA:30,34
DA:39,56
LF:10
LH:10
BRDA:19,0,0,58
BRDA:21,1,0,1
BRDA:29,2,0,34
BRF:3
BRH:3
end_of_record
TN:
SF:src/ArvoOrchestrationUtils/orchestrationExecutionWrapper/index.ts
FN:81,(anonymous_15)
FN:110,(anonymous_16)
FN:134,(anonymous_19)
FN:134,(anonymous_20)
FNF:4
FNH:4
FNDA:92,(anonymous_15)
FNDA:120,(anonymous_16)
FNDA:60,(anonymous_19)
FNDA:60,(anonymous_20)
DA:1,8
DA:2,8
DA:17,8
DA:18,8
DA:21,8
DA:22,8
DA:81,8
DA:85,92
DA:92,92
DA:110,68
DA:114,60
DA:115,60
DA:116,60
DA:117,60
DA:118,60
DA:119,60
DA:120,60
DA:121,60
DA:122,60
DA:126,60
DA:132,60
DA:134,60
DA:135,60
DA:136,60
DA:137,60
DA:138,780
DA:139,780
DA:141,60
DA:149,60
DA:150,60
DA:151,60
DA:152,60
DA:156,60
DA:158,59
DA:159,1
DA:163,58
DA:166,56
DA:168,55
DA:169,1
DA:170,1
DA:177,1
DA:181,1
DA:184,54
DA:185,54
DA:187,54
DA:188,22
DA:193,22
DA:194,1
DA:198,1
DA:201,32
DA:208,53
DA:209,21
DA:213,53
DA:224,45
DA:225,728
DA:226,728
DA:231,90
DA:233,44
DA:238,44
DA:243,44
DA:245,13
DA:246,13
DA:263,13
DA:264,2
DA:268,120
DA:269,60
LF:66
LH:66
BRDA:88,0,0,92
BRDA:88,0,1,0
BRDA:88,1,0,92
BRDA:88,1,1,92
BRDA:88,2,0,0
BRDA:88,2,1,92
BRDA:88,3,0,92
BRDA:88,3,1,92
BRDA:132,4,0,60
BRDA:268,5,0,60
BRDA:158,6,0,1
BRDA:168,7,0,1
BRDA:168,8,0,22
BRDA:168,8,1,33
BRDA:168,9,0,55
BRDA:168,9,1,33
BRDA:184,10,0,7
BRDA:184,10,1,47
BRDA:184,11,0,54
BRDA:184,11,1,29
BRDA:184,12,0,22
BRDA:184,12,1,32
BRDA:184,13,0,54
BRDA:184,13,1,32
BRDA:185,14,0,32
BRDA:185,14,1,22
BRDA:185,15,0,54
BRDA:185,15,1,54
BRDA:185,16,0,22
BRDA:185,16,1,32
BRDA:185,17,0,54
BRDA:185,17,1,32
BRDA:187,18,0,22
BRDA:187,18,1,32
BRDA:193,19,0,1
BRDA:208,20,0,21
BRDA:209,21,0,3
BRDA:209,21,1,18
BRDA:209,22,0,21
BRDA:209,22,1,3
BRDA:209,23,0,0
BRDA:209,23,1,21
BRDA:209,24,0,21
BRDA:209,24,1,21
BRDA:209,25,0,0
BRDA:209,25,1,21
BRDA:209,26,0,21
BRDA:209,26,1,21
BRDA:217,27,0,32
BRDA:217,27,1,21
BRDA:217,28,0,53
BRDA:217,28,1,32
BRDA:263,29,0,11
BRF:53
BRH:49
end_of_record
TN:
SF:src/ArvoOrchestrationUtils/orchestrationExecutionWrapper/validateAndParseSubject.ts
FN:13,(anonymous_0)
FNF:1
FNH:1
FNDA:60,(anonymous_0)
DA:2,8
DA:13,8
DA:20,60
DA:21,59
DA:22,59
DA:26,59
DA:27,1
DA:34,1
DA:36,58
LF:9
LH:9
BRDA:26,0,0,1
BRF:1
BRH:1
end_of_record
TN:
SF:src/ArvoOrchestrator/factory.ts
FN:37,(anonymous_1)
FN:50,(anonymous_2)
FNF:2
FNH:2
FNDA:10,(anonymous_1)
FNDA:12,(anonymous_2)
DA:2,8
DA:3,8
DA:4,8
DA:5,8
DA:37,8
DA:38,10
DA:39,10
DA:40,10
DA:41,10
DA:42,10
DA:43,10
DA:45,10
DA:46,0
DA:49,10
DA:50,12
DA:52,10
DA:53,10
DA:54,20
DA:55,20
DA:56,1
DA:60,19
DA:61,1
DA:65,18
DA:68,8
LF:24
LH:23
BRDA:45,0,0,0
BRDA:45,1,0,0
BRDA:45,1,1,10
BRDA:45,2,0,10
BRDA:45,2,1,10
BRDA:50,3,0,0
BRDA:50,3,1,10
BRDA:50,4,0,10
BRDA:50,4,1,10
BRDA:55,5,0,1
BRDA:60,6,0,1
BRF:11
BRH:8
end_of_record
TN:
SF:src/ArvoOrchestrator/index.ts
FN:31,(anonymous_15)
FN:65,ArvoOrchestrator
FN:46,(anonymous_17)
FN:51,(anonymous_18)
FN:56,(anonymous_19)
FN:61,(anonymous_20)
FN:118,(anonymous_21)
FN:130,(anonymous_24)
FN:139,(anonymous_25)
FN:244,(anonymous_28)
FN:257,(anonymous_29)
FNF:11
FNH:8
FNDA:8,(anonymous_15)
FNDA:8,ArvoOrchestrator
FNDA:102,(anonymous_17)
FNDA:0,(anonymous_18)
FNDA:0,(anonymous_19)
FNDA:0,(anonymous_20)
FNDA:47,(anonymous_21)
FNDA:21,(anonymous_24)
FNDA:80,(anonymous_25)
FNDA:38,(anonymous_28)
FNDA:1,(anonymous_29)
DA:1,8
DA:2,8
DA:12,8
DA:13,8
DA:18,8
DA:19,8
DA:22,8
DA:31,8
DA:46,8
DA:47,102
DA:51,8
DA:52,0
DA:56,8
DA:57,0
DA:61,8
DA:62,0
DA:66,8
DA:67,8
DA:68,8
DA:69,8
DA:70,8
DA:71,8
DA:72,8
DA:74,8
DA:75,8
DA:76,8
DA:77,8
DA:78,8
DA:85,8
DA:118,8
DA:124,47
DA:130,21
DA:139,40
DA:140,40
DA:148,40
DA:150,40
DA:151,1
DA:156,39
DA:164,39
DA:166,39
DA:167,1
DA:172,38
DA:173,1
DA:179,37
DA:184,35
DA:186,35
DA:193,35
DA:194,30
DA:198,35
DA:199,9
DA:210,35
DA:225,34
DA:234,34
DA:244,38
DA:249,34
DA:257,8
DA:258,1
DA:263,8
LF:58
LH:55
BRDA:82,0,0,0
BRDA:82,0,1,8
BRDA:82,1,0,8
BRDA:82,1,1,8
BRDA:91,2,0,0
BRDA:91,2,1,8
BRDA:91,3,0,8
BRDA:91,3,1,8
BRDA:91,4,0,6
BRDA:91,4,1,2
BRDA:91,5,0,8
BRDA:91,5,1,8
BRDA:93,6,0,8
BRDA:93,6,1,0
BRDA:93,7,0,8
BRDA:93,7,1,8
BRDA:93,8,0,0
BRDA:93,8,1,8
BRDA:93,9,0,8
BRDA:93,9,1,8
BRDA:93,10,0,0
BRDA:93,10,1,8
BRDA:93,11,0,8
BRDA:93,11,1,8
BRDA:93,12,0,0
BRDA:93,12,1,8
BRDA:93,13,0,8
BRDA:93,13,1,8
BRDA:93,14,0,0
BRDA:93,14,1,8
BRDA:93,15,0,8
BRDA:93,15,1,8
BRDA:93,16,0,0
BRDA:93,16,1,8
BRDA:93,17,0,8
BRDA:93,17,1,8
BRDA:93,18,0,0
BRDA:93,18,1,8
BRDA:93,19,0,8
BRDA:93,19,1,8
BRDA:124,20,0,47
BRDA:124,20,1,47
BRDA:128,21,0,32
BRDA:128,21,1,15
BRDA:128,22,0,47
BRDA:128,22,1,47
BRDA:150,23,0,1
BRDA:166,24,0,1
BRDA:172,25,0,1
BRDA:172,26,0,38
BRDA:172,26,1,37
BRDA:180,27,0,21
BRDA:180,27,1,16
BRDA:180,28,0,37
BRDA:180,28,1,37
BRDA:180,29,0,16
BRDA:180,29,1,21
BRDA:180,30,0,37
BRDA:180,30,1,21
BRDA:195,31,0,3
BRDA:195,31,1,27
BRDA:195,32,0,30
BRDA:195,32,1,30
BRDA:198,33,0,9
BRDA:203,34,0,5
BRDA:203,34,1,4
BRDA:203,35,0,9
BRDA:203,35,1,9
BRDA:203,36,0,0
BRDA:203,36,1,9
BRDA:203,37,0,9
BRDA:203,37,1,9
BRDA:204,38,0,0
BRDA:204,38,1,9
BRDA:204,39,0,9
BRDA:204,39,1,9
BRDA:240,40,0,34
BRDA:240,40,1,0
BRDA:240,41,0,34
BRDA:240,41,1,34
BRF:80
BRH:68
end_of_record
TN:
SF:src/ArvoResumable/factory.ts
FN:42,(anonymous_0)
FNF:1
FNH:1
FNDA:2,(anonymous_0)
DA:2,8
DA:3,8
DA:42,8
DA:52,2
DA:53,2
LF:5
LH:5
BRDA:57,0,0,0
BRDA:57,0,1,2
BRDA:57,1,0,2
BRDA:57,1,1,2
BRDA:58,2,0,0
BRDA:58,2,1,2
BRDA:58,3,0,2
BRDA:58,3,1,2
BRF:8
BRH:6
end_of_record
TN:
SF:src/ArvoResumable/index.ts
FN:34,(anonymous_15)
FN:88,ArvoResumable
FN:74,(anonymous_17)
FN:79,(anonymous_18)
FN:84,(anonymous_19)
FN:122,(anonymous_20)
FN:151,(anonymous_21)
FN:163,(anonymous_24)
FN:172,(anonymous_25)
FN:302,(anonymous_28)
FN:304,(anonymous_29)
FN:323,(anonymous_30)
FNF:12
FNH:9
FNDA:8,(anonymous_15)
FNDA:2,ArvoResumable
FNDA:1,(anonymous_17)
FNDA:0,(anonymous_18)
FNDA:0,(anonymous_19)
FNDA:13,(anonymous_20)
FNDA:13,(anonymous_21)
FNDA:13,(anonymous_24)
FNDA:26,(anonymous_25)
FNDA:18,(anonymous_28)
FNDA:18,(anonymous_29)
FNDA:0,(anonymous_30)
DA:1,8
DA:2,8
DA:13,8
DA:14,8
DA:15,8
DA:18,8
DA:19,8
DA:22,8
DA:34,8
DA:74,8
DA:75,1
DA:79,8
DA:80,0
DA:84,8
DA:85,0
DA:89,2
DA:90,2
DA:91,2
DA:92,2
DA:93,2
DA:94,2
DA:101,2
DA:122,8
DA:123,13
DA:151,8
DA:157,13
DA:163,13
DA:172,13
DA:173,13
DA:181,13
DA:182,0
DA:187,13
DA:192,13
DA:194,13
DA:195,1
DA:200,12
DA:201,0
DA:206,12
DA:208,12
DA:209,2
DA:214,2
DA:221,10
DA:226,6
DA:230,10
DA:231,18
DA:232,18
DA:233,8
DA:234,6
DA:236,8
DA:241,10
DA:242,10
DA:244,10
DA:261,9
DA:263,9
DA:264,10
DA:267,9
DA:268,2
DA:278,9
DA:293,9
DA:299,9
DA:302,18
DA:304,18
DA:308,9
DA:318,9
DA:323,8
DA:324,0
DA:326,8
LF:67
LH:62
BRDA:91,0,0,2
BRDA:91,0,1,0
BRDA:91,1,0,2
BRDA:91,1,1,2
BRDA:98,2,0,0
BRDA:98,2,1,2
BRDA:98,3,0,2
BRDA:98,3,1,2
BRDA:107,4,0,0
BRDA:107,4,1,2
BRDA:107,5,0,2
BRDA:107,5,1,2
BRDA:107,6,0,2
BRDA:107,6,1,0
BRDA:107,7,0,2
BRDA:107,7,1,2
BRDA:157,8,0,13
BRDA:157,8,1,13
BRDA:161,9,0,13
BRDA:161,9,1,0
BRDA:161,10,0,13
BRDA:161,10,1,13
BRDA:181,11,0,0
BRDA:194,12,0,1
BRDA:200,13,0,0
BRDA:200,14,0,12
BRDA:200,14,1,12
BRDA:208,15,0,2
BRDA:208,16,0,4
BRDA:208,16,1,8
BRDA:208,17,0,12
BRDA:208,17,1,8
BRDA:221,18,0,6
BRDA:222,19,0,10
BRDA:222,19,1,6
BRDA:222,19,2,6
BRDA:223,20,0,0
BRDA:223,20,1,6
BRDA:223,21,0,6
BRDA:223,21,1,6
BRDA:223,22,0,0
BRDA:223,22,1,6
BRDA:223,23,0,6
BRDA:223,23,1,6
BRDA:223,24,0,0
BRDA:223,24,1,6
BRDA:223,25,0,6
BRDA:223,25,1,6
BRDA:224,26,0,0
BRDA:224,26,1,6
BRDA:224,27,0,6
BRDA:224,27,1,6
BRDA:224,28,0,0
BRDA:224,28,1,6
BRDA:224,29,0,6
BRDA:224,29,1,6
BRDA:224,30,0,0
BRDA:224,30,1,6
BRDA:224,31,0,6
BRDA:224,31,1,6
BRDA:231,32,0,6
BRDA:231,32,1,4
BRDA:231,33,0,10
BRDA:231,33,1,10
BRDA:231,34,0,4
BRDA:231,34,1,6
BRDA:231,35,0,10
BRDA:231,35,1,10
BRDA:231,36,0,4
BRDA:231,36,1,6
BRDA:231,37,0,10
BRDA:231,37,1,6
BRDA:233,38,0,6
BRDA:246,39,0,6
BRDA:246,39,1,4
BRDA:246,40,0,10
BRDA:246,40,1,10
BRDA:246,41,0,4
BRDA:246,41,1,6
BRDA:246,42,0,10
BRDA:246,42,1,6
BRDA:247,43,0,6
BRDA:247,43,1,4
BRDA:247,44,0,10
BRDA:247,44,1,6
BRDA:253,45,0,4
BRDA:253,45,1,6
BRDA:254,46,0,6
BRDA:254,46,1,4
BRDA:261,47,0,7
BRDA:261,47,1,2
BRDA:261,48,0,9
BRDA:261,48,1,9
BRDA:261,49,0,2
BRDA:261,49,1,7
BRDA:261,50,0,9
BRDA:261,50,1,9
BRDA:264,51,0,6
BRDA:264,51,1,4
BRDA:264,52,0,10
BRDA:264,52,1,10
BRDA:267,53,0,2
BRDA:267,54,0,2
BRDA:267,54,1,7
BRDA:267,55,0,9
BRDA:267,55,1,9
BRDA:272,56,0,0
BRDA:272,56,1,2
BRDA:272,57,0,2
BRDA:272,57,1,2
BRDA:272,58,0,0
BRDA:272,58,1,2
BRDA:272,59,0,2
BRDA:272,59,1,2
BRDA:273,60,0,0
BRDA:273,60,1,2
BRDA:273,61,0,2
BRDA:273,61,1,2
BRDA:273,62,0,0
BRDA:273,62,1,2
BRDA:273,63,0,2
BRDA:273,63,1,2
BRDA:301,64,0,7
BRDA:301,64,1,2
BRDA:303,65,0,2
BRDA:303,65,1,0
BRDA:303,66,0,2
BRDA:303,66,1,2
BRDA:303,67,0,0
BRDA:303,67,1,2
BRDA:303,68,0,2
BRDA:303,68,1,2
BRDA:303,69,0,0
BRDA:303,69,1,2
BRDA:303,70,0,2
BRDA:303,70,1,2
BRDA:310,71,0,2
BRDA:310,71,1,7
BRDA:310,72,0,2
BRDA:310,72,1,7
BRDA:310,73,0,9
BRDA:310,73,1,9
BRDA:315,74,0,9
BRDA:315,74,1,0
BRDA:315,75,0,9
BRDA:315,75,1,9
BRDA:315,76,0,7
BRDA:315,76,1,2
BRDA:315,77,0,9
BRDA:315,77,1,9
BRDA:315,78,0,2
BRDA:315,78,1,7
BRDA:315,79,0,9
BRDA:315,79,1,9
BRDA:315,80,0,0
BRDA:315,80,1,2
BRDA:315,81,0,2
BRDA:315,81,1,2
BRF:158
BRH:136
end_of_record
TN:
SF:src/MachineExecutionEngine/index.ts
FN:12,(anonymous_2)
FN:33,(anonymous_4)
FN:62,(anonymous_5)
FN:79,(anonymous_6)
FN:80,(anonymous_7)
FN:90,(anonymous_8)
FN:91,(anonymous_9)
FN:108,(anonymous_10)
FNF:8
FNH:7
FNDA:17,(anonymous_2)
FNDA:42,(anonymous_4)
FNDA:42,(anonymous_5)
FNDA:15,(anonymous_6)
FNDA:4,(anonymous_7)
FNDA:14,(anonymous_8)
FNDA:0,(anonymous_9)
FNDA:4,(anonymous_10)
DA:1,8
DA:2,8
DA:3,8
DA:12,8
DA:33,8
DA:34,42
DA:35,47
DA:39,42
DA:63,42
DA:64,42
DA:66,42
DA:67,20
DA:71,20
DA:72,1
DA:76,19
DA:79,19
DA:80,19
DA:81,19
DA:83,22
DA:87,22
DA:90,22
DA:91,22
DA:92,22
DA:93,22
DA:95,41
DA:99,41
DA:103,41
DA:104,41
DA:106,4
DA:108,4
DA:109,4
DA:111,41
DA:112,4
DA:115,37
DA:116,37
DA:117,37
DA:118,27
DA:121,37
DA:129,8
LF:39
LH:39
BRDA:35,0,0,5
BRDA:50,1,0,0
BRDA:50,1,1,42
BRDA:66,2,0,20
BRDA:66,2,1,22
BRDA:71,3,0,1
BRDA:104,4,0,4
BRDA:104,5,0,35
BRDA:104,5,1,6
BRDA:104,6,0,41
BRDA:104,6,1,41
BRDA:104,7,0,1
BRDA:104,7,1,40
BRDA:104,8,0,41
BRDA:104,8,1,41
BRDA:104,9,0,0
BRDA:104,9,1,41
BRDA:104,10,0,41
BRDA:104,10,1,41
BRDA:107,11,0,0
BRDA:107,11,1,4
BRDA:107,12,0,4
BRDA:107,12,1,4
BRDA:107,13,0,0
BRDA:107,13,1,4
BRDA:107,14,0,4
BRDA:107,14,1,4
BRDA:107,15,0,0
BRDA:107,15,1,4
BRDA:107,16,0,4
BRDA:107,16,1,4
BRDA:107,17,0,0
BRDA:107,17,1,4
BRDA:107,18,0,4
BRDA:107,18,1,4
BRDA:111,19,0,4
BRDA:115,20,0,10
BRDA:115,20,1,27
BRDA:115,21,0,37
BRDA:115,21,1,37
BRDA:115,22,0,0
BRDA:115,22,1,37
BRDA:115,23,0,37
BRDA:115,23,1,37
BRDA:116,24,0,0
BRDA:116,24,1,37
BRDA:116,25,0,37
BRDA:116,25,1,37
BRDA:116,26,0,15
BRDA:116,26,1,22
BRDA:116,27,0,37
BRDA:116,27,1,22
BRDA:117,28,0,27
BRDA:117,29,0,10
BRDA:117,29,1,27
BRDA:117,30,0,37
BRDA:117,30,1,10
BRDA:117,31,0,0
BRDA:117,31,1,37
BRDA:117,32,0,37
BRDA:117,32,1,0
BRF:61
BRH:51
end_of_record
TN:
SF:src/MachineMemory/Simple.ts
FN:17,(anonymous_15)
FN:27,(anonymous_17)
FN:40,(anonymous_20)
FN:56,(anonymous_23)
FN:73,(anonymous_26)
FN:84,(anonymous_29)
FNF:6
FNH:6
FNDA:30,(anonymous_15)
FNDA:67,(anonymous_17)
FNDA:55,(anonymous_20)
FNDA:46,(anonymous_23)
FNDA:38,(anonymous_26)
FNDA:1,(anonymous_29)
DA:17,8
DA:18,22
DA:19,22
DA:27,8
DA:28,67
DA:29,1
DA:31,66
DA:40,8
DA:41,55
DA:42,1
DA:44,54
DA:45,2
DA:47,52
DA:56,8
DA:57,46
DA:58,1
DA:60,45
DA:61,3
DA:63,42
DA:64,42
DA:73,8
DA:74,38
DA:75,1
DA:77,37
DA:78,37
DA:84,8
DA:85,1
DA:86,0
DA:87,0
DA:88,0
DA:90,1
DA:91,1
DA:93,8
LF:33
LH:30
BRDA:28,0,0,1
BRDA:31,1,0,41
BRDA:31,1,1,25
BRDA:31,2,0,66
BRDA:31,2,1,66
BRDA:41,3,0,1
BRDA:44,4,0,2
BRDA:57,5,0,1
BRDA:60,6,0,3
BRDA:74,7,0,1
BRDA:85,8,0,0
BRF:11
BRH:10
end_of_record
TN:
SF:src/MachineMemory/TelemetredSimple.ts
FN:20,(anonymous_15)
FN:32,(anonymous_17)
FN:41,(anonymous_20)
FN:56,(anonymous_23)
FN:66,(anonymous_26)
FN:84,(anonymous_29)
FN:93,(anonymous_32)
FN:112,(anonymous_35)
FN:121,(anonymous_38)
FN:134,(anonymous_41)
FNF:10
FNH:10
FNDA:25,(anonymous_15)
FNDA:7,(anonymous_17)
FNDA:14,(anonymous_20)
FNDA:9,(anonymous_23)
FNDA:18,(anonymous_26)
FNDA:12,(anonymous_29)
FNDA:24,(anonymous_32)
FNDA:5,(anonymous_35)
FNDA:10,(anonymous_38)
FNDA:1,(anonymous_41)
DA:1,8
DA:2,8
DA:4,8
DA:20,8
DA:23,17
DA:24,17
DA:32,8
DA:33,7
DA:41,7
DA:42,7
DA:43,1
DA:45,6
DA:56,8
DA:57,9
DA:66,9
DA:67,9
DA:68,1
DA:70,8
DA:71,2
DA:73,6
DA:84,8
DA:85,12
DA:93,12
DA:94,12
DA:95,1
DA:97,11
DA:98,2
DA:100,9
DA:101,9
DA:112,8
DA:113,5
DA:121,5
DA:122,5
DA:123,1
DA:125,4
DA:126,4
DA:134,8
DA:135,1
DA:136,0
DA:137,0
DA:138,0
DA:140,1
DA:141,1
DA:143,8
LF:44
LH:41
BRDA:33,0,0,7
BRDA:33,0,1,7
BRDA:42,1,0,1
BRDA:45,2,0,3
BRDA:45,2,1,3
BRDA:45,3,0,6
BRDA:45,3,1,6
BRDA:57,4,0,9
BRDA:57,4,1,9
BRDA:63,5,0,7
BRDA:63,5,1,2
BRDA:67,6,0,1
BRDA:70,7,0,2
BRDA:85,8,0,12
BRDA:85,8,1,12
BRDA:94,9,0,1
BRDA:97,10,0,2
BRDA:113,11,0,5
BRDA:113,11,1,5
BRDA:122,12,0,1
BRDA:135,13,0,0
BRF:21
BRH:20
end_of_record
TN:
SF:src/MachineMemory/utils.ts
FN:3,getJsonSize
FNF:1
FNH:1
FNDA:7,getJsonSize
DA:1,8
DA:3,8
DA:4,7
DA:5,7
DA:7,7
DA:9,0
DA:13,0
LF:7
LH:5
BRF:0
BRH:0
end_of_record
TN:
SF:src/MachineRegistry/index.ts
FN:15,(anonymous_0)
FN:24,MachineRegistry
FN:47,(anonymous_2)
FN:72,(anonymous_3)
FN:79,(anonymous_4)
FNF:5
FNH:5
FNDA:8,(anonymous_0)
FNDA:13,MachineRegistry
FNDA:44,(anonymous_2)
FNDA:44,(anonymous_3)
FNDA:62,(anonymous_4)
DA:1,8
DA:2,8
DA:15,8
DA:24,53
DA:25,13
DA:26,13
DA:27,1
DA:47,44
DA:49,47
DA:53,44
DA:73,44
DA:74,44
DA:75,44
DA:79,62
DA:80,44
DA:84,44
DA:88,8
LF:17
LH:17
BRDA:26,0,0,1
BRDA:49,1,0,3
BRDA:60,2,0,1
BRDA:60,2,1,43
BRDA:79,3,0,42
BRDA:79,3,1,2
BRDA:79,4,0,44
BRDA:79,4,1,44
BRDA:79,5,0,62
BRDA:79,5,1,44
BRDA:81,6,0,42
BRDA:81,6,1,2
BRDA:82,7,0,42
BRDA:82,7,1,2
BRF:14
BRH:14
end_of_record
TN:
SF:src/SyncEventResource/index.ts
FN:39,(anonymous_13)
FN:40,SyncEventResource
FN:60,(anonymous_15)
FN:100,(anonymous_18)
FN:129,(anonymous_21)
FN:160,(anonymous_24)
FN:192,(anonymous_25)
FNF:7
FNH:7
FNDA:8,(anonymous_13)
FNDA:10,SyncEventResource
FNDA:58,(anonymous_15)
FNDA:56,(anonymous_18)
FNDA:47,(anonymous_21)
FNDA:60,(anonymous_24)
FNDA:60,(anonymous_25)
DA:2,8
DA:3,8
DA:5,8
DA:39,8
DA:41,10
DA:42,10
DA:60,8
DA:61,58
DA:62,22
DA:69,22
DA:73,36
DA:77,36
DA:78,35
DA:80,1
DA:100,8
DA:102,56
DA:109,56
DA:111,1
DA:129,8
DA:131,47
DA:138,94
DA:140,1
DA:160,8
DA:161,60
DA:168,60
DA:169,60
DA:170,1
DA:192,8
DA:197,60
DA:198,26
DA:205,26
DA:208,68
DA:209,34
DA:216,34
DA:218,0
DA:225,0
DA:228,8
LF:37
LH:35
BRDA:61,0,0,22
BRDA:78,1,0,34
BRDA:78,1,1,1
BRDA:82,2,0,0
BRDA:82,2,1,1
BRDA:82,3,0,1
BRDA:82,3,1,1
BRDA:109,4,0,56
BRDA:113,5,0,0
BRDA:113,5,1,1
BRDA:113,6,0,1
BRDA:113,6,1,1
BRDA:142,7,0,0
BRDA:142,7,1,1
BRDA:142,8,0,1
BRDA:142,8,1,1
BRDA:169,9,0,1
BRDA:197,10,0,26
BRF:18
BRH:15
end_of_record
TN:
SF:src/runArvoTestSuites/index.ts
FN:10,(anonymous_15)
FN:14,(anonymous_16)
FN:35,(anonymous_18)
FN:39,(anonymous_19)
FN:47,(anonymous_21)
FN:56,(anonymous_22)
FN:68,(anonymous_23)
FN:73,(anonymous_24)
FN:83,(anonymous_26)
FN:116,(anonymous_29)
FN:119,(anonymous_30)
FN:133,(anonymous_32)
FN:135,(anonymous_33)
FN:137,(anonymous_35)
FN:138,(anonymous_36)
FN:145,(anonymous_37)
FN:244,(anonymous_38)
FN:254,(anonymous_41)
FN:257,(anonymous_42)
FN:262,(anonymous_44)
FN:263,(anonymous_47)
FN:263,(anonymous_48)
FN:273,(anonymous_50)
FN:303,(anonymous_53)
FNF:24
FNH:16
FNDA:3,(anonymous_15)
FNDA:3,(anonymous_16)
FNDA:22,(anonymous_18)
FNDA:22,(anonymous_19)
FNDA:0,(anonymous_21)
FNDA:0,(anonymous_22)
FNDA:25,(anonymous_23)
FNDA:25,(anonymous_24)
FNDA:50,(anonymous_26)
FNDA:21,(anonymous_29)
FNDA:21,(anonymous_30)
FNDA:0,(anonymous_32)
FNDA:0,(anonymous_33)
FNDA:0,(anonymous_35)
FNDA:0,(anonymous_36)
FNDA:0,(anonymous_37)
FNDA:3,(anonymous_38)
FNDA:17,(anonymous_41)
FNDA:21,(anonymous_42)
FNDA:42,(anonymous_44)
FNDA:21,(anonymous_47)
FNDA:21,(anonymous_48)
FNDA:42,(anonymous_50)
FNDA:0,(anonymous_53)
DA:1,8
DA:3,8
DA:10,8
DA:14,3
DA:17,6
DA:18,0
DA:24,3
DA:25,3
DA:35,8
DA:39,22
DA:41,22
DA:43,22
DA:44,22
DA:45,0
DA:47,0
DA:51,22
DA:53,0
DA:54,0
DA:56,0
DA:60,0
DA:68,8
DA:73,25
DA:75,25
DA:83,25
DA:84,25
DA:85,25
DA:87,47
DA:88,3
DA:90,22
DA:91,22
DA:93,0
DA:94,0
DA:97,25
DA:100,25
DA:102,25
DA:104,0
DA:105,0
DA:106,0
DA:107,0
DA:116,8
DA:119,21
DA:121,21
DA:122,46
DA:124,25
DA:125,25
DA:126,0
DA:128,25
DA:130,21
DA:133,8
DA:135,0
DA:137,0
DA:138,0
DA:139,0
DA:140,0
DA:142,0
DA:143,0
DA:145,0
DA:147,0
DA:149,0
DA:244,8
DA:245,17
DA:246,17
DA:248,34
DA:249,17
DA:254,17
DA:257,17
DA:258,21
DA:261,34
DA:262,21
DA:263,21
DA:264,21
DA:273,21
DA:274,21
DA:277,21
DA:282,21
DA:283,0
DA:285,21
DA:286,21
DA:288,21
DA:290,0
DA:291,0
DA:292,0
DA:298,21
DA:302,42
DA:303,0
DA:305,21
DA:306,21
DA:307,0
LF:88
LH:58
BRDA:25,0,0,3
BRDA:25,0,1,0
BRDA:41,1,0,22
BRDA:44,2,0,0
BRDA:53,3,0,0
BRDA:78,4,0,4
BRDA:78,4,1,21
BRDA:78,5,0,25
BRDA:78,5,1,25
BRDA:78,6,0,21
BRDA:78,6,1,4
BRDA:78,7,0,25
BRDA:78,7,1,4
BRDA:84,8,0,25
BRDA:84,8,1,3
BRDA:84,8,2,22
BRDA:84,8,3,0
BRDA:87,9,0,22
BRDA:90,10,0,0
BRDA:98,11,0,25
BRDA:98,11,1,0
BRDA:130,12,0,21
BRDA:122,13,0,21
BRDA:125,14,0,0
BRDA:128,15,0,25
BRDA:128,15,1,0
BRDA:137,16,0,0
BRDA:142,17,0,0
BRDA:147,18,0,0
BRDA:147,18,1,0
BRDA:246,19,0,0
BRDA:246,19,1,17
BRDA:249,20,0,17
BRDA:249,20,1,0
BRDA:249,21,0,17
BRDA:249,21,1,17
BRDA:250,22,0,0
BRDA:250,22,1,0
BRDA:250,23,0,0
BRDA:250,23,1,0
BRDA:250,24,0,0
BRDA:250,24,1,0
BRDA:250,25,0,0
BRDA:250,25,1,0
BRDA:254,26,0,17
BRDA:254,26,1,0
BRDA:254,27,0,17
BRDA:254,27,1,17
BRDA:305,28,0,21
BRDA:264,29,0,0
BRDA:264,29,1,21
BRDA:264,30,0,21
BRDA:264,30,1,21
BRDA:274,31,0,21
BRDA:274,31,1,21
BRDA:278,32,0,21
BRDA:278,32,1,0
BRDA:280,33,0,0
BRDA:280,33,1,0
BRDA:280,34,0,0
BRDA:280,34,1,0
BRDA:282,35,0,0
BRDA:285,36,0,21
BRDA:302,37,0,21
BRDA:306,38,0,0
BRF:65
BRH:34
end_of_record
TN:
SF:src/utils/index.ts
FN:5,isError
FN:15,isNullOrUndefined
FN:27,getValueOrDefault
FN:39,coalesce
FN:65,coalesceOrDefault
FN:69,(anonymous_5)
FNF:6
FNH:6
FNDA:13,isError
FNDA:243,isNullOrUndefined
FNDA:49,getValueOrDefault
FNDA:98,coalesce
FNDA:49,coalesceOrDefault
FNDA:113,(anonymous_5)
DA:1,8
DA:5,8
DA:6,13
DA:15,8
DA:16,243
DA:27,8
DA:28,49
DA:39,392
DA:40,196
DA:41,194
DA:42,75
DA:45,23
DA:65,8
DA:66,49
DA:69,8
DA:74,113
LF:16
LH:16
BRDA:6,0,0,13
BRDA:6,0,1,0
BRDA:6,0,2,0
BRDA:6,0,3,0
BRDA:16,1,0,243
BRDA:16,1,1,220
BRDA:28,2,0,23
BRDA:28,2,1,26
BRDA:41,3,0,75
BRDA:79,4,0,113
BRDA:79,4,1,0
BRF:11
BRH:7
end_of_record
TN:
SF:src/utils/SimpleEventBroker/helper.ts
FN:157,(anonymous_13)
FN:172,(anonymous_14)
FN:185,(anonymous_16)
FN:185,(anonymous_17)
FN:207,(anonymous_19)
FN:207,(anonymous_20)
FN:214,(anonymous_22)
FN:214,(anonymous_23)
FNF:8
FNH:8
FNDA:6,(anonymous_13)
FNDA:2,(anonymous_14)
FNDA:52,(anonymous_16)
FNDA:52,(anonymous_17)
FNDA:2,(anonymous_19)
FNDA:2,(anonymous_20)
FNDA:2,(anonymous_22)
FNDA:2,(anonymous_23)
DA:2,8
DA:157,8
DA:168,6
DA:173,2
DA:182,40
DA:183,40
DA:185,52
DA:186,52
DA:189,169
DA:190,112
DA:191,12
DA:197,106
DA:205,6
DA:207,2
DA:208,2
DA:209,0
DA:213,2
DA:214,2
DA:215,2
DA:217,4
DA:218,2
DA:219,0
DA:221,2
LF:23
LH:21
BRDA:171,0,0,1
BRDA:171,0,1,5
BRDA:171,1,0,6
BRDA:171,1,1,6
BRDA:171,2,0,4
BRDA:171,2,1,2
BRDA:171,3,0,6
BRDA:171,3,1,6
BRDA:186,4,0,52
BRDA:186,4,1,53
BRDA:189,5,0,51
BRDA:190,6,0,53
BRDA:191,7,0,0
BRDA:191,7,1,6
BRDA:191,8,0,6
BRDA:191,8,1,6
BRDA:191,9,0,0
BRDA:191,9,1,6
BRDA:191,10,0,6
BRDA:191,10,1,6
BRDA:208,11,0,0
BRDA:218,12,0,0
BRF:22
BRH:18
end_of_record
TN:
SF:src/utils/SimpleEventBroker/index.ts
FN:48,(anonymous_13)
FN:57,SimpleEventBroker
FN:69,(anonymous_15)
FN:82,(anonymous_16)
FN:95,(anonymous_17)
FN:108,(anonymous_18)
FN:128,(anonymous_21)
FN:135,(anonymous_22)
FN:151,(anonymous_23)
FN:170,(anonymous_28)
FN:171,(anonymous_29)
FNF:11
FNH:8
FNDA:8,(anonymous_13)
FNDA:6,SimpleEventBroker
FNDA:2,(anonymous_15)
FNDA:47,(anonymous_16)
FNDA:0,(anonymous_17)
FNDA:59,(anonymous_18)
FNDA:0,(anonymous_21)
FNDA:0,(anonymous_22)
FNDA:6,(anonymous_23)
FNDA:57,(anonymous_28)
FNDA:1,(anonymous_29)
DA:3,8
DA:48,8
DA:55,6
DA:58,6
DA:59,6
DA:60,6
DA:61,6
DA:62,6
DA:63,6
DA:69,8
DA:70,2
DA:82,54
DA:83,47
DA:84,47
DA:87,47
DA:88,0
DA:92,47
DA:93,47
DA:95,47
DA:96,0
DA:97,0
DA:98,0
DA:108,8
DA:109,59
DA:110,0
DA:113,59
DA:114,0
DA:117,59
DA:118,59
DA:120,112
DA:121,12
DA:128,8
DA:129,0
DA:135,8
DA:136,0
DA:151,8
DA:152,6
DA:153,6
DA:156,65
DA:157,59
DA:158,59
DA:159,59
DA:160,118
DA:163,59
DA:165,59
DA:166,2
DA:170,57
DA:171,57
DA:172,1
DA:173,1
DA:175,0
DA:180,114
DA:183,6
DA:186,8
LF:54
LH:45
BRDA:82,0,0,7
BRDA:83,1,0,47
BRDA:87,2,0,0
BRDA:87,3,0,47
BRDA:87,3,1,40
BRDA:87,4,0,40
BRDA:87,4,1,0
BRDA:87,5,0,40
BRDA:87,5,1,40
BRDA:87,6,0,0
BRDA:87,6,1,40
BRDA:87,7,0,40
BRDA:87,7,1,40
BRDA:97,8,0,0
BRDA:109,9,0,0
BRDA:113,10,0,0
BRDA:120,11,0,53
BRDA:136,12,0,0
BRDA:136,12,1,0
BRDA:136,13,0,0
BRDA:136,13,1,0
BRDA:136,14,0,0
BRDA:136,14,1,0
BRDA:136,15,0,0
BRDA:136,15,1,0
BRDA:152,16,0,0
BRDA:158,17,0,0
BRDA:159,18,0,0
BRDA:163,19,0,59
BRDA:163,19,1,0
BRDA:163,20,0,59
BRDA:163,20,1,59
BRDA:165,21,0,2
BRDA:165,22,0,2
BRDA:165,22,1,57
BRDA:165,23,0,59
BRDA:165,23,1,59
BRDA:172,24,0,1
BRDA:172,24,1,0
BRDA:156,25,0,6
BRF:40
BRH:21
end_of_record
TN:
SF:src/utils/SimpleEventBroker/utils.ts
FN:1,(anonymous_0)
FN:2,(anonymous_1)
FNF:2
FNH:2
FNDA:59,(anonymous_0)
FNDA:59,(anonymous_1)
DA:1,59
DA:2,59
DA:3,59
LF:3
LH:3
BRDA:1,0,0,0
BRF:1
BRH:0
end_of_record
TN:
SF:src/utils/object/index.ts
FN:26,getAllPaths
FN:67,(anonymous_1)
FN:71,(anonymous_2)
FNF:3
FNH:3
FNDA:25,getAllPaths
FNDA:4,(anonymous_1)
FNDA:5,(anonymous_2)
DA:26,9
DA:27,25
DA:28,3
DA:33,22
DA:34,22
DA:36,22
DA:37,402
DA:38,402
DA:39,804
DA:41,402
DA:42,192
DA:44,210
DA:46,380
DA:47,380
DA:53,22
DA:67,9
DA:68,4
DA:69,1
DA:71,5
DA:72,3
LF:20
LH:20
BRDA:27,0,0,3
BRDA:27,1,0,25
BRDA:27,1,1,23
BRDA:27,2,0,23
BRDA:27,2,1,23
BRDA:38,3,0,0
BRDA:41,4,0,192
BRDA:41,4,1,210
BRDA:41,5,0,402
BRDA:41,5,1,211
BRDA:46,6,0,380
BRDA:68,7,0,1
BRDA:68,8,0,4
BRDA:68,8,1,0
BRF:14
BRH:12
end_of_record
