TN:
SF:src/ArvoDomain.ts
FN:56,(anonymous_0)
FNF:1
FNH:1
FNDA:124,(anonymous_0)
DA:9,8
DA:56,8
DA:62,124
DA:64,124
DA:65,6
DA:67,6
DA:68,1
DA:71,5
DA:72,3
DA:75,2
DA:76,2
DA:80,118
LF:12
LH:12
BRDA:64,0,0,6
BRDA:64,1,0,124
BRDA:64,1,1,25
BRDA:67,2,0,1
BRDA:68,3,0,1
BRDA:68,3,1,0
BRDA:68,4,0,1
BRDA:68,4,1,1
BRDA:68,5,0,0
BRDA:68,5,1,1
BRDA:68,6,0,1
BRDA:68,6,1,1
BRDA:71,7,0,3
BRDA:75,8,0,2
BRF:14
BRH:12
end_of_record
TN:
SF:src/errors.ts
FN:13,(anonymous_6)
FN:14,ContractViolation
FN:33,(anonymous_8)
FN:34,ConfigViolation
FN:52,(anonymous_10)
FN:53,ExecutionViolation
FNF:6
FNH:6
FNDA:8,(anonymous_6)
FNDA:5,ContractViolation
FNDA:8,(anonymous_8)
FNDA:7,ConfigViolation
FNDA:8,(anonymous_10)
FNDA:4,ExecutionViolation
DA:1,8
DA:13,8
DA:15,5
DA:21,8
DA:33,8
DA:35,7
DA:41,8
DA:52,8
DA:54,4
DA:60,8
LF:10
LH:10
BRDA:15,0,0,5
BRDA:15,0,1,0
BRDA:35,1,0,7
BRDA:35,1,1,0
BRDA:54,2,0,4
BRDA:54,2,1,0
BRF:6
BRH:3
end_of_record
TN:
SF:src/index.ts
FN:84,(anonymous_1)
FN:85,(anonymous_2)
FN:42,(anonymous_3)
FN:59,(anonymous_4)
FN:72,(anonymous_5)
FN:73,(anonymous_6)
FN:74,(anonymous_7)
FN:75,(anonymous_8)
FN:80,(anonymous_9)
FN:81,(anonymous_10)
FN:64,(anonymous_11)
FN:69,(anonymous_12)
FN:78,(anonymous_13)
FN:63,(anonymous_14)
FN:56,(anonymous_15)
FN:55,(anonymous_16)
FN:57,(anonymous_17)
FN:50,(anonymous_18)
FN:51,(anonymous_19)
FN:49,(anonymous_20)
FN:48,(anonymous_21)
FN:76,(anonymous_22)
FN:77,(anonymous_23)
FNF:23
FNH:11
FNDA:6,(anonymous_1)
FNDA:0,(anonymous_2)
FNDA:40,(anonymous_3)
FNDA:19,(anonymous_4)
FNDA:0,(anonymous_5)
FNDA:0,(anonymous_6)
FNDA:0,(anonymous_7)
FNDA:10,(anonymous_8)
FNDA:0,(anonymous_9)
FNDA:2,(anonymous_10)
FNDA:1,(anonymous_11)
FNDA:22,(anonymous_12)
FNDA:17,(anonymous_13)
FNDA:3,(anonymous_14)
FNDA:0,(anonymous_15)
FNDA:0,(anonymous_16)
FNDA:2,(anonymous_17)
FNDA:0,(anonymous_18)
FNDA:0,(anonymous_19)
FNDA:0,(anonymous_20)
FNDA:0,(anonymous_21)
FNDA:0,(anonymous_22)
FNDA:6,(anonymous_23)
DA:1,8
DA:2,8
DA:3,8
DA:4,8
DA:10,8
DA:11,8
DA:13,8
DA:14,8
DA:15,8
DA:17,8
DA:18,8
DA:21,8
DA:24,8
DA:25,8
DA:27,8
DA:29,8
DA:31,8
DA:32,8
DA:33,8
DA:35,8
DA:41,8
DA:42,48
DA:48,8
DA:49,8
DA:50,8
DA:51,8
DA:55,8
DA:56,8
DA:57,10
DA:58,8
DA:59,27
DA:63,11
DA:64,9
DA:69,30
DA:72,8
DA:73,8
DA:74,8
DA:75,18
DA:76,8
DA:77,14
DA:78,25
DA:79,8
DA:80,8
DA:81,10
DA:84,14
DA:85,8
LF:46
LH:46
BRF:0
BRH:0
end_of_record
TN:
SF:src/ArvoEventHandler/helpers.ts
FN:46,(anonymous_1)
FNF:1
FNH:1
FNDA:40,(anonymous_1)
DA:2,8
DA:46,8
DA:48,40
LF:3
LH:3
BRF:0
BRH:0
end_of_record
TN:
SF:src/ArvoEventHandler/index.ts
FN:106,(anonymous_16)
FN:145,ArvoEventHandler
FN:120,(anonymous_18)
FN:131,(anonymous_19)
FN:190,(anonymous_20)
FN:206,(anonymous_23)
FN:206,(anonymous_24)
FN:299,(anonymous_26)
FN:364,(anonymous_27)
FN:421,(anonymous_28)
FNF:10
FNH:9
FNDA:8,(anonymous_16)
FNDA:40,ArvoEventHandler
FNDA:166,(anonymous_18)
FNDA:51,(anonymous_19)
FNDA:51,(anonymous_20)
FNDA:51,(anonymous_23)
FNDA:51,(anonymous_24)
FNDA:12,(anonymous_26)
FNDA:0,(anonymous_27)
FNDA:1,(anonymous_28)
DA:1,8
DA:2,8
DA:19,8
DA:21,8
DA:23,8
DA:106,8
DA:120,8
DA:121,166
DA:124,40
DA:131,8
DA:132,51
DA:146,40
DA:147,40
DA:148,40
DA:149,40
DA:151,47
DA:152,47
DA:153,1
DA:159,39
DA:190,8
DA:192,79
DA:198,51
DA:204,51
DA:206,51
DA:207,51
DA:209,51
DA:210,663
DA:211,663
DA:214,51
DA:215,1
DA:220,50
DA:224,50
DA:227,50
DA:228,1
DA:233,49
DA:234,1
DA:241,49
DA:242,49
DA:244,1
DA:249,48
DA:254,48
DA:255,48
DA:256,2
DA:259,46
DA:264,46
DA:269,46
DA:281,40
DA:282,1
DA:286,39
DA:289,39
DA:290,4
DA:292,35
DA:295,39
DA:296,43
DA:297,43
DA:298,43
DA:299,43
DA:300,12
DA:307,48
DA:308,48
DA:327,611
DA:328,611
DA:332,1
DA:336,38
DA:341,38
DA:346,38
DA:350,12
DA:351,12
DA:356,12
DA:357,7
DA:360,5
DA:361,8
DA:365,0
DA:375,8
DA:391,104
DA:392,104
DA:396,5
DA:400,51
DA:421,8
DA:422,1
DA:424,8
LF:81
LH:80
BRDA:152,0,0,1
BRDA:165,1,0,1
BRDA:165,1,1,38
BRDA:165,2,0,39
BRDA:165,2,1,39
BRDA:165,3,0,38
BRDA:165,3,1,1
BRDA:165,4,0,39
BRDA:165,4,1,39
BRDA:192,5,0,28
BRDA:204,6,0,51
BRDA:214,7,0,1
BRDA:227,8,0,1
BRDA:227,9,0,50
BRDA:227,9,1,49
BRDA:227,10,0,1
BRDA:227,10,1,49
BRDA:227,11,0,50
BRDA:227,11,1,49
BRDA:227,12,0,0
BRDA:227,12,1,49
BRDA:227,13,0,49
BRDA:227,13,1,49
BRDA:233,14,0,1
BRDA:233,15,0,1
BRDA:233,15,1,48
BRDA:233,16,0,49
BRDA:233,16,1,48
BRDA:242,17,0,48
BRDA:242,17,1,1
BRDA:242,18,0,49
BRDA:242,18,1,49
BRDA:242,19,0,1
BRDA:242,19,1,48
BRDA:242,20,0,49
BRDA:242,20,1,48
BRDA:245,21,0,0
BRDA:245,21,1,1
BRDA:245,22,0,1
BRDA:245,22,1,1
BRDA:255,23,0,2
BRDA:281,24,0,1
BRDA:289,25,0,4
BRDA:289,25,1,35
BRDA:299,26,0,4
BRDA:299,26,1,39
BRDA:299,27,0,43
BRDA:299,27,1,43
BRDA:299,28,0,39
BRDA:299,28,1,4
BRDA:299,29,0,43
BRDA:299,29,1,43
BRDA:312,30,0,48
BRDA:312,30,1,0
BRDA:313,31,0,48
BRDA:313,31,1,48
BRDA:320,32,0,0
BRDA:320,32,1,48
BRDA:320,33,0,48
BRDA:320,33,1,0
BRDA:320,34,0,0
BRDA:320,34,1,48
BRDA:320,35,0,48
BRDA:320,35,1,48
BRDA:332,36,0,1
BRDA:332,36,1,0
BRDA:332,37,0,1
BRDA:332,37,1,1
BRDA:332,38,0,0
BRDA:332,38,1,1
BRDA:332,39,0,1
BRDA:332,39,1,1
BRDA:356,40,0,7
BRDA:363,41,0,0
BRDA:363,41,1,5
BRDA:384,42,0,8
BRDA:384,42,1,0
BRDA:384,43,0,8
BRDA:384,43,1,8
BRDA:385,44,0,0
BRDA:385,44,1,8
BRDA:385,45,0,8
BRDA:385,45,1,0
BRDA:386,46,0,0
BRDA:386,46,1,8
BRDA:386,47,0,8
BRDA:386,47,1,0
BRDA:387,48,0,8
BRDA:387,48,1,0
BRDA:387,49,0,8
BRDA:387,49,1,8
BRF:91
BRH:76
end_of_record
TN:
SF:src/ArvoMachine/createMachine.ts
FN:195,setupArvoMachine
FN:254,(anonymous_5)
FN:314,(anonymous_6)
FN:368,(anonymous_7)
FN:407,(anonymous_8)
FN:465,(anonymous_9)
FNF:6
FNH:6
FNDA:19,setupArvoMachine
FNDA:2,(anonymous_5)
FNDA:4,(anonymous_6)
FNDA:19,(anonymous_7)
FNDA:3,(anonymous_8)
FNDA:32,(anonymous_9)
DA:1,8
DA:8,8
DA:9,8
DA:20,8
DA:21,8
DA:30,8
DA:195,8
DA:254,19
DA:255,2
DA:266,19
DA:267,1
DA:270,18
DA:271,1
DA:274,17
DA:275,1
DA:289,16
DA:290,16
DA:291,2
DA:296,14
DA:300,14
DA:301,1
DA:306,13
DA:314,4
DA:327,13
DA:368,13
DA:399,19
DA:401,19
DA:402,1
DA:407,18
DA:408,3
DA:410,3
DA:411,1
DA:422,2
DA:423,1
DA:434,1
DA:435,1
DA:447,181
DA:448,181
DA:449,1
DA:451,180
DA:452,1
DA:454,179
DA:455,1
DA:459,15
DA:463,15
DA:464,15
DA:465,32
DA:467,15
DA:468,15
DA:476,13
LF:50
LH:50
BRDA:258,0,0,1
BRDA:258,0,1,1
BRDA:266,1,0,1
BRDA:270,2,0,1
BRDA:274,3,0,1
BRDA:274,4,0,12
BRDA:274,4,1,5
BRDA:274,5,0,17
BRDA:274,5,1,17
BRDA:290,6,0,2
BRDA:300,7,0,1
BRDA:307,8,0,4
BRDA:307,8,1,9
BRDA:307,9,0,13
BRDA:307,9,1,13
BRDA:315,10,0,4
BRDA:315,10,1,0
BRDA:315,11,0,4
BRDA:315,11,1,4
BRDA:317,12,0,0
BRDA:317,12,1,4
BRDA:317,13,0,4
BRDA:317,13,1,4
BRDA:317,14,0,0
BRDA:317,14,1,4
BRDA:317,15,0,4
BRDA:317,15,1,4
BRDA:319,16,0,0
BRDA:319,16,1,4
BRDA:319,17,0,4
BRDA:319,17,1,4
BRDA:319,18,0,4
BRDA:319,18,1,0
BRDA:319,19,0,4
BRDA:319,19,1,4
BRDA:319,20,0,0
BRDA:319,20,1,4
BRDA:319,21,0,4
BRDA:319,21,1,4
BRDA:320,22,0,4
BRDA:320,22,1,4
BRDA:320,23,0,4
BRDA:320,23,1,0
BRDA:320,24,0,4
BRDA:320,24,1,4
BRDA:320,25,0,4
BRDA:320,25,1,0
BRDA:320,26,0,4
BRDA:320,26,1,4
BRDA:320,27,0,0
BRDA:320,27,1,4
BRDA:320,28,0,4
BRDA:320,28,1,4
BRDA:399,29,0,2
BRDA:399,29,1,17
BRDA:399,30,0,19
BRDA:399,30,1,19
BRDA:401,31,0,1
BRDA:410,32,0,1
BRDA:422,33,0,1
BRDA:434,34,0,1
BRDA:447,35,0,18
BRDA:447,35,1,0
BRDA:447,36,0,18
BRDA:447,36,1,18
BRDA:448,37,0,1
BRDA:451,38,0,1
BRDA:454,39,0,1
BRDA:467,40,0,15
BRDA:467,40,1,14
BRF:70
BRH:60
end_of_record
TN:
SF:src/ArvoMachine/index.ts
FN:25,(anonymous_1)
FN:53,ArvoMachine
FN:67,(anonymous_3)
FN:100,(anonymous_4)
FN:124,(anonymous_5)
FN:128,(anonymous_6)
FNF:6
FNH:6
FNDA:8,(anonymous_1)
FNDA:15,ArvoMachine
FNDA:474,(anonymous_3)
FNDA:52,(anonymous_4)
FNDA:76,(anonymous_5)
FNDA:153,(anonymous_6)
DA:1,8
DA:25,8
DA:54,15
DA:55,15
DA:56,15
DA:60,15
DA:61,15
DA:67,8
DA:68,474
DA:100,8
DA:115,52
DA:117,52
DA:118,23
DA:119,23
DA:121,29
DA:124,76
DA:128,153
DA:134,29
DA:137,52
DA:138,3
DA:142,3
DA:147,49
DA:152,49
DA:154,49
DA:155,1
DA:160,48
DA:164,48
DA:165,1
DA:172,47
DA:173,2
DA:183,46
DA:186,46
DA:187,46
DA:188,2
DA:193,44
DA:197,8
LF:36
LH:36
BRDA:61,0,0,0
BRDA:117,1,0,23
BRDA:117,1,1,29
BRDA:122,2,0,26
BRDA:122,2,1,3
BRDA:122,3,0,29
BRDA:122,3,1,29
BRDA:137,4,0,3
BRDA:154,5,0,1
BRDA:154,5,1,48
BRDA:164,6,0,1
BRDA:172,7,0,2
BRDA:172,8,0,47
BRDA:172,8,1,47
BRDA:183,9,0,21
BRDA:183,9,1,25
BRDA:185,10,0,25
BRDA:185,10,1,0
BRDA:185,11,0,25
BRDA:185,11,1,25
BRDA:186,12,0,2
BRDA:186,12,1,44
BRDA:186,13,0,46
BRDA:186,13,1,46
BRDA:187,14,0,2
BRF:25
BRH:23
end_of_record
TN:
SF:src/ArvoMachine/utils.ts
FN:25,(anonymous_0)
FN:50,(anonymous_1)
FNF:2
FNH:2
FNDA:15,(anonymous_0)
FNDA:34,(anonymous_1)
DA:25,8
DA:26,15
DA:27,0
DA:29,15
DA:30,15
DA:31,65
DA:32,65
DA:33,16
DA:34,51
DA:35,51
DA:38,14
DA:50,8
DA:61,34
DA:62,92
DA:63,92
DA:64,3
DA:70,89
DA:72,31
LF:18
LH:17
BRDA:26,0,0,0
BRDA:26,1,0,0
BRDA:26,1,1,15
BRDA:26,2,0,15
BRDA:26,2,1,15
BRDA:32,3,0,49
BRDA:32,4,0,0
BRDA:32,4,1,65
BRDA:32,5,0,65
BRDA:32,5,1,65
BRDA:33,6,0,1
BRDA:63,7,0,3
BRF:12
BRH:9
end_of_record
TN:
SF:src/ArvoOrchestrationUtils/createEmitableEvent.ts
FN:32,(anonymous_0)
FN:59,(anonymous_1)
FN:200,(anonymous_2)
FNF:3
FNH:3
FNDA:57,(anonymous_0)
FNDA:167,(anonymous_1)
FNDA:43,(anonymous_2)
DA:2,8
DA:15,8
DA:17,8
DA:32,8
DA:34,57
DA:35,57
DA:36,57
DA:37,57
DA:38,57
DA:39,57
DA:40,57
DA:41,57
DA:42,57
DA:43,57
DA:47,57
DA:58,57
DA:59,167
DA:65,57
DA:66,57
DA:67,57
DA:68,57
DA:69,57
DA:76,57
DA:77,11
DA:84,11
DA:85,11
DA:86,11
DA:87,11
DA:88,11
DA:94,46
DA:95,44
DA:102,44
DA:103,44
DA:104,44
DA:111,44
DA:112,6
DA:113,5
DA:114,5
DA:116,1
DA:122,5
DA:123,5
DA:124,4
DA:134,1
DA:145,0
DA:152,56
DA:153,56
DA:155,56
DA:156,54
DA:157,54
DA:158,54
DA:160,0
DA:166,56
DA:186,56
DA:194,56
DA:200,8
DA:214,43
DA:215,50
DA:216,57
DA:217,57
DA:232,56
DA:233,728
DA:234,728
DA:238,42
LF:63
LH:61
BRDA:76,0,0,11
BRDA:76,0,1,46
BRDA:86,1,0,3
BRDA:86,1,1,8
BRDA:86,2,0,11
BRDA:86,2,1,3
BRDA:94,3,0,44
BRDA:111,4,0,6
BRDA:112,5,0,5
BRDA:117,6,0,0
BRDA:117,6,1,1
BRDA:117,7,0,1
BRDA:117,7,1,1
BRDA:123,8,0,4
BRDA:123,8,1,1
BRDA:128,9,0,0
BRDA:128,9,1,4
BRDA:128,10,0,4
BRDA:128,10,1,0
BRDA:130,11,0,0
BRDA:130,11,1,4
BRDA:130,12,0,4
BRDA:130,12,1,4
BRDA:138,13,0,0
BRDA:138,13,1,1
BRDA:138,14,0,1
BRDA:138,14,1,0
BRDA:140,15,0,0
BRDA:140,15,1,1
BRDA:140,16,0,1
BRDA:140,16,1,1
BRDA:146,17,0,0
BRDA:146,17,1,0
BRDA:146,18,0,0
BRDA:146,18,1,0
BRDA:155,19,0,54
BRDA:155,20,0,56
BRDA:155,20,1,54
BRDA:172,21,0,54
BRDA:172,21,1,2
BRDA:172,22,0,56
BRDA:172,22,1,56
BRDA:174,23,0,11
BRDA:174,23,1,45
BRDA:174,24,0,56
BRDA:174,24,1,56
BRDA:175,25,0,0
BRDA:175,25,1,56
BRDA:175,26,0,56
BRDA:175,26,1,0
BRDA:175,27,0,0
BRDA:175,27,1,56
BRDA:175,28,0,56
BRDA:175,28,1,56
BRDA:176,29,0,0
BRDA:176,29,1,56
BRDA:176,30,0,56
BRDA:176,30,1,56
BRDA:177,31,0,0
BRDA:177,31,1,56
BRDA:177,32,0,56
BRDA:177,32,1,56
BRDA:178,33,0,56
BRDA:178,33,1,0
BRDA:178,34,0,56
BRDA:178,34,1,56
BRDA:179,35,0,0
BRDA:179,35,1,56
BRDA:179,36,0,56
BRDA:179,36,1,0
BRDA:181,37,0,8
BRDA:181,37,1,48
BRDA:181,38,0,56
BRDA:181,38,1,8
BRDA:183,39,0,0
BRDA:183,39,1,56
BRDA:183,40,0,56
BRDA:183,40,1,56
BRDA:216,41,0,19
BRDA:216,41,1,31
BRDA:216,42,0,50
BRDA:216,42,1,50
BRF:82
BRH:62
end_of_record
TN:
SF:src/ArvoOrchestrationUtils/error.ts
FN:13,(anonymous_6)
FN:16,TransactionViolation
FN:32,(anonymous_8)
FNF:3
FNH:2
FNDA:8,(anonymous_6)
FNDA:4,TransactionViolation
FNDA:0,(anonymous_8)
DA:1,8
DA:3,8
DA:13,8
DA:21,4
DA:28,4
DA:30,8
DA:32,8
DA:33,0
LF:8
LH:7
BRDA:21,0,0,4
BRDA:21,0,1,0
BRDA:34,1,0,0
BRDA:34,1,1,0
BRDA:34,1,2,0
BRDA:36,2,0,0
BRDA:36,2,1,0
BRF:7
BRH:1
end_of_record
TN:
SF:src/ArvoOrchestrationUtils/handlerErrors.ts
FN:41,(anonymous_15)
FN:70,(anonymous_16)
FN:111,(anonymous_17)
FN:116,(anonymous_18)
FN:174,(anonymous_20)
FNF:5
FNH:3
FNDA:2,(anonymous_15)
FNDA:0,(anonymous_16)
FNDA:13,(anonymous_17)
FNDA:13,(anonymous_18)
FNDA:0,(anonymous_20)
DA:1,8
DA:2,8
DA:16,8
DA:20,8
DA:21,8
DA:41,8
DA:42,2
DA:43,2
DA:44,2
DA:45,2
DA:46,2
DA:47,2
DA:48,2
DA:49,2
DA:50,2
DA:51,2
DA:58,2
DA:59,2
DA:60,2
DA:62,0
DA:68,2
DA:71,0
DA:80,2
DA:82,2
DA:83,2
DA:108,2
DA:111,8
DA:116,13
DA:132,13
DA:138,13
DA:139,13
DA:152,13
DA:153,11
DA:157,11
DA:163,4
DA:175,0
DA:181,2
DA:186,2
DA:188,2
DA:189,26
DA:190,26
DA:194,2
LF:42
LH:39
BRDA:69,0,0,0
BRDA:69,0,1,2
BRDA:90,1,0,0
BRDA:90,1,1,2
BRDA:90,2,0,2
BRDA:90,2,1,0
BRDA:93,3,0,2
BRDA:93,3,1,0
BRDA:93,4,0,2
BRDA:93,4,1,2
BRDA:93,5,0,0
BRDA:93,5,1,2
BRDA:93,6,0,2
BRDA:93,6,1,2
BRDA:95,7,0,2
BRDA:95,7,1,0
BRDA:95,8,0,2
BRDA:95,8,1,2
BRDA:96,9,0,0
BRDA:96,9,1,2
BRDA:96,10,0,2
BRDA:96,10,1,0
BRDA:97,11,0,0
BRDA:97,11,1,2
BRDA:97,12,0,2
BRDA:97,12,1,0
BRDA:103,13,0,2
BRDA:103,13,1,0
BRDA:103,14,0,2
BRDA:103,14,1,2
BRDA:132,15,0,13
BRDA:132,15,1,0
BRDA:152,16,0,11
BRDA:155,17,0,11
BRDA:155,17,1,0
BRDA:183,18,0,2
BRDA:183,18,1,0
BRF:37
BRH:23
end_of_record
TN:
SF:src/ArvoOrchestrationUtils/orchestrationExecutionState.ts
FNF:0
FNH:0
DA:1,0
LF:1
LH:0
BRF:0
BRH:0
end_of_record
TN:
SF:src/ArvoOrchestrator/factory.ts
FN:34,(anonymous_1)
FN:45,(anonymous_2)
FNF:2
FNH:2
FNDA:10,(anonymous_1)
FNDA:12,(anonymous_2)
DA:2,8
DA:3,8
DA:4,8
DA:5,8
DA:34,8
DA:35,10
DA:36,10
DA:37,10
DA:38,10
DA:40,10
DA:41,0
DA:44,10
DA:45,12
DA:47,10
DA:48,10
DA:49,20
DA:50,20
DA:51,1
DA:55,19
DA:56,1
DA:60,18
DA:63,8
LF:22
LH:21
BRDA:40,0,0,0
BRDA:40,1,0,0
BRDA:40,1,1,10
BRDA:40,2,0,10
BRDA:40,2,1,10
BRDA:50,3,0,1
BRDA:55,4,0,1
BRF:7
BRH:5
end_of_record
TN:
SF:src/ArvoOrchestrator/index.ts
FN:37,(anonymous_15)
FN:65,ArvoOrchestrator
FN:44,(anonymous_17)
FN:48,(anonymous_18)
FN:52,(anonymous_19)
FN:56,(anonymous_20)
FN:92,(anonymous_21)
FN:108,(anonymous_24)
FN:126,(anonymous_25)
FN:126,(anonymous_26)
FN:346,(anonymous_28)
FN:398,(anonymous_29)
FNF:12
FNH:10
FNDA:8,(anonymous_15)
FNDA:8,ArvoOrchestrator
FNDA:156,(anonymous_17)
FNDA:0,(anonymous_18)
FNDA:0,(anonymous_19)
FNDA:11,(anonymous_20)
FNDA:46,(anonymous_21)
FNDA:598,(anonymous_24)
FNDA:46,(anonymous_25)
FNDA:46,(anonymous_26)
FNDA:37,(anonymous_28)
FNDA:1,(anonymous_29)
DA:1,8
DA:2,8
DA:20,8
DA:21,8
DA:22,8
DA:27,8
DA:29,8
DA:37,8
DA:42,8
DA:44,8
DA:45,156
DA:48,8
DA:49,0
DA:52,8
DA:53,0
DA:56,8
DA:57,11
DA:66,8
DA:67,8
DA:68,8
DA:69,8
DA:70,8
DA:71,8
DA:73,8
DA:74,8
DA:75,8
DA:76,8
DA:77,8
DA:92,8
DA:94,52
DA:100,46
DA:108,598
DA:126,46
DA:127,46
DA:131,46
DA:132,46
DA:133,46
DA:134,46
DA:139,46
DA:140,45
DA:141,45
DA:147,45
DA:148,1
DA:153,1
DA:157,1
DA:162,44
DA:167,44
DA:172,44
DA:173,1
DA:174,1
DA:179,43
DA:189,43
DA:191,43
DA:195,1
DA:200,42
DA:206,1
DA:214,41
DA:215,40
DA:216,1
DA:223,39
DA:224,17
DA:231,39
DA:233,38
DA:234,1
DA:238,1
DA:241,37
DA:242,37
DA:244,37
DA:245,16
DA:250,16
DA:251,1
DA:256,1
DA:261,21
DA:270,36
DA:271,15
DA:277,36
DA:286,34
DA:288,34
DA:294,34
DA:295,9
DA:313,34
DA:328,33
DA:334,66
DA:346,37
DA:354,32
DA:359,32
DA:364,32
DA:366,11
DA:383,11
DA:384,1
DA:388,92
DA:389,46
DA:398,8
DA:399,1
DA:404,8
LF:95
LH:93
BRDA:94,0,0,6
BRDA:100,1,0,46
BRDA:100,1,1,46
BRDA:113,2,0,46
BRDA:113,2,1,0
BRDA:388,3,0,46
BRDA:147,4,0,1
BRDA:172,5,0,1
BRDA:191,6,0,1
BRDA:200,7,0,1
BRDA:200,8,0,42
BRDA:200,8,1,41
BRDA:215,9,0,1
BRDA:223,10,0,17
BRDA:233,11,0,1
BRDA:233,12,0,16
BRDA:233,12,1,22
BRDA:233,13,0,38
BRDA:233,13,1,22
BRDA:241,14,0,7
BRDA:241,14,1,30
BRDA:241,15,0,37
BRDA:241,15,1,23
BRDA:241,16,0,16
BRDA:241,16,1,21
BRDA:241,17,0,37
BRDA:241,17,1,21
BRDA:242,18,0,21
BRDA:242,18,1,16
BRDA:242,19,0,37
BRDA:242,19,1,37
BRDA:242,20,0,16
BRDA:242,20,1,21
BRDA:242,21,0,37
BRDA:242,21,1,21
BRDA:244,22,0,16
BRDA:244,22,1,21
BRDA:250,23,0,1
BRDA:270,24,0,15
BRDA:271,25,0,3
BRDA:271,25,1,12
BRDA:271,26,0,15
BRDA:271,26,1,3
BRDA:271,27,0,0
BRDA:271,27,1,15
BRDA:271,28,0,15
BRDA:271,28,1,15
BRDA:271,29,0,0
BRDA:271,29,1,15
BRDA:271,30,0,15
BRDA:271,30,1,15
BRDA:279,31,0,21
BRDA:279,31,1,15
BRDA:279,32,0,36
BRDA:279,32,1,36
BRDA:279,33,0,15
BRDA:279,33,1,21
BRDA:279,34,0,36
BRDA:279,34,1,21
BRDA:294,35,0,9
BRDA:300,36,0,5
BRDA:300,36,1,4
BRDA:300,37,0,9
BRDA:300,37,1,9
BRDA:300,38,0,0
BRDA:300,38,1,9
BRDA:300,39,0,9
BRDA:300,39,1,9
BRDA:301,40,0,3
BRDA:301,40,1,6
BRDA:342,41,0,33
BRDA:342,41,1,0
BRDA:342,42,0,33
BRDA:342,42,1,33
BRDA:383,43,0,10
BRF:75
BRH:70
end_of_record
TN:
SF:src/ArvoResumable/factory.ts
FN:32,(anonymous_2)
FNF:1
FNH:1
FNDA:2,(anonymous_2)
DA:2,8
DA:3,8
DA:4,8
DA:32,8
DA:53,2
DA:54,2
DA:55,0
DA:60,2
DA:64,2
DA:65,0
DA:70,2
LF:11
LH:9
BRDA:54,0,0,0
BRDA:64,1,0,0
BRDA:74,2,0,0
BRDA:74,2,1,2
BRDA:74,3,0,2
BRDA:74,3,1,2
BRDA:75,4,0,0
BRDA:75,4,1,2
BRDA:75,5,0,2
BRDA:75,5,1,2
BRF:10
BRH:6
end_of_record
TN:
SF:src/ArvoResumable/index.ts
FN:61,(anonymous_16)
FN:93,ArvoResumable
FN:81,(anonymous_18)
FN:85,(anonymous_19)
FN:89,(anonymous_20)
FN:112,(anonymous_21)
FN:187,(anonymous_22)
FN:201,(anonymous_25)
FN:219,(anonymous_26)
FN:219,(anonymous_27)
FN:440,(anonymous_29)
FN:442,(anonymous_30)
FN:502,(anonymous_31)
FNF:13
FNH:11
FNDA:8,(anonymous_16)
FNDA:2,ArvoResumable
FNDA:1,(anonymous_18)
FNDA:0,(anonymous_19)
FNDA:2,(anonymous_20)
FNDA:13,(anonymous_21)
FNDA:13,(anonymous_22)
FNDA:169,(anonymous_25)
FNDA:13,(anonymous_26)
FNDA:13,(anonymous_27)
FNDA:18,(anonymous_29)
FNDA:18,(anonymous_30)
FNDA:0,(anonymous_31)
DA:1,8
DA:2,8
DA:19,8
DA:20,8
DA:21,8
DA:24,8
DA:26,8
DA:61,8
DA:74,2
DA:81,8
DA:82,1
DA:85,8
DA:86,0
DA:89,8
DA:90,2
DA:104,2
DA:105,2
DA:106,2
DA:107,2
DA:108,2
DA:109,2
DA:112,8
DA:115,13
DA:118,13
DA:119,13
DA:120,0
DA:125,13
DA:126,4
DA:127,4
DA:129,9
DA:130,24
DA:131,24
DA:132,38
DA:133,38
DA:134,30
DA:135,8
DA:141,13
DA:142,1
DA:147,12
DA:151,12
DA:152,0
DA:156,12
DA:160,0
DA:166,12
DA:170,12
DA:171,12
DA:187,8
DA:193,13
DA:201,169
DA:219,13
DA:220,13
DA:224,13
DA:225,13
DA:226,13
DA:227,13
DA:233,13
DA:234,13
DA:235,13
DA:241,13
DA:242,0
DA:247,0
DA:251,0
DA:260,13
DA:266,13
DA:267,0
DA:272,13
DA:277,13
DA:282,12
DA:284,12
DA:285,0
DA:292,12
DA:293,12
DA:300,12
DA:302,12
DA:303,0
DA:307,0
DA:310,12
DA:311,12
DA:313,12
DA:314,2
DA:319,2
DA:324,10
DA:325,4
DA:330,4
DA:331,0
DA:336,0
DA:341,6
DA:350,10
DA:351,4
DA:356,10
DA:361,6
DA:364,10
DA:365,18
DA:366,18
DA:367,8
DA:368,6
DA:370,8
DA:374,10
DA:375,10
DA:400,9
DA:401,9
DA:402,2
DA:415,9
DA:430,9
DA:437,9
DA:440,18
DA:442,18
DA:446,18
DA:461,9
DA:466,9
DA:471,9
DA:473,2
DA:490,2
DA:491,1
DA:495,26
DA:496,13
DA:502,8
DA:503,0
DA:505,8
LF:119
LH:105
BRDA:106,0,0,2
BRDA:106,0,1,0
BRDA:106,1,0,2
BRDA:106,1,1,2
BRDA:119,2,0,0
BRDA:125,3,0,4
BRDA:125,3,1,9
BRDA:131,4,0,5
BRDA:133,5,0,8
BRDA:134,6,0,8
BRDA:141,7,0,1
BRDA:151,8,0,0
BRDA:156,9,0,0
BRDA:157,10,0,12
BRDA:157,10,1,12
BRDA:166,11,0,4
BRDA:166,11,1,8
BRDA:168,12,0,8
BRDA:168,12,1,0
BRDA:168,13,0,8
BRDA:168,13,1,8
BRDA:206,14,0,13
BRDA:206,14,1,0
BRDA:495,15,0,13
BRDA:241,16,0,0
BRDA:266,17,0,0
BRDA:284,18,0,0
BRDA:292,19,0,12
BRDA:302,20,0,0
BRDA:302,21,0,4
BRDA:302,21,1,8
BRDA:302,22,0,12
BRDA:302,22,1,8
BRDA:310,23,0,0
BRDA:310,23,1,12
BRDA:310,24,0,12
BRDA:310,24,1,4
BRDA:310,25,0,4
BRDA:310,25,1,8
BRDA:310,26,0,12
BRDA:310,26,1,8
BRDA:311,27,0,8
BRDA:311,27,1,4
BRDA:311,28,0,12
BRDA:311,28,1,12
BRDA:311,29,0,4
BRDA:311,29,1,8
BRDA:311,30,0,12
BRDA:311,30,1,8
BRDA:313,31,0,2
BRDA:313,32,0,4
BRDA:313,32,1,8
BRDA:313,33,0,12
BRDA:313,33,1,8
BRDA:324,34,0,4
BRDA:324,34,1,6
BRDA:330,35,0,0
BRDA:350,36,0,4
BRDA:351,37,0,0
BRDA:351,37,1,4
BRDA:351,38,0,4
BRDA:351,38,1,0
BRDA:351,39,0,0
BRDA:351,39,1,4
BRDA:351,40,0,4
BRDA:351,40,1,4
BRDA:351,41,0,0
BRDA:351,41,1,4
BRDA:351,42,0,4
BRDA:351,42,1,4
BRDA:356,43,0,6
BRDA:357,44,0,10
BRDA:357,44,1,6
BRDA:357,44,2,6
BRDA:358,45,0,0
BRDA:358,45,1,6
BRDA:358,46,0,6
BRDA:358,46,1,6
BRDA:358,47,0,0
BRDA:358,47,1,6
BRDA:358,48,0,6
BRDA:358,48,1,6
BRDA:358,49,0,0
BRDA:358,49,1,6
BRDA:358,50,0,6
BRDA:358,50,1,6
BRDA:359,51,0,0
BRDA:359,51,1,6
BRDA:359,52,0,6
BRDA:359,52,1,6
BRDA:359,53,0,0
BRDA:359,53,1,6
BRDA:359,54,0,6
BRDA:359,54,1,6
BRDA:359,55,0,0
BRDA:359,55,1,6
BRDA:359,56,0,6
BRDA:359,56,1,6
BRDA:365,57,0,6
BRDA:365,57,1,4
BRDA:365,58,0,10
BRDA:365,58,1,10
BRDA:365,59,0,4
BRDA:365,59,1,6
BRDA:365,60,0,10
BRDA:365,60,1,10
BRDA:365,61,0,4
BRDA:365,61,1,6
BRDA:365,62,0,10
BRDA:365,62,1,6
BRDA:367,63,0,6
BRDA:377,64,0,6
BRDA:377,64,1,4
BRDA:377,65,0,10
BRDA:377,65,1,10
BRDA:377,66,0,4
BRDA:377,66,1,6
BRDA:377,67,0,10
BRDA:377,67,1,6
BRDA:378,68,0,6
BRDA:378,68,1,4
BRDA:378,69,0,10
BRDA:378,69,1,6
BRDA:384,70,0,4
BRDA:384,70,1,6
BRDA:385,71,0,6
BRDA:385,71,1,4
BRDA:400,72,0,7
BRDA:400,72,1,2
BRDA:400,73,0,9
BRDA:400,73,1,9
BRDA:400,74,0,2
BRDA:400,74,1,7
BRDA:400,75,0,9
BRDA:400,75,1,9
BRDA:401,76,0,2
BRDA:401,77,0,2
BRDA:401,77,1,7
BRDA:401,78,0,9
BRDA:401,78,1,9
BRDA:406,79,0,0
BRDA:406,79,1,2
BRDA:406,80,0,2
BRDA:406,80,1,2
BRDA:406,81,0,0
BRDA:406,81,1,2
BRDA:406,82,0,2
BRDA:406,82,1,2
BRDA:407,83,0,0
BRDA:407,83,1,2
BRDA:439,84,0,7
BRDA:439,84,1,2
BRDA:441,85,0,2
BRDA:441,85,1,0
BRDA:441,86,0,2
BRDA:441,86,1,2
BRDA:441,87,0,0
BRDA:441,87,1,2
BRDA:441,88,0,2
BRDA:441,88,1,2
BRDA:450,89,0,2
BRDA:450,89,1,7
BRDA:450,90,0,2
BRDA:450,90,1,7
BRDA:450,91,0,9
BRDA:450,91,1,9
BRDA:455,92,0,9
BRDA:455,92,1,0
BRDA:455,93,0,9
BRDA:455,93,1,9
BRDA:455,94,0,7
BRDA:455,94,1,2
BRDA:455,95,0,9
BRDA:455,95,1,9
BRDA:455,96,0,2
BRDA:455,96,1,7
BRDA:455,97,0,9
BRDA:455,97,1,9
BRDA:455,98,0,0
BRDA:455,98,1,2
BRDA:455,99,0,2
BRDA:455,99,1,2
BRDA:490,100,0,1
BRF:183
BRH:154
end_of_record
TN:
SF:src/MachineExecutionEngine/index.ts
FN:12,(anonymous_2)
FN:33,(anonymous_4)
FN:62,(anonymous_5)
FN:79,(anonymous_6)
FN:80,(anonymous_7)
FN:90,(anonymous_8)
FN:91,(anonymous_9)
FN:108,(anonymous_10)
FNF:8
FNH:7
FNDA:17,(anonymous_2)
FNDA:41,(anonymous_4)
FNDA:41,(anonymous_5)
FNDA:14,(anonymous_6)
FNDA:4,(anonymous_7)
FNDA:14,(anonymous_8)
FNDA:0,(anonymous_9)
FNDA:4,(anonymous_10)
DA:1,8
DA:2,8
DA:3,8
DA:12,8
DA:33,8
DA:34,41
DA:35,46
DA:39,41
DA:63,41
DA:64,41
DA:66,41
DA:67,19
DA:71,19
DA:72,1
DA:76,18
DA:79,18
DA:80,18
DA:81,18
DA:83,22
DA:87,22
DA:90,22
DA:91,22
DA:92,22
DA:93,22
DA:95,40
DA:99,40
DA:103,40
DA:104,40
DA:106,4
DA:108,4
DA:109,4
DA:111,40
DA:112,4
DA:115,36
DA:116,36
DA:117,36
DA:118,26
DA:121,36
DA:129,8
LF:39
LH:39
BRDA:35,0,0,5
BRDA:50,1,0,0
BRDA:50,1,1,41
BRDA:66,2,0,19
BRDA:66,2,1,22
BRDA:71,3,0,1
BRDA:104,4,0,4
BRDA:104,5,0,34
BRDA:104,5,1,6
BRDA:104,6,0,40
BRDA:104,6,1,40
BRDA:104,7,0,1
BRDA:104,7,1,39
BRDA:104,8,0,40
BRDA:104,8,1,40
BRDA:104,9,0,0
BRDA:104,9,1,40
BRDA:104,10,0,40
BRDA:104,10,1,40
BRDA:107,11,0,0
BRDA:107,11,1,4
BRDA:107,12,0,4
BRDA:107,12,1,4
BRDA:107,13,0,0
BRDA:107,13,1,4
BRDA:107,14,0,4
BRDA:107,14,1,4
BRDA:107,15,0,0
BRDA:107,15,1,4
BRDA:107,16,0,4
BRDA:107,16,1,4
BRDA:107,17,0,0
BRDA:107,17,1,4
BRDA:107,18,0,4
BRDA:107,18,1,4
BRDA:111,19,0,4
BRDA:115,20,0,10
BRDA:115,20,1,26
BRDA:115,21,0,36
BRDA:115,21,1,36
BRDA:115,22,0,0
BRDA:115,22,1,36
BRDA:115,23,0,36
BRDA:115,23,1,36
BRDA:116,24,0,0
BRDA:116,24,1,36
BRDA:116,25,0,36
BRDA:116,25,1,36
BRDA:116,26,0,14
BRDA:116,26,1,22
BRDA:116,27,0,36
BRDA:116,27,1,22
BRDA:117,28,0,26
BRDA:117,29,0,10
BRDA:117,29,1,26
BRDA:117,30,0,36
BRDA:117,30,1,10
BRDA:117,31,0,0
BRDA:117,31,1,36
BRDA:117,32,0,36
BRDA:117,32,1,0
BRF:61
BRH:51
end_of_record
TN:
SF:src/MachineMemory/Simple.ts
FN:17,(anonymous_15)
FN:27,(anonymous_17)
FN:40,(anonymous_20)
FN:56,(anonymous_23)
FN:73,(anonymous_26)
FN:84,(anonymous_29)
FNF:6
FNH:6
FNDA:30,(anonymous_15)
FNDA:67,(anonymous_17)
FNDA:52,(anonymous_20)
FNDA:43,(anonymous_23)
FNDA:33,(anonymous_26)
FNDA:1,(anonymous_29)
DA:17,8
DA:18,22
DA:19,22
DA:27,8
DA:28,67
DA:29,1
DA:31,66
DA:40,8
DA:41,52
DA:42,1
DA:44,51
DA:45,2
DA:47,49
DA:56,8
DA:57,43
DA:58,1
DA:60,42
DA:61,4
DA:63,38
DA:64,38
DA:73,8
DA:74,33
DA:75,1
DA:77,32
DA:78,32
DA:84,8
DA:85,1
DA:86,0
DA:87,0
DA:88,0
DA:90,1
DA:91,1
DA:93,8
LF:33
LH:30
BRDA:28,0,0,1
BRDA:31,1,0,43
BRDA:31,1,1,23
BRDA:31,2,0,66
BRDA:31,2,1,66
BRDA:41,3,0,1
BRDA:44,4,0,2
BRDA:57,5,0,1
BRDA:60,6,0,4
BRDA:74,7,0,1
BRDA:85,8,0,0
BRF:11
BRH:10
end_of_record
TN:
SF:src/MachineMemory/TelemetredSimple.ts
FN:20,(anonymous_15)
FN:32,(anonymous_17)
FN:41,(anonymous_20)
FN:56,(anonymous_23)
FN:66,(anonymous_26)
FN:84,(anonymous_29)
FN:93,(anonymous_32)
FN:112,(anonymous_35)
FN:121,(anonymous_38)
FN:134,(anonymous_41)
FNF:10
FNH:10
FNDA:25,(anonymous_15)
FNDA:7,(anonymous_17)
FNDA:14,(anonymous_20)
FNDA:9,(anonymous_23)
FNDA:18,(anonymous_26)
FNDA:12,(anonymous_29)
FNDA:24,(anonymous_32)
FNDA:5,(anonymous_35)
FNDA:10,(anonymous_38)
FNDA:1,(anonymous_41)
DA:1,8
DA:2,8
DA:4,8
DA:20,8
DA:23,17
DA:24,17
DA:32,8
DA:33,7
DA:41,7
DA:42,7
DA:43,1
DA:45,6
DA:56,8
DA:57,9
DA:66,9
DA:67,9
DA:68,1
DA:70,8
DA:71,2
DA:73,6
DA:84,8
DA:85,12
DA:93,12
DA:94,12
DA:95,1
DA:97,11
DA:98,2
DA:100,9
DA:101,9
DA:112,8
DA:113,5
DA:121,5
DA:122,5
DA:123,1
DA:125,4
DA:126,4
DA:134,8
DA:135,1
DA:136,0
DA:137,0
DA:138,0
DA:140,1
DA:141,1
DA:143,8
LF:44
LH:41
BRDA:33,0,0,7
BRDA:33,0,1,7
BRDA:42,1,0,1
BRDA:45,2,0,3
BRDA:45,2,1,3
BRDA:45,3,0,6
BRDA:45,3,1,6
BRDA:57,4,0,9
BRDA:57,4,1,9
BRDA:63,5,0,7
BRDA:63,5,1,2
BRDA:67,6,0,1
BRDA:70,7,0,2
BRDA:85,8,0,12
BRDA:85,8,1,12
BRDA:94,9,0,1
BRDA:97,10,0,2
BRDA:113,11,0,5
BRDA:113,11,1,5
BRDA:122,12,0,1
BRDA:135,13,0,0
BRF:21
BRH:20
end_of_record
TN:
SF:src/MachineMemory/utils.ts
FN:3,getJsonSize
FNF:1
FNH:1
FNDA:7,getJsonSize
DA:1,8
DA:3,8
DA:4,7
DA:5,7
DA:7,7
DA:9,0
DA:13,0
LF:7
LH:5
BRF:0
BRH:0
end_of_record
TN:
SF:src/MachineRegistry/index.ts
FN:15,(anonymous_0)
FN:24,MachineRegistry
FN:47,(anonymous_2)
FN:72,(anonymous_3)
FN:79,(anonymous_4)
FNF:5
FNH:5
FNDA:8,(anonymous_0)
FNDA:13,MachineRegistry
FNDA:48,(anonymous_2)
FNDA:48,(anonymous_3)
FNDA:66,(anonymous_4)
DA:1,8
DA:2,8
DA:15,8
DA:24,53
DA:25,13
DA:26,13
DA:27,1
DA:47,48
DA:49,51
DA:53,48
DA:73,48
DA:74,48
DA:75,48
DA:79,66
DA:80,48
DA:84,48
DA:88,8
LF:17
LH:17
BRDA:26,0,0,1
BRDA:49,1,0,3
BRDA:60,2,0,1
BRDA:60,2,1,47
BRDA:79,3,0,46
BRDA:79,3,1,2
BRDA:79,4,0,48
BRDA:79,4,1,48
BRDA:79,5,0,66
BRDA:79,5,1,48
BRDA:81,6,0,46
BRDA:81,6,1,2
BRDA:82,7,0,46
BRDA:82,7,1,2
BRF:14
BRH:14
end_of_record
TN:
SF:src/SyncEventResource/index.ts
FN:39,(anonymous_13)
FN:40,SyncEventResource
FN:60,(anonymous_15)
FN:100,(anonymous_18)
FN:129,(anonymous_21)
FN:160,(anonymous_24)
FN:192,(anonymous_25)
FNF:7
FNH:7
FNDA:8,(anonymous_13)
FNDA:10,SyncEventResource
FNDA:53,(anonymous_15)
FNDA:51,(anonymous_18)
FNDA:44,(anonymous_21)
FNDA:59,(anonymous_24)
FNDA:59,(anonymous_25)
DA:2,8
DA:3,8
DA:5,8
DA:39,8
DA:41,10
DA:42,10
DA:60,8
DA:61,53
DA:62,22
DA:69,22
DA:73,31
DA:77,31
DA:78,30
DA:80,1
DA:100,8
DA:102,51
DA:109,51
DA:111,1
DA:129,8
DA:131,44
DA:138,88
DA:140,1
DA:160,8
DA:161,59
DA:168,59
DA:169,59
DA:170,1
DA:192,8
DA:197,59
DA:198,30
DA:205,30
DA:208,58
DA:209,29
DA:216,29
DA:218,0
DA:225,0
DA:228,8
LF:37
LH:35
BRDA:61,0,0,22
BRDA:78,1,0,29
BRDA:78,1,1,1
BRDA:82,2,0,0
BRDA:82,2,1,1
BRDA:82,3,0,1
BRDA:82,3,1,1
BRDA:109,4,0,51
BRDA:113,5,0,0
BRDA:113,5,1,1
BRDA:113,6,0,1
BRDA:113,6,1,1
BRDA:142,7,0,0
BRDA:142,7,1,1
BRDA:142,8,0,1
BRDA:142,8,1,1
BRDA:169,9,0,1
BRDA:197,10,0,30
BRF:18
BRH:15
end_of_record
TN:
SF:src/utils/index.ts
FN:5,isError
FN:15,isNullOrUndefined
FN:27,getValueOrDefault
FN:39,coalesce
FN:65,coalesceOrDefault
FN:69,(anonymous_5)
FNF:6
FNH:6
FNDA:13,isError
FNDA:238,isNullOrUndefined
FNDA:48,getValueOrDefault
FNDA:96,coalesce
FNDA:48,coalesceOrDefault
FNDA:51,(anonymous_5)
DA:1,8
DA:5,8
DA:6,13
DA:15,8
DA:16,238
DA:27,8
DA:28,48
DA:39,384
DA:40,192
DA:41,190
DA:42,74
DA:45,22
DA:65,8
DA:66,48
DA:69,8
DA:74,51
LF:16
LH:16
BRDA:6,0,0,13
BRDA:6,0,1,0
BRDA:6,0,2,0
BRDA:6,0,3,0
BRDA:16,1,0,238
BRDA:16,1,1,216
BRDA:28,2,0,22
BRDA:28,2,1,26
BRDA:41,3,0,74
BRDA:79,4,0,51
BRDA:79,4,1,0
BRF:11
BRH:7
end_of_record
TN:
SF:src/utils/SimpleEventBroker/helper.ts
FN:157,(anonymous_13)
FN:172,(anonymous_14)
FN:185,(anonymous_16)
FN:185,(anonymous_17)
FN:207,(anonymous_19)
FN:207,(anonymous_20)
FN:214,(anonymous_22)
FN:214,(anonymous_23)
FNF:8
FNH:8
FNDA:6,(anonymous_13)
FNDA:2,(anonymous_14)
FNDA:52,(anonymous_16)
FNDA:52,(anonymous_17)
FNDA:2,(anonymous_19)
FNDA:2,(anonymous_20)
FNDA:2,(anonymous_22)
FNDA:2,(anonymous_23)
DA:2,8
DA:157,8
DA:168,6
DA:173,2
DA:182,40
DA:183,40
DA:185,52
DA:186,52
DA:189,169
DA:190,112
DA:191,12
DA:197,106
DA:205,6
DA:207,2
DA:208,2
DA:209,0
DA:213,2
DA:214,2
DA:215,2
DA:217,4
DA:218,2
DA:219,0
DA:221,2
LF:23
LH:21
BRDA:171,0,0,1
BRDA:171,0,1,5
BRDA:171,1,0,6
BRDA:171,1,1,6
BRDA:171,2,0,4
BRDA:171,2,1,2
BRDA:171,3,0,6
BRDA:171,3,1,6
BRDA:186,4,0,52
BRDA:186,4,1,53
BRDA:189,5,0,51
BRDA:190,6,0,53
BRDA:191,7,0,0
BRDA:191,7,1,6
BRDA:191,8,0,6
BRDA:191,8,1,6
BRDA:191,9,0,0
BRDA:191,9,1,6
BRDA:191,10,0,6
BRDA:191,10,1,6
BRDA:208,11,0,0
BRDA:218,12,0,0
BRF:22
BRH:18
end_of_record
TN:
SF:src/utils/SimpleEventBroker/index.ts
FN:48,(anonymous_13)
FN:57,SimpleEventBroker
FN:69,(anonymous_15)
FN:82,(anonymous_16)
FN:95,(anonymous_17)
FN:108,(anonymous_18)
FN:128,(anonymous_21)
FN:135,(anonymous_22)
FN:151,(anonymous_23)
FN:170,(anonymous_28)
FN:171,(anonymous_29)
FNF:11
FNH:8
FNDA:8,(anonymous_13)
FNDA:6,SimpleEventBroker
FNDA:2,(anonymous_15)
FNDA:47,(anonymous_16)
FNDA:0,(anonymous_17)
FNDA:59,(anonymous_18)
FNDA:0,(anonymous_21)
FNDA:0,(anonymous_22)
FNDA:6,(anonymous_23)
FNDA:57,(anonymous_28)
FNDA:1,(anonymous_29)
DA:3,8
DA:48,8
DA:55,6
DA:58,6
DA:59,6
DA:60,6
DA:61,6
DA:62,6
DA:63,6
DA:69,8
DA:70,2
DA:82,54
DA:83,47
DA:84,47
DA:87,47
DA:88,0
DA:92,47
DA:93,47
DA:95,47
DA:96,0
DA:97,0
DA:98,0
DA:108,8
DA:109,59
DA:110,0
DA:113,59
DA:114,0
DA:117,59
DA:118,59
DA:120,112
DA:121,12
DA:128,8
DA:129,0
DA:135,8
DA:136,0
DA:151,8
DA:152,6
DA:153,6
DA:156,65
DA:157,59
DA:158,59
DA:159,59
DA:160,118
DA:163,59
DA:165,59
DA:166,2
DA:170,57
DA:171,57
DA:172,1
DA:173,1
DA:175,0
DA:180,114
DA:183,6
DA:186,8
LF:54
LH:45
BRDA:82,0,0,7
BRDA:83,1,0,47
BRDA:87,2,0,0
BRDA:87,3,0,47
BRDA:87,3,1,40
BRDA:87,4,0,40
BRDA:87,4,1,0
BRDA:87,5,0,40
BRDA:87,5,1,40
BRDA:87,6,0,0
BRDA:87,6,1,40
BRDA:87,7,0,40
BRDA:87,7,1,40
BRDA:97,8,0,0
BRDA:109,9,0,0
BRDA:113,10,0,0
BRDA:120,11,0,53
BRDA:136,12,0,0
BRDA:136,12,1,0
BRDA:136,13,0,0
BRDA:136,13,1,0
BRDA:136,14,0,0
BRDA:136,14,1,0
BRDA:136,15,0,0
BRDA:136,15,1,0
BRDA:152,16,0,0
BRDA:158,17,0,0
BRDA:159,18,0,0
BRDA:163,19,0,59
BRDA:163,19,1,0
BRDA:163,20,0,59
BRDA:163,20,1,59
BRDA:165,21,0,2
BRDA:165,22,0,2
BRDA:165,22,1,57
BRDA:165,23,0,59
BRDA:165,23,1,59
BRDA:172,24,0,1
BRDA:172,24,1,0
BRDA:156,25,0,6
BRF:40
BRH:21
end_of_record
TN:
SF:src/utils/SimpleEventBroker/utils.ts
FN:1,(anonymous_0)
FN:2,(anonymous_1)
FNF:2
FNH:2
FNDA:59,(anonymous_0)
FNDA:59,(anonymous_1)
DA:1,59
DA:2,59
DA:3,59
LF:3
LH:3
BRDA:1,0,0,0
BRF:1
BRH:0
end_of_record
TN:
SF:src/utils/object/index.ts
FN:26,getAllPaths
FN:67,(anonymous_1)
FN:71,(anonymous_2)
FNF:3
FNH:3
FNDA:25,getAllPaths
FNDA:4,(anonymous_1)
FNDA:5,(anonymous_2)
DA:26,9
DA:27,25
DA:28,3
DA:33,22
DA:34,22
DA:36,22
DA:37,402
DA:38,402
DA:39,804
DA:41,402
DA:42,192
DA:44,210
DA:46,380
DA:47,380
DA:53,22
DA:67,9
DA:68,4
DA:69,1
DA:71,5
DA:72,3
LF:20
LH:20
BRDA:27,0,0,3
BRDA:27,1,0,25
BRDA:27,1,1,23
BRDA:27,2,0,23
BRDA:27,2,1,23
BRDA:38,3,0,0
BRDA:41,4,0,192
BRDA:41,4,1,210
BRDA:41,5,0,402
BRDA:41,5,1,211
BRDA:46,6,0,380
BRDA:68,7,0,1
BRDA:68,8,0,4
BRDA:68,8,1,0
BRF:14
BRH:12
end_of_record
